2020-08-21T08:10:37+07:00 pid: 16652, has web product json: {"sku":"Paramount-MB36"}
2020-08-21T08:10:37+07:00 pid: 16652, query: selected row count = 0, sql: SELECT product.ID FROM ralamusi_2020.`wp_posts` as product LEFT JOIN ralamusi_2020.wp_postmeta as product_sku ON product.ID = product_sku.post_ID WHERE product_sku.meta_key = '_sku' and product_sku.meta_value = 'Paramount-MB36', modified user: 
2020-08-21T08:10:38+07:00 pid: 17270, has web product json: {"sku":"Nux-Drum-Mat"}
2020-08-21T08:10:38+07:00 pid: 17270, query success, sql: SELECT product.ID FROM ralamusi_2020.`wp_posts` as product LEFT JOIN ralamusi_2020.wp_postmeta as product_sku ON product.ID = product_sku.post_ID WHERE product_sku.meta_key = '_sku' and product_sku.meta_value = 'Nux-Drum-Mat', modified user: 
2020-08-21T08:10:38+07:00 pid: 16609, has web product json: {"sku":"Fujiw-SPV014"}
2020-08-21T08:10:38+07:00 pid: 16609, query: selected row count = 0, sql: SELECT product.ID FROM ralamusi_2020.`wp_posts` as product LEFT JOIN ralamusi_2020.wp_postmeta as product_sku ON product.ID = product_sku.post_ID WHERE product_sku.meta_key = '_sku' and product_sku.meta_value = 'Fujiw-SPV014', modified user: 
2020-08-21T08:10:38+07:00 pid: 19353, has web product json: {"sku":"Paramount-DSW-20"}
2020-08-21T08:10:38+07:00 pid: 19353, query success, sql: SELECT product.ID FROM ralamusi_2020.`wp_posts` as product LEFT JOIN ralamusi_2020.wp_postmeta as product_sku ON product.ID = product_sku.post_ID WHERE product_sku.meta_key = '_sku' and product_sku.meta_value = 'Paramount-DSW-20', modified user: 
2020-08-21T08:10:39+07:00 pid: 15342, has web product json: {"sku":"Paramount-H25"}
2020-08-21T08:10:39+07:00 pid: 15342, query: selected row count = 0, sql: SELECT product.ID FROM ralamusi_2020.`wp_posts` as product LEFT JOIN ralamusi_2020.wp_postmeta as product_sku ON product.ID = product_sku.post_ID WHERE product_sku.meta_key = '_sku' and product_sku.meta_value = 'Paramount-H25', modified user: 
2020-08-21T08:10:39+07:00 pid: 16609, has web product json: {"sku":"Paramount-HE-009"}
2020-08-21T08:10:39+07:00 pid: 16609, query: selected row count = 0, sql: SELECT product.ID FROM ralamusi_2020.`wp_posts` as product LEFT JOIN ralamusi_2020.wp_postmeta as product_sku ON product.ID = product_sku.post_ID WHERE product_sku.meta_key = '_sku' and product_sku.meta_value = 'Paramount-HE-009', modified user: 
2020-08-21T08:10:39+07:00 pid: 16849, has web product json: {"sku":"Paramount-DSW-23"}
2020-08-21T08:10:39+07:00 pid: 16849, query success, sql: SELECT product.ID FROM ralamusi_2020.`wp_posts` as product LEFT JOIN ralamusi_2020.wp_postmeta as product_sku ON product.ID = product_sku.post_ID WHERE product_sku.meta_key = '_sku' and product_sku.meta_value = 'Paramount-DSW-23', modified user: 
2020-08-21T08:10:39+07:00 pid: 17351, has web product json: {"sku":"Joyo-MA-10E"}
2020-08-21T08:10:39+07:00 pid: 17351, query success, sql: SELECT product.ID FROM ralamusi_2020.`wp_posts` as product LEFT JOIN ralamusi_2020.wp_postmeta as product_sku ON product.ID = product_sku.post_ID WHERE product_sku.meta_key = '_sku' and product_sku.meta_value = 'Joyo-MA-10E', modified user: 
2020-08-21T08:10:39+07:00 pid: 17127, has web product json: {"sku":"Daddario-EZ920"}
2020-08-21T08:10:39+07:00 pid: 17127, query: selected row count = 0, sql: SELECT product.ID FROM ralamusi_2020.`wp_posts` as product LEFT JOIN ralamusi_2020.wp_postmeta as product_sku ON product.ID = product_sku.post_ID WHERE product_sku.meta_key = '_sku' and product_sku.meta_value = 'Daddario-EZ920', modified user: 
2020-08-21T08:10:40+07:00 pid: 16849, has web product json: {"sku":"Daddario-EZ940"}
2020-08-21T08:10:40+07:00 pid: 16849, query: selected row count = 0, sql: SELECT product.ID FROM ralamusi_2020.`wp_posts` as product LEFT JOIN ralamusi_2020.wp_postmeta as product_sku ON product.ID = product_sku.post_ID WHERE product_sku.meta_key = '_sku' and product_sku.meta_value = 'Daddario-EZ940', modified user: 
2020-08-21T08:10:43+07:00 pid: 17183, has web product json: {"sku":"Icon-MB-02"}
2020-08-21T08:10:43+07:00 pid: 17183, query: selected row count = 0, sql: SELECT product.ID FROM ralamusi_2020.`wp_posts` as product LEFT JOIN ralamusi_2020.wp_postmeta as product_sku ON product.ID = product_sku.post_ID WHERE product_sku.meta_key = '_sku' and product_sku.meta_value = 'Icon-MB-02', modified user: 
2020-08-21T08:10:43+07:00 pid: 16652, has web product json: {"sku":"CMC-CMBEAT02"}
2020-08-21T08:10:43+07:00 pid: 16652, query: selected row count = 0, sql: SELECT product.ID FROM ralamusi_2020.`wp_posts` as product LEFT JOIN ralamusi_2020.wp_postmeta as product_sku ON product.ID = product_sku.post_ID WHERE product_sku.meta_key = '_sku' and product_sku.meta_value = 'CMC-CMBEAT02', modified user: 
2020-08-21T08:10:43+07:00 pid: 17245, has web product json: {"sku":"Golden-Cup-JY1502-Tenor-Trombone"}
2020-08-21T08:10:43+07:00 pid: 17245, query: selected row count = 0, sql: SELECT product.ID FROM ralamusi_2020.`wp_posts` as product LEFT JOIN ralamusi_2020.wp_postmeta as product_sku ON product.ID = product_sku.post_ID WHERE product_sku.meta_key = '_sku' and product_sku.meta_value = 'Golden-Cup-JY1502-Tenor-Trombone', modified user: 
2020-08-21T08:10:44+07:00 pid: 17327, has web product json: {"sku":"Remo-Ambassador-Ebody-ES-1022-01"}
2020-08-21T08:10:44+07:00 pid: 17327, query: selected row count = 0, sql: SELECT product.ID FROM ralamusi_2020.`wp_posts` as product LEFT JOIN ralamusi_2020.wp_postmeta as product_sku ON product.ID = product_sku.post_ID WHERE product_sku.meta_key = '_sku' and product_sku.meta_value = 'Remo-Ambassador-Ebody-ES-1022-01', modified user: 
2020-08-21T08:10:44+07:00 pid: 17127, has web product json: {"sku":"Golden-Cup-ATB002BL"}
2020-08-21T08:10:44+07:00 pid: 17127, query: selected row count = 0, sql: SELECT product.ID FROM ralamusi_2020.`wp_posts` as product LEFT JOIN ralamusi_2020.wp_postmeta as product_sku ON product.ID = product_sku.post_ID WHERE product_sku.meta_key = '_sku' and product_sku.meta_value = 'Golden-Cup-ATB002BL', modified user: 
2020-08-21T08:10:44+07:00 pid: 17263, has web product json: {"sku":"Kingdo-DCKD-KD02-GY"}
2020-08-21T08:10:44+07:00 pid: 17263, query: selected row count = 0, sql: SELECT product.ID FROM ralamusi_2020.`wp_posts` as product LEFT JOIN ralamusi_2020.wp_postmeta as product_sku ON product.ID = product_sku.post_ID WHERE product_sku.meta_key = '_sku' and product_sku.meta_value = 'Kingdo-DCKD-KD02-GY', modified user: 
2020-08-21T08:10:45+07:00 pid: 17306, has web product json: {"sku":"Golden-Cup-ATB002GR"}
2020-08-21T08:10:45+07:00 pid: 17306, query: selected row count = 0, sql: SELECT product.ID FROM ralamusi_2020.`wp_posts` as product LEFT JOIN ralamusi_2020.wp_postmeta as product_sku ON product.ID = product_sku.post_ID WHERE product_sku.meta_key = '_sku' and product_sku.meta_value = 'Golden-Cup-ATB002GR', modified user: 
2020-08-21T08:10:45+07:00 pid: 17127, has web product json: {"sku":"Golden-Cup-ATB002RD"}
2020-08-21T08:10:45+07:00 pid: 17127, query: selected row count = 0, sql: SELECT product.ID FROM ralamusi_2020.`wp_posts` as product LEFT JOIN ralamusi_2020.wp_postmeta as product_sku ON product.ID = product_sku.post_ID WHERE product_sku.meta_key = '_sku' and product_sku.meta_value = 'Golden-Cup-ATB002RD', modified user: 
2020-08-21T08:10:46+07:00 pid: 19412, has web product json: {"sku":"Golden-Cup-ATB002WH"}
2020-08-21T08:10:46+07:00 pid: 19412, query: selected row count = 0, sql: SELECT product.ID FROM ralamusi_2020.`wp_posts` as product LEFT JOIN ralamusi_2020.wp_postmeta as product_sku ON product.ID = product_sku.post_ID WHERE product_sku.meta_key = '_sku' and product_sku.meta_value = 'Golden-Cup-ATB002WH', modified user: 
2020-08-21T08:10:46+07:00 pid: 16652, has web product json: {"sku":"Golden-Cup-ATB002YL"}
2020-08-21T08:10:46+07:00 pid: 16652, query: selected row count = 0, sql: SELECT product.ID FROM ralamusi_2020.`wp_posts` as product LEFT JOIN ralamusi_2020.wp_postmeta as product_sku ON product.ID = product_sku.post_ID WHERE product_sku.meta_key = '_sku' and product_sku.meta_value = 'Golden-Cup-ATB002YL', modified user: 
2020-08-21T08:52:17+07:00 pid: 11766, has web product json: {"sku":"Paramount-MB36"}
2020-08-21T08:52:17+07:00 pid: 11766, query: selected row count = 0, sql: SELECT product.ID FROM ralamusi_2020.`wp_posts` as product LEFT JOIN ralamusi_2020.wp_postmeta as product_sku ON product.ID = product_sku.post_ID WHERE product_sku.meta_key = '_sku' and product_sku.meta_value = 'Paramount-MB36', modified user: 
2020-08-21T08:52:17+07:00 pid: 11736, has web product json: {"sku":"Nux-Drum-Mat"}
2020-08-21T08:52:17+07:00 pid: 11736, query success, sql: SELECT product.ID FROM ralamusi_2020.`wp_posts` as product LEFT JOIN ralamusi_2020.wp_postmeta as product_sku ON product.ID = product_sku.post_ID WHERE product_sku.meta_key = '_sku' and product_sku.meta_value = 'Nux-Drum-Mat', modified user: 
2020-08-21T08:52:18+07:00 pid: 11614, has web product json: {"sku":"Fujiw-SPV014"}
2020-08-21T08:52:18+07:00 pid: 11614, query: selected row count = 0, sql: SELECT product.ID FROM ralamusi_2020.`wp_posts` as product LEFT JOIN ralamusi_2020.wp_postmeta as product_sku ON product.ID = product_sku.post_ID WHERE product_sku.meta_key = '_sku' and product_sku.meta_value = 'Fujiw-SPV014', modified user: 
2020-08-21T08:52:18+07:00 pid: 11757, has web product json: {"sku":"Paramount-DSW-20"}
2020-08-21T08:52:18+07:00 pid: 11757, query success, sql: SELECT product.ID FROM ralamusi_2020.`wp_posts` as product LEFT JOIN ralamusi_2020.wp_postmeta as product_sku ON product.ID = product_sku.post_ID WHERE product_sku.meta_key = '_sku' and product_sku.meta_value = 'Paramount-DSW-20', modified user: 
2020-08-21T08:52:18+07:00 pid: 11757, has web product json: {"sku":"Paramount-H25"}
2020-08-21T08:52:18+07:00 pid: 11757, query: selected row count = 0, sql: SELECT product.ID FROM ralamusi_2020.`wp_posts` as product LEFT JOIN ralamusi_2020.wp_postmeta as product_sku ON product.ID = product_sku.post_ID WHERE product_sku.meta_key = '_sku' and product_sku.meta_value = 'Paramount-H25', modified user: 
2020-08-21T08:52:18+07:00 pid: 11757, has web product json: {"sku":"Paramount-HE-009"}
2020-08-21T08:52:18+07:00 pid: 11757, query: selected row count = 0, sql: SELECT product.ID FROM ralamusi_2020.`wp_posts` as product LEFT JOIN ralamusi_2020.wp_postmeta as product_sku ON product.ID = product_sku.post_ID WHERE product_sku.meta_key = '_sku' and product_sku.meta_value = 'Paramount-HE-009', modified user: 
2020-08-21T08:52:19+07:00 pid: 8876, has web product json: {"sku":"Paramount-DSW-23"}
2020-08-21T08:52:19+07:00 pid: 8876, query success, sql: SELECT product.ID FROM ralamusi_2020.`wp_posts` as product LEFT JOIN ralamusi_2020.wp_postmeta as product_sku ON product.ID = product_sku.post_ID WHERE product_sku.meta_key = '_sku' and product_sku.meta_value = 'Paramount-DSW-23', modified user: 
2020-08-21T08:52:20+07:00 pid: 11963, has web product json: {"sku":"Joyo-MA-10E"}
2020-08-21T08:52:20+07:00 pid: 11963, query success, sql: SELECT product.ID FROM ralamusi_2020.`wp_posts` as product LEFT JOIN ralamusi_2020.wp_postmeta as product_sku ON product.ID = product_sku.post_ID WHERE product_sku.meta_key = '_sku' and product_sku.meta_value = 'Joyo-MA-10E', modified user: 
2020-08-21T08:52:20+07:00 pid: 11963, has web product json: {"sku":"Daddario-EZ920"}
2020-08-21T08:52:20+07:00 pid: 11963, query: selected row count = 0, sql: SELECT product.ID FROM ralamusi_2020.`wp_posts` as product LEFT JOIN ralamusi_2020.wp_postmeta as product_sku ON product.ID = product_sku.post_ID WHERE product_sku.meta_key = '_sku' and product_sku.meta_value = 'Daddario-EZ920', modified user: 
2020-08-21T08:52:20+07:00 pid: 11963, has web product json: {"sku":"Daddario-EZ940"}
2020-08-21T08:52:20+07:00 pid: 11963, query: selected row count = 0, sql: SELECT product.ID FROM ralamusi_2020.`wp_posts` as product LEFT JOIN ralamusi_2020.wp_postmeta as product_sku ON product.ID = product_sku.post_ID WHERE product_sku.meta_key = '_sku' and product_sku.meta_value = 'Daddario-EZ940', modified user: 
2020-08-21T08:52:23+07:00 pid: 11323, has web product json: {"sku":"Squier-Bullet-Tele-Black"}
2020-08-21T08:52:23+07:00 pid: 11323, query success, sql: SELECT product.ID FROM ralamusi_2020.`wp_posts` as product LEFT JOIN ralamusi_2020.wp_postmeta as product_sku ON product.ID = product_sku.post_ID WHERE product_sku.meta_key = '_sku' and product_sku.meta_value = 'Squier-Bullet-Tele-Black', modified user: 
2020-08-21T08:52:23+07:00 pid: 8280, has web product json: {"sku":"Squier-Bullet-Tele-Brown-Sunburst"}
2020-08-21T08:52:23+07:00 pid: 8280, query success, sql: SELECT product.ID FROM ralamusi_2020.`wp_posts` as product LEFT JOIN ralamusi_2020.wp_postmeta as product_sku ON product.ID = product_sku.post_ID WHERE product_sku.meta_key = '_sku' and product_sku.meta_value = 'Squier-Bullet-Tele-Brown-Sunburst', modified user: 
2020-08-21T08:52:24+07:00 pid: 6801, has web product json: {"sku":"Bullet-DA15T-BK"}
2020-08-21T08:52:24+07:00 pid: 6801, query: selected row count = 0, sql: SELECT product.ID FROM ralamusi_2020.`wp_posts` as product LEFT JOIN ralamusi_2020.wp_postmeta as product_sku ON product.ID = product_sku.post_ID WHERE product_sku.meta_key = '_sku' and product_sku.meta_value = 'Bullet-DA15T-BK', modified user: 
2020-08-21T08:52:25+07:00 pid: 9096, has web product json: {"sku":"Bullet-AC15C-BR"}
2020-08-21T08:52:25+07:00 pid: 9096, query: selected row count = 0, sql: SELECT product.ID FROM ralamusi_2020.`wp_posts` as product LEFT JOIN ralamusi_2020.wp_postmeta as product_sku ON product.ID = product_sku.post_ID WHERE product_sku.meta_key = '_sku' and product_sku.meta_value = 'Bullet-AC15C-BR', modified user: 
2020-08-21T08:52:25+07:00 pid: 11614, has web product json: {"sku":"Bullet-AC15C-WH"}
2020-08-21T08:52:25+07:00 pid: 11614, query: selected row count = 0, sql: SELECT product.ID FROM ralamusi_2020.`wp_posts` as product LEFT JOIN ralamusi_2020.wp_postmeta as product_sku ON product.ID = product_sku.post_ID WHERE product_sku.meta_key = '_sku' and product_sku.meta_value = 'Bullet-AC15C-WH', modified user: 
2020-08-21T08:52:25+07:00 pid: 11323, has web product json: {"sku":"Bullet-AC45R-BR"}
2020-08-21T08:52:25+07:00 pid: 11323, query: selected row count = 0, sql: SELECT product.ID FROM ralamusi_2020.`wp_posts` as product LEFT JOIN ralamusi_2020.wp_postmeta as product_sku ON product.ID = product_sku.post_ID WHERE product_sku.meta_key = '_sku' and product_sku.meta_value = 'Bullet-AC45R-BR', modified user: 
2020-08-21T08:52:25+07:00 pid: 11724, has web product json: {"sku":"Squier-Affinity-Tele-BB-0310203550"}
2020-08-21T08:52:25+07:00 pid: 11724, query: selected row count = 0, sql: SELECT product.ID FROM ralamusi_2020.`wp_posts` as product LEFT JOIN ralamusi_2020.wp_postmeta as product_sku ON product.ID = product_sku.post_ID WHERE product_sku.meta_key = '_sku' and product_sku.meta_value = 'Squier-Affinity-Tele-BB-0310203550', modified user: 
2020-08-21T08:52:26+07:00 pid: 8931, has web product json: {"sku":"Squier-Bullet-Strat-HSS-WH-0310005580"}
2020-08-21T08:52:26+07:00 pid: 8931, query: selected row count = 0, sql: SELECT product.ID FROM ralamusi_2020.`wp_posts` as product LEFT JOIN ralamusi_2020.wp_postmeta as product_sku ON product.ID = product_sku.post_ID WHERE product_sku.meta_key = '_sku' and product_sku.meta_value = 'Squier-Bullet-Strat-HSS-WH-0310005580', modified user: 
2020-08-21T08:52:26+07:00 pid: 8280, has web product json: {"sku":"Fender-Deluxe-Nashville-Tele-White-Blonde-0147502301"}
2020-08-21T08:52:26+07:00 pid: 8280, query: selected row count = 0, sql: SELECT product.ID FROM ralamusi_2020.`wp_posts` as product LEFT JOIN ralamusi_2020.wp_postmeta as product_sku ON product.ID = product_sku.post_ID WHERE product_sku.meta_key = '_sku' and product_sku.meta_value = 'Fender-Deluxe-Nashville-Tele-White-Blonde-0147502301', modified user: 
2020-08-21T08:52:26+07:00 pid: 11979, has web product json: {"sku":"Squier-PNML-Offset-Tele-Surf-Green"}
2020-08-21T08:52:26+07:00 pid: 11979, query: selected row count = 0, sql: SELECT product.ID FROM ralamusi_2020.`wp_posts` as product LEFT JOIN ralamusi_2020.wp_postmeta as product_sku ON product.ID = product_sku.post_ID WHERE product_sku.meta_key = '_sku' and product_sku.meta_value = 'Squier-PNML-Offset-Tele-Surf-Green', modified user: 
2020-08-21T09:41:22+07:00 pid: 9891, has web product json: {"sku":"Paramount-JYC-L1"}
2020-08-21T09:41:22+07:00 pid: 9891, query: selected row count = 0, sql: SELECT product.ID FROM ralamusi_2020.`wp_posts` as product LEFT JOIN ralamusi_2020.wp_postmeta as product_sku ON product.ID = product_sku.post_ID WHERE product_sku.meta_key = '_sku' and product_sku.meta_value = 'Paramount-JYC-L1', modified user: 
2020-08-21T09:41:22+07:00 pid: 9883, has web product json: {"sku":"Nux-MP-2-Mighty-Plug"}
2020-08-21T09:41:22+07:00 pid: 9883, query: selected row count = 0, sql: SELECT product.ID FROM ralamusi_2020.`wp_posts` as product LEFT JOIN ralamusi_2020.wp_postmeta as product_sku ON product.ID = product_sku.post_ID WHERE product_sku.meta_key = '_sku' and product_sku.meta_value = 'Nux-MP-2-Mighty-Plug', modified user: 
2020-08-21T09:41:22+07:00 pid: 9883, has web product json: {"sku":"Squier-Bullet-Tele-Black"}
2020-08-21T09:41:22+07:00 pid: 9883, query success, sql: SELECT product.ID FROM ralamusi_2020.`wp_posts` as product LEFT JOIN ralamusi_2020.wp_postmeta as product_sku ON product.ID = product_sku.post_ID WHERE product_sku.meta_key = '_sku' and product_sku.meta_value = 'Squier-Bullet-Tele-Black', modified user: 
2020-08-21T09:41:23+07:00 pid: 9891, has web product json: {"sku":"Paramount-MB36"}
2020-08-21T09:41:23+07:00 pid: 9891, query: selected row count = 0, sql: SELECT product.ID FROM ralamusi_2020.`wp_posts` as product LEFT JOIN ralamusi_2020.wp_postmeta as product_sku ON product.ID = product_sku.post_ID WHERE product_sku.meta_key = '_sku' and product_sku.meta_value = 'Paramount-MB36', modified user: 
2020-08-21T09:41:23+07:00 pid: 12624, has web product json: {"sku":"Nux-Drum-Mat"}
2020-08-21T09:41:23+07:00 pid: 12624, query success, sql: SELECT product.ID FROM ralamusi_2020.`wp_posts` as product LEFT JOIN ralamusi_2020.wp_postmeta as product_sku ON product.ID = product_sku.post_ID WHERE product_sku.meta_key = '_sku' and product_sku.meta_value = 'Nux-Drum-Mat', modified user: 
2020-08-21T09:41:23+07:00 pid: 12803, has web product json: {"sku":"Fujiw-SPV014"}
2020-08-21T09:41:23+07:00 pid: 12803, query: selected row count = 0, sql: SELECT product.ID FROM ralamusi_2020.`wp_posts` as product LEFT JOIN ralamusi_2020.wp_postmeta as product_sku ON product.ID = product_sku.post_ID WHERE product_sku.meta_key = '_sku' and product_sku.meta_value = 'Fujiw-SPV014', modified user: 
2020-08-21T09:41:23+07:00 pid: 9166, has web product json: {"sku":"Paramount-DSW-20"}
2020-08-21T09:41:23+07:00 pid: 9166, query success, sql: SELECT product.ID FROM ralamusi_2020.`wp_posts` as product LEFT JOIN ralamusi_2020.wp_postmeta as product_sku ON product.ID = product_sku.post_ID WHERE product_sku.meta_key = '_sku' and product_sku.meta_value = 'Paramount-DSW-20', modified user: 
2020-08-21T09:41:23+07:00 pid: 7976, has web product json: {"sku":"Paramount-H25"}
2020-08-21T09:41:24+07:00 pid: 7976, query: selected row count = 0, sql: SELECT product.ID FROM ralamusi_2020.`wp_posts` as product LEFT JOIN ralamusi_2020.wp_postmeta as product_sku ON product.ID = product_sku.post_ID WHERE product_sku.meta_key = '_sku' and product_sku.meta_value = 'Paramount-H25', modified user: 
2020-08-21T09:41:24+07:00 pid: 12531, has web product json: {"sku":"Paramount-HE-009"}
2020-08-21T09:41:24+07:00 pid: 12531, query: selected row count = 0, sql: SELECT product.ID FROM ralamusi_2020.`wp_posts` as product LEFT JOIN ralamusi_2020.wp_postmeta as product_sku ON product.ID = product_sku.post_ID WHERE product_sku.meta_key = '_sku' and product_sku.meta_value = 'Paramount-HE-009', modified user: 
2020-08-21T09:41:24+07:00 pid: 9875, has web product json: {"sku":"Paramount-DSW-23"}
2020-08-21T09:41:24+07:00 pid: 9875, query success, sql: SELECT product.ID FROM ralamusi_2020.`wp_posts` as product LEFT JOIN ralamusi_2020.wp_postmeta as product_sku ON product.ID = product_sku.post_ID WHERE product_sku.meta_key = '_sku' and product_sku.meta_value = 'Paramount-DSW-23', modified user: 
2020-08-21T09:41:28+07:00 pid: 8544, has web product json: {"sku":"Paramount-MB25A"}
2020-08-21T09:41:28+07:00 pid: 8544, query: selected row count = 0, sql: SELECT product.ID FROM ralamusi_2020.`wp_posts` as product LEFT JOIN ralamusi_2020.wp_postmeta as product_sku ON product.ID = product_sku.post_ID WHERE product_sku.meta_key = '_sku' and product_sku.meta_value = 'Paramount-MB25A', modified user: 
2020-08-21T09:41:29+07:00 pid: 12495, has web product json: {"sku":"Paramount-SDG885N"}
2020-08-21T09:41:29+07:00 pid: 12495, query: selected row count = 0, sql: SELECT product.ID FROM ralamusi_2020.`wp_posts` as product LEFT JOIN ralamusi_2020.wp_postmeta as product_sku ON product.ID = product_sku.post_ID WHERE product_sku.meta_key = '_sku' and product_sku.meta_value = 'Paramount-SDG885N', modified user: 
2020-08-21T09:41:29+07:00 pid: 9394, has web product json: {"sku":"Paramount-SDG888"}
2020-08-21T09:41:29+07:00 pid: 9394, query: selected row count = 0, sql: SELECT product.ID FROM ralamusi_2020.`wp_posts` as product LEFT JOIN ralamusi_2020.wp_postmeta as product_sku ON product.ID = product_sku.post_ID WHERE product_sku.meta_key = '_sku' and product_sku.meta_value = 'Paramount-SDG888', modified user: 
2020-08-21T11:05:14+07:00 pid: 8331, has web product json: {"sku":"KM-18962-Keyboard-Stand"}
2020-08-21T11:05:14+07:00 pid: 8331, query: selected row count = 0, sql: SELECT product.ID FROM ralamusi_2020.`wp_posts` as product LEFT JOIN ralamusi_2020.wp_postmeta as product_sku ON product.ID = product_sku.post_ID WHERE product_sku.meta_key = '_sku' and product_sku.meta_value = 'KM-18962-Keyboard-Stand', modified user: 
2020-08-21T11:05:14+07:00 pid: 7775, has web product json: {"sku":"Golden-Cup-JH024"}
2020-08-21T11:05:14+07:00 pid: 7775, query: selected row count = 0, sql: SELECT product.ID FROM ralamusi_2020.`wp_posts` as product LEFT JOIN ralamusi_2020.wp_postmeta as product_sku ON product.ID = product_sku.post_ID WHERE product_sku.meta_key = '_sku' and product_sku.meta_value = 'Golden-Cup-JH024', modified user: 
2020-08-21T11:05:15+07:00 pid: 8331, has web product json: {"sku":"Daddario-Classic-PW-CGTRA-20"}
2020-08-21T11:05:15+07:00 pid: 8331, query success, sql: SELECT product.ID FROM ralamusi_2020.`wp_posts` as product LEFT JOIN ralamusi_2020.wp_postmeta as product_sku ON product.ID = product_sku.post_ID WHERE product_sku.meta_key = '_sku' and product_sku.meta_value = 'Daddario-Classic-PW-CGTRA-20', modified user: 
2020-08-21T11:05:15+07:00 pid: 8195, has web product json: {"sku":"Paramount-MB25A"}
2020-08-21T11:05:15+07:00 pid: 8195, query: selected row count = 0, sql: SELECT product.ID FROM ralamusi_2020.`wp_posts` as product LEFT JOIN ralamusi_2020.wp_postmeta as product_sku ON product.ID = product_sku.post_ID WHERE product_sku.meta_key = '_sku' and product_sku.meta_value = 'Paramount-MB25A', modified user: 
2020-08-21T11:05:15+07:00 pid: 7538, has web product json: {"sku":"Boss-DS-1"}
2020-08-21T11:05:15+07:00 pid: 7538, query: selected row count = 0, sql: SELECT product.ID FROM ralamusi_2020.`wp_posts` as product LEFT JOIN ralamusi_2020.wp_postmeta as product_sku ON product.ID = product_sku.post_ID WHERE product_sku.meta_key = '_sku' and product_sku.meta_value = 'Boss-DS-1', modified user: 
2020-08-21T11:05:16+07:00 pid: 8212, has web product json: {"sku":"Fantasia-F100N-FBA01"}
2020-08-21T11:05:16+07:00 pid: 8212, query: selected row count = 0, sql: SELECT product.ID FROM ralamusi_2020.`wp_posts` as product LEFT JOIN ralamusi_2020.wp_postmeta as product_sku ON product.ID = product_sku.post_ID WHERE product_sku.meta_key = '_sku' and product_sku.meta_value = 'Fantasia-F100N-FBA01', modified user: 
2020-08-21T11:05:16+07:00 pid: 7538, has web product json: {"sku":"Fender-Strat-Knobs-BK-0991365000"}
2020-08-21T11:05:16+07:00 pid: 7538, query: selected row count = 0, sql: SELECT product.ID FROM ralamusi_2020.`wp_posts` as product LEFT JOIN ralamusi_2020.wp_postmeta as product_sku ON product.ID = product_sku.post_ID WHERE product_sku.meta_key = '_sku' and product_sku.meta_value = 'Fender-Strat-Knobs-BK-0991365000', modified user: 
2020-08-21T11:05:16+07:00 pid: 7757, has web product json: {"sku":"Paramount-JYC-L1"}
2020-08-21T11:05:16+07:00 pid: 7757, query: selected row count = 0, sql: SELECT product.ID FROM ralamusi_2020.`wp_posts` as product LEFT JOIN ralamusi_2020.wp_postmeta as product_sku ON product.ID = product_sku.post_ID WHERE product_sku.meta_key = '_sku' and product_sku.meta_value = 'Paramount-JYC-L1', modified user: 
2020-08-21T11:05:16+07:00 pid: 8334, has web product json: {"sku":"Nux-MP-2-Mighty-Plug"}
2020-08-21T11:05:16+07:00 pid: 8334, query: selected row count = 0, sql: SELECT product.ID FROM ralamusi_2020.`wp_posts` as product LEFT JOIN ralamusi_2020.wp_postmeta as product_sku ON product.ID = product_sku.post_ID WHERE product_sku.meta_key = '_sku' and product_sku.meta_value = 'Nux-MP-2-Mighty-Plug', modified user: 
2020-08-21T11:05:17+07:00 pid: 2841, has web product json: {"sku":"Squier-Bullet-Tele-Black"}
2020-08-21T11:05:17+07:00 pid: 2841, query success, sql: SELECT product.ID FROM ralamusi_2020.`wp_posts` as product LEFT JOIN ralamusi_2020.wp_postmeta as product_sku ON product.ID = product_sku.post_ID WHERE product_sku.meta_key = '_sku' and product_sku.meta_value = 'Squier-Bullet-Tele-Black', modified user: 
2020-08-21T11:05:39+07:00 pid: 8333, has web product json: {"sku":"Yamaha-YB01"}
2020-08-21T11:05:39+07:00 pid: 8333, query: selected row count = 0, sql: SELECT product.ID FROM ralamusi_2020.`wp_posts` as product LEFT JOIN ralamusi_2020.wp_postmeta as product_sku ON product.ID = product_sku.post_ID WHERE product_sku.meta_key = '_sku' and product_sku.meta_value = 'Yamaha-YB01', modified user: 
2020-08-21T11:05:40+07:00 pid: 8711, has web product json: {"sku":"Yamaha-YMB01"}
2020-08-21T11:05:40+07:00 pid: 8711, query: selected row count = 0, sql: SELECT product.ID FROM ralamusi_2020.`wp_posts` as product LEFT JOIN ralamusi_2020.wp_postmeta as product_sku ON product.ID = product_sku.post_ID WHERE product_sku.meta_key = '_sku' and product_sku.meta_value = 'Yamaha-YMB01', modified user: 
2020-08-21T14:18:44+07:00 pid: 8326, has web product json: {"sku":"Fantasia-F81N-S2"}
2020-08-21T14:18:44+07:00 pid: 8326, query: selected row count = 0, sql: SELECT product.ID FROM ralamusi_2020.`wp_posts` as product LEFT JOIN ralamusi_2020.wp_postmeta as product_sku ON product.ID = product_sku.post_ID WHERE product_sku.meta_key = '_sku' and product_sku.meta_value = 'Fantasia-F81N-S2', modified user: 
2020-08-21T14:18:44+07:00 pid: 7900, has web product json: {"sku":"Paramount-Sticker-Note-SN-10"}
2020-08-21T14:18:44+07:00 pid: 7900, query success, sql: SELECT product.ID FROM ralamusi_2020.`wp_posts` as product LEFT JOIN ralamusi_2020.wp_postmeta as product_sku ON product.ID = product_sku.post_ID WHERE product_sku.meta_key = '_sku' and product_sku.meta_value = 'Paramount-Sticker-Note-SN-10', modified user: 
2020-08-21T14:18:44+07:00 pid: 8358, has web product json: {"sku":"Blackstar-LT-Echo-10"}
2020-08-21T14:18:44+07:00 pid: 8358, query: selected row count = 0, sql: SELECT product.ID FROM ralamusi_2020.`wp_posts` as product LEFT JOIN ralamusi_2020.wp_postmeta as product_sku ON product.ID = product_sku.post_ID WHERE product_sku.meta_key = '_sku' and product_sku.meta_value = 'Blackstar-LT-Echo-10', modified user: 
2020-08-21T14:18:44+07:00 pid: 7946, has web product json: {"sku":"Promark-LA5AW"}
2020-08-21T14:18:44+07:00 pid: 7946, query: selected row count = 0, sql: SELECT product.ID FROM ralamusi_2020.`wp_posts` as product LEFT JOIN ralamusi_2020.wp_postmeta as product_sku ON product.ID = product_sku.post_ID WHERE product_sku.meta_key = '_sku' and product_sku.meta_value = 'Promark-LA5AW', modified user: 
2020-08-21T14:18:45+07:00 pid: 8105, has web product json: {"sku":"Paramount-MB25E"}
2020-08-21T14:18:45+07:00 pid: 8105, query: selected row count = 0, sql: SELECT product.ID FROM ralamusi_2020.`wp_posts` as product LEFT JOIN ralamusi_2020.wp_postmeta as product_sku ON product.ID = product_sku.post_ID WHERE product_sku.meta_key = '_sku' and product_sku.meta_value = 'Paramount-MB25E', modified user: 
2020-08-21T14:18:45+07:00 pid: 6657, has web product json: {"sku":"Pastel-K-161"}
2020-08-21T14:18:45+07:00 pid: 6657, query success, sql: SELECT product.ID FROM ralamusi_2020.`wp_posts` as product LEFT JOIN ralamusi_2020.wp_postmeta as product_sku ON product.ID = product_sku.post_ID WHERE product_sku.meta_key = '_sku' and product_sku.meta_value = 'Pastel-K-161', modified user: 
2020-08-21T14:18:45+07:00 pid: 7687, has web product json: {"sku":"KM-18962-Keyboard-Stand"}
2020-08-21T14:18:45+07:00 pid: 7687, query: selected row count = 0, sql: SELECT product.ID FROM ralamusi_2020.`wp_posts` as product LEFT JOIN ralamusi_2020.wp_postmeta as product_sku ON product.ID = product_sku.post_ID WHERE product_sku.meta_key = '_sku' and product_sku.meta_value = 'KM-18962-Keyboard-Stand', modified user: 
2020-08-21T14:18:45+07:00 pid: 8125, has web product json: {"sku":"Golden-Cup-JH024"}
2020-08-21T14:18:45+07:00 pid: 8125, query: selected row count = 0, sql: SELECT product.ID FROM ralamusi_2020.`wp_posts` as product LEFT JOIN ralamusi_2020.wp_postmeta as product_sku ON product.ID = product_sku.post_ID WHERE product_sku.meta_key = '_sku' and product_sku.meta_value = 'Golden-Cup-JH024', modified user: 
2020-08-21T14:18:45+07:00 pid: 7766, has web product json: {"sku":"Daddario-Classic-PW-CGTRA-20"}
2020-08-21T14:18:45+07:00 pid: 7766, query success, sql: SELECT product.ID FROM ralamusi_2020.`wp_posts` as product LEFT JOIN ralamusi_2020.wp_postmeta as product_sku ON product.ID = product_sku.post_ID WHERE product_sku.meta_key = '_sku' and product_sku.meta_value = 'Daddario-Classic-PW-CGTRA-20', modified user: 
2020-08-21T14:18:46+07:00 pid: 7713, has web product json: {"sku":"Paramount-MB25A"}
2020-08-21T14:18:46+07:00 pid: 7713, query: selected row count = 0, sql: SELECT product.ID FROM ralamusi_2020.`wp_posts` as product LEFT JOIN ralamusi_2020.wp_postmeta as product_sku ON product.ID = product_sku.post_ID WHERE product_sku.meta_key = '_sku' and product_sku.meta_value = 'Paramount-MB25A', modified user: 
2020-08-21T14:18:48+07:00 pid: 8358, has web product json: {"sku":"Orange-FS-1"}
2020-08-21T14:18:48+07:00 pid: 8358, query: selected row count = 0, sql: SELECT product.ID FROM ralamusi_2020.`wp_posts` as product LEFT JOIN ralamusi_2020.wp_postmeta as product_sku ON product.ID = product_sku.post_ID WHERE product_sku.meta_key = '_sku' and product_sku.meta_value = 'Orange-FS-1', modified user: 
2020-08-21T14:18:48+07:00 pid: 8375, has web product json: {"sku":"Blackstar-FS-11"}
2020-08-21T14:18:48+07:00 pid: 8375, query: selected row count = 0, sql: SELECT product.ID FROM ralamusi_2020.`wp_posts` as product LEFT JOIN ralamusi_2020.wp_postmeta as product_sku ON product.ID = product_sku.post_ID WHERE product_sku.meta_key = '_sku' and product_sku.meta_value = 'Blackstar-FS-11', modified user: 
2020-08-21T14:18:48+07:00 pid: 8234, has web product json: {"sku":"Yamaha-FSX315CN"}
2020-08-21T14:18:48+07:00 pid: 8234, query: selected row count = 0, sql: SELECT product.ID FROM ralamusi_2020.`wp_posts` as product LEFT JOIN ralamusi_2020.wp_postmeta as product_sku ON product.ID = product_sku.post_ID WHERE product_sku.meta_key = '_sku' and product_sku.meta_value = 'Yamaha-FSX315CN', modified user: 
2020-08-21T14:18:48+07:00 pid: 6600, has web product json: {"sku":"Yamaha-FSX315CSB"}
2020-08-21T14:18:48+07:00 pid: 6600, query: selected row count = 0, sql: SELECT product.ID FROM ralamusi_2020.`wp_posts` as product LEFT JOIN ralamusi_2020.wp_postmeta as product_sku ON product.ID = product_sku.post_ID WHERE product_sku.meta_key = '_sku' and product_sku.meta_value = 'Yamaha-FSX315CSB', modified user: 
2020-08-21T14:18:48+07:00 pid: 8189, has web product json: {"sku":"Yamaha-FSX315CSB-S1"}
2020-08-21T14:18:48+07:00 pid: 8189, query: selected row count = 0, sql: SELECT product.ID FROM ralamusi_2020.`wp_posts` as product LEFT JOIN ralamusi_2020.wp_postmeta as product_sku ON product.ID = product_sku.post_ID WHERE product_sku.meta_key = '_sku' and product_sku.meta_value = 'Yamaha-FSX315CSB-S1', modified user: 
2020-08-21T14:18:49+07:00 pid: 6657, has web product json: {"sku":"Yamaha-FS100CN"}
2020-08-21T14:18:49+07:00 pid: 6657, query: selected row count = 0, sql: SELECT product.ID FROM ralamusi_2020.`wp_posts` as product LEFT JOIN ralamusi_2020.wp_postmeta as product_sku ON product.ID = product_sku.post_ID WHERE product_sku.meta_key = '_sku' and product_sku.meta_value = 'Yamaha-FS100CN', modified user: 
2020-08-21T14:18:49+07:00 pid: 6087, has web product json: {"sku":"Yamaha-FSX315CN-S1"}
2020-08-21T14:18:49+07:00 pid: 6087, query: selected row count = 0, sql: SELECT product.ID FROM ralamusi_2020.`wp_posts` as product LEFT JOIN ralamusi_2020.wp_postmeta as product_sku ON product.ID = product_sku.post_ID WHERE product_sku.meta_key = '_sku' and product_sku.meta_value = 'Yamaha-FSX315CN-S1', modified user: 
2020-08-21T14:18:49+07:00 pid: 7467, has web product json: {"sku":"Yamaha-FS100CBK"}
2020-08-21T14:18:49+07:00 pid: 7467, query: selected row count = 0, sql: SELECT product.ID FROM ralamusi_2020.`wp_posts` as product LEFT JOIN ralamusi_2020.wp_postmeta as product_sku ON product.ID = product_sku.post_ID WHERE product_sku.meta_key = '_sku' and product_sku.meta_value = 'Yamaha-FS100CBK', modified user: 
2020-08-21T14:18:49+07:00 pid: 8252, has web product json: {"sku":"Laney-FS1-Mini"}
2020-08-21T14:18:49+07:00 pid: 8252, query: selected row count = 0, sql: SELECT product.ID FROM ralamusi_2020.`wp_posts` as product LEFT JOIN ralamusi_2020.wp_postmeta as product_sku ON product.ID = product_sku.post_ID WHERE product_sku.meta_key = '_sku' and product_sku.meta_value = 'Laney-FS1-Mini', modified user: 
2020-08-21T14:18:49+07:00 pid: 7807, has web product json: {"sku":"Yamaha-FS800-S1"}
2020-08-21T14:18:49+07:00 pid: 7807, query: selected row count = 0, sql: SELECT product.ID FROM ralamusi_2020.`wp_posts` as product LEFT JOIN ralamusi_2020.wp_postmeta as product_sku ON product.ID = product_sku.post_ID WHERE product_sku.meta_key = '_sku' and product_sku.meta_value = 'Yamaha-FS800-S1', modified user: 
2020-08-21T14:19:49+07:00 pid: 5763, has web product json: {"sku":"Epiphone-Pro-1-Classic"}
2020-08-21T14:19:49+07:00 pid: 5763, query: selected row count = 0, sql: SELECT product.ID FROM ralamusi_2020.`wp_posts` as product LEFT JOIN ralamusi_2020.wp_postmeta as product_sku ON product.ID = product_sku.post_ID WHERE product_sku.meta_key = '_sku' and product_sku.meta_value = 'Epiphone-Pro-1-Classic', modified user: 
2020-08-21T14:19:49+07:00 pid: 8757, has web product json: {"sku":"Epiphone-PRO-1-BK-EAPREBCH1"}
2020-08-21T14:19:49+07:00 pid: 8757, query: selected row count = 0, sql: SELECT product.ID FROM ralamusi_2020.`wp_posts` as product LEFT JOIN ralamusi_2020.wp_postmeta as product_sku ON product.ID = product_sku.post_ID WHERE product_sku.meta_key = '_sku' and product_sku.meta_value = 'Epiphone-PRO-1-BK-EAPREBCH1', modified user: 
2020-08-21T14:19:49+07:00 pid: 7687, has web product json: {"sku":"Epiphone-PRO-1-BK-EAPREBCH1-SET"}
2020-08-21T14:19:49+07:00 pid: 7687, query: selected row count = 0, sql: SELECT product.ID FROM ralamusi_2020.`wp_posts` as product LEFT JOIN ralamusi_2020.wp_postmeta as product_sku ON product.ID = product_sku.post_ID WHERE product_sku.meta_key = '_sku' and product_sku.meta_value = 'Epiphone-PRO-1-BK-EAPREBCH1-SET', modified user: 
2020-08-21T14:19:50+07:00 pid: 8839, has web product json: {"sku":"Epiphone-PRO-1-BL"}
2020-08-21T14:19:50+07:00 pid: 8839, query: selected row count = 0, sql: SELECT product.ID FROM ralamusi_2020.`wp_posts` as product LEFT JOIN ralamusi_2020.wp_postmeta as product_sku ON product.ID = product_sku.post_ID WHERE product_sku.meta_key = '_sku' and product_sku.meta_value = 'Epiphone-PRO-1-BL', modified user: 
2020-08-21T14:19:50+07:00 pid: 8757, has web product json: {"sku":"Epiphone-PRO-1-BL-SET"}
2020-08-21T14:19:50+07:00 pid: 8757, query: selected row count = 0, sql: SELECT product.ID FROM ralamusi_2020.`wp_posts` as product LEFT JOIN ralamusi_2020.wp_postmeta as product_sku ON product.ID = product_sku.post_ID WHERE product_sku.meta_key = '_sku' and product_sku.meta_value = 'Epiphone-PRO-1-BL-SET', modified user: 
2020-08-21T14:19:50+07:00 pid: 7687, has web product json: {"sku":"Epiphone-PRO-1-N-EAPRNACH1"}
2020-08-21T14:19:50+07:00 pid: 7687, query: selected row count = 0, sql: SELECT product.ID FROM ralamusi_2020.`wp_posts` as product LEFT JOIN ralamusi_2020.wp_postmeta as product_sku ON product.ID = product_sku.post_ID WHERE product_sku.meta_key = '_sku' and product_sku.meta_value = 'Epiphone-PRO-1-N-EAPRNACH1', modified user: 
2020-08-21T14:19:50+07:00 pid: 8105, has web product json: {"sku":"Epiphone-PRO-1-N-EAPRNACH1-SET"}
2020-08-21T14:19:50+07:00 pid: 8105, query: selected row count = 0, sql: SELECT product.ID FROM ralamusi_2020.`wp_posts` as product LEFT JOIN ralamusi_2020.wp_postmeta as product_sku ON product.ID = product_sku.post_ID WHERE product_sku.meta_key = '_sku' and product_sku.meta_value = 'Epiphone-PRO-1-N-EAPRNACH1-SET', modified user: 
2020-08-21T14:19:50+07:00 pid: 8838, has web product json: {"sku":"Epiphone-PRO-1-SB-EAPRVSCH1"}
2020-08-21T14:19:50+07:00 pid: 8838, query: selected row count = 0, sql: SELECT product.ID FROM ralamusi_2020.`wp_posts` as product LEFT JOIN ralamusi_2020.wp_postmeta as product_sku ON product.ID = product_sku.post_ID WHERE product_sku.meta_key = '_sku' and product_sku.meta_value = 'Epiphone-PRO-1-SB-EAPRVSCH1', modified user: 
2020-08-21T14:19:50+07:00 pid: 6070, has web product json: {"sku":"Epiphone-PRO-1-SB-EAPRVSCH1-SET"}
2020-08-21T14:19:50+07:00 pid: 6070, query: selected row count = 0, sql: SELECT product.ID FROM ralamusi_2020.`wp_posts` as product LEFT JOIN ralamusi_2020.wp_postmeta as product_sku ON product.ID = product_sku.post_ID WHERE product_sku.meta_key = '_sku' and product_sku.meta_value = 'Epiphone-PRO-1-SB-EAPRVSCH1-SET', modified user: 
2020-08-21T14:19:51+07:00 pid: 7979, has web product json: {"sku":"Epiphone-PRO-1-WR"}
2020-08-21T14:19:51+07:00 pid: 7979, query: selected row count = 0, sql: SELECT product.ID FROM ralamusi_2020.`wp_posts` as product LEFT JOIN ralamusi_2020.wp_postmeta as product_sku ON product.ID = product_sku.post_ID WHERE product_sku.meta_key = '_sku' and product_sku.meta_value = 'Epiphone-PRO-1-WR', modified user: 
2020-08-21T14:19:55+07:00 pid: 6070, has web product json: {"sku":"Epiphone-PRO-1-WR-SET"}
2020-08-21T14:19:55+07:00 pid: 6070, query: selected row count = 0, sql: SELECT product.ID FROM ralamusi_2020.`wp_posts` as product LEFT JOIN ralamusi_2020.wp_postmeta as product_sku ON product.ID = product_sku.post_ID WHERE product_sku.meta_key = '_sku' and product_sku.meta_value = 'Epiphone-PRO-1-WR-SET', modified user: 
2020-08-21T14:19:55+07:00 pid: 7979, has web product json: {"sku":"Epiphone-PRO1N-EAPRNACH1"}
2020-08-21T14:19:55+07:00 pid: 7979, query: selected row count = 0, sql: SELECT product.ID FROM ralamusi_2020.`wp_posts` as product LEFT JOIN ralamusi_2020.wp_postmeta as product_sku ON product.ID = product_sku.post_ID WHERE product_sku.meta_key = '_sku' and product_sku.meta_value = 'Epiphone-PRO1N-EAPRNACH1', modified user: 
2020-08-21T14:19:56+07:00 pid: 6657, has web product json: {"sku":"Amppro-AP15RD"}
2020-08-21T14:19:56+07:00 pid: 6657, query: selected row count = 0, sql: SELECT product.ID FROM ralamusi_2020.`wp_posts` as product LEFT JOIN ralamusi_2020.wp_postmeta as product_sku ON product.ID = product_sku.post_ID WHERE product_sku.meta_key = '_sku' and product_sku.meta_value = 'Amppro-AP15RD', modified user: 
2020-08-21T14:19:56+07:00 pid: 8105, has web product json: {"sku":"Amppro-APC15R-RD-REVB"}
2020-08-21T14:19:56+07:00 pid: 8105, query: selected row count = 0, sql: SELECT product.ID FROM ralamusi_2020.`wp_posts` as product LEFT JOIN ralamusi_2020.wp_postmeta as product_sku ON product.ID = product_sku.post_ID WHERE product_sku.meta_key = '_sku' and product_sku.meta_value = 'Amppro-APC15R-RD-REVB', modified user: 
2020-08-21T14:19:56+07:00 pid: 8119, has web product json: {"sku":"Amppro-APC15R-RD"}
2020-08-21T14:19:56+07:00 pid: 8119, query: selected row count = 0, sql: SELECT product.ID FROM ralamusi_2020.`wp_posts` as product LEFT JOIN ralamusi_2020.wp_postmeta as product_sku ON product.ID = product_sku.post_ID WHERE product_sku.meta_key = '_sku' and product_sku.meta_value = 'Amppro-APC15R-RD', modified user: 
2020-08-21T14:19:56+07:00 pid: 8840, has web product json: {"sku":"Amppro-APC15R-BR"}
2020-08-21T14:19:56+07:00 pid: 8840, query: selected row count = 0, sql: SELECT product.ID FROM ralamusi_2020.`wp_posts` as product LEFT JOIN ralamusi_2020.wp_postmeta as product_sku ON product.ID = product_sku.post_ID WHERE product_sku.meta_key = '_sku' and product_sku.meta_value = 'Amppro-APC15R-BR', modified user: 
2020-08-21T14:19:57+07:00 pid: 8839, has web product json: {"sku":"Amppro-AP15BK"}
2020-08-21T14:19:57+07:00 pid: 8839, query: selected row count = 0, sql: SELECT product.ID FROM ralamusi_2020.`wp_posts` as product LEFT JOIN ralamusi_2020.wp_postmeta as product_sku ON product.ID = product_sku.post_ID WHERE product_sku.meta_key = '_sku' and product_sku.meta_value = 'Amppro-AP15BK', modified user: 
2020-08-21T14:19:57+07:00 pid: 8295, has web product json: {"sku":"Proline-PE1100-BK"}
2020-08-21T14:19:57+07:00 pid: 8295, query: selected row count = 0, sql: SELECT product.ID FROM ralamusi_2020.`wp_posts` as product LEFT JOIN ralamusi_2020.wp_postmeta as product_sku ON product.ID = product_sku.post_ID WHERE product_sku.meta_key = '_sku' and product_sku.meta_value = 'Proline-PE1100-BK', modified user: 
2020-08-21T14:19:57+07:00 pid: 8105, has web product json: {"sku":"Proline-PE1500-BK"}
2020-08-21T14:19:57+07:00 pid: 8105, query: selected row count = 0, sql: SELECT product.ID FROM ralamusi_2020.`wp_posts` as product LEFT JOIN ralamusi_2020.wp_postmeta as product_sku ON product.ID = product_sku.post_ID WHERE product_sku.meta_key = '_sku' and product_sku.meta_value = 'Proline-PE1500-BK', modified user: 
2020-08-21T14:19:57+07:00 pid: 8119, has web product json: {"sku":"Fender-Pro-Series-18D6FT"}
2020-08-21T14:19:58+07:00 pid: 8119, query: selected row count = 0, sql: SELECT product.ID FROM ralamusi_2020.`wp_posts` as product LEFT JOIN ralamusi_2020.wp_postmeta as product_sku ON product.ID = product_sku.post_ID WHERE product_sku.meta_key = '_sku' and product_sku.meta_value = 'Fender-Pro-Series-18D6FT', modified user: 
2020-08-21T14:20:02+07:00 pid: 8252, has web product json: {"sku":"Proline-PB100BK"}
2020-08-21T14:20:02+07:00 pid: 8252, query: selected row count = 0, sql: SELECT product.ID FROM ralamusi_2020.`wp_posts` as product LEFT JOIN ralamusi_2020.wp_postmeta as product_sku ON product.ID = product_sku.post_ID WHERE product_sku.meta_key = '_sku' and product_sku.meta_value = 'Proline-PB100BK', modified user: 
2020-08-21T14:20:03+07:00 pid: 7807, has web product json: {"sku":"Proline-PB100BL"}
2020-08-21T14:20:03+07:00 pid: 7807, query: selected row count = 0, sql: SELECT product.ID FROM ralamusi_2020.`wp_posts` as product LEFT JOIN ralamusi_2020.wp_postmeta as product_sku ON product.ID = product_sku.post_ID WHERE product_sku.meta_key = '_sku' and product_sku.meta_value = 'Proline-PB100BL', modified user: 
2020-08-21T14:20:03+07:00 pid: 8774, has web product json: {"sku":"Proline-PB100RD"}
2020-08-21T14:20:03+07:00 pid: 8774, query: selected row count = 0, sql: SELECT product.ID FROM ralamusi_2020.`wp_posts` as product LEFT JOIN ralamusi_2020.wp_postmeta as product_sku ON product.ID = product_sku.post_ID WHERE product_sku.meta_key = '_sku' and product_sku.meta_value = 'Proline-PB100RD', modified user: 
2020-08-21T14:20:03+07:00 pid: 8774, has web product json: {"sku":"Proline-PB105BL"}
2020-08-21T14:20:03+07:00 pid: 8774, query: selected row count = 0, sql: SELECT product.ID FROM ralamusi_2020.`wp_posts` as product LEFT JOIN ralamusi_2020.wp_postmeta as product_sku ON product.ID = product_sku.post_ID WHERE product_sku.meta_key = '_sku' and product_sku.meta_value = 'Proline-PB105BL', modified user: 
2020-08-21T14:20:03+07:00 pid: 6657, has web product json: {"sku":"Proline-PB105RD"}
2020-08-21T14:20:03+07:00 pid: 6657, query: selected row count = 0, sql: SELECT product.ID FROM ralamusi_2020.`wp_posts` as product LEFT JOIN ralamusi_2020.wp_postmeta as product_sku ON product.ID = product_sku.post_ID WHERE product_sku.meta_key = '_sku' and product_sku.meta_value = 'Proline-PB105RD', modified user: 
2020-08-21T14:20:03+07:00 pid: 8774, has web product json: {"sku":"Proline-PP1500BK"}
2020-08-21T14:20:03+07:00 pid: 8774, query: selected row count = 0, sql: SELECT product.ID FROM ralamusi_2020.`wp_posts` as product LEFT JOIN ralamusi_2020.wp_postmeta as product_sku ON product.ID = product_sku.post_ID WHERE product_sku.meta_key = '_sku' and product_sku.meta_value = 'Proline-PP1500BK', modified user: 
2020-08-21T14:20:04+07:00 pid: 7023, has web product json: {"sku":"Proline-PP1500WH"}
2020-08-21T14:20:04+07:00 pid: 7023, query: selected row count = 0, sql: SELECT product.ID FROM ralamusi_2020.`wp_posts` as product LEFT JOIN ralamusi_2020.wp_postmeta as product_sku ON product.ID = product_sku.post_ID WHERE product_sku.meta_key = '_sku' and product_sku.meta_value = 'Proline-PP1500WH', modified user: 
2020-08-21T14:20:04+07:00 pid: 8837, has web product json: {"sku":"Proline-PP1000BK"}
2020-08-21T14:20:04+07:00 pid: 8837, query: selected row count = 0, sql: SELECT product.ID FROM ralamusi_2020.`wp_posts` as product LEFT JOIN ralamusi_2020.wp_postmeta as product_sku ON product.ID = product_sku.post_ID WHERE product_sku.meta_key = '_sku' and product_sku.meta_value = 'Proline-PP1000BK', modified user: 
2020-08-21T14:20:04+07:00 pid: 5763, has web product json: {"sku":"Proline-PP1000BL"}
2020-08-21T14:20:04+07:00 pid: 5763, query: selected row count = 0, sql: SELECT product.ID FROM ralamusi_2020.`wp_posts` as product LEFT JOIN ralamusi_2020.wp_postmeta as product_sku ON product.ID = product_sku.post_ID WHERE product_sku.meta_key = '_sku' and product_sku.meta_value = 'Proline-PP1000BL', modified user: 
2020-08-21T14:20:04+07:00 pid: 7176, has web product json: {"sku":"Proline-PP1000RD"}
2020-08-21T14:20:04+07:00 pid: 7176, query: selected row count = 0, sql: SELECT product.ID FROM ralamusi_2020.`wp_posts` as product LEFT JOIN ralamusi_2020.wp_postmeta as product_sku ON product.ID = product_sku.post_ID WHERE product_sku.meta_key = '_sku' and product_sku.meta_value = 'Proline-PP1000RD', modified user: 
2020-08-21T16:25:00+07:00 pid: 1897, has web product json: {"sku":"Carlsbro-SD229"}
2020-08-21T16:25:00+07:00 pid: 1897, query: selected row count = 0, sql: SELECT product.ID FROM ralamusi_2020.`wp_posts` as product LEFT JOIN ralamusi_2020.wp_postmeta as product_sku ON product.ID = product_sku.post_ID WHERE product_sku.meta_key = '_sku' and product_sku.meta_value = 'Carlsbro-SD229', modified user: 
2020-08-21T16:25:01+07:00 pid: 1769, has web product json: {"sku":"Fantasia-F81N-S2"}
2020-08-21T16:25:01+07:00 pid: 1769, query: selected row count = 0, sql: SELECT product.ID FROM ralamusi_2020.`wp_posts` as product LEFT JOIN ralamusi_2020.wp_postmeta as product_sku ON product.ID = product_sku.post_ID WHERE product_sku.meta_key = '_sku' and product_sku.meta_value = 'Fantasia-F81N-S2', modified user: 
2020-08-21T16:25:01+07:00 pid: 1769, has web product json: {"sku":"Paramount-Sticker-Note-SN-10"}
2020-08-21T16:25:01+07:00 pid: 1769, query success, sql: SELECT product.ID FROM ralamusi_2020.`wp_posts` as product LEFT JOIN ralamusi_2020.wp_postmeta as product_sku ON product.ID = product_sku.post_ID WHERE product_sku.meta_key = '_sku' and product_sku.meta_value = 'Paramount-Sticker-Note-SN-10', modified user: 
2020-08-21T16:25:01+07:00 pid: 32359, has web product json: {"sku":"Blackstar-LT-Echo-10"}
2020-08-21T16:25:01+07:00 pid: 32359, query: selected row count = 0, sql: SELECT product.ID FROM ralamusi_2020.`wp_posts` as product LEFT JOIN ralamusi_2020.wp_postmeta as product_sku ON product.ID = product_sku.post_ID WHERE product_sku.meta_key = '_sku' and product_sku.meta_value = 'Blackstar-LT-Echo-10', modified user: 
2020-08-21T16:25:01+07:00 pid: 1479, has web product json: {"sku":"Promark-LA5AW"}
2020-08-21T16:25:01+07:00 pid: 1479, query: selected row count = 0, sql: SELECT product.ID FROM ralamusi_2020.`wp_posts` as product LEFT JOIN ralamusi_2020.wp_postmeta as product_sku ON product.ID = product_sku.post_ID WHERE product_sku.meta_key = '_sku' and product_sku.meta_value = 'Promark-LA5AW', modified user: 
2020-08-21T16:25:01+07:00 pid: 1864, has web product json: {"sku":"Paramount-MB25E"}
2020-08-21T16:25:01+07:00 pid: 1864, query: selected row count = 0, sql: SELECT product.ID FROM ralamusi_2020.`wp_posts` as product LEFT JOIN ralamusi_2020.wp_postmeta as product_sku ON product.ID = product_sku.post_ID WHERE product_sku.meta_key = '_sku' and product_sku.meta_value = 'Paramount-MB25E', modified user: 
2020-08-21T16:25:02+07:00 pid: 1864, has web product json: {"sku":"Pastel-K-161"}
2020-08-21T16:25:02+07:00 pid: 1864, query success, sql: SELECT product.ID FROM ralamusi_2020.`wp_posts` as product LEFT JOIN ralamusi_2020.wp_postmeta as product_sku ON product.ID = product_sku.post_ID WHERE product_sku.meta_key = '_sku' and product_sku.meta_value = 'Pastel-K-161', modified user: 
2020-08-21T16:25:02+07:00 pid: 492, has web product json: {"sku":"KM-18962-Keyboard-Stand"}
2020-08-21T16:25:02+07:00 pid: 492, query: selected row count = 0, sql: SELECT product.ID FROM ralamusi_2020.`wp_posts` as product LEFT JOIN ralamusi_2020.wp_postmeta as product_sku ON product.ID = product_sku.post_ID WHERE product_sku.meta_key = '_sku' and product_sku.meta_value = 'KM-18962-Keyboard-Stand', modified user: 
2020-08-21T16:25:02+07:00 pid: 2131, has web product json: {"sku":"Golden-Cup-JH024"}
2020-08-21T16:25:02+07:00 pid: 2131, query: selected row count = 0, sql: SELECT product.ID FROM ralamusi_2020.`wp_posts` as product LEFT JOIN ralamusi_2020.wp_postmeta as product_sku ON product.ID = product_sku.post_ID WHERE product_sku.meta_key = '_sku' and product_sku.meta_value = 'Golden-Cup-JH024', modified user: 
2020-08-21T16:25:02+07:00 pid: 492, has web product json: {"sku":"Daddario-Classic-PW-CGTRA-20"}
2020-08-21T16:25:02+07:00 pid: 492, query success, sql: SELECT product.ID FROM ralamusi_2020.`wp_posts` as product LEFT JOIN ralamusi_2020.wp_postmeta as product_sku ON product.ID = product_sku.post_ID WHERE product_sku.meta_key = '_sku' and product_sku.meta_value = 'Daddario-Classic-PW-CGTRA-20', modified user: 
2020-08-21T16:25:05+07:00 pid: 2163, has web product json: {"sku":"Yamaha-PAC212VQM-Caramel-Brown"}
2020-08-21T16:25:05+07:00 pid: 2163, query success, sql: SELECT product.ID FROM ralamusi_2020.`wp_posts` as product LEFT JOIN ralamusi_2020.wp_postmeta as product_sku ON product.ID = product_sku.post_ID WHERE product_sku.meta_key = '_sku' and product_sku.meta_value = 'Yamaha-PAC212VQM-Caramel-Brown', modified user: 
2020-08-21T16:25:05+07:00 pid: 1479, has web product json: {"sku":"Yamaha-PAC212VQM-Translucent-Black"}
2020-08-21T16:25:05+07:00 pid: 1479, query success, sql: SELECT product.ID FROM ralamusi_2020.`wp_posts` as product LEFT JOIN ralamusi_2020.wp_postmeta as product_sku ON product.ID = product_sku.post_ID WHERE product_sku.meta_key = '_sku' and product_sku.meta_value = 'Yamaha-PAC212VQM-Translucent-Black', modified user: 
2020-08-21T16:25:05+07:00 pid: 31719, has web product json: {"sku":"Yamaha-PAC212VQM-Tobacco-Brown-Sunburst"}
2020-08-21T16:25:05+07:00 pid: 31719, query success, sql: SELECT product.ID FROM ralamusi_2020.`wp_posts` as product LEFT JOIN ralamusi_2020.wp_postmeta as product_sku ON product.ID = product_sku.post_ID WHERE product_sku.meta_key = '_sku' and product_sku.meta_value = 'Yamaha-PAC212VQM-Tobacco-Brown-Sunburst', modified user: 
2020-08-21T17:58:37+07:00 pid: 31219, has web product json: {"sku":"BM-32KH-PK"}
2020-08-21T17:58:37+07:00 pid: 31219, query: selected row count = 0, sql: SELECT product.ID FROM ralamusi_2020.`wp_posts` as product LEFT JOIN ralamusi_2020.wp_postmeta as product_sku ON product.ID = product_sku.post_ID WHERE product_sku.meta_key = '_sku' and product_sku.meta_value = 'BM-32KH-PK', modified user: 
2020-08-21T17:58:38+07:00 pid: 29363, has web product json: {"sku":"Rico-Clarinet-Bb-RCA1025"}
2020-08-21T17:58:38+07:00 pid: 29363, query: selected row count = 0, sql: SELECT product.ID FROM ralamusi_2020.`wp_posts` as product LEFT JOIN ralamusi_2020.wp_postmeta as product_sku ON product.ID = product_sku.post_ID WHERE product_sku.meta_key = '_sku' and product_sku.meta_value = 'Rico-Clarinet-Bb-RCA1025', modified user: 
2020-08-21T17:58:38+07:00 pid: 30933, has web product json: {"sku":"SHURE-SV100"}
2020-08-21T17:58:38+07:00 pid: 30933, query: selected row count = 0, sql: SELECT product.ID FROM ralamusi_2020.`wp_posts` as product LEFT JOIN ralamusi_2020.wp_postmeta as product_sku ON product.ID = product_sku.post_ID WHERE product_sku.meta_key = '_sku' and product_sku.meta_value = 'SHURE-SV100', modified user: 
2020-08-21T17:58:38+07:00 pid: 30735, has web product json: {"sku":"Der-Jung-DHLB-DJ225"}
2020-08-21T17:58:38+07:00 pid: 30735, query: selected row count = 0, sql: SELECT product.ID FROM ralamusi_2020.`wp_posts` as product LEFT JOIN ralamusi_2020.wp_postmeta as product_sku ON product.ID = product_sku.post_ID WHERE product_sku.meta_key = '_sku' and product_sku.meta_value = 'Der-Jung-DHLB-DJ225', modified user: 
2020-08-21T17:58:38+07:00 pid: 29363, has web product json: {"sku":"Carlsbro-BJJ033-3M"}
2020-08-21T17:58:38+07:00 pid: 29363, query: selected row count = 0, sql: SELECT product.ID FROM ralamusi_2020.`wp_posts` as product LEFT JOIN ralamusi_2020.wp_postmeta as product_sku ON product.ID = product_sku.post_ID WHERE product_sku.meta_key = '_sku' and product_sku.meta_value = 'Carlsbro-BJJ033-3M', modified user: 
2020-08-21T17:58:39+07:00 pid: 30511, has web product json: {"sku":"Remo-CS-0114-10"}
2020-08-21T17:58:39+07:00 pid: 30511, query: selected row count = 0, sql: SELECT product.ID FROM ralamusi_2020.`wp_posts` as product LEFT JOIN ralamusi_2020.wp_postmeta as product_sku ON product.ID = product_sku.post_ID WHERE product_sku.meta_key = '_sku' and product_sku.meta_value = 'Remo-CS-0114-10', modified user: 
2020-08-21T17:58:39+07:00 pid: 30437, has web product json: {"sku":"Remo-EN-PS10-PP"}
2020-08-21T17:58:39+07:00 pid: 30437, query: selected row count = 0, sql: SELECT product.ID FROM ralamusi_2020.`wp_posts` as product LEFT JOIN ralamusi_2020.wp_postmeta as product_sku ON product.ID = product_sku.post_ID WHERE product_sku.meta_key = '_sku' and product_sku.meta_value = 'Remo-EN-PS10-PP', modified user: 
2020-08-21T17:58:39+07:00 pid: 31145, has web product json: {"sku":"K&M-15213-000-55"}
2020-08-21T17:58:39+07:00 pid: 31145, query success, sql: SELECT product.ID FROM ralamusi_2020.`wp_posts` as product LEFT JOIN ralamusi_2020.wp_postmeta as product_sku ON product.ID = product_sku.post_ID WHERE product_sku.meta_key = '_sku' and product_sku.meta_value = 'K&M-15213-000-55', modified user: 
2020-08-21T17:58:40+07:00 pid: 30751, has web product json: {"sku":"Paramount-JYC-L1"}
2020-08-21T17:58:40+07:00 pid: 30751, query: selected row count = 0, sql: SELECT product.ID FROM ralamusi_2020.`wp_posts` as product LEFT JOIN ralamusi_2020.wp_postmeta as product_sku ON product.ID = product_sku.post_ID WHERE product_sku.meta_key = '_sku' and product_sku.meta_value = 'Paramount-JYC-L1', modified user: 
2020-08-21T17:58:40+07:00 pid: 31183, has web product json: {"sku":"hohner-silver-star-c"}
2020-08-21T17:58:40+07:00 pid: 31183, query: selected row count = 0, sql: SELECT product.ID FROM ralamusi_2020.`wp_posts` as product LEFT JOIN ralamusi_2020.wp_postmeta as product_sku ON product.ID = product_sku.post_ID WHERE product_sku.meta_key = '_sku' and product_sku.meta_value = 'hohner-silver-star-c', modified user: 
2020-08-21T17:58:42+07:00 pid: 31195, has web product json: {"sku":"Boss-KATANA-100-MkII"}
2020-08-21T17:58:42+07:00 pid: 31195, query: selected row count = 0, sql: SELECT product.ID FROM ralamusi_2020.`wp_posts` as product LEFT JOIN ralamusi_2020.wp_postmeta as product_sku ON product.ID = product_sku.post_ID WHERE product_sku.meta_key = '_sku' and product_sku.meta_value = 'Boss-KATANA-100-MkII', modified user: 
2020-08-21T17:58:43+07:00 pid: 30808, has web product json: {"sku":"Boss-Katana-50-MkII"}
2020-08-21T17:58:43+07:00 pid: 30808, query: selected row count = 0, sql: SELECT product.ID FROM ralamusi_2020.`wp_posts` as product LEFT JOIN ralamusi_2020.wp_postmeta as product_sku ON product.ID = product_sku.post_ID WHERE product_sku.meta_key = '_sku' and product_sku.meta_value = 'Boss-Katana-50-MkII', modified user: 
2020-08-21T17:58:43+07:00 pid: 30751, has web product json: {"sku":"Boss-Katana-MINI"}
2020-08-21T17:58:43+07:00 pid: 30751, query success, sql: SELECT product.ID FROM ralamusi_2020.`wp_posts` as product LEFT JOIN ralamusi_2020.wp_postmeta as product_sku ON product.ID = product_sku.post_ID WHERE product_sku.meta_key = '_sku' and product_sku.meta_value = 'Boss-Katana-MINI', modified user: 
2020-08-21T17:58:43+07:00 pid: 31252, has web product json: {"sku":"Boss-Katana-100-212"}
2020-08-21T17:58:43+07:00 pid: 31252, query: selected row count = 0, sql: SELECT product.ID FROM ralamusi_2020.`wp_posts` as product LEFT JOIN ralamusi_2020.wp_postmeta as product_sku ON product.ID = product_sku.post_ID WHERE product_sku.meta_key = '_sku' and product_sku.meta_value = 'Boss-Katana-100-212', modified user: 
2020-08-21T17:58:44+07:00 pid: 30808, has web product json: {"sku":"Boss-GT-1000"}
2020-08-21T17:58:44+07:00 pid: 30808, query: selected row count = 0, sql: SELECT product.ID FROM ralamusi_2020.`wp_posts` as product LEFT JOIN ralamusi_2020.wp_postmeta as product_sku ON product.ID = product_sku.post_ID WHERE product_sku.meta_key = '_sku' and product_sku.meta_value = 'Boss-GT-1000', modified user: 
2020-08-21T17:58:44+07:00 pid: 29363, has web product json: {"sku":"Roland-PSB-230"}
2020-08-21T17:58:44+07:00 pid: 29363, query success, sql: SELECT product.ID FROM ralamusi_2020.`wp_posts` as product LEFT JOIN ralamusi_2020.wp_postmeta as product_sku ON product.ID = product_sku.post_ID WHERE product_sku.meta_key = '_sku' and product_sku.meta_value = 'Roland-PSB-230', modified user: 
2020-08-21T17:59:01+07:00 pid: 31219, has web product json: {"sku":"BOSS-WAZA-AIR"}
2020-08-21T17:59:01+07:00 pid: 31219, query success, sql: SELECT product.ID FROM ralamusi_2020.`wp_posts` as product LEFT JOIN ralamusi_2020.wp_postmeta as product_sku ON product.ID = product_sku.post_ID WHERE product_sku.meta_key = '_sku' and product_sku.meta_value = 'BOSS-WAZA-AIR', modified user: 
2020-08-21T17:59:01+07:00 pid: 29092, has web product json: {"sku":"Boss-GT-1000"}
2020-08-21T17:59:01+07:00 pid: 29092, query: selected row count = 0, sql: SELECT product.ID FROM ralamusi_2020.`wp_posts` as product LEFT JOIN ralamusi_2020.wp_postmeta as product_sku ON product.ID = product_sku.post_ID WHERE product_sku.meta_key = '_sku' and product_sku.meta_value = 'Boss-GT-1000', modified user: 
2020-08-21T18:01:27+07:00 pid: 31058, has web product json: {"sku":"Paramount-F750CEQN"}
2020-08-21T18:01:27+07:00 pid: 31058, query: selected row count = 0, sql: SELECT product.ID FROM ralamusi_2020.`wp_posts` as product LEFT JOIN ralamusi_2020.wp_postmeta as product_sku ON product.ID = product_sku.post_ID WHERE product_sku.meta_key = '_sku' and product_sku.meta_value = 'Paramount-F750CEQN', modified user: 
2020-08-21T18:01:27+07:00 pid: 31058, has web product json: {"sku":"Paramount-F750CEQN-S1"}
2020-08-21T18:01:27+07:00 pid: 31058, query: selected row count = 0, sql: SELECT product.ID FROM ralamusi_2020.`wp_posts` as product LEFT JOIN ralamusi_2020.wp_postmeta as product_sku ON product.ID = product_sku.post_ID WHERE product_sku.meta_key = '_sku' and product_sku.meta_value = 'Paramount-F750CEQN-S1', modified user: 
2020-08-21T22:58:17+07:00 pid: 8314, has web product json: {"sku":"Paramount-JYC-L1-4IN1"}
2020-08-21T22:58:17+07:00 pid: 8314, query: selected row count = 0, sql: SELECT product.ID FROM ralamusi_2020.`wp_posts` as product LEFT JOIN ralamusi_2020.wp_postmeta as product_sku ON product.ID = product_sku.post_ID WHERE product_sku.meta_key = '_sku' and product_sku.meta_value = 'Paramount-JYC-L1-4IN1', modified user: 
2020-08-21T22:58:18+07:00 pid: 7933, has web product json: {"sku":"Paramount-JYC-J-Q3"}
2020-08-21T22:58:18+07:00 pid: 7933, query: selected row count = 0, sql: SELECT product.ID FROM ralamusi_2020.`wp_posts` as product LEFT JOIN ralamusi_2020.wp_postmeta as product_sku ON product.ID = product_sku.post_ID WHERE product_sku.meta_key = '_sku' and product_sku.meta_value = 'Paramount-JYC-J-Q3', modified user: 
2020-08-21T22:58:18+07:00 pid: 7036, has web product json: {"sku":"Paramount-JG-6"}
2020-08-21T22:58:18+07:00 pid: 7036, query: selected row count = 0, sql: SELECT product.ID FROM ralamusi_2020.`wp_posts` as product LEFT JOIN ralamusi_2020.wp_postmeta as product_sku ON product.ID = product_sku.post_ID WHERE product_sku.meta_key = '_sku' and product_sku.meta_value = 'Paramount-JG-6', modified user: 
2020-08-21T22:58:18+07:00 pid: 8194, has web product json: {"sku":"Epiphone-Pro-1-Classic"}
2020-08-21T22:58:18+07:00 pid: 8194, query: selected row count = 0, sql: SELECT product.ID FROM ralamusi_2020.`wp_posts` as product LEFT JOIN ralamusi_2020.wp_postmeta as product_sku ON product.ID = product_sku.post_ID WHERE product_sku.meta_key = '_sku' and product_sku.meta_value = 'Epiphone-Pro-1-Classic', modified user: 
2020-08-21T22:58:18+07:00 pid: 8491, has web product json: {"sku":"Promark-LA2BN"}
2020-08-21T22:58:18+07:00 pid: 8491, query: selected row count = 0, sql: SELECT product.ID FROM ralamusi_2020.`wp_posts` as product LEFT JOIN ralamusi_2020.wp_postmeta as product_sku ON product.ID = product_sku.post_ID WHERE product_sku.meta_key = '_sku' and product_sku.meta_value = 'Promark-LA2BN', modified user: 
2020-08-21T22:58:19+07:00 pid: 8750, has web product json: {"sku":"Daddario-5CSH6"}
2020-08-21T22:58:19+07:00 pid: 8750, query success, sql: SELECT product.ID FROM ralamusi_2020.`wp_posts` as product LEFT JOIN ralamusi_2020.wp_postmeta as product_sku ON product.ID = product_sku.post_ID WHERE product_sku.meta_key = '_sku' and product_sku.meta_value = 'Daddario-5CSH6', modified user: 
2020-08-21T22:58:19+07:00 pid: 8749, has web product json: {"sku":"Fender-Pro-Series-3M-SA-0990820025"}
2020-08-21T22:58:19+07:00 pid: 8749, query: selected row count = 0, sql: SELECT product.ID FROM ralamusi_2020.`wp_posts` as product LEFT JOIN ralamusi_2020.wp_postmeta as product_sku ON product.ID = product_sku.post_ID WHERE product_sku.meta_key = '_sku' and product_sku.meta_value = 'Fender-Pro-Series-3M-SA-0990820025', modified user: 
2020-08-21T22:58:19+07:00 pid: 8491, has web product json: {"sku":"Paramount-ED95E-S3"}
2020-08-21T22:58:19+07:00 pid: 8491, query: selected row count = 0, sql: SELECT product.ID FROM ralamusi_2020.`wp_posts` as product LEFT JOIN ralamusi_2020.wp_postmeta as product_sku ON product.ID = product_sku.post_ID WHERE product_sku.meta_key = '_sku' and product_sku.meta_value = 'Paramount-ED95E-S3', modified user: 
2020-08-21T22:58:20+07:00 pid: 8314, has web product json: {"sku":"Cherub-WTB-004"}
2020-08-21T22:58:20+07:00 pid: 8314, query: selected row count = 0, sql: SELECT product.ID FROM ralamusi_2020.`wp_posts` as product LEFT JOIN ralamusi_2020.wp_postmeta as product_sku ON product.ID = product_sku.post_ID WHERE product_sku.meta_key = '_sku' and product_sku.meta_value = 'Cherub-WTB-004', modified user: 
2020-08-21T22:58:20+07:00 pid: 8750, has web product json: {"sku":"Daddario-4CSH4-5CSH4"}
2020-08-21T22:58:20+07:00 pid: 8750, query success, sql: SELECT product.ID FROM ralamusi_2020.`wp_posts` as product LEFT JOIN ralamusi_2020.wp_postmeta as product_sku ON product.ID = product_sku.post_ID WHERE product_sku.meta_key = '_sku' and product_sku.meta_value = 'Daddario-4CSH4-5CSH4', modified user: 
2020-08-21T22:58:23+07:00 pid: 8750, has web product json: {"sku":"Kazuki-KZ41CEN-S1"}
2020-08-21T22:58:23+07:00 pid: 8750, query: selected row count = 0, sql: SELECT product.ID FROM ralamusi_2020.`wp_posts` as product LEFT JOIN ralamusi_2020.wp_postmeta as product_sku ON product.ID = product_sku.post_ID WHERE product_sku.meta_key = '_sku' and product_sku.meta_value = 'Kazuki-KZ41CEN-S1', modified user: 
2020-08-21T22:58:23+07:00 pid: 8503, has web product json: {"sku":"Kazuki-KZ41CEBK-FBA41"}
2020-08-21T22:58:23+07:00 pid: 8503, query: selected row count = 0, sql: SELECT product.ID FROM ralamusi_2020.`wp_posts` as product LEFT JOIN ralamusi_2020.wp_postmeta as product_sku ON product.ID = product_sku.post_ID WHERE product_sku.meta_key = '_sku' and product_sku.meta_value = 'Kazuki-KZ41CEBK-FBA41', modified user: 
2020-08-21T22:58:23+07:00 pid: 7848, has web product json: {"sku":"Kazuki-DLKZ41CE-N-S1"}
2020-08-21T22:58:23+07:00 pid: 7848, query: selected row count = 0, sql: SELECT product.ID FROM ralamusi_2020.`wp_posts` as product LEFT JOIN ralamusi_2020.wp_postmeta as product_sku ON product.ID = product_sku.post_ID WHERE product_sku.meta_key = '_sku' and product_sku.meta_value = 'Kazuki-DLKZ41CE-N-S1', modified user: 
2020-08-21T22:58:24+07:00 pid: 8712, has web product json: {"sku":"Kazuki-DLKZ41CE-N-S4"}
2020-08-21T22:58:24+07:00 pid: 8712, query: selected row count = 0, sql: SELECT product.ID FROM ralamusi_2020.`wp_posts` as product LEFT JOIN ralamusi_2020.wp_postmeta as product_sku ON product.ID = product_sku.post_ID WHERE product_sku.meta_key = '_sku' and product_sku.meta_value = 'Kazuki-DLKZ41CE-N-S4', modified user: 
2020-08-21T22:58:24+07:00 pid: 8750, has web product json: {"sku":"Kazuki-KZ41CEN-FBA41"}
2020-08-21T22:58:24+07:00 pid: 8750, query: selected row count = 0, sql: SELECT product.ID FROM ralamusi_2020.`wp_posts` as product LEFT JOIN ralamusi_2020.wp_postmeta as product_sku ON product.ID = product_sku.post_ID WHERE product_sku.meta_key = '_sku' and product_sku.meta_value = 'Kazuki-KZ41CEN-FBA41', modified user: 
2020-08-21T22:58:24+07:00 pid: 8503, has web product json: {"sku":"Kazuki-KZ41CEN"}
2020-08-21T22:58:24+07:00 pid: 8503, query: selected row count = 0, sql: SELECT product.ID FROM ralamusi_2020.`wp_posts` as product LEFT JOIN ralamusi_2020.wp_postmeta as product_sku ON product.ID = product_sku.post_ID WHERE product_sku.meta_key = '_sku' and product_sku.meta_value = 'Kazuki-KZ41CEN', modified user: 
2020-08-21T22:58:25+07:00 pid: 8750, has web product json: {"sku":"Kazuki-KZ41CEBK"}
2020-08-21T22:58:25+07:00 pid: 8750, query: selected row count = 0, sql: SELECT product.ID FROM ralamusi_2020.`wp_posts` as product LEFT JOIN ralamusi_2020.wp_postmeta as product_sku ON product.ID = product_sku.post_ID WHERE product_sku.meta_key = '_sku' and product_sku.meta_value = 'Kazuki-KZ41CEBK', modified user: 
2020-08-21T22:58:25+07:00 pid: 7921, has web product json: {"sku":"Kazuki-DLKZ41CE-N"}
2020-08-21T22:58:25+07:00 pid: 7921, query: selected row count = 0, sql: SELECT product.ID FROM ralamusi_2020.`wp_posts` as product LEFT JOIN ralamusi_2020.wp_postmeta as product_sku ON product.ID = product_sku.post_ID WHERE product_sku.meta_key = '_sku' and product_sku.meta_value = 'Kazuki-DLKZ41CE-N', modified user: 
2020-08-21T22:58:26+07:00 pid: 8738, has web product json: {"sku":"Kazuki-DLKZ41CE-BK-S4"}
2020-08-21T22:58:26+07:00 pid: 8738, query: selected row count = 0, sql: SELECT product.ID FROM ralamusi_2020.`wp_posts` as product LEFT JOIN ralamusi_2020.wp_postmeta as product_sku ON product.ID = product_sku.post_ID WHERE product_sku.meta_key = '_sku' and product_sku.meta_value = 'Kazuki-DLKZ41CE-BK-S4', modified user: 
2020-08-21T22:58:26+07:00 pid: 7088, has web product json: {"sku":"Kazuki-DLKZ41CE-BK-S1"}
2020-08-21T22:58:26+07:00 pid: 7088, query: selected row count = 0, sql: SELECT product.ID FROM ralamusi_2020.`wp_posts` as product LEFT JOIN ralamusi_2020.wp_postmeta as product_sku ON product.ID = product_sku.post_ID WHERE product_sku.meta_key = '_sku' and product_sku.meta_value = 'Kazuki-DLKZ41CE-BK-S1', modified user: 
2020-08-21T22:59:01+07:00 pid: 8314, has web product json: {"sku":"Kazuki-KZ41CEWR-S1"}
2020-08-21T22:59:01+07:00 pid: 8314, query: selected row count = 0, sql: SELECT product.ID FROM ralamusi_2020.`wp_posts` as product LEFT JOIN ralamusi_2020.wp_postmeta as product_sku ON product.ID = product_sku.post_ID WHERE product_sku.meta_key = '_sku' and product_sku.meta_value = 'Kazuki-KZ41CEWR-S1', modified user: 
2020-08-21T22:59:02+07:00 pid: 8823, has web product json: {"sku":"Kazuki-KZ41CEWR-FBA41"}
2020-08-21T22:59:02+07:00 pid: 8823, query: selected row count = 0, sql: SELECT product.ID FROM ralamusi_2020.`wp_posts` as product LEFT JOIN ralamusi_2020.wp_postmeta as product_sku ON product.ID = product_sku.post_ID WHERE product_sku.meta_key = '_sku' and product_sku.meta_value = 'Kazuki-KZ41CEWR-FBA41', modified user: 
2020-08-21T22:59:02+07:00 pid: 8823, has web product json: {"sku":"Kazuki-KZ41CEWR"}
2020-08-21T22:59:02+07:00 pid: 8823, query: selected row count = 0, sql: SELECT product.ID FROM ralamusi_2020.`wp_posts` as product LEFT JOIN ralamusi_2020.wp_postmeta as product_sku ON product.ID = product_sku.post_ID WHERE product_sku.meta_key = '_sku' and product_sku.meta_value = 'Kazuki-KZ41CEWR', modified user: 
2020-08-21T22:59:02+07:00 pid: 8738, has web product json: {"sku":"Kazuki-KZ41CESB-S1"}
2020-08-21T22:59:02+07:00 pid: 8738, query: selected row count = 0, sql: SELECT product.ID FROM ralamusi_2020.`wp_posts` as product LEFT JOIN ralamusi_2020.wp_postmeta as product_sku ON product.ID = product_sku.post_ID WHERE product_sku.meta_key = '_sku' and product_sku.meta_value = 'Kazuki-KZ41CESB-S1', modified user: 
2020-08-21T22:59:02+07:00 pid: 8314, has web product json: {"sku":"Kazuki-KZ41CESB-FBA41"}
2020-08-21T22:59:02+07:00 pid: 8314, query: selected row count = 0, sql: SELECT product.ID FROM ralamusi_2020.`wp_posts` as product LEFT JOIN ralamusi_2020.wp_postmeta as product_sku ON product.ID = product_sku.post_ID WHERE product_sku.meta_key = '_sku' and product_sku.meta_value = 'Kazuki-KZ41CESB-FBA41', modified user: 
2020-08-21T22:59:03+07:00 pid: 7082, has web product json: {"sku":"Kazuki-KZ41CESB"}
2020-08-21T22:59:03+07:00 pid: 7082, query: selected row count = 0, sql: SELECT product.ID FROM ralamusi_2020.`wp_posts` as product LEFT JOIN ralamusi_2020.wp_postmeta as product_sku ON product.ID = product_sku.post_ID WHERE product_sku.meta_key = '_sku' and product_sku.meta_value = 'Kazuki-KZ41CESB', modified user: 
2020-08-21T22:59:04+07:00 pid: 8925, has web product json: {"sku":"Kazuki-KZ41CEBK-S1"}
2020-08-21T22:59:04+07:00 pid: 8925, query: selected row count = 0, sql: SELECT product.ID FROM ralamusi_2020.`wp_posts` as product LEFT JOIN ralamusi_2020.wp_postmeta as product_sku ON product.ID = product_sku.post_ID WHERE product_sku.meta_key = '_sku' and product_sku.meta_value = 'Kazuki-KZ41CEBK-S1', modified user: 
2020-08-21T23:05:00+07:00 pid: 12916, has web product json: {"sku":"Carlsbro-SK102"}
2020-08-21T23:05:00+07:00 pid: 12916, query: selected row count = 0, sql: SELECT product.ID FROM ralamusi_2020.`wp_posts` as product LEFT JOIN ralamusi_2020.wp_postmeta as product_sku ON product.ID = product_sku.post_ID WHERE product_sku.meta_key = '_sku' and product_sku.meta_value = 'Carlsbro-SK102', modified user: 
