2020-08-06T09:45:34+07:00 pid: 19823, has web product json: {"sku":"SQOE-SEST230SB-FBC"}
2020-08-06T09:45:34+07:00 pid: 18577, has web product json: {"sku":"SQOE-SEST230SB-FBC"}
2020-08-06T09:45:34+07:00 pid: 18577, query: selected row count = 0, sql: SELECT product.ID FROM ralamusi_2020.`wp_posts` as product LEFT JOIN ralamusi_2020.wp_postmeta as product_sku ON product.ID = product_sku.post_ID WHERE product_sku.meta_key = '_sku' and product_sku.meta_value = 'SQOE-SEST230SB-FBC', modified user: 
2020-08-06T09:45:34+07:00 pid: 19823, query: selected row count = 0, sql: SELECT product.ID FROM ralamusi_2020.`wp_posts` as product LEFT JOIN ralamusi_2020.wp_postmeta as product_sku ON product.ID = product_sku.post_ID WHERE product_sku.meta_key = '_sku' and product_sku.meta_value = 'SQOE-SEST230SB-FBC', modified user: 
2020-08-06T09:45:35+07:00 pid: 18932, has web product json: {"sku":"SQOE-SQ1305SB"}
2020-08-06T09:45:35+07:00 pid: 18490, has web product json: {"sku":"SQOE-SQ1305SB"}
2020-08-06T09:45:35+07:00 pid: 18932, query: selected row count = 0, sql: SELECT product.ID FROM ralamusi_2020.`wp_posts` as product LEFT JOIN ralamusi_2020.wp_postmeta as product_sku ON product.ID = product_sku.post_ID WHERE product_sku.meta_key = '_sku' and product_sku.meta_value = 'SQOE-SQ1305SB', modified user: 
2020-08-06T09:45:35+07:00 pid: 18490, query: selected row count = 0, sql: SELECT product.ID FROM ralamusi_2020.`wp_posts` as product LEFT JOIN ralamusi_2020.wp_postmeta as product_sku ON product.ID = product_sku.post_ID WHERE product_sku.meta_key = '_sku' and product_sku.meta_value = 'SQOE-SQ1305SB', modified user: 
2020-08-06T09:45:36+07:00 pid: 18667, has web product json: {"sku":"Dunlop-Platinum-65-Cleaner-Polish"}
2020-08-06T09:45:36+07:00 pid: 19652, has web product json: {"sku":"Dunlop-Platinum-65-Cleaner-Polish"}
2020-08-06T09:45:36+07:00 pid: 19652, query: selected row count = 0, sql: SELECT product.ID FROM ralamusi_2020.`wp_posts` as product LEFT JOIN ralamusi_2020.wp_postmeta as product_sku ON product.ID = product_sku.post_ID WHERE product_sku.meta_key = '_sku' and product_sku.meta_value = 'Dunlop-Platinum-65-Cleaner-Polish', modified user: 
2020-08-06T09:45:36+07:00 pid: 18667, query: selected row count = 0, sql: SELECT product.ID FROM ralamusi_2020.`wp_posts` as product LEFT JOIN ralamusi_2020.wp_postmeta as product_sku ON product.ID = product_sku.post_ID WHERE product_sku.meta_key = '_sku' and product_sku.meta_value = 'Dunlop-Platinum-65-Cleaner-Polish', modified user: 
2020-08-06T09:45:37+07:00 pid: 17835, has web product json: {"sku":"Elixir-Nanoweb-Acoustic-Custom-Light"}
2020-08-06T09:45:37+07:00 pid: 18266, has web product json: {"sku":"Elixir-Nanoweb-Acoustic-Custom-Light"}
2020-08-06T09:45:37+07:00 pid: 17835, query: selected row count = 0, sql: SELECT product.ID FROM ralamusi_2020.`wp_posts` as product LEFT JOIN ralamusi_2020.wp_postmeta as product_sku ON product.ID = product_sku.post_ID WHERE product_sku.meta_key = '_sku' and product_sku.meta_value = 'Elixir-Nanoweb-Acoustic-Custom-Light', modified user: 
2020-08-06T09:45:37+07:00 pid: 18266, query: selected row count = 0, sql: SELECT product.ID FROM ralamusi_2020.`wp_posts` as product LEFT JOIN ralamusi_2020.wp_postmeta as product_sku ON product.ID = product_sku.post_ID WHERE product_sku.meta_key = '_sku' and product_sku.meta_value = 'Elixir-Nanoweb-Acoustic-Custom-Light', modified user: 
2020-08-06T09:45:38+07:00 pid: 18932, has web product json: {"sku":"Nux-B-5RC-Wireless-Guitar-System"}
2020-08-06T09:45:38+07:00 pid: 19139, has web product json: {"sku":"Nux-B-5RC-Wireless-Guitar-System"}
2020-08-06T09:45:38+07:00 pid: 18932, query: selected row count = 0, sql: SELECT product.ID FROM ralamusi_2020.`wp_posts` as product LEFT JOIN ralamusi_2020.wp_postmeta as product_sku ON product.ID = product_sku.post_ID WHERE product_sku.meta_key = '_sku' and product_sku.meta_value = 'Nux-B-5RC-Wireless-Guitar-System', modified user: 
2020-08-06T09:45:38+07:00 pid: 19139, query: selected row count = 0, sql: SELECT product.ID FROM ralamusi_2020.`wp_posts` as product LEFT JOIN ralamusi_2020.wp_postmeta as product_sku ON product.ID = product_sku.post_ID WHERE product_sku.meta_key = '_sku' and product_sku.meta_value = 'Nux-B-5RC-Wireless-Guitar-System', modified user: 
2020-08-06T09:45:39+07:00 pid: 18932, has web product json: {"sku":"Roland-XPS30"}
2020-08-06T09:45:39+07:00 pid: 19139, has web product json: {"sku":"Roland-XPS30"}
2020-08-06T09:45:39+07:00 pid: 18932, query: selected row count = 0, sql: SELECT product.ID FROM ralamusi_2020.`wp_posts` as product LEFT JOIN ralamusi_2020.wp_postmeta as product_sku ON product.ID = product_sku.post_ID WHERE product_sku.meta_key = '_sku' and product_sku.meta_value = 'Roland-XPS30', modified user: 
2020-08-06T09:45:39+07:00 pid: 19139, query: selected row count = 0, sql: SELECT product.ID FROM ralamusi_2020.`wp_posts` as product LEFT JOIN ralamusi_2020.wp_postmeta as product_sku ON product.ID = product_sku.post_ID WHERE product_sku.meta_key = '_sku' and product_sku.meta_value = 'Roland-XPS30', modified user: 
2020-08-06T09:45:39+07:00 pid: 19107, has web product json: {"sku":"Caline-CP33"}
2020-08-06T09:45:39+07:00 pid: 19628, has web product json: {"sku":"Caline-CP33"}
2020-08-06T09:45:39+07:00 pid: 19107, query: selected row count = 0, sql: SELECT product.ID FROM ralamusi_2020.`wp_posts` as product LEFT JOIN ralamusi_2020.wp_postmeta as product_sku ON product.ID = product_sku.post_ID WHERE product_sku.meta_key = '_sku' and product_sku.meta_value = 'Caline-CP33', modified user: 
2020-08-06T09:45:39+07:00 pid: 19628, query: selected row count = 0, sql: SELECT product.ID FROM ralamusi_2020.`wp_posts` as product LEFT JOIN ralamusi_2020.wp_postmeta as product_sku ON product.ID = product_sku.post_ID WHERE product_sku.meta_key = '_sku' and product_sku.meta_value = 'Caline-CP33', modified user: 
2020-08-06T09:45:39+07:00 pid: 19809, has web product json: {"sku":"Paramount-CD60CEM"}
2020-08-06T09:45:39+07:00 pid: 18667, has web product json: {"sku":"Paramount-CD60CEM"}
2020-08-06T09:45:39+07:00 pid: 19809, query: selected row count = 0, sql: SELECT product.ID FROM ralamusi_2020.`wp_posts` as product LEFT JOIN ralamusi_2020.wp_postmeta as product_sku ON product.ID = product_sku.post_ID WHERE product_sku.meta_key = '_sku' and product_sku.meta_value = 'Paramount-CD60CEM', modified user: 
2020-08-06T09:45:39+07:00 pid: 18667, query: selected row count = 0, sql: SELECT product.ID FROM ralamusi_2020.`wp_posts` as product LEFT JOIN ralamusi_2020.wp_postmeta as product_sku ON product.ID = product_sku.post_ID WHERE product_sku.meta_key = '_sku' and product_sku.meta_value = 'Paramount-CD60CEM', modified user: 
2020-08-06T09:45:39+07:00 pid: 19705, has web product json: {"sku":"NUX-DA-30BT"}
2020-08-06T09:45:39+07:00 pid: 18932, has web product json: {"sku":"NUX-DA-30BT"}
2020-08-06T09:45:39+07:00 pid: 19705, query: selected row count = 0, sql: SELECT product.ID FROM ralamusi_2020.`wp_posts` as product LEFT JOIN ralamusi_2020.wp_postmeta as product_sku ON product.ID = product_sku.post_ID WHERE product_sku.meta_key = '_sku' and product_sku.meta_value = 'NUX-DA-30BT', modified user: 
2020-08-06T09:45:39+07:00 pid: 18932, query: selected row count = 0, sql: SELECT product.ID FROM ralamusi_2020.`wp_posts` as product LEFT JOIN ralamusi_2020.wp_postmeta as product_sku ON product.ID = product_sku.post_ID WHERE product_sku.meta_key = '_sku' and product_sku.meta_value = 'NUX-DA-30BT', modified user: 
2020-08-06T09:45:39+07:00 pid: 19646, has web product json: {"sku":"Daddario-Classic-PW-CGTRA-10"}
2020-08-06T09:45:39+07:00 pid: 19646, query: selected row count = 0, sql: SELECT product.ID FROM ralamusi_2020.`wp_posts` as product LEFT JOIN ralamusi_2020.wp_postmeta as product_sku ON product.ID = product_sku.post_ID WHERE product_sku.meta_key = '_sku' and product_sku.meta_value = 'Daddario-Classic-PW-CGTRA-10', modified user: 
2020-08-06T09:45:39+07:00 pid: 19107, has web product json: {"sku":"Daddario-Classic-PW-CGTRA-10"}
2020-08-06T09:45:39+07:00 pid: 19107, query: selected row count = 0, sql: SELECT product.ID FROM ralamusi_2020.`wp_posts` as product LEFT JOIN ralamusi_2020.wp_postmeta as product_sku ON product.ID = product_sku.post_ID WHERE product_sku.meta_key = '_sku' and product_sku.meta_value = 'Daddario-Classic-PW-CGTRA-10', modified user: 
2020-08-06T09:46:11+07:00 pid: 19809, has web product json: {"sku":"Dunlop-Platinum-65-Cleaner-Polish"}
2020-08-06T09:46:11+07:00 pid: 19809, query: selected row count = 0, sql: SELECT product.ID FROM ralamusi_2020.`wp_posts` as product LEFT JOIN ralamusi_2020.wp_postmeta as product_sku ON product.ID = product_sku.post_ID WHERE product_sku.meta_key = '_sku' and product_sku.meta_value = 'Dunlop-Platinum-65-Cleaner-Polish', modified user: 
2020-08-06T10:03:03+07:00 pid: 32096, has web product json: {"sku":"SQOE-SEST230SB-FBC"}
2020-08-06T10:03:03+07:00 pid: 32096, query: selected row count = 0, sql: SELECT product.ID FROM ralamusi_2020.`wp_posts` as product LEFT JOIN ralamusi_2020.wp_postmeta as product_sku ON product.ID = product_sku.post_ID WHERE product_sku.meta_key = '_sku' and product_sku.meta_value = 'SQOE-SEST230SB-FBC', modified user: 
2020-08-06T10:03:03+07:00 pid: 31801, has web product json: {"sku":"SQOE-SEST230SB-FBC"}
2020-08-06T10:03:03+07:00 pid: 31801, query: selected row count = 0, sql: SELECT product.ID FROM ralamusi_2020.`wp_posts` as product LEFT JOIN ralamusi_2020.wp_postmeta as product_sku ON product.ID = product_sku.post_ID WHERE product_sku.meta_key = '_sku' and product_sku.meta_value = 'SQOE-SEST230SB-FBC', modified user: 
2020-08-06T10:03:03+07:00 pid: 31801, has web product json: {"sku":"SQOE-SQ1305SB"}
2020-08-06T10:03:03+07:00 pid: 31801, query: selected row count = 0, sql: SELECT product.ID FROM ralamusi_2020.`wp_posts` as product LEFT JOIN ralamusi_2020.wp_postmeta as product_sku ON product.ID = product_sku.post_ID WHERE product_sku.meta_key = '_sku' and product_sku.meta_value = 'SQOE-SQ1305SB', modified user: 
2020-08-06T10:03:03+07:00 pid: 28173, has web product json: {"sku":"SQOE-SQ1305SB"}
2020-08-06T10:03:03+07:00 pid: 28173, query: selected row count = 0, sql: SELECT product.ID FROM ralamusi_2020.`wp_posts` as product LEFT JOIN ralamusi_2020.wp_postmeta as product_sku ON product.ID = product_sku.post_ID WHERE product_sku.meta_key = '_sku' and product_sku.meta_value = 'SQOE-SQ1305SB', modified user: 
2020-08-06T10:03:04+07:00 pid: 31801, has web product json: {"sku":"Dunlop-Platinum-65-Cleaner-Polish"}
2020-08-06T10:03:04+07:00 pid: 31345, has web product json: {"sku":"Dunlop-Platinum-65-Cleaner-Polish"}
2020-08-06T10:03:04+07:00 pid: 31801, query: selected row count = 0, sql: SELECT product.ID FROM ralamusi_2020.`wp_posts` as product LEFT JOIN ralamusi_2020.wp_postmeta as product_sku ON product.ID = product_sku.post_ID WHERE product_sku.meta_key = '_sku' and product_sku.meta_value = 'Dunlop-Platinum-65-Cleaner-Polish', modified user: 
2020-08-06T10:03:04+07:00 pid: 31345, query: selected row count = 0, sql: SELECT product.ID FROM ralamusi_2020.`wp_posts` as product LEFT JOIN ralamusi_2020.wp_postmeta as product_sku ON product.ID = product_sku.post_ID WHERE product_sku.meta_key = '_sku' and product_sku.meta_value = 'Dunlop-Platinum-65-Cleaner-Polish', modified user: 
2020-08-06T10:03:04+07:00 pid: 31801, has web product json: {"sku":"Elixir-Nanoweb-Acoustic-Custom-Light"}
2020-08-06T10:03:04+07:00 pid: 31801, query: selected row count = 0, sql: SELECT product.ID FROM ralamusi_2020.`wp_posts` as product LEFT JOIN ralamusi_2020.wp_postmeta as product_sku ON product.ID = product_sku.post_ID WHERE product_sku.meta_key = '_sku' and product_sku.meta_value = 'Elixir-Nanoweb-Acoustic-Custom-Light', modified user: 
2020-08-06T10:03:04+07:00 pid: 31345, has web product json: {"sku":"Elixir-Nanoweb-Acoustic-Custom-Light"}
2020-08-06T10:03:04+07:00 pid: 31345, query: selected row count = 0, sql: SELECT product.ID FROM ralamusi_2020.`wp_posts` as product LEFT JOIN ralamusi_2020.wp_postmeta as product_sku ON product.ID = product_sku.post_ID WHERE product_sku.meta_key = '_sku' and product_sku.meta_value = 'Elixir-Nanoweb-Acoustic-Custom-Light', modified user: 
2020-08-06T10:03:04+07:00 pid: 30668, has web product json: {"sku":"Nux-B-5RC-Wireless-Guitar-System"}
2020-08-06T10:03:04+07:00 pid: 30668, query: selected row count = 0, sql: SELECT product.ID FROM ralamusi_2020.`wp_posts` as product LEFT JOIN ralamusi_2020.wp_postmeta as product_sku ON product.ID = product_sku.post_ID WHERE product_sku.meta_key = '_sku' and product_sku.meta_value = 'Nux-B-5RC-Wireless-Guitar-System', modified user: 
2020-08-06T10:03:04+07:00 pid: 30779, has web product json: {"sku":"Nux-B-5RC-Wireless-Guitar-System"}
2020-08-06T10:03:04+07:00 pid: 30779, query: selected row count = 0, sql: SELECT product.ID FROM ralamusi_2020.`wp_posts` as product LEFT JOIN ralamusi_2020.wp_postmeta as product_sku ON product.ID = product_sku.post_ID WHERE product_sku.meta_key = '_sku' and product_sku.meta_value = 'Nux-B-5RC-Wireless-Guitar-System', modified user: 
2020-08-06T10:03:04+07:00 pid: 31345, has web product json: {"sku":"Roland-XPS30"}
2020-08-06T10:03:04+07:00 pid: 31345, query: selected row count = 0, sql: SELECT product.ID FROM ralamusi_2020.`wp_posts` as product LEFT JOIN ralamusi_2020.wp_postmeta as product_sku ON product.ID = product_sku.post_ID WHERE product_sku.meta_key = '_sku' and product_sku.meta_value = 'Roland-XPS30', modified user: 
2020-08-06T10:03:04+07:00 pid: 28173, has web product json: {"sku":"Roland-XPS30"}
2020-08-06T10:03:04+07:00 pid: 28173, query: selected row count = 0, sql: SELECT product.ID FROM ralamusi_2020.`wp_posts` as product LEFT JOIN ralamusi_2020.wp_postmeta as product_sku ON product.ID = product_sku.post_ID WHERE product_sku.meta_key = '_sku' and product_sku.meta_value = 'Roland-XPS30', modified user: 
2020-08-06T10:03:04+07:00 pid: 28173, has web product json: {"sku":"Caline-CP33"}
2020-08-06T10:03:04+07:00 pid: 28173, query: selected row count = 0, sql: SELECT product.ID FROM ralamusi_2020.`wp_posts` as product LEFT JOIN ralamusi_2020.wp_postmeta as product_sku ON product.ID = product_sku.post_ID WHERE product_sku.meta_key = '_sku' and product_sku.meta_value = 'Caline-CP33', modified user: 
2020-08-06T10:03:04+07:00 pid: 32105, has web product json: {"sku":"Caline-CP33"}
2020-08-06T10:03:04+07:00 pid: 32105, query: selected row count = 0, sql: SELECT product.ID FROM ralamusi_2020.`wp_posts` as product LEFT JOIN ralamusi_2020.wp_postmeta as product_sku ON product.ID = product_sku.post_ID WHERE product_sku.meta_key = '_sku' and product_sku.meta_value = 'Caline-CP33', modified user: 
2020-08-06T10:03:05+07:00 pid: 31934, has web product json: {"sku":"Paramount-CD60CEM"}
2020-08-06T10:03:05+07:00 pid: 27207, has web product json: {"sku":"Paramount-CD60CEM"}
2020-08-06T10:03:05+07:00 pid: 31934, query: selected row count = 0, sql: SELECT product.ID FROM ralamusi_2020.`wp_posts` as product LEFT JOIN ralamusi_2020.wp_postmeta as product_sku ON product.ID = product_sku.post_ID WHERE product_sku.meta_key = '_sku' and product_sku.meta_value = 'Paramount-CD60CEM', modified user: 
2020-08-06T10:03:05+07:00 pid: 27207, query: selected row count = 0, sql: SELECT product.ID FROM ralamusi_2020.`wp_posts` as product LEFT JOIN ralamusi_2020.wp_postmeta as product_sku ON product.ID = product_sku.post_ID WHERE product_sku.meta_key = '_sku' and product_sku.meta_value = 'Paramount-CD60CEM', modified user: 
2020-08-06T10:03:05+07:00 pid: 32105, has web product json: {"sku":"NUX-DA-30BT"}
2020-08-06T10:03:05+07:00 pid: 32105, query: selected row count = 0, sql: SELECT product.ID FROM ralamusi_2020.`wp_posts` as product LEFT JOIN ralamusi_2020.wp_postmeta as product_sku ON product.ID = product_sku.post_ID WHERE product_sku.meta_key = '_sku' and product_sku.meta_value = 'NUX-DA-30BT', modified user: 
2020-08-06T10:03:05+07:00 pid: 30789, has web product json: {"sku":"NUX-DA-30BT"}
2020-08-06T10:03:05+07:00 pid: 30789, query: selected row count = 0, sql: SELECT product.ID FROM ralamusi_2020.`wp_posts` as product LEFT JOIN ralamusi_2020.wp_postmeta as product_sku ON product.ID = product_sku.post_ID WHERE product_sku.meta_key = '_sku' and product_sku.meta_value = 'NUX-DA-30BT', modified user: 
2020-08-06T10:03:05+07:00 pid: 32096, has web product json: {"sku":"Daddario-Classic-PW-CGTRA-10"}
2020-08-06T10:03:05+07:00 pid: 32096, query: selected row count = 0, sql: SELECT product.ID FROM ralamusi_2020.`wp_posts` as product LEFT JOIN ralamusi_2020.wp_postmeta as product_sku ON product.ID = product_sku.post_ID WHERE product_sku.meta_key = '_sku' and product_sku.meta_value = 'Daddario-Classic-PW-CGTRA-10', modified user: 
2020-08-06T10:03:05+07:00 pid: 31824, has web product json: {"sku":"Daddario-Classic-PW-CGTRA-10"}
2020-08-06T10:03:05+07:00 pid: 31824, query: selected row count = 0, sql: SELECT product.ID FROM ralamusi_2020.`wp_posts` as product LEFT JOIN ralamusi_2020.wp_postmeta as product_sku ON product.ID = product_sku.post_ID WHERE product_sku.meta_key = '_sku' and product_sku.meta_value = 'Daddario-Classic-PW-CGTRA-10', modified user: 
2020-08-06T13:39:49+07:00 pid: 12668, has web product json: {"sku":"Yamaha-FSX800C-SDB-Sandburst"}
2020-08-06T13:39:49+07:00 pid: 12680, has web product json: {"sku":"Yamaha-FSX800C-SDB-Sandburst"}
2020-08-06T13:39:49+07:00 pid: 12680, query: selected row count = 0, sql: SELECT product.ID FROM ralamusi_2020.`wp_posts` as product LEFT JOIN ralamusi_2020.wp_postmeta as product_sku ON product.ID = product_sku.post_ID WHERE product_sku.meta_key = '_sku' and product_sku.meta_value = 'Yamaha-FSX800C-SDB-Sandburst', modified user: 
2020-08-06T13:39:49+07:00 pid: 12668, query: selected row count = 0, sql: SELECT product.ID FROM ralamusi_2020.`wp_posts` as product LEFT JOIN ralamusi_2020.wp_postmeta as product_sku ON product.ID = product_sku.post_ID WHERE product_sku.meta_key = '_sku' and product_sku.meta_value = 'Yamaha-FSX800C-SDB-Sandburst', modified user: 
2020-08-06T13:39:50+07:00 pid: 12692, has web product json: {"sku":"Daddario-XTABR1152"}
2020-08-06T13:39:50+07:00 pid: 11451, has web product json: {"sku":"Daddario-XTABR1152"}
2020-08-06T13:39:50+07:00 pid: 11451, query: selected row count = 0, sql: SELECT product.ID FROM ralamusi_2020.`wp_posts` as product LEFT JOIN ralamusi_2020.wp_postmeta as product_sku ON product.ID = product_sku.post_ID WHERE product_sku.meta_key = '_sku' and product_sku.meta_value = 'Daddario-XTABR1152', modified user: 
2020-08-06T13:39:50+07:00 pid: 12692, query: selected row count = 0, sql: SELECT product.ID FROM ralamusi_2020.`wp_posts` as product LEFT JOIN ralamusi_2020.wp_postmeta as product_sku ON product.ID = product_sku.post_ID WHERE product_sku.meta_key = '_sku' and product_sku.meta_value = 'Daddario-XTABR1152', modified user: 
2020-08-06T13:39:50+07:00 pid: 12645, has web product json: {"sku":"Martin-MA535T"}
2020-08-06T13:39:50+07:00 pid: 3900, has web product json: {"sku":"Martin-MA535T"}
2020-08-06T13:39:50+07:00 pid: 12645, query success, sql: SELECT product.ID FROM ralamusi_2020.`wp_posts` as product LEFT JOIN ralamusi_2020.wp_postmeta as product_sku ON product.ID = product_sku.post_ID WHERE product_sku.meta_key = '_sku' and product_sku.meta_value = 'Martin-MA535T', modified user: 
2020-08-06T13:39:50+07:00 pid: 3900, query success, sql: SELECT product.ID FROM ralamusi_2020.`wp_posts` as product LEFT JOIN ralamusi_2020.wp_postmeta as product_sku ON product.ID = product_sku.post_ID WHERE product_sku.meta_key = '_sku' and product_sku.meta_value = 'Martin-MA535T', modified user: 
2020-08-06T13:39:50+07:00 pid: 12698, has web product json: {"sku":"Fender-250L"}
2020-08-06T13:39:50+07:00 pid: 12627, has web product json: {"sku":"Fender-250L"}
2020-08-06T13:39:50+07:00 pid: 12698, query: selected row count = 0, sql: SELECT product.ID FROM ralamusi_2020.`wp_posts` as product LEFT JOIN ralamusi_2020.wp_postmeta as product_sku ON product.ID = product_sku.post_ID WHERE product_sku.meta_key = '_sku' and product_sku.meta_value = 'Fender-250L', modified user: 
2020-08-06T13:39:50+07:00 pid: 12627, query: selected row count = 0, sql: SELECT product.ID FROM ralamusi_2020.`wp_posts` as product LEFT JOIN ralamusi_2020.wp_postmeta as product_sku ON product.ID = product_sku.post_ID WHERE product_sku.meta_key = '_sku' and product_sku.meta_value = 'Fender-250L', modified user: 
2020-08-06T13:39:50+07:00 pid: 12033, has web product json: {"sku":"SQOE-SEST230SB-FBC"}
2020-08-06T13:39:50+07:00 pid: 12033, query: selected row count = 0, sql: SELECT product.ID FROM ralamusi_2020.`wp_posts` as product LEFT JOIN ralamusi_2020.wp_postmeta as product_sku ON product.ID = product_sku.post_ID WHERE product_sku.meta_key = '_sku' and product_sku.meta_value = 'SQOE-SEST230SB-FBC', modified user: 
2020-08-06T13:39:50+07:00 pid: 12639, has web product json: {"sku":"SQOE-SEST230SB-FBC"}
2020-08-06T13:39:50+07:00 pid: 12639, query: selected row count = 0, sql: SELECT product.ID FROM ralamusi_2020.`wp_posts` as product LEFT JOIN ralamusi_2020.wp_postmeta as product_sku ON product.ID = product_sku.post_ID WHERE product_sku.meta_key = '_sku' and product_sku.meta_value = 'SQOE-SEST230SB-FBC', modified user: 
2020-08-06T13:39:50+07:00 pid: 11995, has web product json: {"sku":"SQOE-SQ1305SB"}
2020-08-06T13:39:50+07:00 pid: 12698, has web product json: {"sku":"SQOE-SQ1305SB"}
2020-08-06T13:39:50+07:00 pid: 12698, query: selected row count = 0, sql: SELECT product.ID FROM ralamusi_2020.`wp_posts` as product LEFT JOIN ralamusi_2020.wp_postmeta as product_sku ON product.ID = product_sku.post_ID WHERE product_sku.meta_key = '_sku' and product_sku.meta_value = 'SQOE-SQ1305SB', modified user: 
2020-08-06T13:39:50+07:00 pid: 11995, query: selected row count = 0, sql: SELECT product.ID FROM ralamusi_2020.`wp_posts` as product LEFT JOIN ralamusi_2020.wp_postmeta as product_sku ON product.ID = product_sku.post_ID WHERE product_sku.meta_key = '_sku' and product_sku.meta_value = 'SQOE-SQ1305SB', modified user: 
2020-08-06T13:39:51+07:00 pid: 11451, has web product json: {"sku":"Dunlop-Platinum-65-Cleaner-Polish"}
2020-08-06T13:39:51+07:00 pid: 12033, has web product json: {"sku":"Dunlop-Platinum-65-Cleaner-Polish"}
2020-08-06T13:39:51+07:00 pid: 12033, query: selected row count = 0, sql: SELECT product.ID FROM ralamusi_2020.`wp_posts` as product LEFT JOIN ralamusi_2020.wp_postmeta as product_sku ON product.ID = product_sku.post_ID WHERE product_sku.meta_key = '_sku' and product_sku.meta_value = 'Dunlop-Platinum-65-Cleaner-Polish', modified user: 
2020-08-06T13:39:51+07:00 pid: 11451, query: selected row count = 0, sql: SELECT product.ID FROM ralamusi_2020.`wp_posts` as product LEFT JOIN ralamusi_2020.wp_postmeta as product_sku ON product.ID = product_sku.post_ID WHERE product_sku.meta_key = '_sku' and product_sku.meta_value = 'Dunlop-Platinum-65-Cleaner-Polish', modified user: 
2020-08-06T13:39:51+07:00 pid: 12668, has web product json: {"sku":"Elixir-Nanoweb-Acoustic-Custom-Light"}
2020-08-06T13:39:51+07:00 pid: 12375, has web product json: {"sku":"Elixir-Nanoweb-Acoustic-Custom-Light"}
2020-08-06T13:39:51+07:00 pid: 12668, query: selected row count = 0, sql: SELECT product.ID FROM ralamusi_2020.`wp_posts` as product LEFT JOIN ralamusi_2020.wp_postmeta as product_sku ON product.ID = product_sku.post_ID WHERE product_sku.meta_key = '_sku' and product_sku.meta_value = 'Elixir-Nanoweb-Acoustic-Custom-Light', modified user: 
2020-08-06T13:39:51+07:00 pid: 12375, query: selected row count = 0, sql: SELECT product.ID FROM ralamusi_2020.`wp_posts` as product LEFT JOIN ralamusi_2020.wp_postmeta as product_sku ON product.ID = product_sku.post_ID WHERE product_sku.meta_key = '_sku' and product_sku.meta_value = 'Elixir-Nanoweb-Acoustic-Custom-Light', modified user: 
2020-08-06T13:39:51+07:00 pid: 4761, has web product json: {"sku":"Nux-B-5RC-Wireless-Guitar-System"}
2020-08-06T13:39:51+07:00 pid: 12519, has web product json: {"sku":"Nux-B-5RC-Wireless-Guitar-System"}
2020-08-06T13:39:51+07:00 pid: 4761, query: selected row count = 0, sql: SELECT product.ID FROM ralamusi_2020.`wp_posts` as product LEFT JOIN ralamusi_2020.wp_postmeta as product_sku ON product.ID = product_sku.post_ID WHERE product_sku.meta_key = '_sku' and product_sku.meta_value = 'Nux-B-5RC-Wireless-Guitar-System', modified user: 
2020-08-06T13:39:51+07:00 pid: 12519, query: selected row count = 0, sql: SELECT product.ID FROM ralamusi_2020.`wp_posts` as product LEFT JOIN ralamusi_2020.wp_postmeta as product_sku ON product.ID = product_sku.post_ID WHERE product_sku.meta_key = '_sku' and product_sku.meta_value = 'Nux-B-5RC-Wireless-Guitar-System', modified user: 
2020-08-06T13:39:51+07:00 pid: 11908, has web product json: {"sku":"Roland-XPS30"}
2020-08-06T13:39:51+07:00 pid: 12614, has web product json: {"sku":"Roland-XPS30"}
2020-08-06T13:39:51+07:00 pid: 11908, query: selected row count = 0, sql: SELECT product.ID FROM ralamusi_2020.`wp_posts` as product LEFT JOIN ralamusi_2020.wp_postmeta as product_sku ON product.ID = product_sku.post_ID WHERE product_sku.meta_key = '_sku' and product_sku.meta_value = 'Roland-XPS30', modified user: 
2020-08-06T13:39:51+07:00 pid: 12614, query: selected row count = 0, sql: SELECT product.ID FROM ralamusi_2020.`wp_posts` as product LEFT JOIN ralamusi_2020.wp_postmeta as product_sku ON product.ID = product_sku.post_ID WHERE product_sku.meta_key = '_sku' and product_sku.meta_value = 'Roland-XPS30', modified user: 
2020-08-06T13:40:06+07:00 pid: 12627, has web product json: {"sku":"AROMA-AG-03M"}
2020-08-06T13:40:07+07:00 pid: 12627, query: selected row count = 0, sql: SELECT product.ID FROM ralamusi_2020.`wp_posts` as product LEFT JOIN ralamusi_2020.wp_postmeta as product_sku ON product.ID = product_sku.post_ID WHERE product_sku.meta_key = '_sku' and product_sku.meta_value = 'AROMA-AG-03M', modified user: 
2020-08-06T13:40:07+07:00 pid: 12662, has web product json: {"sku":"AROMA-AG-10-FC"}
2020-08-06T13:40:07+07:00 pid: 12662, query: selected row count = 0, sql: SELECT product.ID FROM ralamusi_2020.`wp_posts` as product LEFT JOIN ralamusi_2020.wp_postmeta as product_sku ON product.ID = product_sku.post_ID WHERE product_sku.meta_key = '_sku' and product_sku.meta_value = 'AROMA-AG-10-FC', modified user: 
2020-08-06T13:40:07+07:00 pid: 12627, has web product json: {"sku":"AROMA-AG-10BK-FC"}
2020-08-06T13:40:07+07:00 pid: 12627, query: selected row count = 0, sql: SELECT product.ID FROM ralamusi_2020.`wp_posts` as product LEFT JOIN ralamusi_2020.wp_postmeta as product_sku ON product.ID = product_sku.post_ID WHERE product_sku.meta_key = '_sku' and product_sku.meta_value = 'AROMA-AG-10BK-FC', modified user: 
2020-08-06T13:40:07+07:00 pid: 12698, has web product json: {"sku":"AROMA-AG10"}
2020-08-06T13:40:07+07:00 pid: 12698, query: selected row count = 0, sql: SELECT product.ID FROM ralamusi_2020.`wp_posts` as product LEFT JOIN ralamusi_2020.wp_postmeta as product_sku ON product.ID = product_sku.post_ID WHERE product_sku.meta_key = '_sku' and product_sku.meta_value = 'AROMA-AG10', modified user: 
2020-08-06T13:40:08+07:00 pid: 12668, has web product json: {"sku":"AROMA-AG10A"}
2020-08-06T13:40:08+07:00 pid: 12668, query: selected row count = 0, sql: SELECT product.ID FROM ralamusi_2020.`wp_posts` as product LEFT JOIN ralamusi_2020.wp_postmeta as product_sku ON product.ID = product_sku.post_ID WHERE product_sku.meta_key = '_sku' and product_sku.meta_value = 'AROMA-AG10A', modified user: 
2020-08-06T13:40:09+07:00 pid: 4761, has web product json: {"sku":"AROMA-AG10A-FCS"}
2020-08-06T13:40:09+07:00 pid: 4761, query: selected row count = 0, sql: SELECT product.ID FROM ralamusi_2020.`wp_posts` as product LEFT JOIN ralamusi_2020.wp_postmeta as product_sku ON product.ID = product_sku.post_ID WHERE product_sku.meta_key = '_sku' and product_sku.meta_value = 'AROMA-AG10A-FCS', modified user: 
2020-08-06T13:40:10+07:00 pid: 12633, has web product json: {"sku":"AROMA-AG10BK"}
2020-08-06T13:40:10+07:00 pid: 12633, query: selected row count = 0, sql: SELECT product.ID FROM ralamusi_2020.`wp_posts` as product LEFT JOIN ralamusi_2020.wp_postmeta as product_sku ON product.ID = product_sku.post_ID WHERE product_sku.meta_key = '_sku' and product_sku.meta_value = 'AROMA-AG10BK', modified user: 
2020-08-06T13:40:11+07:00 pid: 12692, has web product json: {"sku":"AROMA-AGS01"}
2020-08-06T13:40:11+07:00 pid: 12692, query: selected row count = 0, sql: SELECT product.ID FROM ralamusi_2020.`wp_posts` as product LEFT JOIN ralamusi_2020.wp_postmeta as product_sku ON product.ID = product_sku.post_ID WHERE product_sku.meta_key = '_sku' and product_sku.meta_value = 'AROMA-AGS01', modified user: 
2020-08-06T13:40:11+07:00 pid: 9421, has web product json: {"sku":"AROMA-AGS03"}
2020-08-06T13:40:11+07:00 pid: 9421, query: selected row count = 0, sql: SELECT product.ID FROM ralamusi_2020.`wp_posts` as product LEFT JOIN ralamusi_2020.wp_postmeta as product_sku ON product.ID = product_sku.post_ID WHERE product_sku.meta_key = '_sku' and product_sku.meta_value = 'AROMA-AGS03', modified user: 
2020-08-06T13:40:11+07:00 pid: 12692, has web product json: {"sku":"Angel-AG588-CEN"}
2020-08-06T13:40:11+07:00 pid: 12692, query: selected row count = 0, sql: SELECT product.ID FROM ralamusi_2020.`wp_posts` as product LEFT JOIN ralamusi_2020.wp_postmeta as product_sku ON product.ID = product_sku.post_ID WHERE product_sku.meta_key = '_sku' and product_sku.meta_value = 'Angel-AG588-CEN', modified user: 
2020-08-06T14:24:38+07:00 pid: 14168, has web product json: {"sku":"Mantic GT-1DCE-BK-S1"}
2020-08-06T14:24:38+07:00 pid: 14168, query: selected row count = 0, sql: SELECT product.ID FROM ralamusi_2020.`wp_posts` as product LEFT JOIN ralamusi_2020.wp_postmeta as product_sku ON product.ID = product_sku.post_ID WHERE product_sku.meta_key = '_sku' and product_sku.meta_value = 'Mantic GT-1DCE-BK-S1', modified user: 
2020-08-06T14:24:38+07:00 pid: 14627, has web product json: {"sku":"Mantic GT-1DCE-N-S1"}
2020-08-06T14:24:38+07:00 pid: 14627, query: selected row count = 0, sql: SELECT product.ID FROM ralamusi_2020.`wp_posts` as product LEFT JOIN ralamusi_2020.wp_postmeta as product_sku ON product.ID = product_sku.post_ID WHERE product_sku.meta_key = '_sku' and product_sku.meta_value = 'Mantic GT-1DCE-N-S1', modified user: 
2020-08-06T14:24:39+07:00 pid: 14341, has web product json: {"sku":"Mantic GT-1DCE-SB-S1"}
2020-08-06T14:24:39+07:00 pid: 14341, query: selected row count = 0, sql: SELECT product.ID FROM ralamusi_2020.`wp_posts` as product LEFT JOIN ralamusi_2020.wp_postmeta as product_sku ON product.ID = product_sku.post_ID WHERE product_sku.meta_key = '_sku' and product_sku.meta_value = 'Mantic GT-1DCE-SB-S1', modified user: 
2020-08-06T14:24:39+07:00 pid: 14168, has web product json: {"sku":"Mantic-GT-1DC-BK"}
2020-08-06T14:24:39+07:00 pid: 14168, query: selected row count = 0, sql: SELECT product.ID FROM ralamusi_2020.`wp_posts` as product LEFT JOIN ralamusi_2020.wp_postmeta as product_sku ON product.ID = product_sku.post_ID WHERE product_sku.meta_key = '_sku' and product_sku.meta_value = 'Mantic-GT-1DC-BK', modified user: 
2020-08-06T14:24:39+07:00 pid: 14364, has web product json: {"sku":"Mantic-GT-1DC-BK-Full-SET"}
2020-08-06T14:24:39+07:00 pid: 14364, query: selected row count = 0, sql: SELECT product.ID FROM ralamusi_2020.`wp_posts` as product LEFT JOIN ralamusi_2020.wp_postmeta as product_sku ON product.ID = product_sku.post_ID WHERE product_sku.meta_key = '_sku' and product_sku.meta_value = 'Mantic-GT-1DC-BK-Full-SET', modified user: 
2020-08-06T14:24:39+07:00 pid: 11789, has web product json: {"sku":"Mantic-GT-1DC-BK-S3"}
2020-08-06T14:24:39+07:00 pid: 11789, query: selected row count = 0, sql: SELECT product.ID FROM ralamusi_2020.`wp_posts` as product LEFT JOIN ralamusi_2020.wp_postmeta as product_sku ON product.ID = product_sku.post_ID WHERE product_sku.meta_key = '_sku' and product_sku.meta_value = 'Mantic-GT-1DC-BK-S3', modified user: 
2020-08-06T14:24:39+07:00 pid: 13911, has web product json: {"sku":"Mantic-GT-1DC-GR"}
2020-08-06T14:24:39+07:00 pid: 13911, query: selected row count = 0, sql: SELECT product.ID FROM ralamusi_2020.`wp_posts` as product LEFT JOIN ralamusi_2020.wp_postmeta as product_sku ON product.ID = product_sku.post_ID WHERE product_sku.meta_key = '_sku' and product_sku.meta_value = 'Mantic-GT-1DC-GR', modified user: 
2020-08-06T14:24:39+07:00 pid: 14364, has web product json: {"sku":"Mantic-GT-1DC-GR-Full-SET"}
2020-08-06T14:24:39+07:00 pid: 14364, query: selected row count = 0, sql: SELECT product.ID FROM ralamusi_2020.`wp_posts` as product LEFT JOIN ralamusi_2020.wp_postmeta as product_sku ON product.ID = product_sku.post_ID WHERE product_sku.meta_key = '_sku' and product_sku.meta_value = 'Mantic-GT-1DC-GR-Full-SET', modified user: 
2020-08-06T14:24:40+07:00 pid: 1265, has web product json: {"sku":"Mantic-GT-1DC-GR-S3"}
2020-08-06T14:24:40+07:00 pid: 1265, query: selected row count = 0, sql: SELECT product.ID FROM ralamusi_2020.`wp_posts` as product LEFT JOIN ralamusi_2020.wp_postmeta as product_sku ON product.ID = product_sku.post_ID WHERE product_sku.meta_key = '_sku' and product_sku.meta_value = 'Mantic-GT-1DC-GR-S3', modified user: 
2020-08-06T14:24:40+07:00 pid: 30808, has web product json: {"sku":"Mantic-GT-1DC-N"}
2020-08-06T14:24:40+07:00 pid: 30808, query: selected row count = 0, sql: SELECT product.ID FROM ralamusi_2020.`wp_posts` as product LEFT JOIN ralamusi_2020.wp_postmeta as product_sku ON product.ID = product_sku.post_ID WHERE product_sku.meta_key = '_sku' and product_sku.meta_value = 'Mantic-GT-1DC-N', modified user: 
2020-08-06T14:24:54+07:00 pid: 14893, has web product json: {"sku":"Daddario-Classic-PW-CGTRA-10"}
2020-08-06T14:24:54+07:00 pid: 14364, has web product json: {"sku":"Mantic-GT-1DC-N-Full-SET"}
2020-08-06T14:24:54+07:00 pid: 14893, query: selected row count = 0, sql: SELECT product.ID FROM ralamusi_2020.`wp_posts` as product LEFT JOIN ralamusi_2020.wp_postmeta as product_sku ON product.ID = product_sku.post_ID WHERE product_sku.meta_key = '_sku' and product_sku.meta_value = 'Daddario-Classic-PW-CGTRA-10', modified user: 
2020-08-06T14:24:54+07:00 pid: 14364, query: selected row count = 0, sql: SELECT product.ID FROM ralamusi_2020.`wp_posts` as product LEFT JOIN ralamusi_2020.wp_postmeta as product_sku ON product.ID = product_sku.post_ID WHERE product_sku.meta_key = '_sku' and product_sku.meta_value = 'Mantic-GT-1DC-N-Full-SET', modified user: 
2020-08-06T14:24:55+07:00 pid: 14893, has web product json: {"sku":"Mantic-GT-1DC-N-S3"}
2020-08-06T14:24:55+07:00 pid: 14865, has web product json: {"sku":"Daddario-Classic-PW-CGTRA-20"}
2020-08-06T14:24:55+07:00 pid: 14865, query success, sql: SELECT product.ID FROM ralamusi_2020.`wp_posts` as product LEFT JOIN ralamusi_2020.wp_postmeta as product_sku ON product.ID = product_sku.post_ID WHERE product_sku.meta_key = '_sku' and product_sku.meta_value = 'Daddario-Classic-PW-CGTRA-20', modified user: 
2020-08-06T14:24:55+07:00 pid: 14893, query: selected row count = 0, sql: SELECT product.ID FROM ralamusi_2020.`wp_posts` as product LEFT JOIN ralamusi_2020.wp_postmeta as product_sku ON product.ID = product_sku.post_ID WHERE product_sku.meta_key = '_sku' and product_sku.meta_value = 'Mantic-GT-1DC-N-S3', modified user: 
2020-08-06T14:24:55+07:00 pid: 14897, has web product json: {"sku":"Daddario-PW-CGT-05"}
2020-08-06T14:24:55+07:00 pid: 14893, has web product json: {"sku":"BOSS-GT-1"}
2020-08-06T14:24:55+07:00 pid: 14897, query: selected row count = 0, sql: SELECT product.ID FROM ralamusi_2020.`wp_posts` as product LEFT JOIN ralamusi_2020.wp_postmeta as product_sku ON product.ID = product_sku.post_ID WHERE product_sku.meta_key = '_sku' and product_sku.meta_value = 'Daddario-PW-CGT-05', modified user: 
2020-08-06T14:24:55+07:00 pid: 14893, query: selected row count = 0, sql: SELECT product.ID FROM ralamusi_2020.`wp_posts` as product LEFT JOIN ralamusi_2020.wp_postmeta as product_sku ON product.ID = product_sku.post_ID WHERE product_sku.meta_key = '_sku' and product_sku.meta_value = 'BOSS-GT-1', modified user: 
2020-08-06T14:24:55+07:00 pid: 14367, has web product json: {"sku":"BOSS-GT-1N"}
2020-08-06T14:24:55+07:00 pid: 14662, has web product json: {"sku":"Daddario-PW-CGT-15"}
2020-08-06T14:24:55+07:00 pid: 14367, query: selected row count = 0, sql: SELECT product.ID FROM ralamusi_2020.`wp_posts` as product LEFT JOIN ralamusi_2020.wp_postmeta as product_sku ON product.ID = product_sku.post_ID WHERE product_sku.meta_key = '_sku' and product_sku.meta_value = 'BOSS-GT-1N', modified user: 
2020-08-06T14:24:55+07:00 pid: 14662, query: selected row count = 0, sql: SELECT product.ID FROM ralamusi_2020.`wp_posts` as product LEFT JOIN ralamusi_2020.wp_postmeta as product_sku ON product.ID = product_sku.post_ID WHERE product_sku.meta_key = '_sku' and product_sku.meta_value = 'Daddario-PW-CGT-15', modified user: 
2020-08-06T14:24:56+07:00 pid: 15020, has web product json: {"sku":"Daddario-Patch-Cable-PW-CGTP-305"}
2020-08-06T14:24:56+07:00 pid: 15020, query: selected row count = 0, sql: SELECT product.ID FROM ralamusi_2020.`wp_posts` as product LEFT JOIN ralamusi_2020.wp_postmeta as product_sku ON product.ID = product_sku.post_ID WHERE product_sku.meta_key = '_sku' and product_sku.meta_value = 'Daddario-Patch-Cable-PW-CGTP-305', modified user: 
2020-08-06T14:24:56+07:00 pid: 14853, has web product json: {"sku":"BOSS-GT1-FPSA230S"}
2020-08-06T14:24:56+07:00 pid: 14853, query: selected row count = 0, sql: SELECT product.ID FROM ralamusi_2020.`wp_posts` as product LEFT JOIN ralamusi_2020.wp_postmeta as product_sku ON product.ID = product_sku.post_ID WHERE product_sku.meta_key = '_sku' and product_sku.meta_value = 'BOSS-GT1-FPSA230S', modified user: 
2020-08-06T14:24:57+07:00 pid: 14853, has web product json: {"sku":"Boss-GT-100"}
2020-08-06T14:24:57+07:00 pid: 14662, has web product json: {"sku":"Fender-GT-100"}
2020-08-06T14:24:57+07:00 pid: 14662, query: selected row count = 0, sql: SELECT product.ID FROM ralamusi_2020.`wp_posts` as product LEFT JOIN ralamusi_2020.wp_postmeta as product_sku ON product.ID = product_sku.post_ID WHERE product_sku.meta_key = '_sku' and product_sku.meta_value = 'Fender-GT-100', modified user: 
2020-08-06T14:24:57+07:00 pid: 14853, query: selected row count = 0, sql: SELECT product.ID FROM ralamusi_2020.`wp_posts` as product LEFT JOIN ralamusi_2020.wp_postmeta as product_sku ON product.ID = product_sku.post_ID WHERE product_sku.meta_key = '_sku' and product_sku.meta_value = 'Boss-GT-100', modified user: 
2020-08-06T14:24:57+07:00 pid: 14662, has web product json: {"sku":"Boss-GT-1000"}
2020-08-06T14:24:57+07:00 pid: 14853, has web product json: {"sku":"Fender-MGT-4-Footswitch"}
2020-08-06T14:24:57+07:00 pid: 14662, query: selected row count = 0, sql: SELECT product.ID FROM ralamusi_2020.`wp_posts` as product LEFT JOIN ralamusi_2020.wp_postmeta as product_sku ON product.ID = product_sku.post_ID WHERE product_sku.meta_key = '_sku' and product_sku.meta_value = 'Boss-GT-1000', modified user: 
2020-08-06T14:24:57+07:00 pid: 14853, query: selected row count = 0, sql: SELECT product.ID FROM ralamusi_2020.`wp_posts` as product LEFT JOIN ralamusi_2020.wp_postmeta as product_sku ON product.ID = product_sku.post_ID WHERE product_sku.meta_key = '_sku' and product_sku.meta_value = 'Fender-MGT-4-Footswitch', modified user: 
2020-08-06T14:24:58+07:00 pid: 14897, has web product json: {"sku":"Boss-GT-1B"}
2020-08-06T14:24:58+07:00 pid: 14897, query: selected row count = 0, sql: SELECT product.ID FROM ralamusi_2020.`wp_posts` as product LEFT JOIN ralamusi_2020.wp_postmeta as product_sku ON product.ID = product_sku.post_ID WHERE product_sku.meta_key = '_sku' and product_sku.meta_value = 'Boss-GT-1B', modified user: 
2020-08-06T14:24:58+07:00 pid: 15077, has web product json: {"sku":"Fender-Mustang-GT-200"}
2020-08-06T14:24:58+07:00 pid: 15077, query: selected row count = 0, sql: SELECT product.ID FROM ralamusi_2020.`wp_posts` as product LEFT JOIN ralamusi_2020.wp_postmeta as product_sku ON product.ID = product_sku.post_ID WHERE product_sku.meta_key = '_sku' and product_sku.meta_value = 'Fender-Mustang-GT-200', modified user: 
2020-08-06T14:24:59+07:00 pid: 14897, has web product json: {"sku":"Daddario-Classic-PW-CGT-10"}
2020-08-06T14:24:59+07:00 pid: 13774, has web product json: {"sku":"Fender-Mustang-GT40"}
2020-08-06T14:24:59+07:00 pid: 13774, query: selected row count = 0, sql: SELECT product.ID FROM ralamusi_2020.`wp_posts` as product LEFT JOIN ralamusi_2020.wp_postmeta as product_sku ON product.ID = product_sku.post_ID WHERE product_sku.meta_key = '_sku' and product_sku.meta_value = 'Fender-Mustang-GT40', modified user: 
2020-08-06T14:24:59+07:00 pid: 14897, query: selected row count = 0, sql: SELECT product.ID FROM ralamusi_2020.`wp_posts` as product LEFT JOIN ralamusi_2020.wp_postmeta as product_sku ON product.ID = product_sku.post_ID WHERE product_sku.meta_key = '_sku' and product_sku.meta_value = 'Daddario-Classic-PW-CGT-10', modified user: 
2020-08-06T14:25:00+07:00 pid: 1265, has web product json: {"sku":"Fender-Mustang-GTX50"}
2020-08-06T14:25:00+07:00 pid: 1265, query: selected row count = 0, sql: SELECT product.ID FROM ralamusi_2020.`wp_posts` as product LEFT JOIN ralamusi_2020.wp_postmeta as product_sku ON product.ID = product_sku.post_ID WHERE product_sku.meta_key = '_sku' and product_sku.meta_value = 'Fender-Mustang-GTX50', modified user: 
2020-08-06T14:25:00+07:00 pid: 14662, has web product json: {"sku":"Daddario-Classic-PW-CGT-20"}
2020-08-06T14:25:00+07:00 pid: 14662, query: selected row count = 0, sql: SELECT product.ID FROM ralamusi_2020.`wp_posts` as product LEFT JOIN ralamusi_2020.wp_postmeta as product_sku ON product.ID = product_sku.post_ID WHERE product_sku.meta_key = '_sku' and product_sku.meta_value = 'Daddario-Classic-PW-CGT-20', modified user: 
2020-08-06T14:25:02+07:00 pid: 15178, has web product json: {"sku":"Fishman-OEM-SON-GT1"}
2020-08-06T14:25:02+07:00 pid: 15178, query: selected row count = 0, sql: SELECT product.ID FROM ralamusi_2020.`wp_posts` as product LEFT JOIN ralamusi_2020.wp_postmeta as product_sku ON product.ID = product_sku.post_ID WHERE product_sku.meta_key = '_sku' and product_sku.meta_value = 'Fishman-OEM-SON-GT1', modified user: 
2020-08-06T14:25:03+07:00 pid: 14581, has web product json: {"sku":"Fishman-OEM-SON-GT4"}
2020-08-06T14:25:03+07:00 pid: 14581, query: selected row count = 0, sql: SELECT product.ID FROM ralamusi_2020.`wp_posts` as product LEFT JOIN ralamusi_2020.wp_postmeta as product_sku ON product.ID = product_sku.post_ID WHERE product_sku.meta_key = '_sku' and product_sku.meta_value = 'Fishman-OEM-SON-GT4', modified user: 
2020-08-06T14:25:03+07:00 pid: 11373, has web product json: {"sku":"Guitar-Bag-DCGT-41-BK"}
2020-08-06T14:25:03+07:00 pid: 11373, query: selected row count = 0, sql: SELECT product.ID FROM ralamusi_2020.`wp_posts` as product LEFT JOIN ralamusi_2020.wp_postmeta as product_sku ON product.ID = product_sku.post_ID WHERE product_sku.meta_key = '_sku' and product_sku.meta_value = 'Guitar-Bag-DCGT-41-BK', modified user: 
2020-08-06T14:25:03+07:00 pid: 14864, has web product json: {"sku":"Guitar-Bag-DCGT-41-CR"}
2020-08-06T14:25:03+07:00 pid: 14864, query: selected row count = 0, sql: SELECT product.ID FROM ralamusi_2020.`wp_posts` as product LEFT JOIN ralamusi_2020.wp_postmeta as product_sku ON product.ID = product_sku.post_ID WHERE product_sku.meta_key = '_sku' and product_sku.meta_value = 'Guitar-Bag-DCGT-41-CR', modified user: 
2020-08-06T14:25:03+07:00 pid: 15178, has web product json: {"sku":"Guitar-Bag-DCGT-41-LB"}
2020-08-06T14:25:03+07:00 pid: 15178, query: selected row count = 0, sql: SELECT product.ID FROM ralamusi_2020.`wp_posts` as product LEFT JOIN ralamusi_2020.wp_postmeta as product_sku ON product.ID = product_sku.post_ID WHERE product_sku.meta_key = '_sku' and product_sku.meta_value = 'Guitar-Bag-DCGT-41-LB', modified user: 
2020-08-06T14:25:04+07:00 pid: 14175, has web product json: {"sku":"Guitar-Bag-DCGT-41-OR"}
2020-08-06T14:25:04+07:00 pid: 14175, query: selected row count = 0, sql: SELECT product.ID FROM ralamusi_2020.`wp_posts` as product LEFT JOIN ralamusi_2020.wp_postmeta as product_sku ON product.ID = product_sku.post_ID WHERE product_sku.meta_key = '_sku' and product_sku.meta_value = 'Guitar-Bag-DCGT-41-OR', modified user: 
2020-08-06T14:25:04+07:00 pid: 15084, has web product json: {"sku":"Guitar-Bag-DCGT-41-PK"}
2020-08-06T14:25:04+07:00 pid: 15084, query: selected row count = 0, sql: SELECT product.ID FROM ralamusi_2020.`wp_posts` as product LEFT JOIN ralamusi_2020.wp_postmeta as product_sku ON product.ID = product_sku.post_ID WHERE product_sku.meta_key = '_sku' and product_sku.meta_value = 'Guitar-Bag-DCGT-41-PK', modified user: 
2020-08-06T14:25:04+07:00 pid: 979, has web product json: {"sku":"Kazuki-41DC"}
2020-08-06T14:25:04+07:00 pid: 979, query: selected row count = 0, sql: SELECT product.ID FROM ralamusi_2020.`wp_posts` as product LEFT JOIN ralamusi_2020.wp_postmeta as product_sku ON product.ID = product_sku.post_ID WHERE product_sku.meta_key = '_sku' and product_sku.meta_value = 'Kazuki-41DC', modified user: 
2020-08-06T14:25:05+07:00 pid: 15024, has web product json: {"sku":"Kazuki-41DCE"}
2020-08-06T14:25:05+07:00 pid: 15024, query: selected row count = 0, sql: SELECT product.ID FROM ralamusi_2020.`wp_posts` as product LEFT JOIN ralamusi_2020.wp_postmeta as product_sku ON product.ID = product_sku.post_ID WHERE product_sku.meta_key = '_sku' and product_sku.meta_value = 'Kazuki-41DCE', modified user: 
2020-08-06T14:25:05+07:00 pid: 15085, has web product json: {"sku":"Kazuki-41DCMG"}
2020-08-06T14:25:05+07:00 pid: 15085, query: selected row count = 0, sql: SELECT product.ID FROM ralamusi_2020.`wp_posts` as product LEFT JOIN ralamusi_2020.wp_postmeta as product_sku ON product.ID = product_sku.post_ID WHERE product_sku.meta_key = '_sku' and product_sku.meta_value = 'Kazuki-41DCMG', modified user: 
2020-08-06T14:25:38+07:00 pid: 14168, has web product json: {"sku":"Mantic-MG-1C-BK"}
2020-08-06T14:25:38+07:00 pid: 14168, query: selected row count = 0, sql: SELECT product.ID FROM ralamusi_2020.`wp_posts` as product LEFT JOIN ralamusi_2020.wp_postmeta as product_sku ON product.ID = product_sku.post_ID WHERE product_sku.meta_key = '_sku' and product_sku.meta_value = 'Mantic-MG-1C-BK', modified user: 
2020-08-06T14:25:39+07:00 pid: 14709, has web product json: {"sku":"Mantic-MG-1C-BK-Set-A"}
2020-08-06T14:25:39+07:00 pid: 14709, query: selected row count = 0, sql: SELECT product.ID FROM ralamusi_2020.`wp_posts` as product LEFT JOIN ralamusi_2020.wp_postmeta as product_sku ON product.ID = product_sku.post_ID WHERE product_sku.meta_key = '_sku' and product_sku.meta_value = 'Mantic-MG-1C-BK-Set-A', modified user: 
2020-08-06T14:25:39+07:00 pid: 14992, has web product json: {"sku":"Mantic-MG-1C-SB"}
2020-08-06T14:25:39+07:00 pid: 14992, query: selected row count = 0, sql: SELECT product.ID FROM ralamusi_2020.`wp_posts` as product LEFT JOIN ralamusi_2020.wp_postmeta as product_sku ON product.ID = product_sku.post_ID WHERE product_sku.meta_key = '_sku' and product_sku.meta_value = 'Mantic-MG-1C-SB', modified user: 
2020-08-06T14:25:39+07:00 pid: 13962, has web product json: {"sku":"Mantic-MG-1C-SB-Set-A"}
2020-08-06T14:25:39+07:00 pid: 13962, query: selected row count = 0, sql: SELECT product.ID FROM ralamusi_2020.`wp_posts` as product LEFT JOIN ralamusi_2020.wp_postmeta as product_sku ON product.ID = product_sku.post_ID WHERE product_sku.meta_key = '_sku' and product_sku.meta_value = 'Mantic-MG-1C-SB-Set-A', modified user: 
2020-08-06T14:25:40+07:00 pid: 14895, has web product json: {"sku":"Mantic-MG-1CEN"}
2020-08-06T14:25:40+07:00 pid: 14895, query: selected row count = 0, sql: SELECT product.ID FROM ralamusi_2020.`wp_posts` as product LEFT JOIN ralamusi_2020.wp_postmeta as product_sku ON product.ID = product_sku.post_ID WHERE product_sku.meta_key = '_sku' and product_sku.meta_value = 'Mantic-MG-1CEN', modified user: 
2020-08-06T14:25:40+07:00 pid: 14895, has web product json: {"sku":"Mantic-MG-1CEN-S1"}
2020-08-06T14:25:40+07:00 pid: 14895, query: selected row count = 0, sql: SELECT product.ID FROM ralamusi_2020.`wp_posts` as product LEFT JOIN ralamusi_2020.wp_postmeta as product_sku ON product.ID = product_sku.post_ID WHERE product_sku.meta_key = '_sku' and product_sku.meta_value = 'Mantic-MG-1CEN-S1', modified user: 
2020-08-06T14:25:40+07:00 pid: 14899, has web product json: {"sku":"Arborea-HRMG12"}
2020-08-06T14:25:40+07:00 pid: 14899, query: selected row count = 0, sql: SELECT product.ID FROM ralamusi_2020.`wp_posts` as product LEFT JOIN ralamusi_2020.wp_postmeta as product_sku ON product.ID = product_sku.post_ID WHERE product_sku.meta_key = '_sku' and product_sku.meta_value = 'Arborea-HRMG12', modified user: 
2020-08-06T14:25:40+07:00 pid: 14895, has web product json: {"sku":"Arborea-HRMG14"}
2020-08-06T14:25:40+07:00 pid: 14895, query: selected row count = 0, sql: SELECT product.ID FROM ralamusi_2020.`wp_posts` as product LEFT JOIN ralamusi_2020.wp_postmeta as product_sku ON product.ID = product_sku.post_ID WHERE product_sku.meta_key = '_sku' and product_sku.meta_value = 'Arborea-HRMG14', modified user: 
2020-08-06T14:25:40+07:00 pid: 15067, has web product json: {"sku":"Arborea-HRMG16"}
2020-08-06T14:25:40+07:00 pid: 15067, query: selected row count = 0, sql: SELECT product.ID FROM ralamusi_2020.`wp_posts` as product LEFT JOIN ralamusi_2020.wp_postmeta as product_sku ON product.ID = product_sku.post_ID WHERE product_sku.meta_key = '_sku' and product_sku.meta_value = 'Arborea-HRMG16', modified user: 
2020-08-06T14:25:40+07:00 pid: 15108, has web product json: {"sku":"Arborea-HRMG18"}
2020-08-06T14:25:40+07:00 pid: 15108, query: selected row count = 0, sql: SELECT product.ID FROM ralamusi_2020.`wp_posts` as product LEFT JOIN ralamusi_2020.wp_postmeta as product_sku ON product.ID = product_sku.post_ID WHERE product_sku.meta_key = '_sku' and product_sku.meta_value = 'Arborea-HRMG18', modified user: 
2020-08-06T14:25:53+07:00 pid: 15031, has web product json: {"sku":"Mantic LXA-1CEBK"}
2020-08-06T14:25:53+07:00 pid: 15031, query: selected row count = 0, sql: SELECT product.ID FROM ralamusi_2020.`wp_posts` as product LEFT JOIN ralamusi_2020.wp_postmeta as product_sku ON product.ID = product_sku.post_ID WHERE product_sku.meta_key = '_sku' and product_sku.meta_value = 'Mantic LXA-1CEBK', modified user: 
2020-08-06T14:25:53+07:00 pid: 12420, has web product json: {"sku":"Mantic LXA-1CEN"}
2020-08-06T14:25:53+07:00 pid: 12420, query: selected row count = 0, sql: SELECT product.ID FROM ralamusi_2020.`wp_posts` as product LEFT JOIN ralamusi_2020.wp_postmeta as product_sku ON product.ID = product_sku.post_ID WHERE product_sku.meta_key = '_sku' and product_sku.meta_value = 'Mantic LXA-1CEN', modified user: 
2020-08-06T14:25:53+07:00 pid: 15180, has web product json: {"sku":"Mantic-LXA-1CBK"}
2020-08-06T14:25:53+07:00 pid: 15180, query: selected row count = 0, sql: SELECT product.ID FROM ralamusi_2020.`wp_posts` as product LEFT JOIN ralamusi_2020.wp_postmeta as product_sku ON product.ID = product_sku.post_ID WHERE product_sku.meta_key = '_sku' and product_sku.meta_value = 'Mantic-LXA-1CBK', modified user: 
2020-08-06T14:25:53+07:00 pid: 15508, has web product json: {"sku":"Mantic-LXA-1CN"}
2020-08-06T14:25:53+07:00 pid: 15508, query: selected row count = 0, sql: SELECT product.ID FROM ralamusi_2020.`wp_posts` as product LEFT JOIN ralamusi_2020.wp_postmeta as product_sku ON product.ID = product_sku.post_ID WHERE product_sku.meta_key = '_sku' and product_sku.meta_value = 'Mantic-LXA-1CN', modified user: 
2020-08-06T14:25:53+07:00 pid: 14899, has web product json: {"sku":"Mantic-LXA-1CSB"}
2020-08-06T14:25:53+07:00 pid: 14899, query: selected row count = 0, sql: SELECT product.ID FROM ralamusi_2020.`wp_posts` as product LEFT JOIN ralamusi_2020.wp_postmeta as product_sku ON product.ID = product_sku.post_ID WHERE product_sku.meta_key = '_sku' and product_sku.meta_value = 'Mantic-LXA-1CSB', modified user: 
2020-08-06T14:25:54+07:00 pid: 15519, has web product json: {"sku":"Daddario-1CWH2-10B6"}
2020-08-06T14:25:54+07:00 pid: 15519, query: selected row count = 0, sql: SELECT product.ID FROM ralamusi_2020.`wp_posts` as product LEFT JOIN ralamusi_2020.wp_postmeta as product_sku ON product.ID = product_sku.post_ID WHERE product_sku.meta_key = '_sku' and product_sku.meta_value = 'Daddario-1CWH2-10B6', modified user: 
2020-08-06T14:25:54+07:00 pid: 14614, has web product json: {"sku":"Daddario-The-Beatles-Pick-Box-1CAB4-15BT2"}
2020-08-06T14:25:54+07:00 pid: 14614, query: selected row count = 0, sql: SELECT product.ID FROM ralamusi_2020.`wp_posts` as product LEFT JOIN ralamusi_2020.wp_postmeta as product_sku ON product.ID = product_sku.post_ID WHERE product_sku.meta_key = '_sku' and product_sku.meta_value = 'Daddario-The-Beatles-Pick-Box-1CAB4-15BT2', modified user: 
2020-08-06T14:25:54+07:00 pid: 12420, has web product json: {"sku":"Fantasia-JM-01CBK"}
2020-08-06T14:25:54+07:00 pid: 12420, query: selected row count = 0, sql: SELECT product.ID FROM ralamusi_2020.`wp_posts` as product LEFT JOIN ralamusi_2020.wp_postmeta as product_sku ON product.ID = product_sku.post_ID WHERE product_sku.meta_key = '_sku' and product_sku.meta_value = 'Fantasia-JM-01CBK', modified user: 
2020-08-06T14:25:54+07:00 pid: 14709, has web product json: {"sku":"Fantasia-JM-01CBLS"}
2020-08-06T14:25:54+07:00 pid: 14709, query: selected row count = 0, sql: SELECT product.ID FROM ralamusi_2020.`wp_posts` as product LEFT JOIN ralamusi_2020.wp_postmeta as product_sku ON product.ID = product_sku.post_ID WHERE product_sku.meta_key = '_sku' and product_sku.meta_value = 'Fantasia-JM-01CBLS', modified user: 
2020-08-06T14:25:54+07:00 pid: 15077, has web product json: {"sku":"Fantasia-JM-01CN"}
2020-08-06T14:25:54+07:00 pid: 15077, query: selected row count = 0, sql: SELECT product.ID FROM ralamusi_2020.`wp_posts` as product LEFT JOIN ralamusi_2020.wp_postmeta as product_sku ON product.ID = product_sku.post_ID WHERE product_sku.meta_key = '_sku' and product_sku.meta_value = 'Fantasia-JM-01CN', modified user: 
2020-08-06T14:26:00+07:00 pid: 9157, has web product json: {"sku":"JBP1601C-BK"}
2020-08-06T14:26:00+07:00 pid: 9157, query: selected row count = 0, sql: SELECT product.ID FROM ralamusi_2020.`wp_posts` as product LEFT JOIN ralamusi_2020.wp_postmeta as product_sku ON product.ID = product_sku.post_ID WHERE product_sku.meta_key = '_sku' and product_sku.meta_value = 'JBP1601C-BK', modified user: 
2020-08-06T14:26:00+07:00 pid: 15031, has web product json: {"sku":"Kazuki-DLKZ41CBK"}
2020-08-06T14:26:00+07:00 pid: 15031, query: selected row count = 0, sql: SELECT product.ID FROM ralamusi_2020.`wp_posts` as product LEFT JOIN ralamusi_2020.wp_postmeta as product_sku ON product.ID = product_sku.post_ID WHERE product_sku.meta_key = '_sku' and product_sku.meta_value = 'Kazuki-DLKZ41CBK', modified user: 
2020-08-06T14:26:00+07:00 pid: 14168, has web product json: {"sku":"Kazuki-DLKZ41CBK-S1"}
2020-08-06T14:26:00+07:00 pid: 14168, query success, sql: SELECT product.ID FROM ralamusi_2020.`wp_posts` as product LEFT JOIN ralamusi_2020.wp_postmeta as product_sku ON product.ID = product_sku.post_ID WHERE product_sku.meta_key = '_sku' and product_sku.meta_value = 'Kazuki-DLKZ41CBK-S1', modified user: 
2020-08-06T14:26:00+07:00 pid: 15198, has web product json: {"sku":"Kazuki-DLKZ41CE-BK-S1"}
2020-08-06T14:26:00+07:00 pid: 15198, query: selected row count = 0, sql: SELECT product.ID FROM ralamusi_2020.`wp_posts` as product LEFT JOIN ralamusi_2020.wp_postmeta as product_sku ON product.ID = product_sku.post_ID WHERE product_sku.meta_key = '_sku' and product_sku.meta_value = 'Kazuki-DLKZ41CE-BK-S1', modified user: 
2020-08-06T14:26:00+07:00 pid: 15067, has web product json: {"sku":"Kazuki-DLKZ41CE-BK-S4"}
2020-08-06T14:26:00+07:00 pid: 15067, query: selected row count = 0, sql: SELECT product.ID FROM ralamusi_2020.`wp_posts` as product LEFT JOIN ralamusi_2020.wp_postmeta as product_sku ON product.ID = product_sku.post_ID WHERE product_sku.meta_key = '_sku' and product_sku.meta_value = 'Kazuki-DLKZ41CE-BK-S4', modified user: 
2020-08-06T14:26:01+07:00 pid: 15198, has web product json: {"sku":"Kazuki-DLKZ41CE-N"}
2020-08-06T14:26:01+07:00 pid: 15198, query: selected row count = 0, sql: SELECT product.ID FROM ralamusi_2020.`wp_posts` as product LEFT JOIN ralamusi_2020.wp_postmeta as product_sku ON product.ID = product_sku.post_ID WHERE product_sku.meta_key = '_sku' and product_sku.meta_value = 'Kazuki-DLKZ41CE-N', modified user: 
2020-08-06T14:26:01+07:00 pid: 12420, has web product json: {"sku":"Kazuki-DLKZ41CE-N-S1"}
2020-08-06T14:26:01+07:00 pid: 12420, query: selected row count = 0, sql: SELECT product.ID FROM ralamusi_2020.`wp_posts` as product LEFT JOIN ralamusi_2020.wp_postmeta as product_sku ON product.ID = product_sku.post_ID WHERE product_sku.meta_key = '_sku' and product_sku.meta_value = 'Kazuki-DLKZ41CE-N-S1', modified user: 
2020-08-06T14:26:01+07:00 pid: 9157, has web product json: {"sku":"Kazuki-DLKZ41CE-N-S4"}
2020-08-06T14:26:01+07:00 pid: 9157, query: selected row count = 0, sql: SELECT product.ID FROM ralamusi_2020.`wp_posts` as product LEFT JOIN ralamusi_2020.wp_postmeta as product_sku ON product.ID = product_sku.post_ID WHERE product_sku.meta_key = '_sku' and product_sku.meta_value = 'Kazuki-DLKZ41CE-N-S4', modified user: 
2020-08-06T14:26:01+07:00 pid: 15474, has web product json: {"sku":"Kazuki-DLKZ41CN"}
2020-08-06T14:26:01+07:00 pid: 15474, query: selected row count = 0, sql: SELECT product.ID FROM ralamusi_2020.`wp_posts` as product LEFT JOIN ralamusi_2020.wp_postmeta as product_sku ON product.ID = product_sku.post_ID WHERE product_sku.meta_key = '_sku' and product_sku.meta_value = 'Kazuki-DLKZ41CN', modified user: 
2020-08-06T14:26:01+07:00 pid: 15077, has web product json: {"sku":"Kazuki-DLKZ41CN-S1"}
2020-08-06T14:26:01+07:00 pid: 15077, query success, sql: SELECT product.ID FROM ralamusi_2020.`wp_posts` as product LEFT JOIN ralamusi_2020.wp_postmeta as product_sku ON product.ID = product_sku.post_ID WHERE product_sku.meta_key = '_sku' and product_sku.meta_value = 'Kazuki-DLKZ41CN-S1', modified user: 
2020-08-06T16:17:11+07:00 pid: 30305, has web product json: {"sku":"IK-Multimedia-iRig-Mic-Studio-BK"}
2020-08-06T16:17:11+07:00 pid: 30305, query: selected row count = 0, sql: SELECT product.ID FROM ralamusi_2020.`wp_posts` as product LEFT JOIN ralamusi_2020.wp_postmeta as product_sku ON product.ID = product_sku.post_ID WHERE product_sku.meta_key = '_sku' and product_sku.meta_value = 'IK-Multimedia-iRig-Mic-Studio-BK', modified user: 
2020-08-06T16:17:11+07:00 pid: 30929, has web product json: {"sku":"Blue-Microphones-Yeti-Studio-Blackout"}
2020-08-06T16:17:11+07:00 pid: 30929, query: selected row count = 0, sql: SELECT product.ID FROM ralamusi_2020.`wp_posts` as product LEFT JOIN ralamusi_2020.wp_postmeta as product_sku ON product.ID = product_sku.post_ID WHERE product_sku.meta_key = '_sku' and product_sku.meta_value = 'Blue-Microphones-Yeti-Studio-Blackout', modified user: 
2020-08-06T16:17:12+07:00 pid: 30935, has web product json: {"sku":"Beyerdynamic-DT-770-Pro-250Ohm"}
2020-08-06T16:17:12+07:00 pid: 30935, query: selected row count = 0, sql: SELECT product.ID FROM ralamusi_2020.`wp_posts` as product LEFT JOIN ralamusi_2020.wp_postmeta as product_sku ON product.ID = product_sku.post_ID WHERE product_sku.meta_key = '_sku' and product_sku.meta_value = 'Beyerdynamic-DT-770-Pro-250Ohm', modified user: 
2020-08-06T16:17:12+07:00 pid: 30163, has web product json: {"sku":"Studiomaster-CM50"}
2020-08-06T16:17:12+07:00 pid: 30163, query: selected row count = 0, sql: SELECT product.ID FROM ralamusi_2020.`wp_posts` as product LEFT JOIN ralamusi_2020.wp_postmeta as product_sku ON product.ID = product_sku.post_ID WHERE product_sku.meta_key = '_sku' and product_sku.meta_value = 'Studiomaster-CM50', modified user: 
2020-08-06T16:17:12+07:00 pid: 30163, has web product json: {"sku":"Studiomaster-CM51"}
2020-08-06T16:17:12+07:00 pid: 30163, query: selected row count = 0, sql: SELECT product.ID FROM ralamusi_2020.`wp_posts` as product LEFT JOIN ralamusi_2020.wp_postmeta as product_sku ON product.ID = product_sku.post_ID WHERE product_sku.meta_key = '_sku' and product_sku.meta_value = 'Studiomaster-CM51', modified user: 
2020-08-06T16:17:12+07:00 pid: 30935, has web product json: {"sku":"EBS-MicroBass-3"}
2020-08-06T16:17:12+07:00 pid: 30935, query: selected row count = 0, sql: SELECT product.ID FROM ralamusi_2020.`wp_posts` as product LEFT JOIN ralamusi_2020.wp_postmeta as product_sku ON product.ID = product_sku.post_ID WHERE product_sku.meta_key = '_sku' and product_sku.meta_value = 'EBS-MicroBass-3', modified user: 
2020-08-06T16:17:13+07:00 pid: 30163, has web product json: {"sku":"Epiphone-LP-Studio-LT-CS"}
2020-08-06T16:17:13+07:00 pid: 30163, query: selected row count = 0, sql: SELECT product.ID FROM ralamusi_2020.`wp_posts` as product LEFT JOIN ralamusi_2020.wp_postmeta as product_sku ON product.ID = product_sku.post_ID WHERE product_sku.meta_key = '_sku' and product_sku.meta_value = 'Epiphone-LP-Studio-LT-CS', modified user: 
2020-08-06T16:17:14+07:00 pid: 30149, has web product json: {"sku":"Epiphone-LP-Studio-LT-EB"}
2020-08-06T16:17:14+07:00 pid: 30149, query: selected row count = 0, sql: SELECT product.ID FROM ralamusi_2020.`wp_posts` as product LEFT JOIN ralamusi_2020.wp_postmeta as product_sku ON product.ID = product_sku.post_ID WHERE product_sku.meta_key = '_sku' and product_sku.meta_value = 'Epiphone-LP-Studio-LT-EB', modified user: 
2020-08-06T16:17:15+07:00 pid: 30987, has web product json: {"sku":"Epiphone-LP-Studio-LT-SB"}
2020-08-06T16:17:15+07:00 pid: 30987, query: selected row count = 0, sql: SELECT product.ID FROM ralamusi_2020.`wp_posts` as product LEFT JOIN ralamusi_2020.wp_postmeta as product_sku ON product.ID = product_sku.post_ID WHERE product_sku.meta_key = '_sku' and product_sku.meta_value = 'Epiphone-LP-Studio-LT-SB', modified user: 
2020-08-06T16:17:17+07:00 pid: 30757, has web product json: {"sku":"Epiphone-LP-Studio-LT-WLV"}
2020-08-06T16:17:17+07:00 pid: 30757, query: selected row count = 0, sql: SELECT product.ID FROM ralamusi_2020.`wp_posts` as product LEFT JOIN ralamusi_2020.wp_postmeta as product_sku ON product.ID = product_sku.post_ID WHERE product_sku.meta_key = '_sku' and product_sku.meta_value = 'Epiphone-LP-Studio-LT-WLV', modified user: 
2020-08-06T16:17:19+07:00 pid: 31049, has web product json: {"sku":"IK-Multimedia-iRig-Mic-Studio-BK"}
2020-08-06T16:17:19+07:00 pid: 31049, query: selected row count = 0, sql: SELECT product.ID FROM ralamusi_2020.`wp_posts` as product LEFT JOIN ralamusi_2020.wp_postmeta as product_sku ON product.ID = product_sku.post_ID WHERE product_sku.meta_key = '_sku' and product_sku.meta_value = 'IK-Multimedia-iRig-Mic-Studio-BK', modified user: 
2020-08-06T17:09:16+07:00 pid: 32398, has web product json: {"sku":"Carlsbro-CY12D-ST"}
2020-08-06T17:09:16+07:00 pid: 32398, query: selected row count = 0, sql: SELECT product.ID FROM ralamusi_2020.`wp_posts` as product LEFT JOIN ralamusi_2020.wp_postmeta as product_sku ON product.ID = product_sku.post_ID WHERE product_sku.meta_key = '_sku' and product_sku.meta_value = 'Carlsbro-CY12D-ST', modified user: 
2020-08-06T10:09:18+00:00 pid: 31968, file: SAIMWordPressProductInsert.php, user: 
2020-08-06T10:09:18+00:00 
pid: 31968, post json: {"lazadaProduct":{"PrimaryCategory":"4401","name":"Carlsbro  \/   12   CSD210, CSD230, CSD500  CY12D-ST + ","name_en":"","short_description":"<ul>\r\t<li> Carlsbro  CSD210, CSD230, CSD500<\/li>\r\t<li> 12 ,  Dual Zone + Choke<\/li>\r\t<li> <\/li>\r\t<li> 1 <\/li>\r<\/ul>","short_description_en":"","video":"","brand":"Carlsbro","SellerSku":"Carlsbro-CY12D-ST","quantity":"5","price":"3200.00","special_price":"2590.00","package_weight":"0.8","package_length":"20","package_width":"6","package_height":"16","MainImage":"https:\/\/th-live.slatic.net\/original\/7acf0d88f5755007eb676f5a599b6cb1.jpg","Image2":"https:\/\/th-live.slatic.net\/original\/5519d00e5de8aa48ebd5d85b2c9a4c5f.jpg","Image3":"https:\/\/th-live.slatic.net\/original\/584a8722dc5b6f3aceb45502956e0f85.jpg","Image4":"https:\/\/th-live.slatic.net\/original\/25870f2caab492c378a8ad320858fa88.jpg","Image5":"","Image6":"","Image7":"","Image8":"","Status":"active"},"product":[{"ProductID":"6","Name":"Carlsbro  \/   12   CSD210, CSD230, CSD500  CY12D-ST + ","Description":"<p><strong>Carlsbro  Headphone   DCN2 ()<\/strong><\/p>\r
\r
<p><strong><\/strong><br\/>\r
-  <br\/>\r
-  <br\/>\r
-  <br\/>\r
- <br\/>\r
- <br\/>\r
- :98dB+\/-3dB,<br\/>\r
- :15Hz-22kHz<br\/>\r
- :400mW<br\/>\r
- :32ohm<\/p>","ShortDescriptionEn":"","PrimaryCategory":"4401","Brand":"Carlsbro","Sku":"Carlsbro-CY12D-ST","Quantity":"5","SpecialPrice":"2590","Price":"3200","Cost":"0","Remark":"","Video":"","MainImage":"https:\/\/th-live.slatic.net\/original\/7acf0d88f5755007eb676f5a599b6cb1.jpg","Image2":"https:\/\/th-live.slatic.net\/original\/5519d00e5de8aa48ebd5d85b2c9a4c5f.jpg","Image3":"https:\/\/th-live.slatic.net\/original\/584a8722dc5b6f3aceb45502956e0f85.jpg","Image4":"https:\/\/th-live.slatic.net\/original\/25870f2caab492c378a8ad320858fa88.jpg","Image5":"","Image6":"","Image7":"","Image8":"","PackageWeight":"0.8","PackageWidth":"6","PackageHeight":"16","PackageLength":"20","Status":"active","ModifiedUser":"bot","ModifiedDate":"2020-08-06 17:09:09"}]}
2020-08-06T10:09:18+00:00 pid: 31968, set auto commit to off
2020-08-06T10:09:18+00:00 pid: 31968, wordpress post:{"post_author":253,"post_content":"<ul>\r\t<li>\u0e41\u0e1b\u0e49\u0e19\u0e41\u0e09\u0e2a\u0e33\u0e2b\u0e23\u0e31\u0e1a\u0e01\u0e25\u0e2d\u0e07\u0e0a\u0e38\u0e14\u0e44\u0e1f\u0e1f\u0e49\u0e32 Carlsbro \u0e23\u0e38\u0e48\u0e19 CSD210, CSD230, CSD500<\/li>\r\t<li>\u0e02\u0e19\u0e32\u0e14 12 \u0e19\u0e34\u0e49\u0e27, \u0e23\u0e2d\u0e07\u0e23\u0e31\u0e1a Dual Zone + Choke<\/li>\r\t<li>\u0e1e\u0e23\u0e49\u0e2d\u0e21\u0e02\u0e32\u0e08\u0e31\u0e1a\u0e1a\u0e39\u0e21\u0e41\u0e25\u0e30\u0e41\u0e04\u0e25\u0e1b\u0e4c\u0e15\u0e34\u0e14\u0e15\u0e31\u0e49\u0e07\u0e40\u0e02\u0e49\u0e32\u0e01\u0e31\u0e1a\u0e02\u0e32\u0e15\u0e31\u0e49\u0e07 \u0e41\u0e25\u0e30\u0e2a\u0e32\u0e22\u0e2a\u0e31\u0e0d\u0e0d\u0e32\u0e13\u0e15\u0e48\u0e2d\u0e40\u0e02\u0e49\u0e32\u0e01\u0e31\u0e1a\u0e42\u0e21\u0e14\u0e39\u0e25<\/li>\r\t<li>\u0e1b\u0e23\u0e30\u0e01\u0e31\u0e19\u0e0a\u0e34\u0e49\u0e19\u0e2a\u0e48\u0e27\u0e19 1 \u0e1b\u0e35<\/li>\r<\/ul>","post_status":"publish","post_title":"Carlsbro \u0e41\u0e1b\u0e49\u0e19\u0e41\u0e09 \/ \u0e41\u0e1b\u0e49\u0e19\u0e09\u0e32\u0e1a \u0e02\u0e19\u0e32\u0e14 12 \u0e19\u0e34\u0e49\u0e27 \u0e2a\u0e33\u0e2b\u0e23\u0e31\u0e1a CSD210, CSD230, CSD500 \u0e23\u0e38\u0e48\u0e19 CY12D-ST + \u0e2d\u0e38\u0e1b\u0e01\u0e23\u0e13\u0e4c\u0e22\u0e36\u0e14\u0e08\u0e31\u0e1a\u0e41\u0e25\u0e30\u0e2a\u0e32\u0e22\u0e2a\u0e31\u0e0d\u0e0d\u0e32\u0e13","post_parent":"","post_type":"product","post_name":"Carlsbro-CY12D-ST"}
2020-08-06T10:09:37+00:00 pid: 31968, query commit, file: SAIMWordPressProductInsert.php
2020-08-06T23:10:22+07:00 pid: 18176, has web product json: {"sku":"Lirevo-FB-G10"}
2020-08-06T23:10:22+07:00 pid: 18176, query: selected row count = 0, sql: SELECT product.ID FROM ralamusi_2020.`wp_posts` as product LEFT JOIN ralamusi_2020.wp_postmeta as product_sku ON product.ID = product_sku.post_ID WHERE product_sku.meta_key = '_sku' and product_sku.meta_value = 'Lirevo-FB-G10', modified user: 
2020-08-06T23:10:23+07:00 pid: 18422, has web product json: {"sku":"Alston-UFB-630"}
2020-08-06T23:10:23+07:00 pid: 18422, query: selected row count = 0, sql: SELECT product.ID FROM ralamusi_2020.`wp_posts` as product LEFT JOIN ralamusi_2020.wp_postmeta as product_sku ON product.ID = product_sku.post_ID WHERE product_sku.meta_key = '_sku' and product_sku.meta_value = 'Alston-UFB-630', modified user: 
2020-08-06T23:10:23+07:00 pid: 18518, has web product json: {"sku":"Alston-UFB-632"}
2020-08-06T23:10:23+07:00 pid: 18518, query: selected row count = 0, sql: SELECT product.ID FROM ralamusi_2020.`wp_posts` as product LEFT JOIN ralamusi_2020.wp_postmeta as product_sku ON product.ID = product_sku.post_ID WHERE product_sku.meta_key = '_sku' and product_sku.meta_value = 'Alston-UFB-632', modified user: 
2020-08-06T23:10:23+07:00 pid: 16187, has web product json: {"sku":"Bespeco-KG10"}
2020-08-06T23:10:23+07:00 pid: 16187, query: selected row count = 0, sql: SELECT product.ID FROM ralamusi_2020.`wp_posts` as product LEFT JOIN ralamusi_2020.wp_postmeta as product_sku ON product.ID = product_sku.post_ID WHERE product_sku.meta_key = '_sku' and product_sku.meta_value = 'Bespeco-KG10', modified user: 
2020-08-06T23:10:23+07:00 pid: 18556, has web product json: {"sku":"Carlsbro-SG102"}
2020-08-06T23:10:23+07:00 pid: 18556, query: selected row count = 0, sql: SELECT product.ID FROM ralamusi_2020.`wp_posts` as product LEFT JOIN ralamusi_2020.wp_postmeta as product_sku ON product.ID = product_sku.post_ID WHERE product_sku.meta_key = '_sku' and product_sku.meta_value = 'Carlsbro-SG102', modified user: 
2020-08-06T23:10:23+07:00 pid: 18176, has web product json: {"sku":"Carlsbro-SG103"}
2020-08-06T23:10:23+07:00 pid: 18176, query: selected row count = 0, sql: SELECT product.ID FROM ralamusi_2020.`wp_posts` as product LEFT JOIN ralamusi_2020.wp_postmeta as product_sku ON product.ID = product_sku.post_ID WHERE product_sku.meta_key = '_sku' and product_sku.meta_value = 'Carlsbro-SG103', modified user: 
2020-08-06T23:10:23+07:00 pid: 18637, has web product json: {"sku":"DR-Strings-B45-DATDR-1FB45"}
2020-08-06T23:10:24+07:00 pid: 18637, query: selected row count = 0, sql: SELECT product.ID FROM ralamusi_2020.`wp_posts` as product LEFT JOIN ralamusi_2020.wp_postmeta as product_sku ON product.ID = product_sku.post_ID WHERE product_sku.meta_key = '_sku' and product_sku.meta_value = 'DR-Strings-B45-DATDR-1FB45', modified user: 
2020-08-06T23:10:24+07:00 pid: 18518, has web product json: {"sku":"DR-Strings-FB-45\/100-DATDR-1FB45100"}
2020-08-06T23:10:24+07:00 pid: 18518, query: selected row count = 0, sql: SELECT product.ID FROM ralamusi_2020.`wp_posts` as product LEFT JOIN ralamusi_2020.wp_postmeta as product_sku ON product.ID = product_sku.post_ID WHERE product_sku.meta_key = '_sku' and product_sku.meta_value = 'DR-Strings-FB-45/100-DATDR-1FB45100', modified user: 
2020-08-06T23:10:24+07:00 pid: 16187, has web product json: {"sku":"DR-Strings-FB-6\/30-DATDR-1FB630"}
2020-08-06T23:10:24+07:00 pid: 16187, query: selected row count = 0, sql: SELECT product.ID FROM ralamusi_2020.`wp_posts` as product LEFT JOIN ralamusi_2020.wp_postmeta as product_sku ON product.ID = product_sku.post_ID WHERE product_sku.meta_key = '_sku' and product_sku.meta_value = 'DR-Strings-FB-6/30-DATDR-1FB630', modified user: 
2020-08-06T23:10:24+07:00 pid: 18556, has web product json: {"sku":"DR-Strings-FB40-DATDR-1FB40"}
2020-08-06T23:10:24+07:00 pid: 18556, query: selected row count = 0, sql: SELECT product.ID FROM ralamusi_2020.`wp_posts` as product LEFT JOIN ralamusi_2020.wp_postmeta as product_sku ON product.ID = product_sku.post_ID WHERE product_sku.meta_key = '_sku' and product_sku.meta_value = 'DR-Strings-FB40-DATDR-1FB40', modified user: 
