2020-08-12T02:50:08+07:00 pid: 13016, has web product json: {"sku":"Fender-250L"}
2020-08-12T02:50:08+07:00 pid: 13007, has web product json: {"sku":"Fender-250L"}
2020-08-12T02:50:08+07:00 pid: 13016, query: selected row count = 0, sql: SELECT product.ID FROM ralamusi_2020.`wp_posts` as product LEFT JOIN ralamusi_2020.wp_postmeta as product_sku ON product.ID = product_sku.post_ID WHERE product_sku.meta_key = '_sku' and product_sku.meta_value = 'Fender-250L', modified user: 
2020-08-12T02:50:08+07:00 pid: 13007, query: selected row count = 0, sql: SELECT product.ID FROM ralamusi_2020.`wp_posts` as product LEFT JOIN ralamusi_2020.wp_postmeta as product_sku ON product.ID = product_sku.post_ID WHERE product_sku.meta_key = '_sku' and product_sku.meta_value = 'Fender-250L', modified user: 
2020-08-12T02:50:08+07:00 pid: 13469, has web product json: {"sku":"SQOE-SEST230SB-FBC"}
2020-08-12T02:50:08+07:00 pid: 12406, has web product json: {"sku":"SQOE-SEST230SB-FBC"}
2020-08-12T02:50:08+07:00 pid: 13469, query: selected row count = 0, sql: SELECT product.ID FROM ralamusi_2020.`wp_posts` as product LEFT JOIN ralamusi_2020.wp_postmeta as product_sku ON product.ID = product_sku.post_ID WHERE product_sku.meta_key = '_sku' and product_sku.meta_value = 'SQOE-SEST230SB-FBC', modified user: 
2020-08-12T02:50:08+07:00 pid: 12406, query: selected row count = 0, sql: SELECT product.ID FROM ralamusi_2020.`wp_posts` as product LEFT JOIN ralamusi_2020.wp_postmeta as product_sku ON product.ID = product_sku.post_ID WHERE product_sku.meta_key = '_sku' and product_sku.meta_value = 'SQOE-SEST230SB-FBC', modified user: 
2020-08-12T02:50:08+07:00 pid: 13456, has web product json: {"sku":"SQOE-SQ1305SB"}
2020-08-12T02:50:08+07:00 pid: 13016, has web product json: {"sku":"SQOE-SQ1305SB"}
2020-08-12T02:50:08+07:00 pid: 13456, query: selected row count = 0, sql: SELECT product.ID FROM ralamusi_2020.`wp_posts` as product LEFT JOIN ralamusi_2020.wp_postmeta as product_sku ON product.ID = product_sku.post_ID WHERE product_sku.meta_key = '_sku' and product_sku.meta_value = 'SQOE-SQ1305SB', modified user: 
2020-08-12T02:50:08+07:00 pid: 13016, query: selected row count = 0, sql: SELECT product.ID FROM ralamusi_2020.`wp_posts` as product LEFT JOIN ralamusi_2020.wp_postmeta as product_sku ON product.ID = product_sku.post_ID WHERE product_sku.meta_key = '_sku' and product_sku.meta_value = 'SQOE-SQ1305SB', modified user: 
2020-08-12T02:50:08+07:00 pid: 13007, has web product json: {"sku":"Dunlop-Platinum-65-Cleaner-Polish"}
2020-08-12T02:50:08+07:00 pid: 12572, has web product json: {"sku":"Dunlop-Platinum-65-Cleaner-Polish"}
2020-08-12T02:50:08+07:00 pid: 13007, query: selected row count = 0, sql: SELECT product.ID FROM ralamusi_2020.`wp_posts` as product LEFT JOIN ralamusi_2020.wp_postmeta as product_sku ON product.ID = product_sku.post_ID WHERE product_sku.meta_key = '_sku' and product_sku.meta_value = 'Dunlop-Platinum-65-Cleaner-Polish', modified user: 
2020-08-12T02:50:08+07:00 pid: 12572, query: selected row count = 0, sql: SELECT product.ID FROM ralamusi_2020.`wp_posts` as product LEFT JOIN ralamusi_2020.wp_postmeta as product_sku ON product.ID = product_sku.post_ID WHERE product_sku.meta_key = '_sku' and product_sku.meta_value = 'Dunlop-Platinum-65-Cleaner-Polish', modified user: 
2020-08-12T02:50:08+07:00 pid: 13201, has web product json: {"sku":"Elixir-Nanoweb-Acoustic-Custom-Light"}
2020-08-12T02:50:08+07:00 pid: 13469, has web product json: {"sku":"Elixir-Nanoweb-Acoustic-Custom-Light"}
2020-08-12T02:50:09+07:00 pid: 13201, query: selected row count = 0, sql: SELECT product.ID FROM ralamusi_2020.`wp_posts` as product LEFT JOIN ralamusi_2020.wp_postmeta as product_sku ON product.ID = product_sku.post_ID WHERE product_sku.meta_key = '_sku' and product_sku.meta_value = 'Elixir-Nanoweb-Acoustic-Custom-Light', modified user: 
2020-08-12T02:50:09+07:00 pid: 13469, query: selected row count = 0, sql: SELECT product.ID FROM ralamusi_2020.`wp_posts` as product LEFT JOIN ralamusi_2020.wp_postmeta as product_sku ON product.ID = product_sku.post_ID WHERE product_sku.meta_key = '_sku' and product_sku.meta_value = 'Elixir-Nanoweb-Acoustic-Custom-Light', modified user: 
2020-08-12T02:50:09+07:00 pid: 12406, has web product json: {"sku":"Nux-B-5RC-Wireless-Guitar-System"}
2020-08-12T02:50:09+07:00 pid: 13016, has web product json: {"sku":"Nux-B-5RC-Wireless-Guitar-System"}
2020-08-12T02:50:09+07:00 pid: 13016, query: selected row count = 0, sql: SELECT product.ID FROM ralamusi_2020.`wp_posts` as product LEFT JOIN ralamusi_2020.wp_postmeta as product_sku ON product.ID = product_sku.post_ID WHERE product_sku.meta_key = '_sku' and product_sku.meta_value = 'Nux-B-5RC-Wireless-Guitar-System', modified user: 
2020-08-12T02:50:09+07:00 pid: 12406, query: selected row count = 0, sql: SELECT product.ID FROM ralamusi_2020.`wp_posts` as product LEFT JOIN ralamusi_2020.wp_postmeta as product_sku ON product.ID = product_sku.post_ID WHERE product_sku.meta_key = '_sku' and product_sku.meta_value = 'Nux-B-5RC-Wireless-Guitar-System', modified user: 
2020-08-12T02:50:09+07:00 pid: 13007, has web product json: {"sku":"Roland-XPS30"}
2020-08-12T02:50:09+07:00 pid: 12572, has web product json: {"sku":"Roland-XPS30"}
2020-08-12T02:50:09+07:00 pid: 13007, query: selected row count = 0, sql: SELECT product.ID FROM ralamusi_2020.`wp_posts` as product LEFT JOIN ralamusi_2020.wp_postmeta as product_sku ON product.ID = product_sku.post_ID WHERE product_sku.meta_key = '_sku' and product_sku.meta_value = 'Roland-XPS30', modified user: 
2020-08-12T02:50:09+07:00 pid: 12572, query: selected row count = 0, sql: SELECT product.ID FROM ralamusi_2020.`wp_posts` as product LEFT JOIN ralamusi_2020.wp_postmeta as product_sku ON product.ID = product_sku.post_ID WHERE product_sku.meta_key = '_sku' and product_sku.meta_value = 'Roland-XPS30', modified user: 
2020-08-12T02:50:09+07:00 pid: 13201, has web product json: {"sku":"Caline-CP33"}
2020-08-12T02:50:09+07:00 pid: 13469, has web product json: {"sku":"Caline-CP33"}
2020-08-12T02:50:09+07:00 pid: 13469, query: selected row count = 0, sql: SELECT product.ID FROM ralamusi_2020.`wp_posts` as product LEFT JOIN ralamusi_2020.wp_postmeta as product_sku ON product.ID = product_sku.post_ID WHERE product_sku.meta_key = '_sku' and product_sku.meta_value = 'Caline-CP33', modified user: 
2020-08-12T02:50:09+07:00 pid: 13201, query: selected row count = 0, sql: SELECT product.ID FROM ralamusi_2020.`wp_posts` as product LEFT JOIN ralamusi_2020.wp_postmeta as product_sku ON product.ID = product_sku.post_ID WHERE product_sku.meta_key = '_sku' and product_sku.meta_value = 'Caline-CP33', modified user: 
2020-08-12T02:50:09+07:00 pid: 12406, has web product json: {"sku":"Paramount-CD60CEM"}
2020-08-12T02:50:09+07:00 pid: 13840, has web product json: {"sku":"Paramount-CD60CEM"}
2020-08-12T02:50:09+07:00 pid: 13840, query: selected row count = 0, sql: SELECT product.ID FROM ralamusi_2020.`wp_posts` as product LEFT JOIN ralamusi_2020.wp_postmeta as product_sku ON product.ID = product_sku.post_ID WHERE product_sku.meta_key = '_sku' and product_sku.meta_value = 'Paramount-CD60CEM', modified user: 
2020-08-12T02:50:09+07:00 pid: 12406, query: selected row count = 0, sql: SELECT product.ID FROM ralamusi_2020.`wp_posts` as product LEFT JOIN ralamusi_2020.wp_postmeta as product_sku ON product.ID = product_sku.post_ID WHERE product_sku.meta_key = '_sku' and product_sku.meta_value = 'Paramount-CD60CEM', modified user: 
2020-08-12T02:50:09+07:00 pid: 12572, has web product json: {"sku":"NUX-DA-30BT"}
2020-08-12T02:50:09+07:00 pid: 12715, has web product json: {"sku":"NUX-DA-30BT"}
2020-08-12T02:50:09+07:00 pid: 12715, query: selected row count = 0, sql: SELECT product.ID FROM ralamusi_2020.`wp_posts` as product LEFT JOIN ralamusi_2020.wp_postmeta as product_sku ON product.ID = product_sku.post_ID WHERE product_sku.meta_key = '_sku' and product_sku.meta_value = 'NUX-DA-30BT', modified user: 
2020-08-12T02:50:09+07:00 pid: 12572, query: selected row count = 0, sql: SELECT product.ID FROM ralamusi_2020.`wp_posts` as product LEFT JOIN ralamusi_2020.wp_postmeta as product_sku ON product.ID = product_sku.post_ID WHERE product_sku.meta_key = '_sku' and product_sku.meta_value = 'NUX-DA-30BT', modified user: 
2020-08-12T02:50:12+07:00 pid: 13456, has web product json: {"sku":"Fender-250L"}
2020-08-12T02:50:12+07:00 pid: 13456, query: selected row count = 0, sql: SELECT product.ID FROM ralamusi_2020.`wp_posts` as product LEFT JOIN ralamusi_2020.wp_postmeta as product_sku ON product.ID = product_sku.post_ID WHERE product_sku.meta_key = '_sku' and product_sku.meta_value = 'Fender-250L', modified user: 
2020-08-12T02:52:44+07:00 pid: 15928, has web product json: {"sku":"Fender-250L"}
2020-08-12T02:52:44+07:00 pid: 15928, query: selected row count = 0, sql: SELECT product.ID FROM ralamusi_2020.`wp_posts` as product LEFT JOIN ralamusi_2020.wp_postmeta as product_sku ON product.ID = product_sku.post_ID WHERE product_sku.meta_key = '_sku' and product_sku.meta_value = 'Fender-250L', modified user: 
2020-08-12T02:54:04+07:00 pid: 15874, has web product json: {"sku":"Fender-250L"}
2020-08-12T02:54:04+07:00 pid: 15874, query: selected row count = 0, sql: SELECT product.ID FROM ralamusi_2020.`wp_posts` as product LEFT JOIN ralamusi_2020.wp_postmeta as product_sku ON product.ID = product_sku.post_ID WHERE product_sku.meta_key = '_sku' and product_sku.meta_value = 'Fender-250L', modified user: 
2020-08-12T02:56:52+07:00 pid: 17038, has web product json: {"sku":"Fender-250L"}
2020-08-12T02:56:52+07:00 pid: 17038, query: selected row count = 0, sql: SELECT product.ID FROM ralamusi_2020.`wp_posts` as product LEFT JOIN ralamusi_2020.wp_postmeta as product_sku ON product.ID = product_sku.post_ID WHERE product_sku.meta_key = '_sku' and product_sku.meta_value = 'Fender-250L', modified user: 
2020-08-12T02:58:32+07:00 pid: 17044, has web product json: {"sku":"Fender-250L"}
2020-08-12T02:58:32+07:00 pid: 17044, query: selected row count = 0, sql: SELECT product.ID FROM ralamusi_2020.`wp_posts` as product LEFT JOIN ralamusi_2020.wp_postmeta as product_sku ON product.ID = product_sku.post_ID WHERE product_sku.meta_key = '_sku' and product_sku.meta_value = 'Fender-250L', modified user: 
2020-08-12T02:58:32+07:00 pid: 17434, has web product json: {"sku":"SQOE-SEST230SB-FBC"}
2020-08-12T02:58:32+07:00 pid: 17434, query: selected row count = 0, sql: SELECT product.ID FROM ralamusi_2020.`wp_posts` as product LEFT JOIN ralamusi_2020.wp_postmeta as product_sku ON product.ID = product_sku.post_ID WHERE product_sku.meta_key = '_sku' and product_sku.meta_value = 'SQOE-SEST230SB-FBC', modified user: 
2020-08-12T02:58:33+07:00 pid: 17019, has web product json: {"sku":"SQOE-SQ1305SB"}
2020-08-12T02:58:33+07:00 pid: 17019, query: selected row count = 0, sql: SELECT product.ID FROM ralamusi_2020.`wp_posts` as product LEFT JOIN ralamusi_2020.wp_postmeta as product_sku ON product.ID = product_sku.post_ID WHERE product_sku.meta_key = '_sku' and product_sku.meta_value = 'SQOE-SQ1305SB', modified user: 
2020-08-12T02:58:33+07:00 pid: 17549, has web product json: {"sku":"Dunlop-Platinum-65-Cleaner-Polish"}
2020-08-12T02:58:33+07:00 pid: 17549, query: selected row count = 0, sql: SELECT product.ID FROM ralamusi_2020.`wp_posts` as product LEFT JOIN ralamusi_2020.wp_postmeta as product_sku ON product.ID = product_sku.post_ID WHERE product_sku.meta_key = '_sku' and product_sku.meta_value = 'Dunlop-Platinum-65-Cleaner-Polish', modified user: 
2020-08-12T02:58:33+07:00 pid: 17389, has web product json: {"sku":"Elixir-Nanoweb-Acoustic-Custom-Light"}
2020-08-12T02:58:33+07:00 pid: 17389, query: selected row count = 0, sql: SELECT product.ID FROM ralamusi_2020.`wp_posts` as product LEFT JOIN ralamusi_2020.wp_postmeta as product_sku ON product.ID = product_sku.post_ID WHERE product_sku.meta_key = '_sku' and product_sku.meta_value = 'Elixir-Nanoweb-Acoustic-Custom-Light', modified user: 
2020-08-12T02:58:33+07:00 pid: 17434, has web product json: {"sku":"Nux-B-5RC-Wireless-Guitar-System"}
2020-08-12T02:58:33+07:00 pid: 17434, query: selected row count = 0, sql: SELECT product.ID FROM ralamusi_2020.`wp_posts` as product LEFT JOIN ralamusi_2020.wp_postmeta as product_sku ON product.ID = product_sku.post_ID WHERE product_sku.meta_key = '_sku' and product_sku.meta_value = 'Nux-B-5RC-Wireless-Guitar-System', modified user: 
2020-08-12T02:58:33+07:00 pid: 17019, has web product json: {"sku":"Roland-XPS30"}
2020-08-12T02:58:33+07:00 pid: 17019, query: selected row count = 0, sql: SELECT product.ID FROM ralamusi_2020.`wp_posts` as product LEFT JOIN ralamusi_2020.wp_postmeta as product_sku ON product.ID = product_sku.post_ID WHERE product_sku.meta_key = '_sku' and product_sku.meta_value = 'Roland-XPS30', modified user: 
2020-08-12T02:58:33+07:00 pid: 17389, has web product json: {"sku":"Caline-CP33"}
2020-08-12T02:58:33+07:00 pid: 17389, query: selected row count = 0, sql: SELECT product.ID FROM ralamusi_2020.`wp_posts` as product LEFT JOIN ralamusi_2020.wp_postmeta as product_sku ON product.ID = product_sku.post_ID WHERE product_sku.meta_key = '_sku' and product_sku.meta_value = 'Caline-CP33', modified user: 
2020-08-12T02:58:34+07:00 pid: 17044, has web product json: {"sku":"Paramount-CD60CEM"}
2020-08-12T02:58:34+07:00 pid: 17044, query: selected row count = 0, sql: SELECT product.ID FROM ralamusi_2020.`wp_posts` as product LEFT JOIN ralamusi_2020.wp_postmeta as product_sku ON product.ID = product_sku.post_ID WHERE product_sku.meta_key = '_sku' and product_sku.meta_value = 'Paramount-CD60CEM', modified user: 
2020-08-12T02:58:34+07:00 pid: 17434, has web product json: {"sku":"NUX-DA-30BT"}
2020-08-12T02:58:34+07:00 pid: 17434, query: selected row count = 0, sql: SELECT product.ID FROM ralamusi_2020.`wp_posts` as product LEFT JOIN ralamusi_2020.wp_postmeta as product_sku ON product.ID = product_sku.post_ID WHERE product_sku.meta_key = '_sku' and product_sku.meta_value = 'NUX-DA-30BT', modified user: 
2020-08-12T02:58:47+07:00 pid: 17671, has web product json: {"sku":"Fender-250L"}
2020-08-12T02:58:47+07:00 pid: 17671, query: selected row count = 0, sql: SELECT product.ID FROM ralamusi_2020.`wp_posts` as product LEFT JOIN ralamusi_2020.wp_postmeta as product_sku ON product.ID = product_sku.post_ID WHERE product_sku.meta_key = '_sku' and product_sku.meta_value = 'Fender-250L', modified user: 
2020-08-12T02:58:47+07:00 pid: 17320, has web product json: {"sku":"Fender-250L"}
2020-08-12T02:58:47+07:00 pid: 17320, query: selected row count = 0, sql: SELECT product.ID FROM ralamusi_2020.`wp_posts` as product LEFT JOIN ralamusi_2020.wp_postmeta as product_sku ON product.ID = product_sku.post_ID WHERE product_sku.meta_key = '_sku' and product_sku.meta_value = 'Fender-250L', modified user: 
2020-08-12T02:58:47+07:00 pid: 17696, has web product json: {"sku":"SQOE-SEST230SB-FBC"}
2020-08-12T02:58:47+07:00 pid: 17696, query: selected row count = 0, sql: SELECT product.ID FROM ralamusi_2020.`wp_posts` as product LEFT JOIN ralamusi_2020.wp_postmeta as product_sku ON product.ID = product_sku.post_ID WHERE product_sku.meta_key = '_sku' and product_sku.meta_value = 'SQOE-SEST230SB-FBC', modified user: 
2020-08-12T02:58:47+07:00 pid: 17542, has web product json: {"sku":"SQOE-SEST230SB-FBC"}
2020-08-12T02:58:47+07:00 pid: 17542, query: selected row count = 0, sql: SELECT product.ID FROM ralamusi_2020.`wp_posts` as product LEFT JOIN ralamusi_2020.wp_postmeta as product_sku ON product.ID = product_sku.post_ID WHERE product_sku.meta_key = '_sku' and product_sku.meta_value = 'SQOE-SEST230SB-FBC', modified user: 
2020-08-12T02:58:47+07:00 pid: 16352, has web product json: {"sku":"SQOE-SQ1305SB"}
2020-08-12T02:58:47+07:00 pid: 16352, query: selected row count = 0, sql: SELECT product.ID FROM ralamusi_2020.`wp_posts` as product LEFT JOIN ralamusi_2020.wp_postmeta as product_sku ON product.ID = product_sku.post_ID WHERE product_sku.meta_key = '_sku' and product_sku.meta_value = 'SQOE-SQ1305SB', modified user: 
2020-08-12T02:58:47+07:00 pid: 17555, has web product json: {"sku":"SQOE-SQ1305SB"}
2020-08-12T02:58:47+07:00 pid: 17555, query: selected row count = 0, sql: SELECT product.ID FROM ralamusi_2020.`wp_posts` as product LEFT JOIN ralamusi_2020.wp_postmeta as product_sku ON product.ID = product_sku.post_ID WHERE product_sku.meta_key = '_sku' and product_sku.meta_value = 'SQOE-SQ1305SB', modified user: 
2020-08-12T02:58:47+07:00 pid: 17685, has web product json: {"sku":"Dunlop-Platinum-65-Cleaner-Polish"}
2020-08-12T02:58:47+07:00 pid: 17685, query: selected row count = 0, sql: SELECT product.ID FROM ralamusi_2020.`wp_posts` as product LEFT JOIN ralamusi_2020.wp_postmeta as product_sku ON product.ID = product_sku.post_ID WHERE product_sku.meta_key = '_sku' and product_sku.meta_value = 'Dunlop-Platinum-65-Cleaner-Polish', modified user: 
2020-08-12T02:58:47+07:00 pid: 17696, has web product json: {"sku":"Dunlop-Platinum-65-Cleaner-Polish"}
2020-08-12T02:58:47+07:00 pid: 17696, query: selected row count = 0, sql: SELECT product.ID FROM ralamusi_2020.`wp_posts` as product LEFT JOIN ralamusi_2020.wp_postmeta as product_sku ON product.ID = product_sku.post_ID WHERE product_sku.meta_key = '_sku' and product_sku.meta_value = 'Dunlop-Platinum-65-Cleaner-Polish', modified user: 
2020-08-12T02:58:47+07:00 pid: 17040, has web product json: {"sku":"Elixir-Nanoweb-Acoustic-Custom-Light"}
2020-08-12T02:58:47+07:00 pid: 17040, query: selected row count = 0, sql: SELECT product.ID FROM ralamusi_2020.`wp_posts` as product LEFT JOIN ralamusi_2020.wp_postmeta as product_sku ON product.ID = product_sku.post_ID WHERE product_sku.meta_key = '_sku' and product_sku.meta_value = 'Elixir-Nanoweb-Acoustic-Custom-Light', modified user: 
2020-08-12T02:58:47+07:00 pid: 17542, has web product json: {"sku":"Elixir-Nanoweb-Acoustic-Custom-Light"}
2020-08-12T02:58:47+07:00 pid: 17542, query: selected row count = 0, sql: SELECT product.ID FROM ralamusi_2020.`wp_posts` as product LEFT JOIN ralamusi_2020.wp_postmeta as product_sku ON product.ID = product_sku.post_ID WHERE product_sku.meta_key = '_sku' and product_sku.meta_value = 'Elixir-Nanoweb-Acoustic-Custom-Light', modified user: 
2020-08-12T02:58:48+07:00 pid: 17347, has web product json: {"sku":"Nux-B-5RC-Wireless-Guitar-System"}
2020-08-12T02:58:48+07:00 pid: 17347, query: selected row count = 0, sql: SELECT product.ID FROM ralamusi_2020.`wp_posts` as product LEFT JOIN ralamusi_2020.wp_postmeta as product_sku ON product.ID = product_sku.post_ID WHERE product_sku.meta_key = '_sku' and product_sku.meta_value = 'Nux-B-5RC-Wireless-Guitar-System', modified user: 
2020-08-12T02:58:48+07:00 pid: 16352, has web product json: {"sku":"Nux-B-5RC-Wireless-Guitar-System"}
2020-08-12T02:58:48+07:00 pid: 16352, query: selected row count = 0, sql: SELECT product.ID FROM ralamusi_2020.`wp_posts` as product LEFT JOIN ralamusi_2020.wp_postmeta as product_sku ON product.ID = product_sku.post_ID WHERE product_sku.meta_key = '_sku' and product_sku.meta_value = 'Nux-B-5RC-Wireless-Guitar-System', modified user: 
2020-08-12T02:58:48+07:00 pid: 17040, has web product json: {"sku":"Roland-XPS30"}
2020-08-12T02:58:48+07:00 pid: 17040, query: selected row count = 0, sql: SELECT product.ID FROM ralamusi_2020.`wp_posts` as product LEFT JOIN ralamusi_2020.wp_postmeta as product_sku ON product.ID = product_sku.post_ID WHERE product_sku.meta_key = '_sku' and product_sku.meta_value = 'Roland-XPS30', modified user: 
2020-08-12T02:58:48+07:00 pid: 17542, has web product json: {"sku":"Roland-XPS30"}
2020-08-12T02:58:48+07:00 pid: 17542, query: selected row count = 0, sql: SELECT product.ID FROM ralamusi_2020.`wp_posts` as product LEFT JOIN ralamusi_2020.wp_postmeta as product_sku ON product.ID = product_sku.post_ID WHERE product_sku.meta_key = '_sku' and product_sku.meta_value = 'Roland-XPS30', modified user: 
2020-08-12T02:58:48+07:00 pid: 17320, has web product json: {"sku":"Caline-CP33"}
2020-08-12T02:58:48+07:00 pid: 17320, query: selected row count = 0, sql: SELECT product.ID FROM ralamusi_2020.`wp_posts` as product LEFT JOIN ralamusi_2020.wp_postmeta as product_sku ON product.ID = product_sku.post_ID WHERE product_sku.meta_key = '_sku' and product_sku.meta_value = 'Caline-CP33', modified user: 
2020-08-12T02:58:48+07:00 pid: 16352, has web product json: {"sku":"Caline-CP33"}
2020-08-12T02:58:48+07:00 pid: 16352, query: selected row count = 0, sql: SELECT product.ID FROM ralamusi_2020.`wp_posts` as product LEFT JOIN ralamusi_2020.wp_postmeta as product_sku ON product.ID = product_sku.post_ID WHERE product_sku.meta_key = '_sku' and product_sku.meta_value = 'Caline-CP33', modified user: 
2020-08-12T02:58:48+07:00 pid: 17671, has web product json: {"sku":"Paramount-CD60CEM"}
2020-08-12T02:58:48+07:00 pid: 17671, query: selected row count = 0, sql: SELECT product.ID FROM ralamusi_2020.`wp_posts` as product LEFT JOIN ralamusi_2020.wp_postmeta as product_sku ON product.ID = product_sku.post_ID WHERE product_sku.meta_key = '_sku' and product_sku.meta_value = 'Paramount-CD60CEM', modified user: 
2020-08-12T02:58:48+07:00 pid: 17040, has web product json: {"sku":"Paramount-CD60CEM"}
2020-08-12T02:58:48+07:00 pid: 17040, query: selected row count = 0, sql: SELECT product.ID FROM ralamusi_2020.`wp_posts` as product LEFT JOIN ralamusi_2020.wp_postmeta as product_sku ON product.ID = product_sku.post_ID WHERE product_sku.meta_key = '_sku' and product_sku.meta_value = 'Paramount-CD60CEM', modified user: 
2020-08-12T02:58:49+07:00 pid: 17542, has web product json: {"sku":"NUX-DA-30BT"}
2020-08-12T02:58:49+07:00 pid: 17542, query: selected row count = 0, sql: SELECT product.ID FROM ralamusi_2020.`wp_posts` as product LEFT JOIN ralamusi_2020.wp_postmeta as product_sku ON product.ID = product_sku.post_ID WHERE product_sku.meta_key = '_sku' and product_sku.meta_value = 'NUX-DA-30BT', modified user: 
2020-08-12T02:58:49+07:00 pid: 17375, has web product json: {"sku":"NUX-DA-30BT"}
2020-08-12T02:58:49+07:00 pid: 17375, query: selected row count = 0, sql: SELECT product.ID FROM ralamusi_2020.`wp_posts` as product LEFT JOIN ralamusi_2020.wp_postmeta as product_sku ON product.ID = product_sku.post_ID WHERE product_sku.meta_key = '_sku' and product_sku.meta_value = 'NUX-DA-30BT', modified user: 
2020-08-12T02:59:37+07:00 pid: 17434, has web product json: {"sku":"Fender-250L"}
2020-08-12T02:59:37+07:00 pid: 17434, query: selected row count = 0, sql: SELECT product.ID FROM ralamusi_2020.`wp_posts` as product LEFT JOIN ralamusi_2020.wp_postmeta as product_sku ON product.ID = product_sku.post_ID WHERE product_sku.meta_key = '_sku' and product_sku.meta_value = 'Fender-250L', modified user: 
2020-08-12T02:59:38+07:00 pid: 17389, has web product json: {"sku":"SQOE-SEST230SB-FBC"}
2020-08-12T02:59:38+07:00 pid: 17389, query: selected row count = 0, sql: SELECT product.ID FROM ralamusi_2020.`wp_posts` as product LEFT JOIN ralamusi_2020.wp_postmeta as product_sku ON product.ID = product_sku.post_ID WHERE product_sku.meta_key = '_sku' and product_sku.meta_value = 'SQOE-SEST230SB-FBC', modified user: 
2020-08-12T02:59:38+07:00 pid: 17040, has web product json: {"sku":"SQOE-SQ1305SB"}
2020-08-12T02:59:38+07:00 pid: 17040, query: selected row count = 0, sql: SELECT product.ID FROM ralamusi_2020.`wp_posts` as product LEFT JOIN ralamusi_2020.wp_postmeta as product_sku ON product.ID = product_sku.post_ID WHERE product_sku.meta_key = '_sku' and product_sku.meta_value = 'SQOE-SQ1305SB', modified user: 
2020-08-12T02:59:38+07:00 pid: 17742, has web product json: {"sku":"Dunlop-Platinum-65-Cleaner-Polish"}
2020-08-12T02:59:38+07:00 pid: 17742, query: selected row count = 0, sql: SELECT product.ID FROM ralamusi_2020.`wp_posts` as product LEFT JOIN ralamusi_2020.wp_postmeta as product_sku ON product.ID = product_sku.post_ID WHERE product_sku.meta_key = '_sku' and product_sku.meta_value = 'Dunlop-Platinum-65-Cleaner-Polish', modified user: 
2020-08-12T02:59:38+07:00 pid: 17823, has web product json: {"sku":"Elixir-Nanoweb-Acoustic-Custom-Light"}
2020-08-12T02:59:38+07:00 pid: 17823, query: selected row count = 0, sql: SELECT product.ID FROM ralamusi_2020.`wp_posts` as product LEFT JOIN ralamusi_2020.wp_postmeta as product_sku ON product.ID = product_sku.post_ID WHERE product_sku.meta_key = '_sku' and product_sku.meta_value = 'Elixir-Nanoweb-Acoustic-Custom-Light', modified user: 
2020-08-12T02:59:38+07:00 pid: 17821, has web product json: {"sku":"Nux-B-5RC-Wireless-Guitar-System"}
2020-08-12T02:59:38+07:00 pid: 17821, query: selected row count = 0, sql: SELECT product.ID FROM ralamusi_2020.`wp_posts` as product LEFT JOIN ralamusi_2020.wp_postmeta as product_sku ON product.ID = product_sku.post_ID WHERE product_sku.meta_key = '_sku' and product_sku.meta_value = 'Nux-B-5RC-Wireless-Guitar-System', modified user: 
2020-08-12T02:59:38+07:00 pid: 17045, has web product json: {"sku":"Roland-XPS30"}
2020-08-12T02:59:38+07:00 pid: 17045, query: selected row count = 0, sql: SELECT product.ID FROM ralamusi_2020.`wp_posts` as product LEFT JOIN ralamusi_2020.wp_postmeta as product_sku ON product.ID = product_sku.post_ID WHERE product_sku.meta_key = '_sku' and product_sku.meta_value = 'Roland-XPS30', modified user: 
2020-08-12T02:59:38+07:00 pid: 17549, has web product json: {"sku":"Caline-CP33"}
2020-08-12T02:59:38+07:00 pid: 17549, query: selected row count = 0, sql: SELECT product.ID FROM ralamusi_2020.`wp_posts` as product LEFT JOIN ralamusi_2020.wp_postmeta as product_sku ON product.ID = product_sku.post_ID WHERE product_sku.meta_key = '_sku' and product_sku.meta_value = 'Caline-CP33', modified user: 
2020-08-12T02:59:39+07:00 pid: 17389, has web product json: {"sku":"Paramount-CD60CEM"}
2020-08-12T02:59:39+07:00 pid: 17389, query: selected row count = 0, sql: SELECT product.ID FROM ralamusi_2020.`wp_posts` as product LEFT JOIN ralamusi_2020.wp_postmeta as product_sku ON product.ID = product_sku.post_ID WHERE product_sku.meta_key = '_sku' and product_sku.meta_value = 'Paramount-CD60CEM', modified user: 
2020-08-12T02:59:39+07:00 pid: 17823, has web product json: {"sku":"NUX-DA-30BT"}
2020-08-12T02:59:39+07:00 pid: 17823, query: selected row count = 0, sql: SELECT product.ID FROM ralamusi_2020.`wp_posts` as product LEFT JOIN ralamusi_2020.wp_postmeta as product_sku ON product.ID = product_sku.post_ID WHERE product_sku.meta_key = '_sku' and product_sku.meta_value = 'NUX-DA-30BT', modified user: 
2020-08-12T02:59:47+07:00 pid: 17821, has web product json: {"sku":"Fender-250L"}
2020-08-12T02:59:47+07:00 pid: 17821, query: selected row count = 0, sql: SELECT product.ID FROM ralamusi_2020.`wp_posts` as product LEFT JOIN ralamusi_2020.wp_postmeta as product_sku ON product.ID = product_sku.post_ID WHERE product_sku.meta_key = '_sku' and product_sku.meta_value = 'Fender-250L', modified user: 
2020-08-12T02:59:47+07:00 pid: 17434, has web product json: {"sku":"Fender-250L"}
2020-08-12T02:59:47+07:00 pid: 17434, query: selected row count = 0, sql: SELECT product.ID FROM ralamusi_2020.`wp_posts` as product LEFT JOIN ralamusi_2020.wp_postmeta as product_sku ON product.ID = product_sku.post_ID WHERE product_sku.meta_key = '_sku' and product_sku.meta_value = 'Fender-250L', modified user: 
2020-08-12T02:59:47+07:00 pid: 17389, has web product json: {"sku":"SQOE-SEST230SB-FBC"}
2020-08-12T02:59:47+07:00 pid: 17389, query: selected row count = 0, sql: SELECT product.ID FROM ralamusi_2020.`wp_posts` as product LEFT JOIN ralamusi_2020.wp_postmeta as product_sku ON product.ID = product_sku.post_ID WHERE product_sku.meta_key = '_sku' and product_sku.meta_value = 'SQOE-SEST230SB-FBC', modified user: 
2020-08-12T02:59:47+07:00 pid: 17437, has web product json: {"sku":"SQOE-SEST230SB-FBC"}
2020-08-12T02:59:47+07:00 pid: 17437, query: selected row count = 0, sql: SELECT product.ID FROM ralamusi_2020.`wp_posts` as product LEFT JOIN ralamusi_2020.wp_postmeta as product_sku ON product.ID = product_sku.post_ID WHERE product_sku.meta_key = '_sku' and product_sku.meta_value = 'SQOE-SEST230SB-FBC', modified user: 
2020-08-12T02:59:47+07:00 pid: 17542, has web product json: {"sku":"SQOE-SQ1305SB"}
2020-08-12T02:59:47+07:00 pid: 17542, query: selected row count = 0, sql: SELECT product.ID FROM ralamusi_2020.`wp_posts` as product LEFT JOIN ralamusi_2020.wp_postmeta as product_sku ON product.ID = product_sku.post_ID WHERE product_sku.meta_key = '_sku' and product_sku.meta_value = 'SQOE-SQ1305SB', modified user: 
2020-08-12T02:59:47+07:00 pid: 17320, has web product json: {"sku":"SQOE-SQ1305SB"}
2020-08-12T02:59:47+07:00 pid: 17320, query: selected row count = 0, sql: SELECT product.ID FROM ralamusi_2020.`wp_posts` as product LEFT JOIN ralamusi_2020.wp_postmeta as product_sku ON product.ID = product_sku.post_ID WHERE product_sku.meta_key = '_sku' and product_sku.meta_value = 'SQOE-SQ1305SB', modified user: 
2020-08-12T02:59:48+07:00 pid: 17742, has web product json: {"sku":"Dunlop-Platinum-65-Cleaner-Polish"}
2020-08-12T02:59:48+07:00 pid: 17821, has web product json: {"sku":"Dunlop-Platinum-65-Cleaner-Polish"}
2020-08-12T02:59:48+07:00 pid: 17742, query: selected row count = 0, sql: SELECT product.ID FROM ralamusi_2020.`wp_posts` as product LEFT JOIN ralamusi_2020.wp_postmeta as product_sku ON product.ID = product_sku.post_ID WHERE product_sku.meta_key = '_sku' and product_sku.meta_value = 'Dunlop-Platinum-65-Cleaner-Polish', modified user: 
2020-08-12T02:59:48+07:00 pid: 17821, query: selected row count = 0, sql: SELECT product.ID FROM ralamusi_2020.`wp_posts` as product LEFT JOIN ralamusi_2020.wp_postmeta as product_sku ON product.ID = product_sku.post_ID WHERE product_sku.meta_key = '_sku' and product_sku.meta_value = 'Dunlop-Platinum-65-Cleaner-Polish', modified user: 
2020-08-12T02:59:48+07:00 pid: 17389, has web product json: {"sku":"Elixir-Nanoweb-Acoustic-Custom-Light"}
2020-08-12T02:59:48+07:00 pid: 17437, has web product json: {"sku":"Elixir-Nanoweb-Acoustic-Custom-Light"}
2020-08-12T02:59:48+07:00 pid: 17389, query: selected row count = 0, sql: SELECT product.ID FROM ralamusi_2020.`wp_posts` as product LEFT JOIN ralamusi_2020.wp_postmeta as product_sku ON product.ID = product_sku.post_ID WHERE product_sku.meta_key = '_sku' and product_sku.meta_value = 'Elixir-Nanoweb-Acoustic-Custom-Light', modified user: 
2020-08-12T02:59:48+07:00 pid: 17437, query: selected row count = 0, sql: SELECT product.ID FROM ralamusi_2020.`wp_posts` as product LEFT JOIN ralamusi_2020.wp_postmeta as product_sku ON product.ID = product_sku.post_ID WHERE product_sku.meta_key = '_sku' and product_sku.meta_value = 'Elixir-Nanoweb-Acoustic-Custom-Light', modified user: 
2020-08-12T02:59:48+07:00 pid: 17542, has web product json: {"sku":"Nux-B-5RC-Wireless-Guitar-System"}
2020-08-12T02:59:48+07:00 pid: 17542, query: selected row count = 0, sql: SELECT product.ID FROM ralamusi_2020.`wp_posts` as product LEFT JOIN ralamusi_2020.wp_postmeta as product_sku ON product.ID = product_sku.post_ID WHERE product_sku.meta_key = '_sku' and product_sku.meta_value = 'Nux-B-5RC-Wireless-Guitar-System', modified user: 
2020-08-12T02:59:48+07:00 pid: 17320, has web product json: {"sku":"Nux-B-5RC-Wireless-Guitar-System"}
2020-08-12T02:59:48+07:00 pid: 17320, query: selected row count = 0, sql: SELECT product.ID FROM ralamusi_2020.`wp_posts` as product LEFT JOIN ralamusi_2020.wp_postmeta as product_sku ON product.ID = product_sku.post_ID WHERE product_sku.meta_key = '_sku' and product_sku.meta_value = 'Nux-B-5RC-Wireless-Guitar-System', modified user: 
2020-08-12T02:59:48+07:00 pid: 17045, has web product json: {"sku":"Roland-XPS30"}
2020-08-12T02:59:48+07:00 pid: 17045, query: selected row count = 0, sql: SELECT product.ID FROM ralamusi_2020.`wp_posts` as product LEFT JOIN ralamusi_2020.wp_postmeta as product_sku ON product.ID = product_sku.post_ID WHERE product_sku.meta_key = '_sku' and product_sku.meta_value = 'Roland-XPS30', modified user: 
2020-08-12T02:59:48+07:00 pid: 17742, has web product json: {"sku":"Roland-XPS30"}
2020-08-12T02:59:48+07:00 pid: 17742, query: selected row count = 0, sql: SELECT product.ID FROM ralamusi_2020.`wp_posts` as product LEFT JOIN ralamusi_2020.wp_postmeta as product_sku ON product.ID = product_sku.post_ID WHERE product_sku.meta_key = '_sku' and product_sku.meta_value = 'Roland-XPS30', modified user: 
2020-08-12T02:59:48+07:00 pid: 17434, has web product json: {"sku":"Caline-CP33"}
2020-08-12T02:59:48+07:00 pid: 17434, query: selected row count = 0, sql: SELECT product.ID FROM ralamusi_2020.`wp_posts` as product LEFT JOIN ralamusi_2020.wp_postmeta as product_sku ON product.ID = product_sku.post_ID WHERE product_sku.meta_key = '_sku' and product_sku.meta_value = 'Caline-CP33', modified user: 
2020-08-12T02:59:48+07:00 pid: 17389, has web product json: {"sku":"Caline-CP33"}
2020-08-12T02:59:48+07:00 pid: 17389, query: selected row count = 0, sql: SELECT product.ID FROM ralamusi_2020.`wp_posts` as product LEFT JOIN ralamusi_2020.wp_postmeta as product_sku ON product.ID = product_sku.post_ID WHERE product_sku.meta_key = '_sku' and product_sku.meta_value = 'Caline-CP33', modified user: 
2020-08-12T02:59:48+07:00 pid: 17437, has web product json: {"sku":"Paramount-CD60CEM"}
2020-08-12T02:59:48+07:00 pid: 17437, query: selected row count = 0, sql: SELECT product.ID FROM ralamusi_2020.`wp_posts` as product LEFT JOIN ralamusi_2020.wp_postmeta as product_sku ON product.ID = product_sku.post_ID WHERE product_sku.meta_key = '_sku' and product_sku.meta_value = 'Paramount-CD60CEM', modified user: 
2020-08-12T02:59:48+07:00 pid: 17542, has web product json: {"sku":"Paramount-CD60CEM"}
2020-08-12T02:59:48+07:00 pid: 17542, query: selected row count = 0, sql: SELECT product.ID FROM ralamusi_2020.`wp_posts` as product LEFT JOIN ralamusi_2020.wp_postmeta as product_sku ON product.ID = product_sku.post_ID WHERE product_sku.meta_key = '_sku' and product_sku.meta_value = 'Paramount-CD60CEM', modified user: 
2020-08-12T02:59:48+07:00 pid: 17320, has web product json: {"sku":"NUX-DA-30BT"}
2020-08-12T02:59:48+07:00 pid: 17320, query: selected row count = 0, sql: SELECT product.ID FROM ralamusi_2020.`wp_posts` as product LEFT JOIN ralamusi_2020.wp_postmeta as product_sku ON product.ID = product_sku.post_ID WHERE product_sku.meta_key = '_sku' and product_sku.meta_value = 'NUX-DA-30BT', modified user: 
2020-08-12T02:59:48+07:00 pid: 17045, has web product json: {"sku":"NUX-DA-30BT"}
2020-08-12T02:59:48+07:00 pid: 17045, query: selected row count = 0, sql: SELECT product.ID FROM ralamusi_2020.`wp_posts` as product LEFT JOIN ralamusi_2020.wp_postmeta as product_sku ON product.ID = product_sku.post_ID WHERE product_sku.meta_key = '_sku' and product_sku.meta_value = 'NUX-DA-30BT', modified user: 
2020-08-12T03:01:40+07:00 pid: 19988, has web product json: {"sku":"Fender-250L"}
2020-08-12T03:01:40+07:00 pid: 19988, query: selected row count = 0, sql: SELECT product.ID FROM ralamusi_2020.`wp_posts` as product LEFT JOIN ralamusi_2020.wp_postmeta as product_sku ON product.ID = product_sku.post_ID WHERE product_sku.meta_key = '_sku' and product_sku.meta_value = 'Fender-250L', modified user: 
2020-08-12T03:01:40+07:00 pid: 17437, has web product json: {"sku":"SQOE-SEST230SB-FBC"}
2020-08-12T03:01:40+07:00 pid: 17437, query: selected row count = 0, sql: SELECT product.ID FROM ralamusi_2020.`wp_posts` as product LEFT JOIN ralamusi_2020.wp_postmeta as product_sku ON product.ID = product_sku.post_ID WHERE product_sku.meta_key = '_sku' and product_sku.meta_value = 'SQOE-SEST230SB-FBC', modified user: 
2020-08-12T03:01:40+07:00 pid: 19988, has web product json: {"sku":"SQOE-SQ1305SB"}
2020-08-12T03:01:40+07:00 pid: 19988, query: selected row count = 0, sql: SELECT product.ID FROM ralamusi_2020.`wp_posts` as product LEFT JOIN ralamusi_2020.wp_postmeta as product_sku ON product.ID = product_sku.post_ID WHERE product_sku.meta_key = '_sku' and product_sku.meta_value = 'SQOE-SQ1305SB', modified user: 
2020-08-12T03:01:40+07:00 pid: 17437, has web product json: {"sku":"Dunlop-Platinum-65-Cleaner-Polish"}
2020-08-12T03:01:40+07:00 pid: 17437, query: selected row count = 0, sql: SELECT product.ID FROM ralamusi_2020.`wp_posts` as product LEFT JOIN ralamusi_2020.wp_postmeta as product_sku ON product.ID = product_sku.post_ID WHERE product_sku.meta_key = '_sku' and product_sku.meta_value = 'Dunlop-Platinum-65-Cleaner-Polish', modified user: 
2020-08-12T03:01:41+07:00 pid: 17437, has web product json: {"sku":"Elixir-Nanoweb-Acoustic-Custom-Light"}
2020-08-12T03:01:41+07:00 pid: 17437, query: selected row count = 0, sql: SELECT product.ID FROM ralamusi_2020.`wp_posts` as product LEFT JOIN ralamusi_2020.wp_postmeta as product_sku ON product.ID = product_sku.post_ID WHERE product_sku.meta_key = '_sku' and product_sku.meta_value = 'Elixir-Nanoweb-Acoustic-Custom-Light', modified user: 
2020-08-12T03:01:41+07:00 pid: 20058, has web product json: {"sku":"Nux-B-5RC-Wireless-Guitar-System"}
2020-08-12T03:01:41+07:00 pid: 20058, query: selected row count = 0, sql: SELECT product.ID FROM ralamusi_2020.`wp_posts` as product LEFT JOIN ralamusi_2020.wp_postmeta as product_sku ON product.ID = product_sku.post_ID WHERE product_sku.meta_key = '_sku' and product_sku.meta_value = 'Nux-B-5RC-Wireless-Guitar-System', modified user: 
2020-08-12T03:01:41+07:00 pid: 20359, has web product json: {"sku":"Roland-XPS30"}
2020-08-12T03:01:41+07:00 pid: 20359, query: selected row count = 0, sql: SELECT product.ID FROM ralamusi_2020.`wp_posts` as product LEFT JOIN ralamusi_2020.wp_postmeta as product_sku ON product.ID = product_sku.post_ID WHERE product_sku.meta_key = '_sku' and product_sku.meta_value = 'Roland-XPS30', modified user: 
2020-08-12T03:01:41+07:00 pid: 17437, has web product json: {"sku":"Caline-CP33"}
2020-08-12T03:01:41+07:00 pid: 17437, query: selected row count = 0, sql: SELECT product.ID FROM ralamusi_2020.`wp_posts` as product LEFT JOIN ralamusi_2020.wp_postmeta as product_sku ON product.ID = product_sku.post_ID WHERE product_sku.meta_key = '_sku' and product_sku.meta_value = 'Caline-CP33', modified user: 
2020-08-12T03:01:41+07:00 pid: 19534, has web product json: {"sku":"Paramount-CD60CEM"}
2020-08-12T03:01:41+07:00 pid: 19534, query: selected row count = 0, sql: SELECT product.ID FROM ralamusi_2020.`wp_posts` as product LEFT JOIN ralamusi_2020.wp_postmeta as product_sku ON product.ID = product_sku.post_ID WHERE product_sku.meta_key = '_sku' and product_sku.meta_value = 'Paramount-CD60CEM', modified user: 
2020-08-12T03:01:41+07:00 pid: 20058, has web product json: {"sku":"NUX-DA-30BT"}
2020-08-12T03:01:41+07:00 pid: 20058, query: selected row count = 0, sql: SELECT product.ID FROM ralamusi_2020.`wp_posts` as product LEFT JOIN ralamusi_2020.wp_postmeta as product_sku ON product.ID = product_sku.post_ID WHERE product_sku.meta_key = '_sku' and product_sku.meta_value = 'NUX-DA-30BT', modified user: 
2020-08-12T03:04:44+07:00 pid: 20901, has web product json: {"sku":"Fender-250L"}
2020-08-12T03:04:44+07:00 pid: 20901, query: selected row count = 0, sql: SELECT product.ID FROM ralamusi_2020.`wp_posts` as product LEFT JOIN ralamusi_2020.wp_postmeta as product_sku ON product.ID = product_sku.post_ID WHERE product_sku.meta_key = '_sku' and product_sku.meta_value = 'Fender-250L', modified user: 
2020-08-12T03:09:05+07:00 pid: 22187, has web product json: {"sku":"Fender-250L"}
2020-08-12T03:09:05+07:00 pid: 22187, query: selected row count = 0, sql: SELECT product.ID FROM ralamusi_2020.`wp_posts` as product LEFT JOIN ralamusi_2020.wp_postmeta as product_sku ON product.ID = product_sku.post_ID WHERE product_sku.meta_key = '_sku' and product_sku.meta_value = 'Fender-250L', modified user: 
2020-08-12T03:09:06+07:00 pid: 22423, has web product json: {"sku":"SQOE-SEST230SB-FBC"}
2020-08-12T03:09:06+07:00 pid: 22423, query: selected row count = 0, sql: SELECT product.ID FROM ralamusi_2020.`wp_posts` as product LEFT JOIN ralamusi_2020.wp_postmeta as product_sku ON product.ID = product_sku.post_ID WHERE product_sku.meta_key = '_sku' and product_sku.meta_value = 'SQOE-SEST230SB-FBC', modified user: 
2020-08-12T03:09:06+07:00 pid: 22221, has web product json: {"sku":"SQOE-SQ1305SB"}
2020-08-12T03:09:06+07:00 pid: 22221, query: selected row count = 0, sql: SELECT product.ID FROM ralamusi_2020.`wp_posts` as product LEFT JOIN ralamusi_2020.wp_postmeta as product_sku ON product.ID = product_sku.post_ID WHERE product_sku.meta_key = '_sku' and product_sku.meta_value = 'SQOE-SQ1305SB', modified user: 
2020-08-12T03:09:06+07:00 pid: 22179, has web product json: {"sku":"Dunlop-Platinum-65-Cleaner-Polish"}
2020-08-12T03:09:06+07:00 pid: 22179, query: selected row count = 0, sql: SELECT product.ID FROM ralamusi_2020.`wp_posts` as product LEFT JOIN ralamusi_2020.wp_postmeta as product_sku ON product.ID = product_sku.post_ID WHERE product_sku.meta_key = '_sku' and product_sku.meta_value = 'Dunlop-Platinum-65-Cleaner-Polish', modified user: 
2020-08-12T03:09:06+07:00 pid: 21692, has web product json: {"sku":"Elixir-Nanoweb-Acoustic-Custom-Light"}
2020-08-12T03:09:06+07:00 pid: 21692, query: selected row count = 0, sql: SELECT product.ID FROM ralamusi_2020.`wp_posts` as product LEFT JOIN ralamusi_2020.wp_postmeta as product_sku ON product.ID = product_sku.post_ID WHERE product_sku.meta_key = '_sku' and product_sku.meta_value = 'Elixir-Nanoweb-Acoustic-Custom-Light', modified user: 
2020-08-12T03:09:06+07:00 pid: 22423, has web product json: {"sku":"Nux-B-5RC-Wireless-Guitar-System"}
2020-08-12T03:09:06+07:00 pid: 22423, query: selected row count = 0, sql: SELECT product.ID FROM ralamusi_2020.`wp_posts` as product LEFT JOIN ralamusi_2020.wp_postmeta as product_sku ON product.ID = product_sku.post_ID WHERE product_sku.meta_key = '_sku' and product_sku.meta_value = 'Nux-B-5RC-Wireless-Guitar-System', modified user: 
2020-08-12T03:09:07+07:00 pid: 22221, has web product json: {"sku":"Roland-XPS30"}
2020-08-12T03:09:07+07:00 pid: 22221, query: selected row count = 0, sql: SELECT product.ID FROM ralamusi_2020.`wp_posts` as product LEFT JOIN ralamusi_2020.wp_postmeta as product_sku ON product.ID = product_sku.post_ID WHERE product_sku.meta_key = '_sku' and product_sku.meta_value = 'Roland-XPS30', modified user: 
2020-08-12T03:09:07+07:00 pid: 22179, has web product json: {"sku":"Caline-CP33"}
2020-08-12T03:09:07+07:00 pid: 22179, query: selected row count = 0, sql: SELECT product.ID FROM ralamusi_2020.`wp_posts` as product LEFT JOIN ralamusi_2020.wp_postmeta as product_sku ON product.ID = product_sku.post_ID WHERE product_sku.meta_key = '_sku' and product_sku.meta_value = 'Caline-CP33', modified user: 
2020-08-12T03:09:07+07:00 pid: 22423, has web product json: {"sku":"Paramount-CD60CEM"}
2020-08-12T03:09:07+07:00 pid: 22423, query: selected row count = 0, sql: SELECT product.ID FROM ralamusi_2020.`wp_posts` as product LEFT JOIN ralamusi_2020.wp_postmeta as product_sku ON product.ID = product_sku.post_ID WHERE product_sku.meta_key = '_sku' and product_sku.meta_value = 'Paramount-CD60CEM', modified user: 
2020-08-12T03:09:07+07:00 pid: 22221, has web product json: {"sku":"NUX-DA-30BT"}
2020-08-12T03:09:07+07:00 pid: 22221, query: selected row count = 0, sql: SELECT product.ID FROM ralamusi_2020.`wp_posts` as product LEFT JOIN ralamusi_2020.wp_postmeta as product_sku ON product.ID = product_sku.post_ID WHERE product_sku.meta_key = '_sku' and product_sku.meta_value = 'NUX-DA-30BT', modified user: 
2020-08-12T03:09:53+07:00 pid: 22187, has web product json: {"sku":"Fender-250L"}
2020-08-12T03:09:53+07:00 pid: 22187, query: selected row count = 0, sql: SELECT product.ID FROM ralamusi_2020.`wp_posts` as product LEFT JOIN ralamusi_2020.wp_postmeta as product_sku ON product.ID = product_sku.post_ID WHERE product_sku.meta_key = '_sku' and product_sku.meta_value = 'Fender-250L', modified user: 
2020-08-12T03:09:53+07:00 pid: 22538, has web product json: {"sku":"SQOE-SEST230SB-FBC"}
2020-08-12T03:09:53+07:00 pid: 22538, query: selected row count = 0, sql: SELECT product.ID FROM ralamusi_2020.`wp_posts` as product LEFT JOIN ralamusi_2020.wp_postmeta as product_sku ON product.ID = product_sku.post_ID WHERE product_sku.meta_key = '_sku' and product_sku.meta_value = 'SQOE-SEST230SB-FBC', modified user: 
2020-08-12T03:09:53+07:00 pid: 22221, has web product json: {"sku":"SQOE-SQ1305SB"}
2020-08-12T03:09:53+07:00 pid: 22221, query: selected row count = 0, sql: SELECT product.ID FROM ralamusi_2020.`wp_posts` as product LEFT JOIN ralamusi_2020.wp_postmeta as product_sku ON product.ID = product_sku.post_ID WHERE product_sku.meta_key = '_sku' and product_sku.meta_value = 'SQOE-SQ1305SB', modified user: 
2020-08-12T03:09:54+07:00 pid: 22538, has web product json: {"sku":"Dunlop-Platinum-65-Cleaner-Polish"}
2020-08-12T03:09:54+07:00 pid: 22538, query: selected row count = 0, sql: SELECT product.ID FROM ralamusi_2020.`wp_posts` as product LEFT JOIN ralamusi_2020.wp_postmeta as product_sku ON product.ID = product_sku.post_ID WHERE product_sku.meta_key = '_sku' and product_sku.meta_value = 'Dunlop-Platinum-65-Cleaner-Polish', modified user: 
2020-08-12T03:09:54+07:00 pid: 17437, has web product json: {"sku":"Elixir-Nanoweb-Acoustic-Custom-Light"}
2020-08-12T03:09:54+07:00 pid: 17437, query: selected row count = 0, sql: SELECT product.ID FROM ralamusi_2020.`wp_posts` as product LEFT JOIN ralamusi_2020.wp_postmeta as product_sku ON product.ID = product_sku.post_ID WHERE product_sku.meta_key = '_sku' and product_sku.meta_value = 'Elixir-Nanoweb-Acoustic-Custom-Light', modified user: 
2020-08-12T03:09:54+07:00 pid: 22643, has web product json: {"sku":"Nux-B-5RC-Wireless-Guitar-System"}
2020-08-12T03:09:54+07:00 pid: 22643, query: selected row count = 0, sql: SELECT product.ID FROM ralamusi_2020.`wp_posts` as product LEFT JOIN ralamusi_2020.wp_postmeta as product_sku ON product.ID = product_sku.post_ID WHERE product_sku.meta_key = '_sku' and product_sku.meta_value = 'Nux-B-5RC-Wireless-Guitar-System', modified user: 
2020-08-12T03:09:54+07:00 pid: 22221, has web product json: {"sku":"Roland-XPS30"}
2020-08-12T03:09:54+07:00 pid: 22221, query: selected row count = 0, sql: SELECT product.ID FROM ralamusi_2020.`wp_posts` as product LEFT JOIN ralamusi_2020.wp_postmeta as product_sku ON product.ID = product_sku.post_ID WHERE product_sku.meta_key = '_sku' and product_sku.meta_value = 'Roland-XPS30', modified user: 
2020-08-12T03:09:54+07:00 pid: 22187, has web product json: {"sku":"Caline-CP33"}
2020-08-12T03:09:54+07:00 pid: 22187, query: selected row count = 0, sql: SELECT product.ID FROM ralamusi_2020.`wp_posts` as product LEFT JOIN ralamusi_2020.wp_postmeta as product_sku ON product.ID = product_sku.post_ID WHERE product_sku.meta_key = '_sku' and product_sku.meta_value = 'Caline-CP33', modified user: 
2020-08-12T03:09:54+07:00 pid: 22538, has web product json: {"sku":"Paramount-CD60CEM"}
2020-08-12T03:09:54+07:00 pid: 22538, query: selected row count = 0, sql: SELECT product.ID FROM ralamusi_2020.`wp_posts` as product LEFT JOIN ralamusi_2020.wp_postmeta as product_sku ON product.ID = product_sku.post_ID WHERE product_sku.meta_key = '_sku' and product_sku.meta_value = 'Paramount-CD60CEM', modified user: 
2020-08-12T03:09:55+07:00 pid: 22643, has web product json: {"sku":"NUX-DA-30BT"}
2020-08-12T03:09:55+07:00 pid: 22643, query: selected row count = 0, sql: SELECT product.ID FROM ralamusi_2020.`wp_posts` as product LEFT JOIN ralamusi_2020.wp_postmeta as product_sku ON product.ID = product_sku.post_ID WHERE product_sku.meta_key = '_sku' and product_sku.meta_value = 'NUX-DA-30BT', modified user: 
2020-08-12T08:46:04+07:00 pid: 25957, has web product json: {"sku":"Ernie-Ball-Classic-Jacquard-P04667"}
2020-08-12T08:46:04+07:00 pid: 25515, has web product json: {"sku":"Ernie-Ball-Classic-Jacquard-P04667"}
2020-08-12T08:46:04+07:00 pid: 25957, query: selected row count = 0, sql: SELECT product.ID FROM ralamusi_2020.`wp_posts` as product LEFT JOIN ralamusi_2020.wp_postmeta as product_sku ON product.ID = product_sku.post_ID WHERE product_sku.meta_key = '_sku' and product_sku.meta_value = 'Ernie-Ball-Classic-Jacquard-P04667', modified user: 
2020-08-12T08:46:04+07:00 pid: 25515, query: selected row count = 0, sql: SELECT product.ID FROM ralamusi_2020.`wp_posts` as product LEFT JOIN ralamusi_2020.wp_postmeta as product_sku ON product.ID = product_sku.post_ID WHERE product_sku.meta_key = '_sku' and product_sku.meta_value = 'Ernie-Ball-Classic-Jacquard-P04667', modified user: 
2020-08-12T08:46:04+07:00 pid: 25957, has web product json: {"sku":"Daddario-NYXL1149"}
2020-08-12T08:46:04+07:00 pid: 26246, has web product json: {"sku":"Daddario-NYXL1149"}
2020-08-12T08:46:04+07:00 pid: 25957, query: selected row count = 0, sql: SELECT product.ID FROM ralamusi_2020.`wp_posts` as product LEFT JOIN ralamusi_2020.wp_postmeta as product_sku ON product.ID = product_sku.post_ID WHERE product_sku.meta_key = '_sku' and product_sku.meta_value = 'Daddario-NYXL1149', modified user: 
2020-08-12T08:46:04+07:00 pid: 26246, query: selected row count = 0, sql: SELECT product.ID FROM ralamusi_2020.`wp_posts` as product LEFT JOIN ralamusi_2020.wp_postmeta as product_sku ON product.ID = product_sku.post_ID WHERE product_sku.meta_key = '_sku' and product_sku.meta_value = 'Daddario-NYXL1149', modified user: 
2020-08-12T08:46:04+07:00 pid: 25515, has web product json: {"sku":"Bullet-AC45R-BR"}
2020-08-12T08:46:04+07:00 pid: 26171, has web product json: {"sku":"Bullet-AC45R-BR"}
2020-08-12T08:46:04+07:00 pid: 25515, query: selected row count = 0, sql: SELECT product.ID FROM ralamusi_2020.`wp_posts` as product LEFT JOIN ralamusi_2020.wp_postmeta as product_sku ON product.ID = product_sku.post_ID WHERE product_sku.meta_key = '_sku' and product_sku.meta_value = 'Bullet-AC45R-BR', modified user: 
2020-08-12T08:46:04+07:00 pid: 26171, query: selected row count = 0, sql: SELECT product.ID FROM ralamusi_2020.`wp_posts` as product LEFT JOIN ralamusi_2020.wp_postmeta as product_sku ON product.ID = product_sku.post_ID WHERE product_sku.meta_key = '_sku' and product_sku.meta_value = 'Bullet-AC45R-BR', modified user: 
2020-08-12T08:46:05+07:00 pid: 25945, has web product json: {"sku":"Carlsbro-CC308"}
2020-08-12T08:46:05+07:00 pid: 25708, has web product json: {"sku":"Carlsbro-CC308"}
2020-08-12T08:46:05+07:00 pid: 25945, query: selected row count = 0, sql: SELECT product.ID FROM ralamusi_2020.`wp_posts` as product LEFT JOIN ralamusi_2020.wp_postmeta as product_sku ON product.ID = product_sku.post_ID WHERE product_sku.meta_key = '_sku' and product_sku.meta_value = 'Carlsbro-CC308', modified user: 
2020-08-12T08:46:05+07:00 pid: 25708, query: selected row count = 0, sql: SELECT product.ID FROM ralamusi_2020.`wp_posts` as product LEFT JOIN ralamusi_2020.wp_postmeta as product_sku ON product.ID = product_sku.post_ID WHERE product_sku.meta_key = '_sku' and product_sku.meta_value = 'Carlsbro-CC308', modified user: 
2020-08-12T08:46:05+07:00 pid: 25515, has web product json: {"sku":"Daddario-XLR8"}
2020-08-12T08:46:05+07:00 pid: 26171, has web product json: {"sku":"Daddario-XLR8"}
2020-08-12T08:46:05+07:00 pid: 25515, query: selected row count = 0, sql: SELECT product.ID FROM ralamusi_2020.`wp_posts` as product LEFT JOIN ralamusi_2020.wp_postmeta as product_sku ON product.ID = product_sku.post_ID WHERE product_sku.meta_key = '_sku' and product_sku.meta_value = 'Daddario-XLR8', modified user: 
2020-08-12T08:46:05+07:00 pid: 26171, query: selected row count = 0, sql: SELECT product.ID FROM ralamusi_2020.`wp_posts` as product LEFT JOIN ralamusi_2020.wp_postmeta as product_sku ON product.ID = product_sku.post_ID WHERE product_sku.meta_key = '_sku' and product_sku.meta_value = 'Daddario-XLR8', modified user: 
2020-08-12T08:46:05+07:00 pid: 26300, has web product json: {"sku":"Midiplus-AKM320"}
2020-08-12T08:46:05+07:00 pid: 25708, has web product json: {"sku":"Midiplus-AKM320"}
2020-08-12T08:46:05+07:00 pid: 25708, query: selected row count = 0, sql: SELECT product.ID FROM ralamusi_2020.`wp_posts` as product LEFT JOIN ralamusi_2020.wp_postmeta as product_sku ON product.ID = product_sku.post_ID WHERE product_sku.meta_key = '_sku' and product_sku.meta_value = 'Midiplus-AKM320', modified user: 
2020-08-12T08:46:05+07:00 pid: 26300, query: selected row count = 0, sql: SELECT product.ID FROM ralamusi_2020.`wp_posts` as product LEFT JOIN ralamusi_2020.wp_postmeta as product_sku ON product.ID = product_sku.post_ID WHERE product_sku.meta_key = '_sku' and product_sku.meta_value = 'Midiplus-AKM320', modified user: 
2020-08-12T08:46:06+07:00 pid: 22580, has web product json: {"sku":"KORG-microKEY-Air-49"}
2020-08-12T08:46:06+07:00 pid: 26317, has web product json: {"sku":"KORG-microKEY-Air-49"}
2020-08-12T08:46:06+07:00 pid: 26317, query: selected row count = 0, sql: SELECT product.ID FROM ralamusi_2020.`wp_posts` as product LEFT JOIN ralamusi_2020.wp_postmeta as product_sku ON product.ID = product_sku.post_ID WHERE product_sku.meta_key = '_sku' and product_sku.meta_value = 'KORG-microKEY-Air-49', modified user: 
2020-08-12T08:46:06+07:00 pid: 22580, query: selected row count = 0, sql: SELECT product.ID FROM ralamusi_2020.`wp_posts` as product LEFT JOIN ralamusi_2020.wp_postmeta as product_sku ON product.ID = product_sku.post_ID WHERE product_sku.meta_key = '_sku' and product_sku.meta_value = 'KORG-microKEY-Air-49', modified user: 
2020-08-12T08:46:06+07:00 pid: 25769, has web product json: {"sku":"NUX-Tube-Man-MKII-NOD-2"}
2020-08-12T08:46:06+07:00 pid: 26300, has web product json: {"sku":"NUX-Tube-Man-MKII-NOD-2"}
2020-08-12T08:46:06+07:00 pid: 25769, query: selected row count = 0, sql: SELECT product.ID FROM ralamusi_2020.`wp_posts` as product LEFT JOIN ralamusi_2020.wp_postmeta as product_sku ON product.ID = product_sku.post_ID WHERE product_sku.meta_key = '_sku' and product_sku.meta_value = 'NUX-Tube-Man-MKII-NOD-2', modified user: 
2020-08-12T08:46:06+07:00 pid: 26300, query: selected row count = 0, sql: SELECT product.ID FROM ralamusi_2020.`wp_posts` as product LEFT JOIN ralamusi_2020.wp_postmeta as product_sku ON product.ID = product_sku.post_ID WHERE product_sku.meta_key = '_sku' and product_sku.meta_value = 'NUX-Tube-Man-MKII-NOD-2', modified user: 
2020-08-12T08:46:06+07:00 pid: 26041, has web product json: {"sku":"Caline-CP-09"}
2020-08-12T08:46:06+07:00 pid: 26051, has web product json: {"sku":"Caline-CP-09"}
2020-08-12T08:46:06+07:00 pid: 26051, query: selected row count = 0, sql: SELECT product.ID FROM ralamusi_2020.`wp_posts` as product LEFT JOIN ralamusi_2020.wp_postmeta as product_sku ON product.ID = product_sku.post_ID WHERE product_sku.meta_key = '_sku' and product_sku.meta_value = 'Caline-CP-09', modified user: 
2020-08-12T08:46:06+07:00 pid: 26041, query: selected row count = 0, sql: SELECT product.ID FROM ralamusi_2020.`wp_posts` as product LEFT JOIN ralamusi_2020.wp_postmeta as product_sku ON product.ID = product_sku.post_ID WHERE product_sku.meta_key = '_sku' and product_sku.meta_value = 'Caline-CP-09', modified user: 
2020-08-12T08:46:07+07:00 pid: 25769, has web product json: {"sku":"Carlsbro-WAH02"}
2020-08-12T08:46:07+07:00 pid: 26317, has web product json: {"sku":"Carlsbro-WAH02"}
2020-08-12T08:46:07+07:00 pid: 25769, query: selected row count = 0, sql: SELECT product.ID FROM ralamusi_2020.`wp_posts` as product LEFT JOIN ralamusi_2020.wp_postmeta as product_sku ON product.ID = product_sku.post_ID WHERE product_sku.meta_key = '_sku' and product_sku.meta_value = 'Carlsbro-WAH02', modified user: 
2020-08-12T08:46:07+07:00 pid: 26317, query: selected row count = 0, sql: SELECT product.ID FROM ralamusi_2020.`wp_posts` as product LEFT JOIN ralamusi_2020.wp_postmeta as product_sku ON product.ID = product_sku.post_ID WHERE product_sku.meta_key = '_sku' and product_sku.meta_value = 'Carlsbro-WAH02', modified user: 
2020-08-12T08:46:09+07:00 pid: 26389, has web product json: {"sku":"KORG-microKEY-Air-25"}
2020-08-12T08:46:09+07:00 pid: 26389, query: selected row count = 0, sql: SELECT product.ID FROM ralamusi_2020.`wp_posts` as product LEFT JOIN ralamusi_2020.wp_postmeta as product_sku ON product.ID = product_sku.post_ID WHERE product_sku.meta_key = '_sku' and product_sku.meta_value = 'KORG-microKEY-Air-25', modified user: 
2020-08-12T08:46:09+07:00 pid: 26286, has web product json: {"sku":"KORG-microKEY-Air-37"}
2020-08-12T08:46:09+07:00 pid: 26286, query: selected row count = 0, sql: SELECT product.ID FROM ralamusi_2020.`wp_posts` as product LEFT JOIN ralamusi_2020.wp_postmeta as product_sku ON product.ID = product_sku.post_ID WHERE product_sku.meta_key = '_sku' and product_sku.meta_value = 'KORG-microKEY-Air-37', modified user: 
2020-08-12T08:46:09+07:00 pid: 26438, has web product json: {"sku":"KORG-microKEY-Air-49"}
2020-08-12T08:46:09+07:00 pid: 26438, query: selected row count = 0, sql: SELECT product.ID FROM ralamusi_2020.`wp_posts` as product LEFT JOIN ralamusi_2020.wp_postmeta as product_sku ON product.ID = product_sku.post_ID WHERE product_sku.meta_key = '_sku' and product_sku.meta_value = 'KORG-microKEY-Air-49', modified user: 
2020-08-12T08:46:10+07:00 pid: 26448, has web product json: {"sku":"KORG-microKEY-Air-61"}
2020-08-12T08:46:10+07:00 pid: 26448, query: selected row count = 0, sql: SELECT product.ID FROM ralamusi_2020.`wp_posts` as product LEFT JOIN ralamusi_2020.wp_postmeta as product_sku ON product.ID = product_sku.post_ID WHERE product_sku.meta_key = '_sku' and product_sku.meta_value = 'KORG-microKEY-Air-61', modified user: 
2020-08-12T08:46:36+07:00 pid: 25945, has web product json: {"sku":"Epiphone-AJ-210CE-LTD-Natrual"}
2020-08-12T08:46:36+07:00 pid: 25945, query: selected row count = 0, sql: SELECT product.ID FROM ralamusi_2020.`wp_posts` as product LEFT JOIN ralamusi_2020.wp_postmeta as product_sku ON product.ID = product_sku.post_ID WHERE product_sku.meta_key = '_sku' and product_sku.meta_value = 'Epiphone-AJ-210CE-LTD-Natrual', modified user: 
2020-08-12T08:46:37+07:00 pid: 26286, has web product json: {"sku":"Epiphone-AJ-210CE-LTD-Sunburst"}
2020-08-12T08:46:37+07:00 pid: 26286, query: selected row count = 0, sql: SELECT product.ID FROM ralamusi_2020.`wp_posts` as product LEFT JOIN ralamusi_2020.wp_postmeta as product_sku ON product.ID = product_sku.post_ID WHERE product_sku.meta_key = '_sku' and product_sku.meta_value = 'Epiphone-AJ-210CE-LTD-Sunburst', modified user: 
2020-08-12T08:46:37+07:00 pid: 25945, has web product json: {"sku":"Daddario-Cinchfit-PW-AJL-01"}
2020-08-12T08:46:37+07:00 pid: 25945, query: selected row count = 0, sql: SELECT product.ID FROM ralamusi_2020.`wp_posts` as product LEFT JOIN ralamusi_2020.wp_postmeta as product_sku ON product.ID = product_sku.post_ID WHERE product_sku.meta_key = '_sku' and product_sku.meta_value = 'Daddario-Cinchfit-PW-AJL-01', modified user: 
2020-08-12T08:46:37+07:00 pid: 25852, has web product json: {"sku":"Epiphone-AJ-220SCE-NT"}
2020-08-12T08:46:37+07:00 pid: 25852, query: selected row count = 0, sql: SELECT product.ID FROM ralamusi_2020.`wp_posts` as product LEFT JOIN ralamusi_2020.wp_postmeta as product_sku ON product.ID = product_sku.post_ID WHERE product_sku.meta_key = '_sku' and product_sku.meta_value = 'Epiphone-AJ-220SCE-NT', modified user: 
2020-08-12T08:46:37+07:00 pid: 25542, has web product json: {"sku":"Epiphone-AJ-220SCE-SB"}
2020-08-12T08:46:37+07:00 pid: 25542, query: selected row count = 0, sql: SELECT product.ID FROM ralamusi_2020.`wp_posts` as product LEFT JOIN ralamusi_2020.wp_postmeta as product_sku ON product.ID = product_sku.post_ID WHERE product_sku.meta_key = '_sku' and product_sku.meta_value = 'Epiphone-AJ-220SCE-SB', modified user: 
2020-08-12T08:46:38+07:00 pid: 25945, has web product json: {"sku":"Epiphone-AJ100CE"}
2020-08-12T08:46:38+07:00 pid: 25945, query: selected row count = 0, sql: SELECT product.ID FROM ralamusi_2020.`wp_posts` as product LEFT JOIN ralamusi_2020.wp_postmeta as product_sku ON product.ID = product_sku.post_ID WHERE product_sku.meta_key = '_sku' and product_sku.meta_value = 'Epiphone-AJ100CE', modified user: 
2020-08-12T08:46:38+07:00 pid: 26389, has web product json: {"sku":"Meinl-CAJ100BU-M"}
2020-08-12T08:46:38+07:00 pid: 26389, query: selected row count = 0, sql: SELECT product.ID FROM ralamusi_2020.`wp_posts` as product LEFT JOIN ralamusi_2020.wp_postmeta as product_sku ON product.ID = product_sku.post_ID WHERE product_sku.meta_key = '_sku' and product_sku.meta_value = 'Meinl-CAJ100BU-M', modified user: 
2020-08-12T08:46:38+07:00 pid: 25542, has web product json: {"sku":"Meinl-CAJ1CA-M"}
2020-08-12T08:46:38+07:00 pid: 25542, query: selected row count = 0, sql: SELECT product.ID FROM ralamusi_2020.`wp_posts` as product LEFT JOIN ralamusi_2020.wp_postmeta as product_sku ON product.ID = product_sku.post_ID WHERE product_sku.meta_key = '_sku' and product_sku.meta_value = 'Meinl-CAJ1CA-M', modified user: 
2020-08-12T08:46:38+07:00 pid: 25945, has web product json: {"sku":"Meinl-CAJ1EB-M"}
2020-08-12T08:46:38+07:00 pid: 25945, query success, sql: SELECT product.ID FROM ralamusi_2020.`wp_posts` as product LEFT JOIN ralamusi_2020.wp_postmeta as product_sku ON product.ID = product_sku.post_ID WHERE product_sku.meta_key = '_sku' and product_sku.meta_value = 'Meinl-CAJ1EB-M', modified user: 
2020-08-12T08:46:39+07:00 pid: 25267, has web product json: {"sku":"Meinl-CAJ1SNT-M"}
2020-08-12T08:46:39+07:00 pid: 25267, query success, sql: SELECT product.ID FROM ralamusi_2020.`wp_posts` as product LEFT JOIN ralamusi_2020.wp_postmeta as product_sku ON product.ID = product_sku.post_ID WHERE product_sku.meta_key = '_sku' and product_sku.meta_value = 'Meinl-CAJ1SNT-M', modified user: 
2020-08-12T08:47:10+07:00 pid: 26609, has web product json: {"sku":"Vox-sdc-1-bk"}
2020-08-12T08:47:10+07:00 pid: 26609, query: selected row count = 0, sql: SELECT product.ID FROM ralamusi_2020.`wp_posts` as product LEFT JOIN ralamusi_2020.wp_postmeta as product_sku ON product.ID = product_sku.post_ID WHERE product_sku.meta_key = '_sku' and product_sku.meta_value = 'Vox-sdc-1-bk', modified user: 
2020-08-12T08:47:10+07:00 pid: 25640, has web product json: {"sku":"Vox-sdc-1-rd"}
2020-08-12T08:47:10+07:00 pid: 25640, query: selected row count = 0, sql: SELECT product.ID FROM ralamusi_2020.`wp_posts` as product LEFT JOIN ralamusi_2020.wp_postmeta as product_sku ON product.ID = product_sku.post_ID WHERE product_sku.meta_key = '_sku' and product_sku.meta_value = 'Vox-sdc-1-rd', modified user: 
2020-08-12T08:47:10+07:00 pid: 26609, has web product json: {"sku":"Vox-sdc-1-wh"}
2020-08-12T08:47:10+07:00 pid: 26609, query: selected row count = 0, sql: SELECT product.ID FROM ralamusi_2020.`wp_posts` as product LEFT JOIN ralamusi_2020.wp_postmeta as product_sku ON product.ID = product_sku.post_ID WHERE product_sku.meta_key = '_sku' and product_sku.meta_value = 'Vox-sdc-1-wh', modified user: 
2020-08-12T08:47:11+07:00 pid: 25669, has web product json: {"sku":"1132536512-1591417840607-0"}
2020-08-12T08:47:11+07:00 pid: 25669, query: selected row count = 0, sql: SELECT product.ID FROM ralamusi_2020.`wp_posts` as product LEFT JOIN ralamusi_2020.wp_postmeta as product_sku ON product.ID = product_sku.post_ID WHERE product_sku.meta_key = '_sku' and product_sku.meta_value = '1132536512-1591417840607-0', modified user: 
2020-08-12T08:47:11+07:00 pid: 25429, has web product json: {"sku":"3531-1575336982582-0"}
2020-08-12T08:47:11+07:00 pid: 25429, query: selected row count = 0, sql: SELECT product.ID FROM ralamusi_2020.`wp_posts` as product LEFT JOIN ralamusi_2020.wp_postmeta as product_sku ON product.ID = product_sku.post_ID WHERE product_sku.meta_key = '_sku' and product_sku.meta_value = '3531-1575336982582-0', modified user: 
2020-08-12T08:47:11+07:00 pid: 26609, has web product json: {"sku":"360064310-1563173514259-0"}
2020-08-12T08:47:11+07:00 pid: 26609, query: selected row count = 0, sql: SELECT product.ID FROM ralamusi_2020.`wp_posts` as product LEFT JOIN ralamusi_2020.wp_postmeta as product_sku ON product.ID = product_sku.post_ID WHERE product_sku.meta_key = '_sku' and product_sku.meta_value = '360064310-1563173514259-0', modified user: 
2020-08-12T08:47:11+07:00 pid: 26063, has web product json: {"sku":"370092255-1564110030439-0"}
2020-08-12T08:47:11+07:00 pid: 26063, query: selected row count = 0, sql: SELECT product.ID FROM ralamusi_2020.`wp_posts` as product LEFT JOIN ralamusi_2020.wp_postmeta as product_sku ON product.ID = product_sku.post_ID WHERE product_sku.meta_key = '_sku' and product_sku.meta_value = '370092255-1564110030439-0', modified user: 
2020-08-12T08:47:12+07:00 pid: 22580, has web product json: {"sku":"AROMA-AC01BL"}
2020-08-12T08:47:12+07:00 pid: 22580, query: selected row count = 0, sql: SELECT product.ID FROM ralamusi_2020.`wp_posts` as product LEFT JOIN ralamusi_2020.wp_postmeta as product_sku ON product.ID = product_sku.post_ID WHERE product_sku.meta_key = '_sku' and product_sku.meta_value = 'AROMA-AC01BL', modified user: 
2020-08-12T08:47:12+07:00 pid: 25521, has web product json: {"sku":"AROMA-AC01YL"}
2020-08-12T08:47:12+07:00 pid: 25521, query: selected row count = 0, sql: SELECT product.ID FROM ralamusi_2020.`wp_posts` as product LEFT JOIN ralamusi_2020.wp_postmeta as product_sku ON product.ID = product_sku.post_ID WHERE product_sku.meta_key = '_sku' and product_sku.meta_value = 'AROMA-AC01YL', modified user: 
2020-08-12T08:47:12+07:00 pid: 25429, has web product json: {"sku":"AROMA-AC11"}
2020-08-12T08:47:12+07:00 pid: 25429, query: selected row count = 0, sql: SELECT product.ID FROM ralamusi_2020.`wp_posts` as product LEFT JOIN ralamusi_2020.wp_postmeta as product_sku ON product.ID = product_sku.post_ID WHERE product_sku.meta_key = '_sku' and product_sku.meta_value = 'AROMA-AC11', modified user: 
2020-08-12T08:47:56+07:00 pid: 25945, has web product json: {"sku":"Vox-Pathfinder10"}
2020-08-12T08:47:56+07:00 pid: 25945, query: selected row count = 0, sql: SELECT product.ID FROM ralamusi_2020.`wp_posts` as product LEFT JOIN ralamusi_2020.wp_postmeta as product_sku ON product.ID = product_sku.post_ID WHERE product_sku.meta_key = '_sku' and product_sku.meta_value = 'Vox-Pathfinder10', modified user: 
2020-08-12T08:47:56+07:00 pid: 26383, has web product json: {"sku":"Vox-Pathfinder10-Bass"}
2020-08-12T08:47:56+07:00 pid: 26383, query: selected row count = 0, sql: SELECT product.ID FROM ralamusi_2020.`wp_posts` as product LEFT JOIN ralamusi_2020.wp_postmeta as product_sku ON product.ID = product_sku.post_ID WHERE product_sku.meta_key = '_sku' and product_sku.meta_value = 'Vox-Pathfinder10-Bass', modified user: 
2020-08-12T08:47:56+07:00 pid: 26708, has web product json: {"sku":"360064310-1563173514259-0"}
2020-08-12T08:47:56+07:00 pid: 26708, query: selected row count = 0, sql: SELECT product.ID FROM ralamusi_2020.`wp_posts` as product LEFT JOIN ralamusi_2020.wp_postmeta as product_sku ON product.ID = product_sku.post_ID WHERE product_sku.meta_key = '_sku' and product_sku.meta_value = '360064310-1563173514259-0', modified user: 
2020-08-12T08:47:56+07:00 pid: 25945, has web product json: {"sku":"AROMA-AG-10-FC"}
2020-08-12T08:47:56+07:00 pid: 25945, query: selected row count = 0, sql: SELECT product.ID FROM ralamusi_2020.`wp_posts` as product LEFT JOIN ralamusi_2020.wp_postmeta as product_sku ON product.ID = product_sku.post_ID WHERE product_sku.meta_key = '_sku' and product_sku.meta_value = 'AROMA-AG-10-FC', modified user: 
2020-08-12T08:47:57+07:00 pid: 26383, has web product json: {"sku":"AROMA-AG-10BK-FC"}
2020-08-12T08:47:57+07:00 pid: 26383, query: selected row count = 0, sql: SELECT product.ID FROM ralamusi_2020.`wp_posts` as product LEFT JOIN ralamusi_2020.wp_postmeta as product_sku ON product.ID = product_sku.post_ID WHERE product_sku.meta_key = '_sku' and product_sku.meta_value = 'AROMA-AG-10BK-FC', modified user: 
2020-08-12T08:47:57+07:00 pid: 25865, has web product json: {"sku":"AROMA-AG10"}
2020-08-12T08:47:57+07:00 pid: 25865, query: selected row count = 0, sql: SELECT product.ID FROM ralamusi_2020.`wp_posts` as product LEFT JOIN ralamusi_2020.wp_postmeta as product_sku ON product.ID = product_sku.post_ID WHERE product_sku.meta_key = '_sku' and product_sku.meta_value = 'AROMA-AG10', modified user: 
2020-08-12T08:47:57+07:00 pid: 26708, has web product json: {"sku":"AROMA-AG10A"}
2020-08-12T08:47:57+07:00 pid: 26708, query: selected row count = 0, sql: SELECT product.ID FROM ralamusi_2020.`wp_posts` as product LEFT JOIN ralamusi_2020.wp_postmeta as product_sku ON product.ID = product_sku.post_ID WHERE product_sku.meta_key = '_sku' and product_sku.meta_value = 'AROMA-AG10A', modified user: 
2020-08-12T08:47:57+07:00 pid: 26383, has web product json: {"sku":"AROMA-AG10A-FCS"}
2020-08-12T08:47:57+07:00 pid: 26383, query: selected row count = 0, sql: SELECT product.ID FROM ralamusi_2020.`wp_posts` as product LEFT JOIN ralamusi_2020.wp_postmeta as product_sku ON product.ID = product_sku.post_ID WHERE product_sku.meta_key = '_sku' and product_sku.meta_value = 'AROMA-AG10A-FCS', modified user: 
2020-08-12T08:47:58+07:00 pid: 26770, has web product json: {"sku":"AROMA-AG10BK"}
2020-08-12T08:47:58+07:00 pid: 26770, query: selected row count = 0, sql: SELECT product.ID FROM ralamusi_2020.`wp_posts` as product LEFT JOIN ralamusi_2020.wp_postmeta as product_sku ON product.ID = product_sku.post_ID WHERE product_sku.meta_key = '_sku' and product_sku.meta_value = 'AROMA-AG10BK', modified user: 
2020-08-12T08:47:58+07:00 pid: 26171, has web product json: {"sku":"AROMA-AT101"}
2020-08-12T08:47:58+07:00 pid: 26171, query: selected row count = 0, sql: SELECT product.ID FROM ralamusi_2020.`wp_posts` as product LEFT JOIN ralamusi_2020.wp_postmeta as product_sku ON product.ID = product_sku.post_ID WHERE product_sku.meta_key = '_sku' and product_sku.meta_value = 'AROMA-AT101', modified user: 
2020-08-12T08:49:10+07:00 pid: 27241, has web product json: {"sku":"On Stage-GCE6000T"}
2020-08-12T08:49:10+07:00 pid: 27241, query success, sql: SELECT product.ID FROM ralamusi_2020.`wp_posts` as product LEFT JOIN ralamusi_2020.wp_postmeta as product_sku ON product.ID = product_sku.post_ID WHERE product_sku.meta_key = '_sku' and product_sku.meta_value = 'On Stage-GCE6000T', modified user: 
2020-08-12T08:49:11+07:00 pid: 27241, has web product json: {"sku":"On-Stage-DS7200B"}
2020-08-12T08:49:11+07:00 pid: 27241, query success, sql: SELECT product.ID FROM ralamusi_2020.`wp_posts` as product LEFT JOIN ralamusi_2020.wp_postmeta as product_sku ON product.ID = product_sku.post_ID WHERE product_sku.meta_key = '_sku' and product_sku.meta_value = 'On-Stage-DS7200B', modified user: 
2020-08-12T08:49:11+07:00 pid: 25640, has web product json: {"sku":"On-Stage-DSB6700"}
2020-08-12T08:49:11+07:00 pid: 25640, query success, sql: SELECT product.ID FROM ralamusi_2020.`wp_posts` as product LEFT JOIN ralamusi_2020.wp_postmeta as product_sku ON product.ID = product_sku.post_ID WHERE product_sku.meta_key = '_sku' and product_sku.meta_value = 'On-Stage-DSB6700', modified user: 
2020-08-12T08:49:11+07:00 pid: 27062, has web product json: {"sku":"On-Stage-GPCE5550"}
2020-08-12T08:49:11+07:00 pid: 27062, query success, sql: SELECT product.ID FROM ralamusi_2020.`wp_posts` as product LEFT JOIN ralamusi_2020.wp_postmeta as product_sku ON product.ID = product_sku.post_ID WHERE product_sku.meta_key = '_sku' and product_sku.meta_value = 'On-Stage-GPCE5550', modified user: 
2020-08-12T08:49:11+07:00 pid: 26719, has web product json: {"sku":"On-Stage-GS5000"}
2020-08-12T08:49:11+07:00 pid: 26719, query success, sql: SELECT product.ID FROM ralamusi_2020.`wp_posts` as product LEFT JOIN ralamusi_2020.wp_postmeta as product_sku ON product.ID = product_sku.post_ID WHERE product_sku.meta_key = '_sku' and product_sku.meta_value = 'On-Stage-GS5000', modified user: 
2020-08-12T08:49:12+07:00 pid: 22580, has web product json: {"sku":"On-Stage-GS7140"}
2020-08-12T08:49:12+07:00 pid: 22580, query success, sql: SELECT product.ID FROM ralamusi_2020.`wp_posts` as product LEFT JOIN ralamusi_2020.wp_postmeta as product_sku ON product.ID = product_sku.post_ID WHERE product_sku.meta_key = '_sku' and product_sku.meta_value = 'On-Stage-GS7140', modified user: 
2020-08-12T08:49:12+07:00 pid: 26734, has web product json: {"sku":"On-Stage-GS7155"}
2020-08-12T08:49:12+07:00 pid: 26734, query success, sql: SELECT product.ID FROM ralamusi_2020.`wp_posts` as product LEFT JOIN ralamusi_2020.wp_postmeta as product_sku ON product.ID = product_sku.post_ID WHERE product_sku.meta_key = '_sku' and product_sku.meta_value = 'On-Stage-GS7155', modified user: 
2020-08-12T08:49:12+07:00 pid: 26734, has web product json: {"sku":"On-Stage-GS7655"}
2020-08-12T08:49:12+07:00 pid: 26734, query success, sql: SELECT product.ID FROM ralamusi_2020.`wp_posts` as product LEFT JOIN ralamusi_2020.wp_postmeta as product_sku ON product.ID = product_sku.post_ID WHERE product_sku.meta_key = '_sku' and product_sku.meta_value = 'On-Stage-GS7655', modified user: 
2020-08-12T08:49:12+07:00 pid: 26719, has web product json: {"sku":"On-Stage-GS7730"}
2020-08-12T08:49:12+07:00 pid: 26719, query success, sql: SELECT product.ID FROM ralamusi_2020.`wp_posts` as product LEFT JOIN ralamusi_2020.wp_postmeta as product_sku ON product.ID = product_sku.post_ID WHERE product_sku.meta_key = '_sku' and product_sku.meta_value = 'On-Stage-GS7730', modified user: 
2020-08-12T08:49:13+07:00 pid: 27014, has web product json: {"sku":"On-Stage-KS6150"}
2020-08-12T08:49:13+07:00 pid: 27014, query success, sql: SELECT product.ID FROM ralamusi_2020.`wp_posts` as product LEFT JOIN ralamusi_2020.wp_postmeta as product_sku ON product.ID = product_sku.post_ID WHERE product_sku.meta_key = '_sku' and product_sku.meta_value = 'On-Stage-KS6150', modified user: 
2020-08-12T08:49:33+07:00 pid: 27050, has web product json: {"sku":"On-Stage-KS7350"}
2020-08-12T08:49:33+07:00 pid: 27050, query success, sql: SELECT product.ID FROM ralamusi_2020.`wp_posts` as product LEFT JOIN ralamusi_2020.wp_postmeta as product_sku ON product.ID = product_sku.post_ID WHERE product_sku.meta_key = '_sku' and product_sku.meta_value = 'On-Stage-KS7350', modified user: 
2020-08-12T08:49:33+07:00 pid: 27304, has web product json: {"sku":"On-Stage-KS7365EJ"}
2020-08-12T08:49:33+07:00 pid: 27304, query success, sql: SELECT product.ID FROM ralamusi_2020.`wp_posts` as product LEFT JOIN ralamusi_2020.wp_postmeta as product_sku ON product.ID = product_sku.post_ID WHERE product_sku.meta_key = '_sku' and product_sku.meta_value = 'On-Stage-KS7365EJ', modified user: 
2020-08-12T08:49:33+07:00 pid: 27241, has web product json: {"sku":"On-Stage-KSA7500"}
2020-08-12T08:49:34+07:00 pid: 27241, query success, sql: SELECT product.ID FROM ralamusi_2020.`wp_posts` as product LEFT JOIN ralamusi_2020.wp_postmeta as product_sku ON product.ID = product_sku.post_ID WHERE product_sku.meta_key = '_sku' and product_sku.meta_value = 'On-Stage-KSA7500', modified user: 
2020-08-12T08:49:34+07:00 pid: 25640, has web product json: {"sku":"On-Stage-MS7411B"}
2020-08-12T08:49:34+07:00 pid: 25640, query success, sql: SELECT product.ID FROM ralamusi_2020.`wp_posts` as product LEFT JOIN ralamusi_2020.wp_postmeta as product_sku ON product.ID = product_sku.post_ID WHERE product_sku.meta_key = '_sku' and product_sku.meta_value = 'On-Stage-MS7411B', modified user: 
2020-08-12T08:49:34+07:00 pid: 26171, has web product json: {"sku":"On-Stage-MS7920B"}
2020-08-12T08:49:34+07:00 pid: 26171, query success, sql: SELECT product.ID FROM ralamusi_2020.`wp_posts` as product LEFT JOIN ralamusi_2020.wp_postmeta as product_sku ON product.ID = product_sku.post_ID WHERE product_sku.meta_key = '_sku' and product_sku.meta_value = 'On-Stage-MS7920B', modified user: 
2020-08-12T08:49:34+07:00 pid: 27050, has web product json: {"sku":"On-Stage-RS4000"}
2020-08-12T08:49:34+07:00 pid: 27050, query success, sql: SELECT product.ID FROM ralamusi_2020.`wp_posts` as product LEFT JOIN ralamusi_2020.wp_postmeta as product_sku ON product.ID = product_sku.post_ID WHERE product_sku.meta_key = '_sku' and product_sku.meta_value = 'On-Stage-RS4000', modified user: 
2020-08-12T08:49:34+07:00 pid: 26171, has web product json: {"sku":"On-Stage-RS6000"}
2020-08-12T08:49:34+07:00 pid: 26171, query success, sql: SELECT product.ID FROM ralamusi_2020.`wp_posts` as product LEFT JOIN ralamusi_2020.wp_postmeta as product_sku ON product.ID = product_sku.post_ID WHERE product_sku.meta_key = '_sku' and product_sku.meta_value = 'On-Stage-RS6000', modified user: 
2020-08-12T08:49:35+07:00 pid: 25640, has web product json: {"sku":"On-Stage-RS7000"}
2020-08-12T08:49:35+07:00 pid: 25640, query success, sql: SELECT product.ID FROM ralamusi_2020.`wp_posts` as product LEFT JOIN ralamusi_2020.wp_postmeta as product_sku ON product.ID = product_sku.post_ID WHERE product_sku.meta_key = '_sku' and product_sku.meta_value = 'On-Stage-RS7000', modified user: 
2020-08-12T08:49:35+07:00 pid: 25865, has web product json: {"sku":"On-Stage-RS7500"}
2020-08-12T08:49:35+07:00 pid: 25865, query success, sql: SELECT product.ID FROM ralamusi_2020.`wp_posts` as product LEFT JOIN ralamusi_2020.wp_postmeta as product_sku ON product.ID = product_sku.post_ID WHERE product_sku.meta_key = '_sku' and product_sku.meta_value = 'On-Stage-RS7500', modified user: 
2020-08-12T08:49:35+07:00 pid: 22580, has web product json: {"sku":"On-Stage-RS7500-w\/MSA7500CB"}
2020-08-12T08:49:35+07:00 pid: 22580, query success, sql: SELECT product.ID FROM ralamusi_2020.`wp_posts` as product LEFT JOIN ralamusi_2020.wp_postmeta as product_sku ON product.ID = product_sku.post_ID WHERE product_sku.meta_key = '_sku' and product_sku.meta_value = 'On-Stage-RS7500-w/MSA7500CB', modified user: 
2020-08-12T08:50:04+07:00 pid: 27555, has web product json: {"sku":"On-Stage-WGS-100"}
2020-08-12T08:50:04+07:00 pid: 27555, query success, sql: SELECT product.ID FROM ralamusi_2020.`wp_posts` as product LEFT JOIN ralamusi_2020.wp_postmeta as product_sku ON product.ID = product_sku.post_ID WHERE product_sku.meta_key = '_sku' and product_sku.meta_value = 'On-Stage-WGS-100', modified user: 
2020-08-12T08:50:05+07:00 pid: 27554, has web product json: {"sku":"On-Stage-XCG-4"}
2020-08-12T08:50:05+07:00 pid: 27554, query success, sql: SELECT product.ID FROM ralamusi_2020.`wp_posts` as product LEFT JOIN ralamusi_2020.wp_postmeta as product_sku ON product.ID = product_sku.post_ID WHERE product_sku.meta_key = '_sku' and product_sku.meta_value = 'On-Stage-XCG-4', modified user: 
2020-08-12T08:50:06+07:00 pid: 27560, has web product json: {"sku":"Samson-Stage-XPD1-Handheld"}
2020-08-12T08:50:06+07:00 pid: 27560, query success, sql: SELECT product.ID FROM ralamusi_2020.`wp_posts` as product LEFT JOIN ralamusi_2020.wp_postmeta as product_sku ON product.ID = product_sku.post_ID WHERE product_sku.meta_key = '_sku' and product_sku.meta_value = 'Samson-Stage-XPD1-Handheld', modified user: 
2020-08-12T08:50:07+07:00 pid: 27481, has web product json: {"sku":"Yamaha-Stage-Custom-Snare-HAB"}
2020-08-12T08:50:07+07:00 pid: 27481, query: selected row count = 0, sql: SELECT product.ID FROM ralamusi_2020.`wp_posts` as product LEFT JOIN ralamusi_2020.wp_postmeta as product_sku ON product.ID = product_sku.post_ID WHERE product_sku.meta_key = '_sku' and product_sku.meta_value = 'Yamaha-Stage-Custom-Snare-HAB', modified user: 
2020-08-12T08:50:07+07:00 pid: 27197, has web product json: {"sku":"AKAI-Fire-Midi-Controller"}
2020-08-12T08:50:07+07:00 pid: 27197, query: selected row count = 0, sql: SELECT product.ID FROM ralamusi_2020.`wp_posts` as product LEFT JOIN ralamusi_2020.wp_postmeta as product_sku ON product.ID = product_sku.post_ID WHERE product_sku.meta_key = '_sku' and product_sku.meta_value = 'AKAI-Fire-Midi-Controller', modified user: 
2020-08-12T08:50:08+07:00 pid: 27555, has web product json: {"sku":"Adonis-GW-305BK"}
2020-08-12T08:50:08+07:00 pid: 27555, query: selected row count = 0, sql: SELECT product.ID FROM ralamusi_2020.`wp_posts` as product LEFT JOIN ralamusi_2020.wp_postmeta as product_sku ON product.ID = product_sku.post_ID WHERE product_sku.meta_key = '_sku' and product_sku.meta_value = 'Adonis-GW-305BK', modified user: 
2020-08-12T08:50:08+07:00 pid: 27197, has web product json: {"sku":"Adonis-GW-305C-BK"}
2020-08-12T08:50:08+07:00 pid: 27197, query: selected row count = 0, sql: SELECT product.ID FROM ralamusi_2020.`wp_posts` as product LEFT JOIN ralamusi_2020.wp_postmeta as product_sku ON product.ID = product_sku.post_ID WHERE product_sku.meta_key = '_sku' and product_sku.meta_value = 'Adonis-GW-305C-BK', modified user: 
2020-08-12T08:50:08+07:00 pid: 27554, has web product json: {"sku":"Adonis-GW-305N"}
2020-08-12T08:50:08+07:00 pid: 27554, query: selected row count = 0, sql: SELECT product.ID FROM ralamusi_2020.`wp_posts` as product LEFT JOIN ralamusi_2020.wp_postmeta as product_sku ON product.ID = product_sku.post_ID WHERE product_sku.meta_key = '_sku' and product_sku.meta_value = 'Adonis-GW-305N', modified user: 
2020-08-12T08:50:09+07:00 pid: 27050, has web product json: {"sku":"Adonis-HS-360BK"}
2020-08-12T08:50:09+07:00 pid: 27050, query: selected row count = 0, sql: SELECT product.ID FROM ralamusi_2020.`wp_posts` as product LEFT JOIN ralamusi_2020.wp_postmeta as product_sku ON product.ID = product_sku.post_ID WHERE product_sku.meta_key = '_sku' and product_sku.meta_value = 'Adonis-HS-360BK', modified user: 
2020-08-12T08:50:10+07:00 pid: 26171, has web product json: {"sku":"Adonis-HS520-TBLS"}
2020-08-12T08:50:10+07:00 pid: 26171, query: selected row count = 0, sql: SELECT product.ID FROM ralamusi_2020.`wp_posts` as product LEFT JOIN ralamusi_2020.wp_postmeta as product_sku ON product.ID = product_sku.post_ID WHERE product_sku.meta_key = '_sku' and product_sku.meta_value = 'Adonis-HS520-TBLS', modified user: 
2020-08-12T08:50:19+07:00 pid: 29524, has web product json: {"sku":"Alctron-CU28"}
2020-08-12T08:50:19+07:00 pid: 29524, query: selected row count = 0, sql: SELECT product.ID FROM ralamusi_2020.`wp_posts` as product LEFT JOIN ralamusi_2020.wp_postmeta as product_sku ON product.ID = product_sku.post_ID WHERE product_sku.meta_key = '_sku' and product_sku.meta_value = 'Alctron-CU28', modified user: 
2020-08-12T08:50:19+07:00 pid: 27481, has web product json: {"sku":"Alctron-CU58"}
2020-08-12T08:50:19+07:00 pid: 27481, query: selected row count = 0, sql: SELECT product.ID FROM ralamusi_2020.`wp_posts` as product LEFT JOIN ralamusi_2020.wp_postmeta as product_sku ON product.ID = product_sku.post_ID WHERE product_sku.meta_key = '_sku' and product_sku.meta_value = 'Alctron-CU58', modified user: 
2020-08-12T08:50:19+07:00 pid: 27536, has web product json: {"sku":"Alctron-CU58-Pro"}
2020-08-12T08:50:19+07:00 pid: 27536, query: selected row count = 0, sql: SELECT product.ID FROM ralamusi_2020.`wp_posts` as product LEFT JOIN ralamusi_2020.wp_postmeta as product_sku ON product.ID = product_sku.post_ID WHERE product_sku.meta_key = '_sku' and product_sku.meta_value = 'Alctron-CU58-Pro', modified user: 
2020-08-12T08:50:20+07:00 pid: 27555, has web product json: {"sku":"Alctron-EPP005-X2"}
2020-08-12T08:50:20+07:00 pid: 27555, query: selected row count = 0, sql: SELECT product.ID FROM ralamusi_2020.`wp_posts` as product LEFT JOIN ralamusi_2020.wp_postmeta as product_sku ON product.ID = product_sku.post_ID WHERE product_sku.meta_key = '_sku' and product_sku.meta_value = 'Alctron-EPP005-X2', modified user: 
2020-08-12T08:50:20+07:00 pid: 27502, has web product json: {"sku":"Alctron-EPP007-X2"}
2020-08-12T08:50:20+07:00 pid: 27502, query: selected row count = 0, sql: SELECT product.ID FROM ralamusi_2020.`wp_posts` as product LEFT JOIN ralamusi_2020.wp_postmeta as product_sku ON product.ID = product_sku.post_ID WHERE product_sku.meta_key = '_sku' and product_sku.meta_value = 'Alctron-EPP007-X2', modified user: 
2020-08-12T08:50:20+07:00 pid: 26734, has web product json: {"sku":"Alctron-EPP008-X2"}
2020-08-12T08:50:20+07:00 pid: 26734, query: selected row count = 0, sql: SELECT product.ID FROM ralamusi_2020.`wp_posts` as product LEFT JOIN ralamusi_2020.wp_postmeta as product_sku ON product.ID = product_sku.post_ID WHERE product_sku.meta_key = '_sku' and product_sku.meta_value = 'Alctron-EPP008-X2', modified user: 
2020-08-12T08:50:20+07:00 pid: 27555, has web product json: {"sku":"Alctron-HP280"}
2020-08-12T08:50:20+07:00 pid: 27555, query: selected row count = 0, sql: SELECT product.ID FROM ralamusi_2020.`wp_posts` as product LEFT JOIN ralamusi_2020.wp_postmeta as product_sku ON product.ID = product_sku.post_ID WHERE product_sku.meta_key = '_sku' and product_sku.meta_value = 'Alctron-HP280', modified user: 
2020-08-12T08:50:21+07:00 pid: 27555, has web product json: {"sku":"Alctron-IS-6-iPad-Air-Holder"}
2020-08-12T08:50:21+07:00 pid: 27555, query: selected row count = 0, sql: SELECT product.ID FROM ralamusi_2020.`wp_posts` as product LEFT JOIN ralamusi_2020.wp_postmeta as product_sku ON product.ID = product_sku.post_ID WHERE product_sku.meta_key = '_sku' and product_sku.meta_value = 'Alctron-IS-6-iPad-Air-Holder', modified user: 
2020-08-12T08:50:21+07:00 pid: 27502, has web product json: {"sku":"Alctron-IS-8-iPad-Mini-Holder"}
2020-08-12T08:50:21+07:00 pid: 27502, query: selected row count = 0, sql: SELECT product.ID FROM ralamusi_2020.`wp_posts` as product LEFT JOIN ralamusi_2020.wp_postmeta as product_sku ON product.ID = product_sku.post_ID WHERE product_sku.meta_key = '_sku' and product_sku.meta_value = 'Alctron-IS-8-iPad-Mini-Holder', modified user: 
2020-08-12T08:50:21+07:00 pid: 27304, has web product json: {"sku":"Alctron-K5"}
2020-08-12T08:50:21+07:00 pid: 27304, query success, sql: SELECT product.ID FROM ralamusi_2020.`wp_posts` as product LEFT JOIN ralamusi_2020.wp_postmeta as product_sku ON product.ID = product_sku.post_ID WHERE product_sku.meta_key = '_sku' and product_sku.meta_value = 'Alctron-K5', modified user: 
2020-08-12T08:52:25+07:00 pid: 29918, has web product json: {"sku":"Daddario-EXP170-5"}
2020-08-12T08:52:25+07:00 pid: 29918, query: selected row count = 0, sql: SELECT product.ID FROM ralamusi_2020.`wp_posts` as product LEFT JOIN ralamusi_2020.wp_postmeta as product_sku ON product.ID = product_sku.post_ID WHERE product_sku.meta_key = '_sku' and product_sku.meta_value = 'Daddario-EXP170-5', modified user: 
2020-08-12T08:52:49+07:00 pid: 30298, has web product json: {"sku":"Daddario-EXP140"}
2020-08-12T08:52:49+07:00 pid: 30298, query: selected row count = 0, sql: SELECT product.ID FROM ralamusi_2020.`wp_posts` as product LEFT JOIN ralamusi_2020.wp_postmeta as product_sku ON product.ID = product_sku.post_ID WHERE product_sku.meta_key = '_sku' and product_sku.meta_value = 'Daddario-EXP140', modified user: 
2020-08-12T08:53:17+07:00 pid: 29972, has web product json: {"sku":"Daddario-EXL230"}
2020-08-12T08:53:17+07:00 pid: 29972, query: selected row count = 0, sql: SELECT product.ID FROM ralamusi_2020.`wp_posts` as product LEFT JOIN ralamusi_2020.wp_postmeta as product_sku ON product.ID = product_sku.post_ID WHERE product_sku.meta_key = '_sku' and product_sku.meta_value = 'Daddario-EXL230', modified user: 
2020-08-12T08:53:39+07:00 pid: 30470, has web product json: {"sku":"Daddario-EJ41"}
2020-08-12T08:53:39+07:00 pid: 30470, query success, sql: SELECT product.ID FROM ralamusi_2020.`wp_posts` as product LEFT JOIN ralamusi_2020.wp_postmeta as product_sku ON product.ID = product_sku.post_ID WHERE product_sku.meta_key = '_sku' and product_sku.meta_value = 'Daddario-EJ41', modified user: 
2020-08-12T08:54:05+07:00 pid: 30298, has web product json: {"sku":"Daddario-EXP115"}
2020-08-12T08:54:05+07:00 pid: 30298, query: selected row count = 0, sql: SELECT product.ID FROM ralamusi_2020.`wp_posts` as product LEFT JOIN ralamusi_2020.wp_postmeta as product_sku ON product.ID = product_sku.post_ID WHERE product_sku.meta_key = '_sku' and product_sku.meta_value = 'Daddario-EXP115', modified user: 
2020-08-12T10:50:45+07:00 pid: 27228, has web product json: {"sku":"Carlsbro-PBK"}
2020-08-12T10:50:45+07:00 pid: 25241, has web product json: {"sku":"Carlsbro-PBK"}
2020-08-12T10:50:45+07:00 pid: 27228, query: selected row count = 0, sql: SELECT product.ID FROM ralamusi_2020.`wp_posts` as product LEFT JOIN ralamusi_2020.wp_postmeta as product_sku ON product.ID = product_sku.post_ID WHERE product_sku.meta_key = '_sku' and product_sku.meta_value = 'Carlsbro-PBK', modified user: 
2020-08-12T10:50:45+07:00 pid: 25241, query: selected row count = 0, sql: SELECT product.ID FROM ralamusi_2020.`wp_posts` as product LEFT JOIN ralamusi_2020.wp_postmeta as product_sku ON product.ID = product_sku.post_ID WHERE product_sku.meta_key = '_sku' and product_sku.meta_value = 'Carlsbro-PBK', modified user: 
2020-08-12T10:50:45+07:00 pid: 26589, has web product json: {"sku":"Daddario-EXP115"}
2020-08-12T10:50:45+07:00 pid: 26589, query: selected row count = 0, sql: SELECT product.ID FROM ralamusi_2020.`wp_posts` as product LEFT JOIN ralamusi_2020.wp_postmeta as product_sku ON product.ID = product_sku.post_ID WHERE product_sku.meta_key = '_sku' and product_sku.meta_value = 'Daddario-EXP115', modified user: 
2020-08-12T10:50:45+07:00 pid: 26910, has web product json: {"sku":"Daddario-EXP115"}
2020-08-12T10:50:45+07:00 pid: 26910, query: selected row count = 0, sql: SELECT product.ID FROM ralamusi_2020.`wp_posts` as product LEFT JOIN ralamusi_2020.wp_postmeta as product_sku ON product.ID = product_sku.post_ID WHERE product_sku.meta_key = '_sku' and product_sku.meta_value = 'Daddario-EXP115', modified user: 
2020-08-12T10:50:45+07:00 pid: 29197, has web product json: {"sku":"Daddario-EJ41"}
2020-08-12T10:50:45+07:00 pid: 26846, has web product json: {"sku":"Daddario-EJ41"}
2020-08-12T10:50:45+07:00 pid: 29197, query success, sql: SELECT product.ID FROM ralamusi_2020.`wp_posts` as product LEFT JOIN ralamusi_2020.wp_postmeta as product_sku ON product.ID = product_sku.post_ID WHERE product_sku.meta_key = '_sku' and product_sku.meta_value = 'Daddario-EJ41', modified user: 
2020-08-12T10:50:45+07:00 pid: 26846, query success, sql: SELECT product.ID FROM ralamusi_2020.`wp_posts` as product LEFT JOIN ralamusi_2020.wp_postmeta as product_sku ON product.ID = product_sku.post_ID WHERE product_sku.meta_key = '_sku' and product_sku.meta_value = 'Daddario-EJ41', modified user: 
2020-08-12T10:50:45+07:00 pid: 27228, has web product json: {"sku":"Daddario-EXL230"}
2020-08-12T10:50:45+07:00 pid: 25241, has web product json: {"sku":"Daddario-EXL230"}
2020-08-12T10:50:45+07:00 pid: 27228, query: selected row count = 0, sql: SELECT product.ID FROM ralamusi_2020.`wp_posts` as product LEFT JOIN ralamusi_2020.wp_postmeta as product_sku ON product.ID = product_sku.post_ID WHERE product_sku.meta_key = '_sku' and product_sku.meta_value = 'Daddario-EXL230', modified user: 
2020-08-12T10:50:45+07:00 pid: 25241, query: selected row count = 0, sql: SELECT product.ID FROM ralamusi_2020.`wp_posts` as product LEFT JOIN ralamusi_2020.wp_postmeta as product_sku ON product.ID = product_sku.post_ID WHERE product_sku.meta_key = '_sku' and product_sku.meta_value = 'Daddario-EXL230', modified user: 
2020-08-12T10:50:46+07:00 pid: 25517, has web product json: {"sku":"Daddario-EXP140"}
2020-08-12T10:50:46+07:00 pid: 26589, has web product json: {"sku":"Daddario-EXP140"}
2020-08-12T10:50:46+07:00 pid: 25517, query: selected row count = 0, sql: SELECT product.ID FROM ralamusi_2020.`wp_posts` as product LEFT JOIN ralamusi_2020.wp_postmeta as product_sku ON product.ID = product_sku.post_ID WHERE product_sku.meta_key = '_sku' and product_sku.meta_value = 'Daddario-EXP140', modified user: 
2020-08-12T10:50:46+07:00 pid: 26589, query: selected row count = 0, sql: SELECT product.ID FROM ralamusi_2020.`wp_posts` as product LEFT JOIN ralamusi_2020.wp_postmeta as product_sku ON product.ID = product_sku.post_ID WHERE product_sku.meta_key = '_sku' and product_sku.meta_value = 'Daddario-EXP140', modified user: 
2020-08-12T10:50:46+07:00 pid: 26039, has web product json: {"sku":"Daddario-EXP170-5"}
2020-08-12T10:50:46+07:00 pid: 29195, has web product json: {"sku":"Daddario-EXP170-5"}
2020-08-12T10:50:46+07:00 pid: 26039, query: selected row count = 0, sql: SELECT product.ID FROM ralamusi_2020.`wp_posts` as product LEFT JOIN ralamusi_2020.wp_postmeta as product_sku ON product.ID = product_sku.post_ID WHERE product_sku.meta_key = '_sku' and product_sku.meta_value = 'Daddario-EXP170-5', modified user: 
2020-08-12T10:50:46+07:00 pid: 29195, query: selected row count = 0, sql: SELECT product.ID FROM ralamusi_2020.`wp_posts` as product LEFT JOIN ralamusi_2020.wp_postmeta as product_sku ON product.ID = product_sku.post_ID WHERE product_sku.meta_key = '_sku' and product_sku.meta_value = 'Daddario-EXP170-5', modified user: 
2020-08-12T10:50:46+07:00 pid: 26862, has web product json: {"sku":"On-Stage-XCG-4"}
2020-08-12T10:50:46+07:00 pid: 27103, has web product json: {"sku":"On-Stage-XCG-4"}
2020-08-12T10:50:46+07:00 pid: 26862, query success, sql: SELECT product.ID FROM ralamusi_2020.`wp_posts` as product LEFT JOIN ralamusi_2020.wp_postmeta as product_sku ON product.ID = product_sku.post_ID WHERE product_sku.meta_key = '_sku' and product_sku.meta_value = 'On-Stage-XCG-4', modified user: 
2020-08-12T10:50:46+07:00 pid: 27103, query success, sql: SELECT product.ID FROM ralamusi_2020.`wp_posts` as product LEFT JOIN ralamusi_2020.wp_postmeta as product_sku ON product.ID = product_sku.post_ID WHERE product_sku.meta_key = '_sku' and product_sku.meta_value = 'On-Stage-XCG-4', modified user: 
2020-08-12T10:50:46+07:00 pid: 25517, has web product json: {"sku":"On-Stage-GS7155"}
2020-08-12T10:50:46+07:00 pid: 26589, has web product json: {"sku":"On-Stage-GS7155"}
2020-08-12T10:50:46+07:00 pid: 26589, query success, sql: SELECT product.ID FROM ralamusi_2020.`wp_posts` as product LEFT JOIN ralamusi_2020.wp_postmeta as product_sku ON product.ID = product_sku.post_ID WHERE product_sku.meta_key = '_sku' and product_sku.meta_value = 'On-Stage-GS7155', modified user: 
2020-08-12T10:50:46+07:00 pid: 25517, query success, sql: SELECT product.ID FROM ralamusi_2020.`wp_posts` as product LEFT JOIN ralamusi_2020.wp_postmeta as product_sku ON product.ID = product_sku.post_ID WHERE product_sku.meta_key = '_sku' and product_sku.meta_value = 'On-Stage-GS7155', modified user: 
2020-08-12T10:50:46+07:00 pid: 25992, has web product json: {"sku":"On Stage-GCE6000T"}
2020-08-12T10:50:46+07:00 pid: 29195, has web product json: {"sku":"On Stage-GCE6000T"}
2020-08-12T10:50:46+07:00 pid: 29195, query success, sql: SELECT product.ID FROM ralamusi_2020.`wp_posts` as product LEFT JOIN ralamusi_2020.wp_postmeta as product_sku ON product.ID = product_sku.post_ID WHERE product_sku.meta_key = '_sku' and product_sku.meta_value = 'On Stage-GCE6000T', modified user: 
2020-08-12T10:50:46+07:00 pid: 25992, query success, sql: SELECT product.ID FROM ralamusi_2020.`wp_posts` as product LEFT JOIN ralamusi_2020.wp_postmeta as product_sku ON product.ID = product_sku.post_ID WHERE product_sku.meta_key = '_sku' and product_sku.meta_value = 'On Stage-GCE6000T', modified user: 
2020-08-12T10:50:47+07:00 pid: 25043, has web product json: {"sku":"Vox-Pathfinder10"}
2020-08-12T10:50:47+07:00 pid: 26862, has web product json: {"sku":"Vox-Pathfinder10"}
2020-08-12T10:50:47+07:00 pid: 26862, query: selected row count = 0, sql: SELECT product.ID FROM ralamusi_2020.`wp_posts` as product LEFT JOIN ralamusi_2020.wp_postmeta as product_sku ON product.ID = product_sku.post_ID WHERE product_sku.meta_key = '_sku' and product_sku.meta_value = 'Vox-Pathfinder10', modified user: 
2020-08-12T10:50:47+07:00 pid: 25043, query: selected row count = 0, sql: SELECT product.ID FROM ralamusi_2020.`wp_posts` as product LEFT JOIN ralamusi_2020.wp_postmeta as product_sku ON product.ID = product_sku.post_ID WHERE product_sku.meta_key = '_sku' and product_sku.meta_value = 'Vox-Pathfinder10', modified user: 
2020-08-12T10:50:49+07:00 pid: 25896, has web product json: {"sku":"CMC-CM-HH920"}
2020-08-12T10:50:50+07:00 pid: 25896, query: selected row count = 0, sql: SELECT product.ID FROM ralamusi_2020.`wp_posts` as product LEFT JOIN ralamusi_2020.wp_postmeta as product_sku ON product.ID = product_sku.post_ID WHERE product_sku.meta_key = '_sku' and product_sku.meta_value = 'CMC-CM-HH920', modified user: 
2020-08-12T10:51:01+07:00 pid: 27189, has web product json: {"sku":"CMC-CM-HH900"}
2020-08-12T10:51:01+07:00 pid: 27189, query: selected row count = 0, sql: SELECT product.ID FROM ralamusi_2020.`wp_posts` as product LEFT JOIN ralamusi_2020.wp_postmeta as product_sku ON product.ID = product_sku.post_ID WHERE product_sku.meta_key = '_sku' and product_sku.meta_value = 'CMC-CM-HH900', modified user: 
2020-08-12T10:51:03+07:00 pid: 27008, has web product json: {"sku":"CMC-CM-HH920"}
2020-08-12T10:51:03+07:00 pid: 27008, query: selected row count = 0, sql: SELECT product.ID FROM ralamusi_2020.`wp_posts` as product LEFT JOIN ralamusi_2020.wp_postmeta as product_sku ON product.ID = product_sku.post_ID WHERE product_sku.meta_key = '_sku' and product_sku.meta_value = 'CMC-CM-HH920', modified user: 
2020-08-12T10:51:07+07:00 pid: 29398, has web product json: {"sku":"CMC-CM-HH900"}
2020-08-12T10:51:07+07:00 pid: 29398, query: selected row count = 0, sql: SELECT product.ID FROM ralamusi_2020.`wp_posts` as product LEFT JOIN ralamusi_2020.wp_postmeta as product_sku ON product.ID = product_sku.post_ID WHERE product_sku.meta_key = '_sku' and product_sku.meta_value = 'CMC-CM-HH900', modified user: 
2020-08-12T12:28:24+07:00 pid: 17263, has web product json: {"sku":"Beyerdynamic-DT-770-Pro-250Ohm"}
2020-08-12T12:28:24+07:00 pid: 17263, query: selected row count = 0, sql: SELECT product.ID FROM ralamusi_2020.`wp_posts` as product LEFT JOIN ralamusi_2020.wp_postmeta as product_sku ON product.ID = product_sku.post_ID WHERE product_sku.meta_key = '_sku' and product_sku.meta_value = 'Beyerdynamic-DT-770-Pro-250Ohm', modified user: 
