2020-08-02T17:12:30+07:00 pid: 26236, has web product json: {"sku":"Ernie-Ball-Classic-Jacquard-P04162"}
2020-08-02T17:12:30+07:00 pid: 21953, has web product json: {"sku":"Ernie-Ball-Classic-Jacquard-P04162"}
2020-08-02T17:12:30+07:00 pid: 26236, query: selected row count = 0, sql: SELECT product.ID FROM ralamusi_2020.`wp_posts` as product LEFT JOIN ralamusi_2020.wp_postmeta as product_sku ON product.ID = product_sku.post_ID WHERE product_sku.meta_key = '_sku' and product_sku.meta_value = 'Ernie-Ball-Classic-Jacquard-P04162', modified user: 
2020-08-02T17:12:30+07:00 pid: 21953, query: selected row count = 0, sql: SELECT product.ID FROM ralamusi_2020.`wp_posts` as product LEFT JOIN ralamusi_2020.wp_postmeta as product_sku ON product.ID = product_sku.post_ID WHERE product_sku.meta_key = '_sku' and product_sku.meta_value = 'Ernie-Ball-Classic-Jacquard-P04162', modified user: 
2020-08-02T17:12:31+07:00 pid: 23235, has web product json: {"sku":"Fender-Strap-Locks-Gold-0022043049"}
2020-08-02T17:12:31+07:00 pid: 21953, has web product json: {"sku":"Fender-Strap-Locks-Gold-0022043049"}
2020-08-02T17:12:31+07:00 pid: 23235, query: selected row count = 0, sql: SELECT product.ID FROM ralamusi_2020.`wp_posts` as product LEFT JOIN ralamusi_2020.wp_postmeta as product_sku ON product.ID = product_sku.post_ID WHERE product_sku.meta_key = '_sku' and product_sku.meta_value = 'Fender-Strap-Locks-Gold-0022043049', modified user: 
2020-08-02T17:12:31+07:00 pid: 21953, query: selected row count = 0, sql: SELECT product.ID FROM ralamusi_2020.`wp_posts` as product LEFT JOIN ralamusi_2020.wp_postmeta as product_sku ON product.ID = product_sku.post_ID WHERE product_sku.meta_key = '_sku' and product_sku.meta_value = 'Fender-Strap-Locks-Gold-0022043049', modified user: 
2020-08-02T17:12:31+07:00 pid: 22937, has web product json: {"sku":"Martin-MA175S"}
2020-08-02T17:12:31+07:00 pid: 21953, has web product json: {"sku":"Martin-MA175S"}
2020-08-02T17:12:31+07:00 pid: 21953, query: selected row count = 0, sql: SELECT product.ID FROM ralamusi_2020.`wp_posts` as product LEFT JOIN ralamusi_2020.wp_postmeta as product_sku ON product.ID = product_sku.post_ID WHERE product_sku.meta_key = '_sku' and product_sku.meta_value = 'Martin-MA175S', modified user: 
2020-08-02T17:12:31+07:00 pid: 22937, query: selected row count = 0, sql: SELECT product.ID FROM ralamusi_2020.`wp_posts` as product LEFT JOIN ralamusi_2020.wp_postmeta as product_sku ON product.ID = product_sku.post_ID WHERE product_sku.meta_key = '_sku' and product_sku.meta_value = 'Martin-MA175S', modified user: 
2020-08-02T17:12:31+07:00 pid: 26296, has web product json: {"sku":"Paramount-NK100R"}
2020-08-02T17:12:31+07:00 pid: 26236, has web product json: {"sku":"Paramount-NK100R"}
2020-08-02T17:12:31+07:00 pid: 26296, query: selected row count = 0, sql: SELECT product.ID FROM ralamusi_2020.`wp_posts` as product LEFT JOIN ralamusi_2020.wp_postmeta as product_sku ON product.ID = product_sku.post_ID WHERE product_sku.meta_key = '_sku' and product_sku.meta_value = 'Paramount-NK100R', modified user: 
2020-08-02T17:12:31+07:00 pid: 26236, query: selected row count = 0, sql: SELECT product.ID FROM ralamusi_2020.`wp_posts` as product LEFT JOIN ralamusi_2020.wp_postmeta as product_sku ON product.ID = product_sku.post_ID WHERE product_sku.meta_key = '_sku' and product_sku.meta_value = 'Paramount-NK100R', modified user: 
2020-08-02T17:12:31+07:00 pid: 26276, has web product json: {"sku":"Va-CG160CBK -S2"}
2020-08-02T17:12:31+07:00 pid: 26282, has web product json: {"sku":"Va-CG160CBK -S2"}
2020-08-02T17:12:31+07:00 pid: 26276, query: selected row count = 0, sql: SELECT product.ID FROM ralamusi_2020.`wp_posts` as product LEFT JOIN ralamusi_2020.wp_postmeta as product_sku ON product.ID = product_sku.post_ID WHERE product_sku.meta_key = '_sku' and product_sku.meta_value = 'Va-CG160CBK -S2', modified user: 
2020-08-02T17:12:31+07:00 pid: 26282, query: selected row count = 0, sql: SELECT product.ID FROM ralamusi_2020.`wp_posts` as product LEFT JOIN ralamusi_2020.wp_postmeta as product_sku ON product.ID = product_sku.post_ID WHERE product_sku.meta_key = '_sku' and product_sku.meta_value = 'Va-CG160CBK -S2', modified user: 
2020-08-02T17:12:32+07:00 pid: 21772, has web product json: {"sku":"Midiplus-Studio-2"}
2020-08-02T17:12:32+07:00 pid: 26084, has web product json: {"sku":"Midiplus-Studio-2"}
2020-08-02T17:12:32+07:00 pid: 26084, query: selected row count = 0, sql: SELECT product.ID FROM ralamusi_2020.`wp_posts` as product LEFT JOIN ralamusi_2020.wp_postmeta as product_sku ON product.ID = product_sku.post_ID WHERE product_sku.meta_key = '_sku' and product_sku.meta_value = 'Midiplus-Studio-2', modified user: 
2020-08-02T17:12:32+07:00 pid: 21772, query: selected row count = 0, sql: SELECT product.ID FROM ralamusi_2020.`wp_posts` as product LEFT JOIN ralamusi_2020.wp_postmeta as product_sku ON product.ID = product_sku.post_ID WHERE product_sku.meta_key = '_sku' and product_sku.meta_value = 'Midiplus-Studio-2', modified user: 
2020-08-02T17:12:32+07:00 pid: 25626, has web product json: {"sku":"Focusrite-Scarlett-Solo"}
2020-08-02T17:12:32+07:00 pid: 26447, has web product json: {"sku":"Focusrite-Scarlett-Solo"}
2020-08-02T17:12:32+07:00 pid: 25626, query: selected row count = 0, sql: SELECT product.ID FROM ralamusi_2020.`wp_posts` as product LEFT JOIN ralamusi_2020.wp_postmeta as product_sku ON product.ID = product_sku.post_ID WHERE product_sku.meta_key = '_sku' and product_sku.meta_value = 'Focusrite-Scarlett-Solo', modified user: 
2020-08-02T17:12:32+07:00 pid: 26447, query: selected row count = 0, sql: SELECT product.ID FROM ralamusi_2020.`wp_posts` as product LEFT JOIN ralamusi_2020.wp_postmeta as product_sku ON product.ID = product_sku.post_ID WHERE product_sku.meta_key = '_sku' and product_sku.meta_value = 'Focusrite-Scarlett-Solo', modified user: 
2020-08-02T17:12:32+07:00 pid: 21772, has web product json: {"sku":"Mooer-GE250"}
2020-08-02T17:12:32+07:00 pid: 26276, has web product json: {"sku":"Mooer-GE250"}
2020-08-02T17:12:32+07:00 pid: 21772, query: selected row count = 0, sql: SELECT product.ID FROM ralamusi_2020.`wp_posts` as product LEFT JOIN ralamusi_2020.wp_postmeta as product_sku ON product.ID = product_sku.post_ID WHERE product_sku.meta_key = '_sku' and product_sku.meta_value = 'Mooer-GE250', modified user: 
2020-08-02T17:12:32+07:00 pid: 26276, query: selected row count = 0, sql: SELECT product.ID FROM ralamusi_2020.`wp_posts` as product LEFT JOIN ralamusi_2020.wp_postmeta as product_sku ON product.ID = product_sku.post_ID WHERE product_sku.meta_key = '_sku' and product_sku.meta_value = 'Mooer-GE250', modified user: 
2020-08-02T17:12:32+07:00 pid: 21772, has web product json: {"sku":"Elixir-Nanoweb-Acoustic-Custom-Light"}
2020-08-02T17:12:32+07:00 pid: 26276, has web product json: {"sku":"Elixir-Nanoweb-Acoustic-Custom-Light"}
2020-08-02T17:12:32+07:00 pid: 26276, query: selected row count = 0, sql: SELECT product.ID FROM ralamusi_2020.`wp_posts` as product LEFT JOIN ralamusi_2020.wp_postmeta as product_sku ON product.ID = product_sku.post_ID WHERE product_sku.meta_key = '_sku' and product_sku.meta_value = 'Elixir-Nanoweb-Acoustic-Custom-Light', modified user: 
2020-08-02T17:12:32+07:00 pid: 21772, query: selected row count = 0, sql: SELECT product.ID FROM ralamusi_2020.`wp_posts` as product LEFT JOIN ralamusi_2020.wp_postmeta as product_sku ON product.ID = product_sku.post_ID WHERE product_sku.meta_key = '_sku' and product_sku.meta_value = 'Elixir-Nanoweb-Acoustic-Custom-Light', modified user: 
2020-08-02T17:12:32+07:00 pid: 21953, has web product json: {"sku":"Ernie-Ball-P06078"}
2020-08-02T17:12:32+07:00 pid: 26252, has web product json: {"sku":"Ernie-Ball-P06078"}
2020-08-02T17:12:32+07:00 pid: 21953, query success, sql: SELECT product.ID FROM ralamusi_2020.`wp_posts` as product LEFT JOIN ralamusi_2020.wp_postmeta as product_sku ON product.ID = product_sku.post_ID WHERE product_sku.meta_key = '_sku' and product_sku.meta_value = 'Ernie-Ball-P06078', modified user: 
2020-08-02T17:12:32+07:00 pid: 26252, query success, sql: SELECT product.ID FROM ralamusi_2020.`wp_posts` as product LEFT JOIN ralamusi_2020.wp_postmeta as product_sku ON product.ID = product_sku.post_ID WHERE product_sku.meta_key = '_sku' and product_sku.meta_value = 'Ernie-Ball-P06078', modified user: 
2020-08-02T17:12:34+07:00 pid: 25681, has web product json: {"sku":"Carlsbro-SML100"}
2020-08-02T17:12:34+07:00 pid: 25681, query: selected row count = 0, sql: SELECT product.ID FROM ralamusi_2020.`wp_posts` as product LEFT JOIN ralamusi_2020.wp_postmeta as product_sku ON product.ID = product_sku.post_ID WHERE product_sku.meta_key = '_sku' and product_sku.meta_value = 'Carlsbro-SML100', modified user: 
2020-08-02T17:36:18+07:00 pid: 6801, has web product json: {"sku":"Ernie-Ball-Axis-Capo-Black-P09600"}
2020-08-02T17:36:18+07:00 pid: 6801, query: selected row count = 0, sql: SELECT product.ID FROM ralamusi_2020.`wp_posts` as product LEFT JOIN ralamusi_2020.wp_postmeta as product_sku ON product.ID = product_sku.post_ID WHERE product_sku.meta_key = '_sku' and product_sku.meta_value = 'Ernie-Ball-Axis-Capo-Black-P09600', modified user: 
2020-08-02T17:36:19+07:00 pid: 6472, has web product json: {"sku":"Ernie-Ball-Axis-Capo-Bronze-P09602"}
2020-08-02T17:36:19+07:00 pid: 6472, query: selected row count = 0, sql: SELECT product.ID FROM ralamusi_2020.`wp_posts` as product LEFT JOIN ralamusi_2020.wp_postmeta as product_sku ON product.ID = product_sku.post_ID WHERE product_sku.meta_key = '_sku' and product_sku.meta_value = 'Ernie-Ball-Axis-Capo-Bronze-P09602', modified user: 
2020-08-02T17:36:20+07:00 pid: 2390, has web product json: {"sku":"Ernie-Ball-Axis-Capo-Gold-P09603"}
2020-08-02T17:36:20+07:00 pid: 2390, query: selected row count = 0, sql: SELECT product.ID FROM ralamusi_2020.`wp_posts` as product LEFT JOIN ralamusi_2020.wp_postmeta as product_sku ON product.ID = product_sku.post_ID WHERE product_sku.meta_key = '_sku' and product_sku.meta_value = 'Ernie-Ball-Axis-Capo-Gold-P09603', modified user: 
2020-08-02T17:36:21+07:00 pid: 6646, has web product json: {"sku":"Ernie-Ball-Axis-Capo-SIlver-P09601"}
2020-08-02T17:36:21+07:00 pid: 6646, query: selected row count = 0, sql: SELECT product.ID FROM ralamusi_2020.`wp_posts` as product LEFT JOIN ralamusi_2020.wp_postmeta as product_sku ON product.ID = product_sku.post_ID WHERE product_sku.meta_key = '_sku' and product_sku.meta_value = 'Ernie-Ball-Axis-Capo-SIlver-P09601', modified user: 
2020-08-02T17:36:37+07:00 pid: 6793, has web product json: {"sku":"Ernie-Ball-Axis-Capo-Bronze-P09602"}
2020-08-02T17:36:37+07:00 pid: 6793, query: selected row count = 0, sql: SELECT product.ID FROM ralamusi_2020.`wp_posts` as product LEFT JOIN ralamusi_2020.wp_postmeta as product_sku ON product.ID = product_sku.post_ID WHERE product_sku.meta_key = '_sku' and product_sku.meta_value = 'Ernie-Ball-Axis-Capo-Bronze-P09602', modified user: 
2020-08-02T19:58:30+07:00 pid: 23186, has web product json: {"sku":"CMC-CM-DT920"}
2020-08-02T19:58:30+07:00 pid: 23186, query: selected row count = 0, sql: SELECT product.ID FROM ralamusi_2020.`wp_posts` as product LEFT JOIN ralamusi_2020.wp_postmeta as product_sku ON product.ID = product_sku.post_ID WHERE product_sku.meta_key = '_sku' and product_sku.meta_value = 'CMC-CM-DT920', modified user: 
2020-08-02T19:58:30+07:00 pid: 23415, has web product json: {"sku":"Carlsbro-CSS2"}
2020-08-02T19:58:30+07:00 pid: 23415, query: selected row count = 0, sql: SELECT product.ID FROM ralamusi_2020.`wp_posts` as product LEFT JOIN ralamusi_2020.wp_postmeta as product_sku ON product.ID = product_sku.post_ID WHERE product_sku.meta_key = '_sku' and product_sku.meta_value = 'Carlsbro-CSS2', modified user: 
2020-08-02T19:58:37+07:00 pid: 22407, has web product json: {"sku":"CMC-CM-DT920"}
2020-08-02T19:58:37+07:00 pid: 22407, query: selected row count = 0, sql: SELECT product.ID FROM ralamusi_2020.`wp_posts` as product LEFT JOIN ralamusi_2020.wp_postmeta as product_sku ON product.ID = product_sku.post_ID WHERE product_sku.meta_key = '_sku' and product_sku.meta_value = 'CMC-CM-DT920', modified user: 
2020-08-02T22:12:57+07:00 pid: 29378, has web product json: {"sku":"Player-Silver-Polish"}
2020-08-02T22:12:57+07:00 pid: 29378, query: selected row count = 0, sql: SELECT product.ID FROM ralamusi_2020.`wp_posts` as product LEFT JOIN ralamusi_2020.wp_postmeta as product_sku ON product.ID = product_sku.post_ID WHERE product_sku.meta_key = '_sku' and product_sku.meta_value = 'Player-Silver-Polish', modified user: 
2020-08-02T22:12:57+07:00 pid: 1999, has web product json: {"sku":"Player-Silver-Polish"}
2020-08-02T22:12:57+07:00 pid: 1999, query: selected row count = 0, sql: SELECT product.ID FROM ralamusi_2020.`wp_posts` as product LEFT JOIN ralamusi_2020.wp_postmeta as product_sku ON product.ID = product_sku.post_ID WHERE product_sku.meta_key = '_sku' and product_sku.meta_value = 'Player-Silver-Polish', modified user: 
2020-08-02T22:12:57+07:00 pid: 1999, has web product json: {"sku":"AROMA-AG10A"}
2020-08-02T22:12:57+07:00 pid: 1572, has web product json: {"sku":"AROMA-AG10A"}
2020-08-02T22:12:57+07:00 pid: 1999, query: selected row count = 0, sql: SELECT product.ID FROM ralamusi_2020.`wp_posts` as product LEFT JOIN ralamusi_2020.wp_postmeta as product_sku ON product.ID = product_sku.post_ID WHERE product_sku.meta_key = '_sku' and product_sku.meta_value = 'AROMA-AG10A', modified user: 
2020-08-02T22:12:57+07:00 pid: 1572, query: selected row count = 0, sql: SELECT product.ID FROM ralamusi_2020.`wp_posts` as product LEFT JOIN ralamusi_2020.wp_postmeta as product_sku ON product.ID = product_sku.post_ID WHERE product_sku.meta_key = '_sku' and product_sku.meta_value = 'AROMA-AG10A', modified user: 
2020-08-02T22:12:57+07:00 pid: 30373, has web product json: {"sku":"Lirevo-FB-G15"}
2020-08-02T22:12:57+07:00 pid: 1547, has web product json: {"sku":"Lirevo-FB-G15"}
2020-08-02T22:12:57+07:00 pid: 30373, query: selected row count = 0, sql: SELECT product.ID FROM ralamusi_2020.`wp_posts` as product LEFT JOIN ralamusi_2020.wp_postmeta as product_sku ON product.ID = product_sku.post_ID WHERE product_sku.meta_key = '_sku' and product_sku.meta_value = 'Lirevo-FB-G15', modified user: 
2020-08-02T22:12:57+07:00 pid: 1547, query: selected row count = 0, sql: SELECT product.ID FROM ralamusi_2020.`wp_posts` as product LEFT JOIN ralamusi_2020.wp_postmeta as product_sku ON product.ID = product_sku.post_ID WHERE product_sku.meta_key = '_sku' and product_sku.meta_value = 'Lirevo-FB-G15', modified user: 
2020-08-02T22:12:57+07:00 pid: 1985, has web product json: {"sku":"CMC-CM-DT920"}
2020-08-02T22:12:58+07:00 pid: 1985, query: selected row count = 0, sql: SELECT product.ID FROM ralamusi_2020.`wp_posts` as product LEFT JOIN ralamusi_2020.wp_postmeta as product_sku ON product.ID = product_sku.post_ID WHERE product_sku.meta_key = '_sku' and product_sku.meta_value = 'CMC-CM-DT920', modified user: 
2020-08-02T22:12:58+07:00 pid: 1480, has web product json: {"sku":"CMC-CM-DT920"}
2020-08-02T22:12:58+07:00 pid: 1480, query: selected row count = 0, sql: SELECT product.ID FROM ralamusi_2020.`wp_posts` as product LEFT JOIN ralamusi_2020.wp_postmeta as product_sku ON product.ID = product_sku.post_ID WHERE product_sku.meta_key = '_sku' and product_sku.meta_value = 'CMC-CM-DT920', modified user: 
2020-08-02T22:12:58+07:00 pid: 30822, has web product json: {"sku":"Martin-MM12"}
2020-08-02T22:12:58+07:00 pid: 2015, has web product json: {"sku":"Martin-MM12"}
2020-08-02T22:12:58+07:00 pid: 30822, query: selected row count = 0, sql: SELECT product.ID FROM ralamusi_2020.`wp_posts` as product LEFT JOIN ralamusi_2020.wp_postmeta as product_sku ON product.ID = product_sku.post_ID WHERE product_sku.meta_key = '_sku' and product_sku.meta_value = 'Martin-MM12', modified user: 
2020-08-02T22:12:58+07:00 pid: 2015, query: selected row count = 0, sql: SELECT product.ID FROM ralamusi_2020.`wp_posts` as product LEFT JOIN ralamusi_2020.wp_postmeta as product_sku ON product.ID = product_sku.post_ID WHERE product_sku.meta_key = '_sku' and product_sku.meta_value = 'Martin-MM12', modified user: 
2020-08-02T22:12:58+07:00 pid: 2111, has web product json: {"sku":"Ernie-Ball-Axis-Capo-Bronze-P09602"}
2020-08-02T22:12:58+07:00 pid: 2111, query: selected row count = 0, sql: SELECT product.ID FROM ralamusi_2020.`wp_posts` as product LEFT JOIN ralamusi_2020.wp_postmeta as product_sku ON product.ID = product_sku.post_ID WHERE product_sku.meta_key = '_sku' and product_sku.meta_value = 'Ernie-Ball-Axis-Capo-Bronze-P09602', modified user: 
2020-08-02T22:12:58+07:00 pid: 2015, has web product json: {"sku":"Ernie-Ball-Axis-Capo-Bronze-P09602"}
2020-08-02T22:12:58+07:00 pid: 2015, query: selected row count = 0, sql: SELECT product.ID FROM ralamusi_2020.`wp_posts` as product LEFT JOIN ralamusi_2020.wp_postmeta as product_sku ON product.ID = product_sku.post_ID WHERE product_sku.meta_key = '_sku' and product_sku.meta_value = 'Ernie-Ball-Axis-Capo-Bronze-P09602', modified user: 
2020-08-02T22:12:58+07:00 pid: 2015, has web product json: {"sku":"Ernie-Ball-Axis-Capo-SIlver-P09601"}
2020-08-02T22:12:58+07:00 pid: 30694, has web product json: {"sku":"Ernie-Ball-Axis-Capo-SIlver-P09601"}
2020-08-02T22:12:58+07:00 pid: 2015, query: selected row count = 0, sql: SELECT product.ID FROM ralamusi_2020.`wp_posts` as product LEFT JOIN ralamusi_2020.wp_postmeta as product_sku ON product.ID = product_sku.post_ID WHERE product_sku.meta_key = '_sku' and product_sku.meta_value = 'Ernie-Ball-Axis-Capo-SIlver-P09601', modified user: 
2020-08-02T22:12:58+07:00 pid: 30694, query: selected row count = 0, sql: SELECT product.ID FROM ralamusi_2020.`wp_posts` as product LEFT JOIN ralamusi_2020.wp_postmeta as product_sku ON product.ID = product_sku.post_ID WHERE product_sku.meta_key = '_sku' and product_sku.meta_value = 'Ernie-Ball-Axis-Capo-SIlver-P09601', modified user: 
2020-08-02T22:12:58+07:00 pid: 1538, has web product json: {"sku":"Ernie-Ball-Axis-Capo-Gold-P09603"}
2020-08-02T22:12:58+07:00 pid: 1538, query: selected row count = 0, sql: SELECT product.ID FROM ralamusi_2020.`wp_posts` as product LEFT JOIN ralamusi_2020.wp_postmeta as product_sku ON product.ID = product_sku.post_ID WHERE product_sku.meta_key = '_sku' and product_sku.meta_value = 'Ernie-Ball-Axis-Capo-Gold-P09603', modified user: 
2020-08-02T22:12:58+07:00 pid: 1538, has web product json: {"sku":"Ernie-Ball-Axis-Capo-Gold-P09603"}
2020-08-02T22:12:58+07:00 pid: 1538, query: selected row count = 0, sql: SELECT product.ID FROM ralamusi_2020.`wp_posts` as product LEFT JOIN ralamusi_2020.wp_postmeta as product_sku ON product.ID = product_sku.post_ID WHERE product_sku.meta_key = '_sku' and product_sku.meta_value = 'Ernie-Ball-Axis-Capo-Gold-P09603', modified user: 
2020-08-02T22:12:59+07:00 pid: 1547, has web product json: {"sku":"Carlsbro-SML100"}
2020-08-02T22:12:59+07:00 pid: 1547, query: selected row count = 0, sql: SELECT product.ID FROM ralamusi_2020.`wp_posts` as product LEFT JOIN ralamusi_2020.wp_postmeta as product_sku ON product.ID = product_sku.post_ID WHERE product_sku.meta_key = '_sku' and product_sku.meta_value = 'Carlsbro-SML100', modified user: 
2020-08-02T22:12:59+07:00 pid: 1547, has web product json: {"sku":"Ernie-Ball-Classic-Jacquard-P04162"}
2020-08-02T22:12:59+07:00 pid: 1008, has web product json: {"sku":"Carlsbro-SML100"}
2020-08-02T22:12:59+07:00 pid: 1008, query: selected row count = 0, sql: SELECT product.ID FROM ralamusi_2020.`wp_posts` as product LEFT JOIN ralamusi_2020.wp_postmeta as product_sku ON product.ID = product_sku.post_ID WHERE product_sku.meta_key = '_sku' and product_sku.meta_value = 'Carlsbro-SML100', modified user: 
2020-08-02T22:12:59+07:00 pid: 1547, query: selected row count = 0, sql: SELECT product.ID FROM ralamusi_2020.`wp_posts` as product LEFT JOIN ralamusi_2020.wp_postmeta as product_sku ON product.ID = product_sku.post_ID WHERE product_sku.meta_key = '_sku' and product_sku.meta_value = 'Ernie-Ball-Classic-Jacquard-P04162', modified user: 
2020-08-02T22:12:59+07:00 pid: 1008, has web product json: {"sku":"Ernie-Ball-Classic-Jacquard-P04162"}
2020-08-02T22:12:59+07:00 pid: 1008, query: selected row count = 0, sql: SELECT product.ID FROM ralamusi_2020.`wp_posts` as product LEFT JOIN ralamusi_2020.wp_postmeta as product_sku ON product.ID = product_sku.post_ID WHERE product_sku.meta_key = '_sku' and product_sku.meta_value = 'Ernie-Ball-Classic-Jacquard-P04162', modified user: 
2020-08-02T22:13:02+07:00 pid: 2015, has web product json: {"sku":"Mantic GT-1DCE-BK-S1"}
2020-08-02T22:13:02+07:00 pid: 2015, query: selected row count = 0, sql: SELECT product.ID FROM ralamusi_2020.`wp_posts` as product LEFT JOIN ralamusi_2020.wp_postmeta as product_sku ON product.ID = product_sku.post_ID WHERE product_sku.meta_key = '_sku' and product_sku.meta_value = 'Mantic GT-1DCE-BK-S1', modified user: 
2020-08-02T22:13:02+07:00 pid: 2097, has web product json: {"sku":"Mantic GT-1DCE-N-S1"}
2020-08-02T22:13:02+07:00 pid: 2097, query: selected row count = 0, sql: SELECT product.ID FROM ralamusi_2020.`wp_posts` as product LEFT JOIN ralamusi_2020.wp_postmeta as product_sku ON product.ID = product_sku.post_ID WHERE product_sku.meta_key = '_sku' and product_sku.meta_value = 'Mantic GT-1DCE-N-S1', modified user: 
2020-08-02T22:13:02+07:00 pid: 1985, has web product json: {"sku":"Mantic GT-1DCE-SB-S1"}
2020-08-02T22:13:02+07:00 pid: 1985, query: selected row count = 0, sql: SELECT product.ID FROM ralamusi_2020.`wp_posts` as product LEFT JOIN ralamusi_2020.wp_postmeta as product_sku ON product.ID = product_sku.post_ID WHERE product_sku.meta_key = '_sku' and product_sku.meta_value = 'Mantic GT-1DCE-SB-S1', modified user: 
2020-08-02T22:13:02+07:00 pid: 2111, has web product json: {"sku":"Mantic-GT-1DC-BK"}
2020-08-02T22:13:02+07:00 pid: 2111, query: selected row count = 0, sql: SELECT product.ID FROM ralamusi_2020.`wp_posts` as product LEFT JOIN ralamusi_2020.wp_postmeta as product_sku ON product.ID = product_sku.post_ID WHERE product_sku.meta_key = '_sku' and product_sku.meta_value = 'Mantic-GT-1DC-BK', modified user: 
2020-08-02T22:13:03+07:00 pid: 2123, has web product json: {"sku":"Mantic-GT-1DC-BK-Full-SET"}
2020-08-02T22:13:03+07:00 pid: 2123, query: selected row count = 0, sql: SELECT product.ID FROM ralamusi_2020.`wp_posts` as product LEFT JOIN ralamusi_2020.wp_postmeta as product_sku ON product.ID = product_sku.post_ID WHERE product_sku.meta_key = '_sku' and product_sku.meta_value = 'Mantic-GT-1DC-BK-Full-SET', modified user: 
2020-08-02T22:13:03+07:00 pid: 2033, has web product json: {"sku":"Mantic-GT-1DC-BK-S3"}
2020-08-02T22:13:03+07:00 pid: 2033, query: selected row count = 0, sql: SELECT product.ID FROM ralamusi_2020.`wp_posts` as product LEFT JOIN ralamusi_2020.wp_postmeta as product_sku ON product.ID = product_sku.post_ID WHERE product_sku.meta_key = '_sku' and product_sku.meta_value = 'Mantic-GT-1DC-BK-S3', modified user: 
2020-08-02T22:13:03+07:00 pid: 2097, has web product json: {"sku":"Mantic-GT-1DC-GR"}
2020-08-02T22:13:03+07:00 pid: 2097, query: selected row count = 0, sql: SELECT product.ID FROM ralamusi_2020.`wp_posts` as product LEFT JOIN ralamusi_2020.wp_postmeta as product_sku ON product.ID = product_sku.post_ID WHERE product_sku.meta_key = '_sku' and product_sku.meta_value = 'Mantic-GT-1DC-GR', modified user: 
2020-08-02T22:13:03+07:00 pid: 1547, has web product json: {"sku":"Mantic-GT-1DC-GR-Full-SET"}
2020-08-02T22:13:03+07:00 pid: 1547, query: selected row count = 0, sql: SELECT product.ID FROM ralamusi_2020.`wp_posts` as product LEFT JOIN ralamusi_2020.wp_postmeta as product_sku ON product.ID = product_sku.post_ID WHERE product_sku.meta_key = '_sku' and product_sku.meta_value = 'Mantic-GT-1DC-GR-Full-SET', modified user: 
2020-08-02T22:13:03+07:00 pid: 2145, has web product json: {"sku":"Mantic-GT-1DC-GR-S3"}
2020-08-02T22:13:03+07:00 pid: 2145, query: selected row count = 0, sql: SELECT product.ID FROM ralamusi_2020.`wp_posts` as product LEFT JOIN ralamusi_2020.wp_postmeta as product_sku ON product.ID = product_sku.post_ID WHERE product_sku.meta_key = '_sku' and product_sku.meta_value = 'Mantic-GT-1DC-GR-S3', modified user: 
2020-08-02T22:13:04+07:00 pid: 2123, has web product json: {"sku":"Mantic-GT-1DC-N"}
2020-08-02T22:13:04+07:00 pid: 2123, query: selected row count = 0, sql: SELECT product.ID FROM ralamusi_2020.`wp_posts` as product LEFT JOIN ralamusi_2020.wp_postmeta as product_sku ON product.ID = product_sku.post_ID WHERE product_sku.meta_key = '_sku' and product_sku.meta_value = 'Mantic-GT-1DC-N', modified user: 
2020-08-02T22:13:09+07:00 pid: 1211, has web product json: {"sku":"Mantic-GT-1DC-N-Full-SET"}
2020-08-02T22:13:09+07:00 pid: 1211, query: selected row count = 0, sql: SELECT product.ID FROM ralamusi_2020.`wp_posts` as product LEFT JOIN ralamusi_2020.wp_postmeta as product_sku ON product.ID = product_sku.post_ID WHERE product_sku.meta_key = '_sku' and product_sku.meta_value = 'Mantic-GT-1DC-N-Full-SET', modified user: 
2020-08-02T22:13:09+07:00 pid: 1572, has web product json: {"sku":"Mantic-GT-1DC-N-S3"}
2020-08-02T22:13:09+07:00 pid: 1572, query: selected row count = 0, sql: SELECT product.ID FROM ralamusi_2020.`wp_posts` as product LEFT JOIN ralamusi_2020.wp_postmeta as product_sku ON product.ID = product_sku.post_ID WHERE product_sku.meta_key = '_sku' and product_sku.meta_value = 'Mantic-GT-1DC-N-S3', modified user: 
2020-08-02T22:13:09+07:00 pid: 2157, has web product json: {"sku":"BOSS-GT-1"}
2020-08-02T22:13:09+07:00 pid: 2157, query: selected row count = 0, sql: SELECT product.ID FROM ralamusi_2020.`wp_posts` as product LEFT JOIN ralamusi_2020.wp_postmeta as product_sku ON product.ID = product_sku.post_ID WHERE product_sku.meta_key = '_sku' and product_sku.meta_value = 'BOSS-GT-1', modified user: 
2020-08-02T22:13:10+07:00 pid: 1211, has web product json: {"sku":"BOSS-GT-1N"}
2020-08-02T22:13:10+07:00 pid: 1211, query: selected row count = 0, sql: SELECT product.ID FROM ralamusi_2020.`wp_posts` as product LEFT JOIN ralamusi_2020.wp_postmeta as product_sku ON product.ID = product_sku.post_ID WHERE product_sku.meta_key = '_sku' and product_sku.meta_value = 'BOSS-GT-1N', modified user: 
2020-08-02T22:13:10+07:00 pid: 1516, has web product json: {"sku":"BOSS-GT1-FPSA230S"}
2020-08-02T22:13:10+07:00 pid: 1516, query: selected row count = 0, sql: SELECT product.ID FROM ralamusi_2020.`wp_posts` as product LEFT JOIN ralamusi_2020.wp_postmeta as product_sku ON product.ID = product_sku.post_ID WHERE product_sku.meta_key = '_sku' and product_sku.meta_value = 'BOSS-GT1-FPSA230S', modified user: 
2020-08-02T22:13:10+07:00 pid: 2155, has web product json: {"sku":"Boss-GT-100"}
2020-08-02T22:13:10+07:00 pid: 2155, query: selected row count = 0, sql: SELECT product.ID FROM ralamusi_2020.`wp_posts` as product LEFT JOIN ralamusi_2020.wp_postmeta as product_sku ON product.ID = product_sku.post_ID WHERE product_sku.meta_key = '_sku' and product_sku.meta_value = 'Boss-GT-100', modified user: 
2020-08-02T22:13:10+07:00 pid: 2145, has web product json: {"sku":"Boss-GT-1000"}
2020-08-02T22:13:10+07:00 pid: 2145, query: selected row count = 0, sql: SELECT product.ID FROM ralamusi_2020.`wp_posts` as product LEFT JOIN ralamusi_2020.wp_postmeta as product_sku ON product.ID = product_sku.post_ID WHERE product_sku.meta_key = '_sku' and product_sku.meta_value = 'Boss-GT-1000', modified user: 
2020-08-02T22:13:10+07:00 pid: 2157, has web product json: {"sku":"Boss-GT-1B"}
2020-08-02T22:13:10+07:00 pid: 2157, query: selected row count = 0, sql: SELECT product.ID FROM ralamusi_2020.`wp_posts` as product LEFT JOIN ralamusi_2020.wp_postmeta as product_sku ON product.ID = product_sku.post_ID WHERE product_sku.meta_key = '_sku' and product_sku.meta_value = 'Boss-GT-1B', modified user: 
2020-08-02T22:13:10+07:00 pid: 30808, has web product json: {"sku":"Daddario-Classic-PW-CGT-10"}
2020-08-02T22:13:10+07:00 pid: 30808, query: selected row count = 0, sql: SELECT product.ID FROM ralamusi_2020.`wp_posts` as product LEFT JOIN ralamusi_2020.wp_postmeta as product_sku ON product.ID = product_sku.post_ID WHERE product_sku.meta_key = '_sku' and product_sku.meta_value = 'Daddario-Classic-PW-CGT-10', modified user: 
2020-08-02T22:13:10+07:00 pid: 976, has web product json: {"sku":"Daddario-Classic-PW-CGT-20"}
2020-08-02T22:13:10+07:00 pid: 976, query: selected row count = 0, sql: SELECT product.ID FROM ralamusi_2020.`wp_posts` as product LEFT JOIN ralamusi_2020.wp_postmeta as product_sku ON product.ID = product_sku.post_ID WHERE product_sku.meta_key = '_sku' and product_sku.meta_value = 'Daddario-Classic-PW-CGT-20', modified user: 
2020-08-02T22:13:27+07:00 pid: 29964, has web product json: {"sku":"Mantic GT-1D-BK-S1"}
2020-08-02T22:13:27+07:00 pid: 29964, query: selected row count = 0, sql: SELECT product.ID FROM ralamusi_2020.`wp_posts` as product LEFT JOIN ralamusi_2020.wp_postmeta as product_sku ON product.ID = product_sku.post_ID WHERE product_sku.meta_key = '_sku' and product_sku.meta_value = 'Mantic GT-1D-BK-S1', modified user: 
2020-08-02T22:13:27+07:00 pid: 1312, has web product json: {"sku":"Mantic GT-1D-BK-S2"}
2020-08-02T22:13:27+07:00 pid: 1312, query: selected row count = 0, sql: SELECT product.ID FROM ralamusi_2020.`wp_posts` as product LEFT JOIN ralamusi_2020.wp_postmeta as product_sku ON product.ID = product_sku.post_ID WHERE product_sku.meta_key = '_sku' and product_sku.meta_value = 'Mantic GT-1D-BK-S2', modified user: 
2020-08-02T22:13:27+07:00 pid: 2330, has web product json: {"sku":"Mantic GT-1D-GR-S1"}
2020-08-02T22:13:27+07:00 pid: 2330, query: selected row count = 0, sql: SELECT product.ID FROM ralamusi_2020.`wp_posts` as product LEFT JOIN ralamusi_2020.wp_postmeta as product_sku ON product.ID = product_sku.post_ID WHERE product_sku.meta_key = '_sku' and product_sku.meta_value = 'Mantic GT-1D-GR-S1', modified user: 
2020-08-02T22:13:27+07:00 pid: 1456, has web product json: {"sku":"Mantic GT-1D-GR-S2"}
2020-08-02T22:13:27+07:00 pid: 1456, query: selected row count = 0, sql: SELECT product.ID FROM ralamusi_2020.`wp_posts` as product LEFT JOIN ralamusi_2020.wp_postmeta as product_sku ON product.ID = product_sku.post_ID WHERE product_sku.meta_key = '_sku' and product_sku.meta_value = 'Mantic GT-1D-GR-S2', modified user: 
2020-08-02T22:13:27+07:00 pid: 2314, has web product json: {"sku":"Mantic GT-1D-N-S1"}
2020-08-02T22:13:27+07:00 pid: 2314, query: selected row count = 0, sql: SELECT product.ID FROM ralamusi_2020.`wp_posts` as product LEFT JOIN ralamusi_2020.wp_postmeta as product_sku ON product.ID = product_sku.post_ID WHERE product_sku.meta_key = '_sku' and product_sku.meta_value = 'Mantic GT-1D-N-S1', modified user: 
2020-08-02T22:13:28+07:00 pid: 30742, has web product json: {"sku":"Mantic GT-1D-N-S2"}
2020-08-02T22:13:28+07:00 pid: 30742, query: selected row count = 0, sql: SELECT product.ID FROM ralamusi_2020.`wp_posts` as product LEFT JOIN ralamusi_2020.wp_postmeta as product_sku ON product.ID = product_sku.post_ID WHERE product_sku.meta_key = '_sku' and product_sku.meta_value = 'Mantic GT-1D-N-S2', modified user: 
2020-08-02T22:13:28+07:00 pid: 1312, has web product json: {"sku":"Mantic GT-1D-SB-S1"}
2020-08-02T22:13:28+07:00 pid: 1312, query: selected row count = 0, sql: SELECT product.ID FROM ralamusi_2020.`wp_posts` as product LEFT JOIN ralamusi_2020.wp_postmeta as product_sku ON product.ID = product_sku.post_ID WHERE product_sku.meta_key = '_sku' and product_sku.meta_value = 'Mantic GT-1D-SB-S1', modified user: 
2020-08-02T22:13:28+07:00 pid: 1580, has web product json: {"sku":"Mantic GT-1D-SB-S2"}
2020-08-02T22:13:28+07:00 pid: 1580, query: selected row count = 0, sql: SELECT product.ID FROM ralamusi_2020.`wp_posts` as product LEFT JOIN ralamusi_2020.wp_postmeta as product_sku ON product.ID = product_sku.post_ID WHERE product_sku.meta_key = '_sku' and product_sku.meta_value = 'Mantic GT-1D-SB-S2', modified user: 
2020-08-02T22:13:28+07:00 pid: 1456, has web product json: {"sku":"Mantic GT-1DCE-BK-S1"}
2020-08-02T22:13:28+07:00 pid: 1456, query: selected row count = 0, sql: SELECT product.ID FROM ralamusi_2020.`wp_posts` as product LEFT JOIN ralamusi_2020.wp_postmeta as product_sku ON product.ID = product_sku.post_ID WHERE product_sku.meta_key = '_sku' and product_sku.meta_value = 'Mantic GT-1DCE-BK-S1', modified user: 
2020-08-02T22:13:28+07:00 pid: 2145, has web product json: {"sku":"Mantic GT-1DCE-N-S1"}
2020-08-02T22:13:28+07:00 pid: 2145, query: selected row count = 0, sql: SELECT product.ID FROM ralamusi_2020.`wp_posts` as product LEFT JOIN ralamusi_2020.wp_postmeta as product_sku ON product.ID = product_sku.post_ID WHERE product_sku.meta_key = '_sku' and product_sku.meta_value = 'Mantic GT-1DCE-N-S1', modified user: 
2020-08-02T22:13:33+07:00 pid: 2314, has web product json: {"sku":"Mantic GT-1DCE-SB-S1"}
2020-08-02T22:13:33+07:00 pid: 2314, query: selected row count = 0, sql: SELECT product.ID FROM ralamusi_2020.`wp_posts` as product LEFT JOIN ralamusi_2020.wp_postmeta as product_sku ON product.ID = product_sku.post_ID WHERE product_sku.meta_key = '_sku' and product_sku.meta_value = 'Mantic GT-1DCE-SB-S1', modified user: 
2020-08-02T22:13:33+07:00 pid: 1538, has web product json: {"sku":"Mantic-GT-1DC-BK"}
2020-08-02T22:13:33+07:00 pid: 1538, query: selected row count = 0, sql: SELECT product.ID FROM ralamusi_2020.`wp_posts` as product LEFT JOIN ralamusi_2020.wp_postmeta as product_sku ON product.ID = product_sku.post_ID WHERE product_sku.meta_key = '_sku' and product_sku.meta_value = 'Mantic-GT-1DC-BK', modified user: 
2020-08-02T22:13:33+07:00 pid: 1055, has web product json: {"sku":"Mantic-GT-1DC-BK-Full-SET"}
2020-08-02T22:13:33+07:00 pid: 1055, query: selected row count = 0, sql: SELECT product.ID FROM ralamusi_2020.`wp_posts` as product LEFT JOIN ralamusi_2020.wp_postmeta as product_sku ON product.ID = product_sku.post_ID WHERE product_sku.meta_key = '_sku' and product_sku.meta_value = 'Mantic-GT-1DC-BK-Full-SET', modified user: 
2020-08-02T22:13:34+07:00 pid: 2324, has web product json: {"sku":"Mantic-GT-1DC-BK-S3"}
2020-08-02T22:13:34+07:00 pid: 2324, query: selected row count = 0, sql: SELECT product.ID FROM ralamusi_2020.`wp_posts` as product LEFT JOIN ralamusi_2020.wp_postmeta as product_sku ON product.ID = product_sku.post_ID WHERE product_sku.meta_key = '_sku' and product_sku.meta_value = 'Mantic-GT-1DC-BK-S3', modified user: 
2020-08-02T22:13:34+07:00 pid: 1538, has web product json: {"sku":"Mantic-GT-1DC-GR"}
2020-08-02T22:13:34+07:00 pid: 1538, query: selected row count = 0, sql: SELECT product.ID FROM ralamusi_2020.`wp_posts` as product LEFT JOIN ralamusi_2020.wp_postmeta as product_sku ON product.ID = product_sku.post_ID WHERE product_sku.meta_key = '_sku' and product_sku.meta_value = 'Mantic-GT-1DC-GR', modified user: 
2020-08-02T22:13:34+07:00 pid: 30724, has web product json: {"sku":"Mantic-GT-1DC-GR-Full-SET"}
2020-08-02T22:13:34+07:00 pid: 30724, query: selected row count = 0, sql: SELECT product.ID FROM ralamusi_2020.`wp_posts` as product LEFT JOIN ralamusi_2020.wp_postmeta as product_sku ON product.ID = product_sku.post_ID WHERE product_sku.meta_key = '_sku' and product_sku.meta_value = 'Mantic-GT-1DC-GR-Full-SET', modified user: 
2020-08-02T22:13:34+07:00 pid: 1385, has web product json: {"sku":"BOSS-GT-1"}
2020-08-02T22:13:34+07:00 pid: 1385, query: selected row count = 0, sql: SELECT product.ID FROM ralamusi_2020.`wp_posts` as product LEFT JOIN ralamusi_2020.wp_postmeta as product_sku ON product.ID = product_sku.post_ID WHERE product_sku.meta_key = '_sku' and product_sku.meta_value = 'BOSS-GT-1', modified user: 
2020-08-02T22:13:34+07:00 pid: 2157, has web product json: {"sku":"Mantic-GT-1DC-GR-S3"}
2020-08-02T22:13:34+07:00 pid: 2157, query: selected row count = 0, sql: SELECT product.ID FROM ralamusi_2020.`wp_posts` as product LEFT JOIN ralamusi_2020.wp_postmeta as product_sku ON product.ID = product_sku.post_ID WHERE product_sku.meta_key = '_sku' and product_sku.meta_value = 'Mantic-GT-1DC-GR-S3', modified user: 
2020-08-02T22:13:34+07:00 pid: 2330, has web product json: {"sku":"BOSS-GT-1N"}
2020-08-02T22:13:34+07:00 pid: 2330, query: selected row count = 0, sql: SELECT product.ID FROM ralamusi_2020.`wp_posts` as product LEFT JOIN ralamusi_2020.wp_postmeta as product_sku ON product.ID = product_sku.post_ID WHERE product_sku.meta_key = '_sku' and product_sku.meta_value = 'BOSS-GT-1N', modified user: 
2020-08-02T22:13:34+07:00 pid: 2324, has web product json: {"sku":"Mantic-GT-1DC-N"}
2020-08-02T22:13:34+07:00 pid: 2324, query: selected row count = 0, sql: SELECT product.ID FROM ralamusi_2020.`wp_posts` as product LEFT JOIN ralamusi_2020.wp_postmeta as product_sku ON product.ID = product_sku.post_ID WHERE product_sku.meta_key = '_sku' and product_sku.meta_value = 'Mantic-GT-1DC-N', modified user: 
2020-08-02T22:13:34+07:00 pid: 1580, has web product json: {"sku":"Mantic-GT-1DC-N-Full-SET"}
2020-08-02T22:13:34+07:00 pid: 1580, query: selected row count = 0, sql: SELECT product.ID FROM ralamusi_2020.`wp_posts` as product LEFT JOIN ralamusi_2020.wp_postmeta as product_sku ON product.ID = product_sku.post_ID WHERE product_sku.meta_key = '_sku' and product_sku.meta_value = 'Mantic-GT-1DC-N-Full-SET', modified user: 
2020-08-02T22:13:34+07:00 pid: 30742, has web product json: {"sku":"BOSS-GT1-FPSA230S"}
2020-08-02T22:13:34+07:00 pid: 30742, query: selected row count = 0, sql: SELECT product.ID FROM ralamusi_2020.`wp_posts` as product LEFT JOIN ralamusi_2020.wp_postmeta as product_sku ON product.ID = product_sku.post_ID WHERE product_sku.meta_key = '_sku' and product_sku.meta_value = 'BOSS-GT1-FPSA230S', modified user: 
2020-08-02T22:13:35+07:00 pid: 1385, has web product json: {"sku":"Boss-GT-100"}
2020-08-02T22:13:35+07:00 pid: 1385, query: selected row count = 0, sql: SELECT product.ID FROM ralamusi_2020.`wp_posts` as product LEFT JOIN ralamusi_2020.wp_postmeta as product_sku ON product.ID = product_sku.post_ID WHERE product_sku.meta_key = '_sku' and product_sku.meta_value = 'Boss-GT-100', modified user: 
2020-08-02T22:13:35+07:00 pid: 2111, has web product json: {"sku":"Mantic-GT-1DC-N-S3"}
2020-08-02T22:13:35+07:00 pid: 2111, query: selected row count = 0, sql: SELECT product.ID FROM ralamusi_2020.`wp_posts` as product LEFT JOIN ralamusi_2020.wp_postmeta as product_sku ON product.ID = product_sku.post_ID WHERE product_sku.meta_key = '_sku' and product_sku.meta_value = 'Mantic-GT-1DC-N-S3', modified user: 
2020-08-02T22:13:35+07:00 pid: 2145, has web product json: {"sku":"Boss-GT-1000"}
2020-08-02T22:13:35+07:00 pid: 2145, query: selected row count = 0, sql: SELECT product.ID FROM ralamusi_2020.`wp_posts` as product LEFT JOIN ralamusi_2020.wp_postmeta as product_sku ON product.ID = product_sku.post_ID WHERE product_sku.meta_key = '_sku' and product_sku.meta_value = 'Boss-GT-1000', modified user: 
2020-08-02T22:13:35+07:00 pid: 30742, has web product json: {"sku":"Boss-GT-1B"}
2020-08-02T22:13:35+07:00 pid: 30742, query: selected row count = 0, sql: SELECT product.ID FROM ralamusi_2020.`wp_posts` as product LEFT JOIN ralamusi_2020.wp_postmeta as product_sku ON product.ID = product_sku.post_ID WHERE product_sku.meta_key = '_sku' and product_sku.meta_value = 'Boss-GT-1B', modified user: 
2020-08-02T22:13:35+07:00 pid: 1312, has web product json: {"sku":"Carlsbro-CSD130M-T1D"}
2020-08-02T22:13:35+07:00 pid: 1312, query: selected row count = 0, sql: SELECT product.ID FROM ralamusi_2020.`wp_posts` as product LEFT JOIN ralamusi_2020.wp_postmeta as product_sku ON product.ID = product_sku.post_ID WHERE product_sku.meta_key = '_sku' and product_sku.meta_value = 'Carlsbro-CSD130M-T1D', modified user: 
2020-08-02T22:13:35+07:00 pid: 2111, has web product json: {"sku":"Daddario-Classic-PW-CGT-10"}
2020-08-02T22:13:35+07:00 pid: 2111, query: selected row count = 0, sql: SELECT product.ID FROM ralamusi_2020.`wp_posts` as product LEFT JOIN ralamusi_2020.wp_postmeta as product_sku ON product.ID = product_sku.post_ID WHERE product_sku.meta_key = '_sku' and product_sku.meta_value = 'Daddario-Classic-PW-CGT-10', modified user: 
2020-08-02T22:13:35+07:00 pid: 2145, has web product json: {"sku":"Daddario-Classic-PW-CGT-20"}
2020-08-02T22:13:35+07:00 pid: 2145, query: selected row count = 0, sql: SELECT product.ID FROM ralamusi_2020.`wp_posts` as product LEFT JOIN ralamusi_2020.wp_postmeta as product_sku ON product.ID = product_sku.post_ID WHERE product_sku.meta_key = '_sku' and product_sku.meta_value = 'Daddario-Classic-PW-CGT-20', modified user: 
2020-08-02T22:13:36+07:00 pid: 1312, has web product json: {"sku":"Daddario-Classic-PW-CGTRA-10"}
2020-08-02T22:13:36+07:00 pid: 1312, query: selected row count = 0, sql: SELECT product.ID FROM ralamusi_2020.`wp_posts` as product LEFT JOIN ralamusi_2020.wp_postmeta as product_sku ON product.ID = product_sku.post_ID WHERE product_sku.meta_key = '_sku' and product_sku.meta_value = 'Daddario-Classic-PW-CGTRA-10', modified user: 
