2020-08-23T00:25:27+07:00 pid: 30889, has web product json: {"sku":"Schecter-C6-Deluxe-BST-C6DL-SMLB"}
2020-08-23T00:25:27+07:00 pid: 30889, query: selected row count = 0, sql: SELECT product.ID FROM ralamusi_2020.`wp_posts` as product LEFT JOIN ralamusi_2020.wp_postmeta as product_sku ON product.ID = product_sku.post_ID WHERE product_sku.meta_key = '_sku' and product_sku.meta_value = 'Schecter-C6-Deluxe-BST-C6DL-SMLB', modified user: 
2020-08-23T00:25:28+07:00 pid: 30987, has web product json: {"sku":"Daddario-XTB45100"}
2020-08-23T00:25:28+07:00 pid: 30987, query: selected row count = 0, sql: SELECT product.ID FROM ralamusi_2020.`wp_posts` as product LEFT JOIN ralamusi_2020.wp_postmeta as product_sku ON product.ID = product_sku.post_ID WHERE product_sku.meta_key = '_sku' and product_sku.meta_value = 'Daddario-XTB45100', modified user: 
2020-08-23T00:25:28+07:00 pid: 30987, has web product json: {"sku":"Kirlin-MW-480-BKB-3M"}
2020-08-23T00:25:28+07:00 pid: 30987, query success, sql: SELECT product.ID FROM ralamusi_2020.`wp_posts` as product LEFT JOIN ralamusi_2020.wp_postmeta as product_sku ON product.ID = product_sku.post_ID WHERE product_sku.meta_key = '_sku' and product_sku.meta_value = 'Kirlin-MW-480-BKB-3M', modified user: 
2020-08-23T00:25:29+07:00 pid: 31290, has web product json: {"sku":"Paramount-WC450"}
2020-08-23T00:25:29+07:00 pid: 31290, query: selected row count = 0, sql: SELECT product.ID FROM ralamusi_2020.`wp_posts` as product LEFT JOIN ralamusi_2020.wp_postmeta as product_sku ON product.ID = product_sku.post_ID WHERE product_sku.meta_key = '_sku' and product_sku.meta_value = 'Paramount-WC450', modified user: 
2020-08-23T00:25:29+07:00 pid: 30889, has web product json: {"sku":"Daddario-PWPS12-Pin-Ivory"}
2020-08-23T00:25:29+07:00 pid: 30889, query: selected row count = 0, sql: SELECT product.ID FROM ralamusi_2020.`wp_posts` as product LEFT JOIN ralamusi_2020.wp_postmeta as product_sku ON product.ID = product_sku.post_ID WHERE product_sku.meta_key = '_sku' and product_sku.meta_value = 'Daddario-PWPS12-Pin-Ivory', modified user: 
2020-08-23T00:25:29+07:00 pid: 30412, has web product json: {"sku":"Rico-Clarinet-3-RCA1035"}
2020-08-23T00:25:29+07:00 pid: 30412, query: selected row count = 0, sql: SELECT product.ID FROM ralamusi_2020.`wp_posts` as product LEFT JOIN ralamusi_2020.wp_postmeta as product_sku ON product.ID = product_sku.post_ID WHERE product_sku.meta_key = '_sku' and product_sku.meta_value = 'Rico-Clarinet-3-RCA1035', modified user: 
2020-08-23T00:25:29+07:00 pid: 31296, has web product json: {"sku":"Kirlin-IM202RSG-3M"}
2020-08-23T00:25:29+07:00 pid: 31296, query success, sql: SELECT product.ID FROM ralamusi_2020.`wp_posts` as product LEFT JOIN ralamusi_2020.wp_postmeta as product_sku ON product.ID = product_sku.post_ID WHERE product_sku.meta_key = '_sku' and product_sku.meta_value = 'Kirlin-IM202RSG-3M', modified user: 
2020-08-23T00:25:29+07:00 pid: 31269, has web product json: {"sku":"Caline-CB-105"}
2020-08-23T00:25:30+07:00 pid: 31269, query: selected row count = 0, sql: SELECT product.ID FROM ralamusi_2020.`wp_posts` as product LEFT JOIN ralamusi_2020.wp_postmeta as product_sku ON product.ID = product_sku.post_ID WHERE product_sku.meta_key = '_sku' and product_sku.meta_value = 'Caline-CB-105', modified user: 
2020-08-23T00:25:30+07:00 pid: 29882, has web product json: {"sku":"Paramount-ED12N"}
2020-08-23T00:25:30+07:00 pid: 29882, query: selected row count = 0, sql: SELECT product.ID FROM ralamusi_2020.`wp_posts` as product LEFT JOIN ralamusi_2020.wp_postmeta as product_sku ON product.ID = product_sku.post_ID WHERE product_sku.meta_key = '_sku' and product_sku.meta_value = 'Paramount-ED12N', modified user: 
2020-08-23T00:25:30+07:00 pid: 30410, has web product json: {"sku":"Yamaha-ERG121U"}
2020-08-23T00:25:30+07:00 pid: 30410, query: selected row count = 0, sql: SELECT product.ID FROM ralamusi_2020.`wp_posts` as product LEFT JOIN ralamusi_2020.wp_postmeta as product_sku ON product.ID = product_sku.post_ID WHERE product_sku.meta_key = '_sku' and product_sku.meta_value = 'Yamaha-ERG121U', modified user: 
2020-08-23T00:25:42+07:00 pid: 31284, has web product json: {"sku":"Schecter-C6-Deluxe-BST-C6DL-SMLB"}
2020-08-23T00:25:42+07:00 pid: 31284, query: selected row count = 0, sql: SELECT product.ID FROM ralamusi_2020.`wp_posts` as product LEFT JOIN ralamusi_2020.wp_postmeta as product_sku ON product.ID = product_sku.post_ID WHERE product_sku.meta_key = '_sku' and product_sku.meta_value = 'Schecter-C6-Deluxe-BST-C6DL-SMLB', modified user: 
2020-08-23T00:25:42+07:00 pid: 31254, has web product json: {"sku":"Schecter-C-6-Plus-Charcoal-Burst-BST-C6P-CB"}
2020-08-23T00:25:42+07:00 pid: 31254, query: selected row count = 0, sql: SELECT product.ID FROM ralamusi_2020.`wp_posts` as product LEFT JOIN ralamusi_2020.wp_postmeta as product_sku ON product.ID = product_sku.post_ID WHERE product_sku.meta_key = '_sku' and product_sku.meta_value = 'Schecter-C-6-Plus-Charcoal-Burst-BST-C6P-CB', modified user: 
2020-08-23T00:25:42+07:00 pid: 31284, has web product json: {"sku":"Schecter-C-6-Plus-Ocean-Blue-Burst-BST-C6P-OBB"}
2020-08-23T00:25:42+07:00 pid: 31284, query: selected row count = 0, sql: SELECT product.ID FROM ralamusi_2020.`wp_posts` as product LEFT JOIN ralamusi_2020.wp_postmeta as product_sku ON product.ID = product_sku.post_ID WHERE product_sku.meta_key = '_sku' and product_sku.meta_value = 'Schecter-C-6-Plus-Ocean-Blue-Burst-BST-C6P-OBB', modified user: 
2020-08-23T00:25:42+07:00 pid: 31254, has web product json: {"sku":"Schecter-C-6-Plus-Vintage-Sunburst-BST-C6P-VSB"}
2020-08-23T00:25:43+07:00 pid: 31254, query: selected row count = 0, sql: SELECT product.ID FROM ralamusi_2020.`wp_posts` as product LEFT JOIN ralamusi_2020.wp_postmeta as product_sku ON product.ID = product_sku.post_ID WHERE product_sku.meta_key = '_sku' and product_sku.meta_value = 'Schecter-C-6-Plus-Vintage-Sunburst-BST-C6P-VSB', modified user: 
2020-08-23T00:25:43+07:00 pid: 31284, has web product json: {"sku":"Schecter-C6-Deluxe-BST-C6DL-SBK"}
2020-08-23T00:25:43+07:00 pid: 31284, query: selected row count = 0, sql: SELECT product.ID FROM ralamusi_2020.`wp_posts` as product LEFT JOIN ralamusi_2020.wp_postmeta as product_sku ON product.ID = product_sku.post_ID WHERE product_sku.meta_key = '_sku' and product_sku.meta_value = 'Schecter-C6-Deluxe-BST-C6DL-SBK', modified user: 
2020-08-23T00:25:43+07:00 pid: 30983, has web product json: {"sku":"Schecter-C6-Deluxe-BST-C6DL-SWHT"}
2020-08-23T00:25:43+07:00 pid: 30983, query: selected row count = 0, sql: SELECT product.ID FROM ralamusi_2020.`wp_posts` as product LEFT JOIN ralamusi_2020.wp_postmeta as product_sku ON product.ID = product_sku.post_ID WHERE product_sku.meta_key = '_sku' and product_sku.meta_value = 'Schecter-C6-Deluxe-BST-C6DL-SWHT', modified user: 
2020-08-23T00:25:43+07:00 pid: 31254, has web product json: {"sku":"Schecter-Demon-6-Aged-Black-Satin-BST-DM6-ABSN"}
2020-08-23T00:25:43+07:00 pid: 31254, query: selected row count = 0, sql: SELECT product.ID FROM ralamusi_2020.`wp_posts` as product LEFT JOIN ralamusi_2020.wp_postmeta as product_sku ON product.ID = product_sku.post_ID WHERE product_sku.meta_key = '_sku' and product_sku.meta_value = 'Schecter-Demon-6-Aged-Black-Satin-BST-DM6-ABSN', modified user: 
2020-08-23T00:25:43+07:00 pid: 31378, has web product json: {"sku":"Schecter-Demon-6-Crimson-Red-Burst-BST-DM6-CRB"}
2020-08-23T00:25:43+07:00 pid: 31378, query: selected row count = 0, sql: SELECT product.ID FROM ralamusi_2020.`wp_posts` as product LEFT JOIN ralamusi_2020.wp_postmeta as product_sku ON product.ID = product_sku.post_ID WHERE product_sku.meta_key = '_sku' and product_sku.meta_value = 'Schecter-Demon-6-Crimson-Red-Burst-BST-DM6-CRB', modified user: 
2020-08-23T00:25:43+07:00 pid: 30985, has web product json: {"sku":"Schecter-Nick Johnston-USA-Signature-Atomic-Green-BST-NJST-AG"}
2020-08-23T00:25:43+07:00 pid: 30985, query: selected row count = 0, sql: SELECT product.ID FROM ralamusi_2020.`wp_posts` as product LEFT JOIN ralamusi_2020.wp_postmeta as product_sku ON product.ID = product_sku.post_ID WHERE product_sku.meta_key = '_sku' and product_sku.meta_value = 'Schecter-Nick Johnston-USA-Signature-Atomic-Green-BST-NJST-AG', modified user: 
2020-08-23T00:25:44+07:00 pid: 30889, has web product json: {"sku":"Schecter-Omen-Extreme-6-Black-Cherry-BST-OMET6-BCH"}
2020-08-23T00:25:44+07:00 pid: 30889, query: selected row count = 0, sql: SELECT product.ID FROM ralamusi_2020.`wp_posts` as product LEFT JOIN ralamusi_2020.wp_postmeta as product_sku ON product.ID = product_sku.post_ID WHERE product_sku.meta_key = '_sku' and product_sku.meta_value = 'Schecter-Omen-Extreme-6-Black-Cherry-BST-OMET6-BCH', modified user: 
2020-08-23T00:26:31+07:00 pid: 31378, has web product json: {"sku":"Schecter-Omen-Extreme-6-See-Thru-Black-BST-OMET6-STBLK"}
2020-08-23T00:26:31+07:00 pid: 31378, query: selected row count = 0, sql: SELECT product.ID FROM ralamusi_2020.`wp_posts` as product LEFT JOIN ralamusi_2020.wp_postmeta as product_sku ON product.ID = product_sku.post_ID WHERE product_sku.meta_key = '_sku' and product_sku.meta_value = 'Schecter-Omen-Extreme-6-See-Thru-Black-BST-OMET6-STBLK', modified user: 
2020-08-23T00:26:46+07:00 pid: 30410, has web product json: {"sku":"Schecter-Omen-Extreme-6-Black-Cherry-BST-OMET6-BCH"}
2020-08-23T00:26:46+07:00 pid: 30410, query: selected row count = 0, sql: SELECT product.ID FROM ralamusi_2020.`wp_posts` as product LEFT JOIN ralamusi_2020.wp_postmeta as product_sku ON product.ID = product_sku.post_ID WHERE product_sku.meta_key = '_sku' and product_sku.meta_value = 'Schecter-Omen-Extreme-6-Black-Cherry-BST-OMET6-BCH', modified user: 
2020-08-23T00:26:46+07:00 pid: 31378, has web product json: {"sku":"Schecter-C6-Deluxe-BST-C6DL-SWHT"}
2020-08-23T00:26:46+07:00 pid: 31378, query: selected row count = 0, sql: SELECT product.ID FROM ralamusi_2020.`wp_posts` as product LEFT JOIN ralamusi_2020.wp_postmeta as product_sku ON product.ID = product_sku.post_ID WHERE product_sku.meta_key = '_sku' and product_sku.meta_value = 'Schecter-C6-Deluxe-BST-C6DL-SWHT', modified user: 
2020-08-23T00:26:47+07:00 pid: 31846, has web product json: {"sku":"Schecter-C6-Deluxe-BST-C6DL-SBK"}
2020-08-23T00:26:47+07:00 pid: 31846, query: selected row count = 0, sql: SELECT product.ID FROM ralamusi_2020.`wp_posts` as product LEFT JOIN ralamusi_2020.wp_postmeta as product_sku ON product.ID = product_sku.post_ID WHERE product_sku.meta_key = '_sku' and product_sku.meta_value = 'Schecter-C6-Deluxe-BST-C6DL-SBK', modified user: 
2020-08-23T00:26:47+07:00 pid: 31481, has web product json: {"sku":"Schecter-C-6-Plus-Charcoal-Burst-BST-C6P-CB"}
2020-08-23T00:26:47+07:00 pid: 31481, query: selected row count = 0, sql: SELECT product.ID FROM ralamusi_2020.`wp_posts` as product LEFT JOIN ralamusi_2020.wp_postmeta as product_sku ON product.ID = product_sku.post_ID WHERE product_sku.meta_key = '_sku' and product_sku.meta_value = 'Schecter-C-6-Plus-Charcoal-Burst-BST-C6P-CB', modified user: 
2020-08-23T00:26:47+07:00 pid: 31889, has web product json: {"sku":"Schecter-C-6-Plus-Ocean-Blue-Burst-BST-C6P-OBB"}
2020-08-23T00:26:47+07:00 pid: 31889, query: selected row count = 0, sql: SELECT product.ID FROM ralamusi_2020.`wp_posts` as product LEFT JOIN ralamusi_2020.wp_postmeta as product_sku ON product.ID = product_sku.post_ID WHERE product_sku.meta_key = '_sku' and product_sku.meta_value = 'Schecter-C-6-Plus-Ocean-Blue-Burst-BST-C6P-OBB', modified user: 
2020-08-23T00:26:47+07:00 pid: 30908, has web product json: {"sku":"Schecter-C6-Deluxe-BST-C6DL-SMLB"}
2020-08-23T00:26:47+07:00 pid: 30908, query: selected row count = 0, sql: SELECT product.ID FROM ralamusi_2020.`wp_posts` as product LEFT JOIN ralamusi_2020.wp_postmeta as product_sku ON product.ID = product_sku.post_ID WHERE product_sku.meta_key = '_sku' and product_sku.meta_value = 'Schecter-C6-Deluxe-BST-C6DL-SMLB', modified user: 
2020-08-23T00:26:47+07:00 pid: 31481, has web product json: {"sku":"Schecter-C-6-Plus-Vintage-Sunburst-BST-C6P-VSB"}
2020-08-23T00:26:47+07:00 pid: 31481, query: selected row count = 0, sql: SELECT product.ID FROM ralamusi_2020.`wp_posts` as product LEFT JOIN ralamusi_2020.wp_postmeta as product_sku ON product.ID = product_sku.post_ID WHERE product_sku.meta_key = '_sku' and product_sku.meta_value = 'Schecter-C-6-Plus-Vintage-Sunburst-BST-C6P-VSB', modified user: 
2020-08-23T00:26:47+07:00 pid: 31859, has web product json: {"sku":"Schecter-Demon-6-Aged-Black-Satin-BST-DM6-ABSN"}
2020-08-23T00:26:47+07:00 pid: 31859, query: selected row count = 0, sql: SELECT product.ID FROM ralamusi_2020.`wp_posts` as product LEFT JOIN ralamusi_2020.wp_postmeta as product_sku ON product.ID = product_sku.post_ID WHERE product_sku.meta_key = '_sku' and product_sku.meta_value = 'Schecter-Demon-6-Aged-Black-Satin-BST-DM6-ABSN', modified user: 
2020-08-23T00:26:48+07:00 pid: 30955, has web product json: {"sku":"Schecter-Demon-6-Crimson-Red-Burst-BST-DM6-CRB"}
2020-08-23T00:26:48+07:00 pid: 30955, query: selected row count = 0, sql: SELECT product.ID FROM ralamusi_2020.`wp_posts` as product LEFT JOIN ralamusi_2020.wp_postmeta as product_sku ON product.ID = product_sku.post_ID WHERE product_sku.meta_key = '_sku' and product_sku.meta_value = 'Schecter-Demon-6-Crimson-Red-Burst-BST-DM6-CRB', modified user: 
2020-08-23T00:26:48+07:00 pid: 31514, has web product json: {"sku":"Schecter-Nick Johnston-USA-Signature-Atomic-Green-BST-NJST-AG"}
2020-08-23T00:26:48+07:00 pid: 31514, query: selected row count = 0, sql: SELECT product.ID FROM ralamusi_2020.`wp_posts` as product LEFT JOIN ralamusi_2020.wp_postmeta as product_sku ON product.ID = product_sku.post_ID WHERE product_sku.meta_key = '_sku' and product_sku.meta_value = 'Schecter-Nick Johnston-USA-Signature-Atomic-Green-BST-NJST-AG', modified user: 
2020-08-23T09:05:37+07:00 pid: 7959, has web product json: {"sku":"Fender-500K-Split-Shaft-Potentiometer-0990834000"}
2020-08-23T09:05:37+07:00 pid: 7959, query: selected row count = 0, sql: SELECT product.ID FROM ralamusi_2020.`wp_posts` as product LEFT JOIN ralamusi_2020.wp_postmeta as product_sku ON product.ID = product_sku.post_ID WHERE product_sku.meta_key = '_sku' and product_sku.meta_value = 'Fender-500K-Split-Shaft-Potentiometer-0990834000', modified user: 
2020-08-23T09:05:37+07:00 pid: 8478, has web product json: {"sku":"Kazuki-KNY41CSB-S1"}
2020-08-23T09:05:37+07:00 pid: 8478, query: selected row count = 0, sql: SELECT product.ID FROM ralamusi_2020.`wp_posts` as product LEFT JOIN ralamusi_2020.wp_postmeta as product_sku ON product.ID = product_sku.post_ID WHERE product_sku.meta_key = '_sku' and product_sku.meta_value = 'Kazuki-KNY41CSB-S1', modified user: 
2020-08-23T09:05:37+07:00 pid: 8502, has web product json: {"sku":"Hohner-Blues-Bender-A"}
2020-08-23T09:05:37+07:00 pid: 8502, query: selected row count = 0, sql: SELECT product.ID FROM ralamusi_2020.`wp_posts` as product LEFT JOIN ralamusi_2020.wp_postmeta as product_sku ON product.ID = product_sku.post_ID WHERE product_sku.meta_key = '_sku' and product_sku.meta_value = 'Hohner-Blues-Bender-A', modified user: 
2020-08-23T09:05:37+07:00 pid: 7374, has web product json: {"sku":"KORG-microKEY-Air-61"}
2020-08-23T09:05:37+07:00 pid: 7374, query: selected row count = 0, sql: SELECT product.ID FROM ralamusi_2020.`wp_posts` as product LEFT JOIN ralamusi_2020.wp_postmeta as product_sku ON product.ID = product_sku.post_ID WHERE product_sku.meta_key = '_sku' and product_sku.meta_value = 'KORG-microKEY-Air-61', modified user: 
2020-08-23T09:05:37+07:00 pid: 8324, has web product json: {"sku":"Paramount NT021BK"}
2020-08-23T09:05:37+07:00 pid: 8324, query success, sql: SELECT product.ID FROM ralamusi_2020.`wp_posts` as product LEFT JOIN ralamusi_2020.wp_postmeta as product_sku ON product.ID = product_sku.post_ID WHERE product_sku.meta_key = '_sku' and product_sku.meta_value = 'Paramount NT021BK', modified user: 
2020-08-23T09:05:38+07:00 pid: 7550, has web product json: {"sku":"Paramount-NT018BK"}
2020-08-23T09:05:38+07:00 pid: 7550, query success, sql: SELECT product.ID FROM ralamusi_2020.`wp_posts` as product LEFT JOIN ralamusi_2020.wp_postmeta as product_sku ON product.ID = product_sku.post_ID WHERE product_sku.meta_key = '_sku' and product_sku.meta_value = 'Paramount-NT018BK', modified user: 
2020-08-23T09:05:38+07:00 pid: 8478, has web product json: {"sku":"AROMA-AT200D"}
2020-08-23T09:05:38+07:00 pid: 8478, query: selected row count = 0, sql: SELECT product.ID FROM ralamusi_2020.`wp_posts` as product LEFT JOIN ralamusi_2020.wp_postmeta as product_sku ON product.ID = product_sku.post_ID WHERE product_sku.meta_key = '_sku' and product_sku.meta_value = 'AROMA-AT200D', modified user: 
2020-08-23T09:05:38+07:00 pid: 8424, has web product json: {"sku":"Ernie-Peg-Winder-PO4119"}
2020-08-23T09:05:38+07:00 pid: 8424, query: selected row count = 0, sql: SELECT product.ID FROM ralamusi_2020.`wp_posts` as product LEFT JOIN ralamusi_2020.wp_postmeta as product_sku ON product.ID = product_sku.post_ID WHERE product_sku.meta_key = '_sku' and product_sku.meta_value = 'Ernie-Peg-Winder-PO4119', modified user: 
2020-08-23T09:05:38+07:00 pid: 5578, has web product json: {"sku":"Mantic-GT-1GC-R"}
2020-08-23T09:05:38+07:00 pid: 5578, query: selected row count = 0, sql: SELECT product.ID FROM ralamusi_2020.`wp_posts` as product LEFT JOIN ralamusi_2020.wp_postmeta as product_sku ON product.ID = product_sku.post_ID WHERE product_sku.meta_key = '_sku' and product_sku.meta_value = 'Mantic-GT-1GC-R', modified user: 
2020-08-23T09:05:38+07:00 pid: 7374, has web product json: {"sku":"Martin-MTR13"}
2020-08-23T09:05:38+07:00 pid: 7374, query: selected row count = 0, sql: SELECT product.ID FROM ralamusi_2020.`wp_posts` as product LEFT JOIN ralamusi_2020.wp_postmeta as product_sku ON product.ID = product_sku.post_ID WHERE product_sku.meta_key = '_sku' and product_sku.meta_value = 'Martin-MTR13', modified user: 
2020-08-23T09:05:41+07:00 pid: 7374, has web product json: {"sku":"Martin-MA535T"}
2020-08-23T09:05:41+07:00 pid: 7374, query success, sql: SELECT product.ID FROM ralamusi_2020.`wp_posts` as product LEFT JOIN ralamusi_2020.wp_postmeta as product_sku ON product.ID = product_sku.post_ID WHERE product_sku.meta_key = '_sku' and product_sku.meta_value = 'Martin-MA535T', modified user: 
2020-08-23T09:06:08+07:00 pid: 8691, has web product json: {"sku":"Martin-MA535T"}
2020-08-23T09:06:08+07:00 pid: 8691, query success, sql: SELECT product.ID FROM ralamusi_2020.`wp_posts` as product LEFT JOIN ralamusi_2020.wp_postmeta as product_sku ON product.ID = product_sku.post_ID WHERE product_sku.meta_key = '_sku' and product_sku.meta_value = 'Martin-MA535T', modified user: 
2020-08-23T09:06:08+07:00 pid: 8288, has web product json: {"sku":"Fender-500K-Split-Shaft-Potentiometer-0990834000"}
2020-08-23T09:06:08+07:00 pid: 8288, query: selected row count = 0, sql: SELECT product.ID FROM ralamusi_2020.`wp_posts` as product LEFT JOIN ralamusi_2020.wp_postmeta as product_sku ON product.ID = product_sku.post_ID WHERE product_sku.meta_key = '_sku' and product_sku.meta_value = 'Fender-500K-Split-Shaft-Potentiometer-0990834000', modified user: 
2020-08-23T09:06:08+07:00 pid: 8324, has web product json: {"sku":"Kazuki-KNY41CSB-S1"}
2020-08-23T09:06:08+07:00 pid: 8324, query: selected row count = 0, sql: SELECT product.ID FROM ralamusi_2020.`wp_posts` as product LEFT JOIN ralamusi_2020.wp_postmeta as product_sku ON product.ID = product_sku.post_ID WHERE product_sku.meta_key = '_sku' and product_sku.meta_value = 'Kazuki-KNY41CSB-S1', modified user: 
2020-08-23T09:06:08+07:00 pid: 8555, has web product json: {"sku":"Hohner-Blues-Bender-A"}
2020-08-23T09:06:08+07:00 pid: 8555, query: selected row count = 0, sql: SELECT product.ID FROM ralamusi_2020.`wp_posts` as product LEFT JOIN ralamusi_2020.wp_postmeta as product_sku ON product.ID = product_sku.post_ID WHERE product_sku.meta_key = '_sku' and product_sku.meta_value = 'Hohner-Blues-Bender-A', modified user: 
2020-08-23T09:06:09+07:00 pid: 8462, has web product json: {"sku":"KORG-microKEY-Air-61"}
2020-08-23T09:06:09+07:00 pid: 8462, query: selected row count = 0, sql: SELECT product.ID FROM ralamusi_2020.`wp_posts` as product LEFT JOIN ralamusi_2020.wp_postmeta as product_sku ON product.ID = product_sku.post_ID WHERE product_sku.meta_key = '_sku' and product_sku.meta_value = 'KORG-microKEY-Air-61', modified user: 
2020-08-23T09:06:09+07:00 pid: 8156, has web product json: {"sku":"Paramount NT021BK"}
2020-08-23T09:06:09+07:00 pid: 8156, query success, sql: SELECT product.ID FROM ralamusi_2020.`wp_posts` as product LEFT JOIN ralamusi_2020.wp_postmeta as product_sku ON product.ID = product_sku.post_ID WHERE product_sku.meta_key = '_sku' and product_sku.meta_value = 'Paramount NT021BK', modified user: 
2020-08-23T09:06:11+07:00 pid: 8716, has web product json: {"sku":"Paramount-NT018BK"}
2020-08-23T09:06:11+07:00 pid: 8716, query success, sql: SELECT product.ID FROM ralamusi_2020.`wp_posts` as product LEFT JOIN ralamusi_2020.wp_postmeta as product_sku ON product.ID = product_sku.post_ID WHERE product_sku.meta_key = '_sku' and product_sku.meta_value = 'Paramount-NT018BK', modified user: 
2020-08-23T09:06:12+07:00 pid: 8460, has web product json: {"sku":"AROMA-AT200D"}
2020-08-23T09:06:12+07:00 pid: 8460, query: selected row count = 0, sql: SELECT product.ID FROM ralamusi_2020.`wp_posts` as product LEFT JOIN ralamusi_2020.wp_postmeta as product_sku ON product.ID = product_sku.post_ID WHERE product_sku.meta_key = '_sku' and product_sku.meta_value = 'AROMA-AT200D', modified user: 
2020-08-23T09:06:12+07:00 pid: 8555, has web product json: {"sku":"Ernie-Peg-Winder-PO4119"}
2020-08-23T09:06:12+07:00 pid: 8555, query: selected row count = 0, sql: SELECT product.ID FROM ralamusi_2020.`wp_posts` as product LEFT JOIN ralamusi_2020.wp_postmeta as product_sku ON product.ID = product_sku.post_ID WHERE product_sku.meta_key = '_sku' and product_sku.meta_value = 'Ernie-Peg-Winder-PO4119', modified user: 
2020-08-23T09:06:12+07:00 pid: 8555, has web product json: {"sku":"Mantic-GT-1GC-R"}
2020-08-23T09:06:12+07:00 pid: 8555, query: selected row count = 0, sql: SELECT product.ID FROM ralamusi_2020.`wp_posts` as product LEFT JOIN ralamusi_2020.wp_postmeta as product_sku ON product.ID = product_sku.post_ID WHERE product_sku.meta_key = '_sku' and product_sku.meta_value = 'Mantic-GT-1GC-R', modified user: 
2020-08-23T15:17:04+07:00 pid: 10600, has web product json: {"sku":"Daddario-EJ45"}
2020-08-23T15:17:04+07:00 pid: 10600, query: selected row count = 0, sql: SELECT product.ID FROM ralamusi_2020.`wp_posts` as product LEFT JOIN ralamusi_2020.wp_postmeta as product_sku ON product.ID = product_sku.post_ID WHERE product_sku.meta_key = '_sku' and product_sku.meta_value = 'Daddario-EJ45', modified user: 
2020-08-23T15:17:04+07:00 pid: 12784, has web product json: {"sku":"Daddario-EJ26"}
2020-08-23T15:17:04+07:00 pid: 12784, query: selected row count = 0, sql: SELECT product.ID FROM ralamusi_2020.`wp_posts` as product LEFT JOIN ralamusi_2020.wp_postmeta as product_sku ON product.ID = product_sku.post_ID WHERE product_sku.meta_key = '_sku' and product_sku.meta_value = 'Daddario-EJ26', modified user: 
2020-08-23T15:17:04+07:00 pid: 12246, has web product json: {"sku":"Daddario-EXP10"}
2020-08-23T15:17:04+07:00 pid: 12246, query: selected row count = 0, sql: SELECT product.ID FROM ralamusi_2020.`wp_posts` as product LEFT JOIN ralamusi_2020.wp_postmeta as product_sku ON product.ID = product_sku.post_ID WHERE product_sku.meta_key = '_sku' and product_sku.meta_value = 'Daddario-EXP10', modified user: 
2020-08-23T15:17:05+07:00 pid: 11530, has web product json: {"sku":"Amppro-APC15R-BR"}
2020-08-23T15:17:05+07:00 pid: 11530, query: selected row count = 0, sql: SELECT product.ID FROM ralamusi_2020.`wp_posts` as product LEFT JOIN ralamusi_2020.wp_postmeta as product_sku ON product.ID = product_sku.post_ID WHERE product_sku.meta_key = '_sku' and product_sku.meta_value = 'Amppro-APC15R-BR', modified user: 
2020-08-23T15:17:05+07:00 pid: 11530, has web product json: {"sku":"Daddario-XTC45"}
2020-08-23T15:17:05+07:00 pid: 11530, query: selected row count = 0, sql: SELECT product.ID FROM ralamusi_2020.`wp_posts` as product LEFT JOIN ralamusi_2020.wp_postmeta as product_sku ON product.ID = product_sku.post_ID WHERE product_sku.meta_key = '_sku' and product_sku.meta_value = 'Daddario-XTC45', modified user: 
2020-08-23T15:17:05+07:00 pid: 13257, has web product json: {"sku":"Promark-Rebound-5A-ActiveGrip"}
2020-08-23T15:17:05+07:00 pid: 13257, query: selected row count = 0, sql: SELECT product.ID FROM ralamusi_2020.`wp_posts` as product LEFT JOIN ralamusi_2020.wp_postmeta as product_sku ON product.ID = product_sku.post_ID WHERE product_sku.meta_key = '_sku' and product_sku.meta_value = 'Promark-Rebound-5A-ActiveGrip', modified user: 
2020-08-23T15:17:05+07:00 pid: 13373, has web product json: {"sku":"Squier-Mini-Strat-PK-S1-0310121570"}
2020-08-23T15:17:06+07:00 pid: 13373, query: selected row count = 0, sql: SELECT product.ID FROM ralamusi_2020.`wp_posts` as product LEFT JOIN ralamusi_2020.wp_postmeta as product_sku ON product.ID = product_sku.post_ID WHERE product_sku.meta_key = '_sku' and product_sku.meta_value = 'Squier-Mini-Strat-PK-S1-0310121570', modified user: 
2020-08-23T15:17:06+07:00 pid: 13370, has web product json: {"sku":"Fujiw-SPV014"}
2020-08-23T15:17:06+07:00 pid: 13370, query: selected row count = 0, sql: SELECT product.ID FROM ralamusi_2020.`wp_posts` as product LEFT JOIN ralamusi_2020.wp_postmeta as product_sku ON product.ID = product_sku.post_ID WHERE product_sku.meta_key = '_sku' and product_sku.meta_value = 'Fujiw-SPV014', modified user: 
2020-08-23T15:17:06+07:00 pid: 13201, has web product json: {"sku":"Elixir-Polyweb-Electric-Super-Light"}
2020-08-23T15:17:06+07:00 pid: 13201, query: selected row count = 0, sql: SELECT product.ID FROM ralamusi_2020.`wp_posts` as product LEFT JOIN ralamusi_2020.wp_postmeta as product_sku ON product.ID = product_sku.post_ID WHERE product_sku.meta_key = '_sku' and product_sku.meta_value = 'Elixir-Polyweb-Electric-Super-Light', modified user: 
2020-08-23T15:17:07+07:00 pid: 13372, has web product json: {"sku":"Elixir-Nanoweb-Electric-Super-Light"}
2020-08-23T15:17:07+07:00 pid: 13372, query: selected row count = 0, sql: SELECT product.ID FROM ralamusi_2020.`wp_posts` as product LEFT JOIN ralamusi_2020.wp_postmeta as product_sku ON product.ID = product_sku.post_ID WHERE product_sku.meta_key = '_sku' and product_sku.meta_value = 'Elixir-Nanoweb-Electric-Super-Light', modified user: 
2020-08-23T15:17:08+07:00 pid: 13343, has web product json: {"sku":"Blackstar-FLY-3-Bass-Stereo-Pack"}
2020-08-23T15:17:08+07:00 pid: 13343, query: selected row count = 0, sql: SELECT product.ID FROM ralamusi_2020.`wp_posts` as product LEFT JOIN ralamusi_2020.wp_postmeta as product_sku ON product.ID = product_sku.post_ID WHERE product_sku.meta_key = '_sku' and product_sku.meta_value = 'Blackstar-FLY-3-Bass-Stereo-Pack', modified user: 
2020-08-23T15:17:08+07:00 pid: 12258, has web product json: {"sku":"Blackstar-Fly-3-Bluetooth"}
2020-08-23T15:17:08+07:00 pid: 12258, query: selected row count = 0, sql: SELECT product.ID FROM ralamusi_2020.`wp_posts` as product LEFT JOIN ralamusi_2020.wp_postmeta as product_sku ON product.ID = product_sku.post_ID WHERE product_sku.meta_key = '_sku' and product_sku.meta_value = 'Blackstar-Fly-3-Bluetooth', modified user: 
2020-08-23T15:17:09+07:00 pid: 13344, has web product json: {"sku":"Blackstar-FLY-3-Stereo-Pack-Vintage"}
2020-08-23T15:17:09+07:00 pid: 13344, query: selected row count = 0, sql: SELECT product.ID FROM ralamusi_2020.`wp_posts` as product LEFT JOIN ralamusi_2020.wp_postmeta as product_sku ON product.ID = product_sku.post_ID WHERE product_sku.meta_key = '_sku' and product_sku.meta_value = 'Blackstar-FLY-3-Stereo-Pack-Vintage', modified user: 
2020-08-23T15:17:09+07:00 pid: 13372, has web product json: {"sku":"Blackstar-FLY-3-Stereo-Pack-Black"}
2020-08-23T15:17:09+07:00 pid: 13372, query: selected row count = 0, sql: SELECT product.ID FROM ralamusi_2020.`wp_posts` as product LEFT JOIN ralamusi_2020.wp_postmeta as product_sku ON product.ID = product_sku.post_ID WHERE product_sku.meta_key = '_sku' and product_sku.meta_value = 'Blackstar-FLY-3-Stereo-Pack-Black', modified user: 
2020-08-23T15:17:09+07:00 pid: 13335, has web product json: {"sku":"Blackstar-FLY-3-Acoustic"}
2020-08-23T15:17:09+07:00 pid: 13335, query: selected row count = 0, sql: SELECT product.ID FROM ralamusi_2020.`wp_posts` as product LEFT JOIN ralamusi_2020.wp_postmeta as product_sku ON product.ID = product_sku.post_ID WHERE product_sku.meta_key = '_sku' and product_sku.meta_value = 'Blackstar-FLY-3-Acoustic', modified user: 
2020-08-23T15:17:10+07:00 pid: 11530, has web product json: {"sku":"Blackstar-FLY-3-Acoustic-Stereo-Pack"}
2020-08-23T15:17:10+07:00 pid: 11530, query: selected row count = 0, sql: SELECT product.ID FROM ralamusi_2020.`wp_posts` as product LEFT JOIN ralamusi_2020.wp_postmeta as product_sku ON product.ID = product_sku.post_ID WHERE product_sku.meta_key = '_sku' and product_sku.meta_value = 'Blackstar-FLY-3-Acoustic-Stereo-Pack', modified user: 
2020-08-23T15:17:10+07:00 pid: 13329, has web product json: {"sku":"Blackstar-FLY-3-Sugar-Skull"}
2020-08-23T15:17:10+07:00 pid: 13329, query: selected row count = 0, sql: SELECT product.ID FROM ralamusi_2020.`wp_posts` as product LEFT JOIN ralamusi_2020.wp_postmeta as product_sku ON product.ID = product_sku.post_ID WHERE product_sku.meta_key = '_sku' and product_sku.meta_value = 'Blackstar-FLY-3-Sugar-Skull', modified user: 
2020-08-23T15:17:10+07:00 pid: 13373, has web product json: {"sku":"Blackstar-FLY-3-Bass"}
2020-08-23T15:17:10+07:00 pid: 13373, query success, sql: SELECT product.ID FROM ralamusi_2020.`wp_posts` as product LEFT JOIN ralamusi_2020.wp_postmeta as product_sku ON product.ID = product_sku.post_ID WHERE product_sku.meta_key = '_sku' and product_sku.meta_value = 'Blackstar-FLY-3-Bass', modified user: 
2020-08-23T15:17:10+07:00 pid: 13372, has web product json: {"sku":"Blackstar-FLY-3-Black"}
2020-08-23T15:17:10+07:00 pid: 13372, query: selected row count = 0, sql: SELECT product.ID FROM ralamusi_2020.`wp_posts` as product LEFT JOIN ralamusi_2020.wp_postmeta as product_sku ON product.ID = product_sku.post_ID WHERE product_sku.meta_key = '_sku' and product_sku.meta_value = 'Blackstar-FLY-3-Black', modified user: 
2020-08-23T15:17:11+07:00 pid: 13329, has web product json: {"sku":"Blackstar-FLY-3-PSU-1"}
2020-08-23T15:17:11+07:00 pid: 13329, query: selected row count = 0, sql: SELECT product.ID FROM ralamusi_2020.`wp_posts` as product LEFT JOIN ralamusi_2020.wp_postmeta as product_sku ON product.ID = product_sku.post_ID WHERE product_sku.meta_key = '_sku' and product_sku.meta_value = 'Blackstar-FLY-3-PSU-1', modified user: 
2020-08-23T15:17:26+07:00 pid: 12258, has web product json: {"sku":"Blackstar-FLY-3-Sugar-Skull-PSU-1"}
2020-08-23T15:17:26+07:00 pid: 12258, query: selected row count = 0, sql: SELECT product.ID FROM ralamusi_2020.`wp_posts` as product LEFT JOIN ralamusi_2020.wp_postmeta as product_sku ON product.ID = product_sku.post_ID WHERE product_sku.meta_key = '_sku' and product_sku.meta_value = 'Blackstar-FLY-3-Sugar-Skull-PSU-1', modified user: 
2020-08-23T15:17:26+07:00 pid: 12287, has web product json: {"sku":"Blackstar-FLY-3-Union-Flag"}
2020-08-23T15:17:26+07:00 pid: 12287, query: selected row count = 0, sql: SELECT product.ID FROM ralamusi_2020.`wp_posts` as product LEFT JOIN ralamusi_2020.wp_postmeta as product_sku ON product.ID = product_sku.post_ID WHERE product_sku.meta_key = '_sku' and product_sku.meta_value = 'Blackstar-FLY-3-Union-Flag', modified user: 
2020-08-23T15:17:26+07:00 pid: 13454, has web product json: {"sku":"Blackstar-FLY-3-Union-Flag-PSU-1"}
2020-08-23T15:17:26+07:00 pid: 13454, query: selected row count = 0, sql: SELECT product.ID FROM ralamusi_2020.`wp_posts` as product LEFT JOIN ralamusi_2020.wp_postmeta as product_sku ON product.ID = product_sku.post_ID WHERE product_sku.meta_key = '_sku' and product_sku.meta_value = 'Blackstar-FLY-3-Union-Flag-PSU-1', modified user: 
2020-08-23T15:17:26+07:00 pid: 13335, has web product json: {"sku":"Blackstar-FLY-3-Vintage"}
2020-08-23T15:17:26+07:00 pid: 13335, query: selected row count = 0, sql: SELECT product.ID FROM ralamusi_2020.`wp_posts` as product LEFT JOIN ralamusi_2020.wp_postmeta as product_sku ON product.ID = product_sku.post_ID WHERE product_sku.meta_key = '_sku' and product_sku.meta_value = 'Blackstar-FLY-3-Vintage', modified user: 
2020-08-23T15:17:28+07:00 pid: 13335, has web product json: {"sku":"Blackstar-Fly-3-Bass-Mini-Amp"}
2020-08-23T15:17:28+07:00 pid: 13335, query: selected row count = 0, sql: SELECT product.ID FROM ralamusi_2020.`wp_posts` as product LEFT JOIN ralamusi_2020.wp_postmeta as product_sku ON product.ID = product_sku.post_ID WHERE product_sku.meta_key = '_sku' and product_sku.meta_value = 'Blackstar-Fly-3-Bass-Mini-Amp', modified user: 
2020-08-23T15:17:28+07:00 pid: 11530, has web product json: {"sku":"Fender-500K-Split-Shaft-Potentiometer-0990834000"}
2020-08-23T15:17:28+07:00 pid: 11530, query: selected row count = 0, sql: SELECT product.ID FROM ralamusi_2020.`wp_posts` as product LEFT JOIN ralamusi_2020.wp_postmeta as product_sku ON product.ID = product_sku.post_ID WHERE product_sku.meta_key = '_sku' and product_sku.meta_value = 'Fender-500K-Split-Shaft-Potentiometer-0990834000', modified user: 
2020-08-23T15:17:29+07:00 pid: 12287, has web product json: {"sku":"Blackstar-PSU-1"}
2020-08-23T15:17:29+07:00 pid: 13346, has web product json: {"sku":"Martin-MTR13"}
2020-08-23T15:17:29+07:00 pid: 12287, query: selected row count = 0, sql: SELECT product.ID FROM ralamusi_2020.`wp_posts` as product LEFT JOIN ralamusi_2020.wp_postmeta as product_sku ON product.ID = product_sku.post_ID WHERE product_sku.meta_key = '_sku' and product_sku.meta_value = 'Blackstar-PSU-1', modified user: 
2020-08-23T15:17:29+07:00 pid: 13346, query: selected row count = 0, sql: SELECT product.ID FROM ralamusi_2020.`wp_posts` as product LEFT JOIN ralamusi_2020.wp_postmeta as product_sku ON product.ID = product_sku.post_ID WHERE product_sku.meta_key = '_sku' and product_sku.meta_value = 'Martin-MTR13', modified user: 
2020-08-23T15:17:29+07:00 pid: 12093, has web product json: {"sku":"Ernie-Ball-Polypro-P04037-BK"}
2020-08-23T15:17:29+07:00 pid: 13345, has web product json: {"sku":"Paramount-E235BK"}
2020-08-23T15:17:29+07:00 pid: 12093, query: selected row count = 0, sql: SELECT product.ID FROM ralamusi_2020.`wp_posts` as product LEFT JOIN ralamusi_2020.wp_postmeta as product_sku ON product.ID = product_sku.post_ID WHERE product_sku.meta_key = '_sku' and product_sku.meta_value = 'Ernie-Ball-Polypro-P04037-BK', modified user: 
2020-08-23T15:17:29+07:00 pid: 13345, query: selected row count = 0, sql: SELECT product.ID FROM ralamusi_2020.`wp_posts` as product LEFT JOIN ralamusi_2020.wp_postmeta as product_sku ON product.ID = product_sku.post_ID WHERE product_sku.meta_key = '_sku' and product_sku.meta_value = 'Paramount-E235BK', modified user: 
2020-08-23T15:17:29+07:00 pid: 13329, has web product json: {"sku":"Paramount-E235WH"}
2020-08-23T15:17:29+07:00 pid: 13370, has web product json: {"sku":"Kirlin-MW-480-BKB-3M"}
2020-08-23T15:17:29+07:00 pid: 13329, query: selected row count = 0, sql: SELECT product.ID FROM ralamusi_2020.`wp_posts` as product LEFT JOIN ralamusi_2020.wp_postmeta as product_sku ON product.ID = product_sku.post_ID WHERE product_sku.meta_key = '_sku' and product_sku.meta_value = 'Paramount-E235WH', modified user: 
2020-08-23T15:17:29+07:00 pid: 13370, query success, sql: SELECT product.ID FROM ralamusi_2020.`wp_posts` as product LEFT JOIN ralamusi_2020.wp_postmeta as product_sku ON product.ID = product_sku.post_ID WHERE product_sku.meta_key = '_sku' and product_sku.meta_value = 'Kirlin-MW-480-BKB-3M', modified user: 
2020-08-23T15:17:29+07:00 pid: 12608, has web product json: {"sku":"Rico-Clarinet-3-RCA1035"}
2020-08-23T15:17:29+07:00 pid: 13335, has web product json: {"sku":"Yamaha-FX370C-NT"}
2020-08-23T15:17:29+07:00 pid: 12608, query: selected row count = 0, sql: SELECT product.ID FROM ralamusi_2020.`wp_posts` as product LEFT JOIN ralamusi_2020.wp_postmeta as product_sku ON product.ID = product_sku.post_ID WHERE product_sku.meta_key = '_sku' and product_sku.meta_value = 'Rico-Clarinet-3-RCA1035', modified user: 
2020-08-23T15:17:29+07:00 pid: 13335, query: selected row count = 0, sql: SELECT product.ID FROM ralamusi_2020.`wp_posts` as product LEFT JOIN ralamusi_2020.wp_postmeta as product_sku ON product.ID = product_sku.post_ID WHERE product_sku.meta_key = '_sku' and product_sku.meta_value = 'Yamaha-FX370C-NT', modified user: 
2020-08-23T15:17:30+07:00 pid: 12425, has web product json: {"sku":"Martin-MA535T"}
2020-08-23T15:17:30+07:00 pid: 13139, has web product json: {"sku":"Kirlin-IM202RSG-3M"}
2020-08-23T15:17:30+07:00 pid: 12425, query success, sql: SELECT product.ID FROM ralamusi_2020.`wp_posts` as product LEFT JOIN ralamusi_2020.wp_postmeta as product_sku ON product.ID = product_sku.post_ID WHERE product_sku.meta_key = '_sku' and product_sku.meta_value = 'Martin-MA535T', modified user: 
2020-08-23T15:17:30+07:00 pid: 13139, query success, sql: SELECT product.ID FROM ralamusi_2020.`wp_posts` as product LEFT JOIN ralamusi_2020.wp_postmeta as product_sku ON product.ID = product_sku.post_ID WHERE product_sku.meta_key = '_sku' and product_sku.meta_value = 'Kirlin-IM202RSG-3M', modified user: 
2020-08-23T15:17:30+07:00 pid: 12287, has web product json: {"sku":"Midiplus-AKM320BT"}
2020-08-23T15:17:30+07:00 pid: 12287, query: selected row count = 0, sql: SELECT product.ID FROM ralamusi_2020.`wp_posts` as product LEFT JOIN ralamusi_2020.wp_postmeta as product_sku ON product.ID = product_sku.post_ID WHERE product_sku.meta_key = '_sku' and product_sku.meta_value = 'Midiplus-AKM320BT', modified user: 
2020-08-23T15:17:30+07:00 pid: 12093, has web product json: {"sku":"Paramount-DSW-23"}
2020-08-23T15:17:30+07:00 pid: 12093, query success, sql: SELECT product.ID FROM ralamusi_2020.`wp_posts` as product LEFT JOIN ralamusi_2020.wp_postmeta as product_sku ON product.ID = product_sku.post_ID WHERE product_sku.meta_key = '_sku' and product_sku.meta_value = 'Paramount-DSW-23', modified user: 
2020-08-23T15:17:30+07:00 pid: 13329, has web product json: {"sku":"SQOE-SEST230WH-HSS"}
2020-08-23T15:17:30+07:00 pid: 13329, query: selected row count = 0, sql: SELECT product.ID FROM ralamusi_2020.`wp_posts` as product LEFT JOIN ralamusi_2020.wp_postmeta as product_sku ON product.ID = product_sku.post_ID WHERE product_sku.meta_key = '_sku' and product_sku.meta_value = 'SQOE-SEST230WH-HSS', modified user: 
2020-08-23T15:17:30+07:00 pid: 12608, has web product json: {"sku":"FOM-ME-032"}
2020-08-23T15:17:30+07:00 pid: 12608, query: selected row count = 0, sql: SELECT product.ID FROM ralamusi_2020.`wp_posts` as product LEFT JOIN ralamusi_2020.wp_postmeta as product_sku ON product.ID = product_sku.post_ID WHERE product_sku.meta_key = '_sku' and product_sku.meta_value = 'FOM-ME-032', modified user: 
2020-08-23T19:29:14+07:00 pid: 23668, has web product json: {"sku":"Fender-Electric-Bass-Gig-Bag-FB610"}
2020-08-23T19:29:14+07:00 pid: 23668, query: selected row count = 0, sql: SELECT product.ID FROM ralamusi_2020.`wp_posts` as product LEFT JOIN ralamusi_2020.wp_postmeta as product_sku ON product.ID = product_sku.post_ID WHERE product_sku.meta_key = '_sku' and product_sku.meta_value = 'Fender-Electric-Bass-Gig-Bag-FB610', modified user: 
2020-08-23T19:29:15+07:00 pid: 23756, has web product json: {"sku":"Yamaha-EN-PSR-F51"}
2020-08-23T19:29:15+07:00 pid: 23756, query: selected row count = 0, sql: SELECT product.ID FROM ralamusi_2020.`wp_posts` as product LEFT JOIN ralamusi_2020.wp_postmeta as product_sku ON product.ID = product_sku.post_ID WHERE product_sku.meta_key = '_sku' and product_sku.meta_value = 'Yamaha-EN-PSR-F51', modified user: 
2020-08-23T19:29:15+07:00 pid: 23673, has web product json: {"sku":"Suzuki-MX32-Alto-GR"}
2020-08-23T19:29:15+07:00 pid: 23673, query: selected row count = 0, sql: SELECT product.ID FROM ralamusi_2020.`wp_posts` as product LEFT JOIN ralamusi_2020.wp_postmeta as product_sku ON product.ID = product_sku.post_ID WHERE product_sku.meta_key = '_sku' and product_sku.meta_value = 'Suzuki-MX32-Alto-GR', modified user: 
2020-08-23T19:29:15+07:00 pid: 23756, has web product json: {"sku":"Carlsbro-SIP105"}
2020-08-23T19:29:15+07:00 pid: 23756, query success, sql: SELECT product.ID FROM ralamusi_2020.`wp_posts` as product LEFT JOIN ralamusi_2020.wp_postmeta as product_sku ON product.ID = product_sku.post_ID WHERE product_sku.meta_key = '_sku' and product_sku.meta_value = 'Carlsbro-SIP105', modified user: 
2020-08-23T19:29:16+07:00 pid: 23939, has web product json: {"sku":"Kazuki-KZ41CBK-S1"}
2020-08-23T19:29:16+07:00 pid: 23939, query: selected row count = 0, sql: SELECT product.ID FROM ralamusi_2020.`wp_posts` as product LEFT JOIN ralamusi_2020.wp_postmeta as product_sku ON product.ID = product_sku.post_ID WHERE product_sku.meta_key = '_sku' and product_sku.meta_value = 'Kazuki-KZ41CBK-S1', modified user: 
2020-08-23T19:29:16+07:00 pid: 23021, has web product json: {"sku":"Paramount-JYC-L1"}
2020-08-23T19:29:16+07:00 pid: 23021, query: selected row count = 0, sql: SELECT product.ID FROM ralamusi_2020.`wp_posts` as product LEFT JOIN ralamusi_2020.wp_postmeta as product_sku ON product.ID = product_sku.post_ID WHERE product_sku.meta_key = '_sku' and product_sku.meta_value = 'Paramount-JYC-L1', modified user: 
2020-08-23T19:29:16+07:00 pid: 23939, has web product json: {"sku":"Carlsbro-DCN2"}
2020-08-23T19:29:16+07:00 pid: 23939, query: selected row count = 0, sql: SELECT product.ID FROM ralamusi_2020.`wp_posts` as product LEFT JOIN ralamusi_2020.wp_postmeta as product_sku ON product.ID = product_sku.post_ID WHERE product_sku.meta_key = '_sku' and product_sku.meta_value = 'Carlsbro-DCN2', modified user: 
2020-08-23T19:29:16+07:00 pid: 23920, has web product json: {"sku":"Roland-PSB-230"}
2020-08-23T19:29:16+07:00 pid: 23920, query success, sql: SELECT product.ID FROM ralamusi_2020.`wp_posts` as product LEFT JOIN ralamusi_2020.wp_postmeta as product_sku ON product.ID = product_sku.post_ID WHERE product_sku.meta_key = '_sku' and product_sku.meta_value = 'Roland-PSB-230', modified user: 
2020-08-23T19:29:17+07:00 pid: 24030, has web product json: {"sku":"Bespeco-KG10"}
2020-08-23T19:29:17+07:00 pid: 24030, query: selected row count = 0, sql: SELECT product.ID FROM ralamusi_2020.`wp_posts` as product LEFT JOIN ralamusi_2020.wp_postmeta as product_sku ON product.ID = product_sku.post_ID WHERE product_sku.meta_key = '_sku' and product_sku.meta_value = 'Bespeco-KG10', modified user: 
2020-08-23T19:29:17+07:00 pid: 23939, has web product json: {"sku":"Paramount-MHS01"}
2020-08-23T19:29:17+07:00 pid: 23939, query: selected row count = 0, sql: SELECT product.ID FROM ralamusi_2020.`wp_posts` as product LEFT JOIN ralamusi_2020.wp_postmeta as product_sku ON product.ID = product_sku.post_ID WHERE product_sku.meta_key = '_sku' and product_sku.meta_value = 'Paramount-MHS01', modified user: 
2020-08-23T19:29:22+07:00 pid: 23669, has web product json: {"sku":"Ernie-Ball-Polypro-P04044-Rainbow"}
2020-08-23T19:29:22+07:00 pid: 23669, query: selected row count = 0, sql: SELECT product.ID FROM ralamusi_2020.`wp_posts` as product LEFT JOIN ralamusi_2020.wp_postmeta as product_sku ON product.ID = product_sku.post_ID WHERE product_sku.meta_key = '_sku' and product_sku.meta_value = 'Ernie-Ball-Polypro-P04044-Rainbow', modified user: 
2020-08-23T19:29:23+07:00 pid: 22698, has web product json: {"sku":"Amppro-APC15R-BR"}
2020-08-23T19:29:23+07:00 pid: 22698, query: selected row count = 0, sql: SELECT product.ID FROM ralamusi_2020.`wp_posts` as product LEFT JOIN ralamusi_2020.wp_postmeta as product_sku ON product.ID = product_sku.post_ID WHERE product_sku.meta_key = '_sku' and product_sku.meta_value = 'Amppro-APC15R-BR', modified user: 
2020-08-23T19:29:23+07:00 pid: 23933, has web product json: {"sku":"Promark-Rebound-5A-ActiveGrip"}
2020-08-23T19:29:23+07:00 pid: 23957, has web product json: {"sku":"Ernie-Ball-Polypro-P04044-Rainbow"}
2020-08-23T19:29:23+07:00 pid: 23957, query: selected row count = 0, sql: SELECT product.ID FROM ralamusi_2020.`wp_posts` as product LEFT JOIN ralamusi_2020.wp_postmeta as product_sku ON product.ID = product_sku.post_ID WHERE product_sku.meta_key = '_sku' and product_sku.meta_value = 'Ernie-Ball-Polypro-P04044-Rainbow', modified user: 
2020-08-23T19:29:23+07:00 pid: 23933, query: selected row count = 0, sql: SELECT product.ID FROM ralamusi_2020.`wp_posts` as product LEFT JOIN ralamusi_2020.wp_postmeta as product_sku ON product.ID = product_sku.post_ID WHERE product_sku.meta_key = '_sku' and product_sku.meta_value = 'Promark-Rebound-5A-ActiveGrip', modified user: 
2020-08-23T19:29:23+07:00 pid: 22698, has web product json: {"sku":"Ernie-Ball-Polypro-P04047-WR"}
2020-08-23T19:29:23+07:00 pid: 23957, has web product json: {"sku":"Amppro-APC15R-BR"}
2020-08-23T19:29:23+07:00 pid: 23957, query: selected row count = 0, sql: SELECT product.ID FROM ralamusi_2020.`wp_posts` as product LEFT JOIN ralamusi_2020.wp_postmeta as product_sku ON product.ID = product_sku.post_ID WHERE product_sku.meta_key = '_sku' and product_sku.meta_value = 'Amppro-APC15R-BR', modified user: 
2020-08-23T19:29:23+07:00 pid: 22698, query: selected row count = 0, sql: SELECT product.ID FROM ralamusi_2020.`wp_posts` as product LEFT JOIN ralamusi_2020.wp_postmeta as product_sku ON product.ID = product_sku.post_ID WHERE product_sku.meta_key = '_sku' and product_sku.meta_value = 'Ernie-Ball-Polypro-P04047-WR', modified user: 
2020-08-23T19:29:24+07:00 pid: 23326, has web product json: {"sku":"Promark-Rebound-5A-ActiveGrip"}
2020-08-23T19:29:24+07:00 pid: 23326, query: selected row count = 0, sql: SELECT product.ID FROM ralamusi_2020.`wp_posts` as product LEFT JOIN ralamusi_2020.wp_postmeta as product_sku ON product.ID = product_sku.post_ID WHERE product_sku.meta_key = '_sku' and product_sku.meta_value = 'Promark-Rebound-5A-ActiveGrip', modified user: 
2020-08-23T19:29:24+07:00 pid: 23957, has web product json: {"sku":"Ernie-Ball-Polypro-P04037-BK"}
2020-08-23T19:29:24+07:00 pid: 23957, query: selected row count = 0, sql: SELECT product.ID FROM ralamusi_2020.`wp_posts` as product LEFT JOIN ralamusi_2020.wp_postmeta as product_sku ON product.ID = product_sku.post_ID WHERE product_sku.meta_key = '_sku' and product_sku.meta_value = 'Ernie-Ball-Polypro-P04037-BK', modified user: 
2020-08-23T19:29:24+07:00 pid: 22795, has web product json: {"sku":"Epiphone-Pro-1-Classic"}
2020-08-23T19:29:24+07:00 pid: 23782, has web product json: {"sku":"Ernie-Ball-Polypro-P04047-WR"}
2020-08-23T19:29:24+07:00 pid: 23782, query: selected row count = 0, sql: SELECT product.ID FROM ralamusi_2020.`wp_posts` as product LEFT JOIN ralamusi_2020.wp_postmeta as product_sku ON product.ID = product_sku.post_ID WHERE product_sku.meta_key = '_sku' and product_sku.meta_value = 'Ernie-Ball-Polypro-P04047-WR', modified user: 
2020-08-23T19:29:24+07:00 pid: 22795, query: selected row count = 0, sql: SELECT product.ID FROM ralamusi_2020.`wp_posts` as product LEFT JOIN ralamusi_2020.wp_postmeta as product_sku ON product.ID = product_sku.post_ID WHERE product_sku.meta_key = '_sku' and product_sku.meta_value = 'Epiphone-Pro-1-Classic', modified user: 
2020-08-23T19:29:24+07:00 pid: 22795, has web product json: {"sku":"Ernie-Ball-Polypro-P04037-BK"}
2020-08-23T19:29:24+07:00 pid: 23957, has web product json: {"sku":"Promark-LA7AN"}
2020-08-23T19:29:24+07:00 pid: 22795, query: selected row count = 0, sql: SELECT product.ID FROM ralamusi_2020.`wp_posts` as product LEFT JOIN ralamusi_2020.wp_postmeta as product_sku ON product.ID = product_sku.post_ID WHERE product_sku.meta_key = '_sku' and product_sku.meta_value = 'Ernie-Ball-Polypro-P04037-BK', modified user: 
2020-08-23T19:29:24+07:00 pid: 23957, query: selected row count = 0, sql: SELECT product.ID FROM ralamusi_2020.`wp_posts` as product LEFT JOIN ralamusi_2020.wp_postmeta as product_sku ON product.ID = product_sku.post_ID WHERE product_sku.meta_key = '_sku' and product_sku.meta_value = 'Promark-LA7AN', modified user: 
2020-08-23T19:29:24+07:00 pid: 23957, has web product json: {"sku":"Promark-LA2BN"}
2020-08-23T19:29:24+07:00 pid: 23782, has web product json: {"sku":"Epiphone-Pro-1-Classic"}
2020-08-23T19:29:24+07:00 pid: 23782, query: selected row count = 0, sql: SELECT product.ID FROM ralamusi_2020.`wp_posts` as product LEFT JOIN ralamusi_2020.wp_postmeta as product_sku ON product.ID = product_sku.post_ID WHERE product_sku.meta_key = '_sku' and product_sku.meta_value = 'Epiphone-Pro-1-Classic', modified user: 
2020-08-23T19:29:25+07:00 pid: 23957, query: selected row count = 0, sql: SELECT product.ID FROM ralamusi_2020.`wp_posts` as product LEFT JOIN ralamusi_2020.wp_postmeta as product_sku ON product.ID = product_sku.post_ID WHERE product_sku.meta_key = '_sku' and product_sku.meta_value = 'Promark-LA2BN', modified user: 
2020-08-23T19:29:25+07:00 pid: 23971, has web product json: {"sku":"Promark-LA7AN"}
2020-08-23T19:29:25+07:00 pid: 23971, query: selected row count = 0, sql: SELECT product.ID FROM ralamusi_2020.`wp_posts` as product LEFT JOIN ralamusi_2020.wp_postmeta as product_sku ON product.ID = product_sku.post_ID WHERE product_sku.meta_key = '_sku' and product_sku.meta_value = 'Promark-LA7AN', modified user: 
2020-08-23T19:29:25+07:00 pid: 23933, has web product json: {"sku":"Fender-Pro-Series-3M-SA-0990820025"}
2020-08-23T19:29:25+07:00 pid: 23933, query: selected row count = 0, sql: SELECT product.ID FROM ralamusi_2020.`wp_posts` as product LEFT JOIN ralamusi_2020.wp_postmeta as product_sku ON product.ID = product_sku.post_ID WHERE product_sku.meta_key = '_sku' and product_sku.meta_value = 'Fender-Pro-Series-3M-SA-0990820025', modified user: 
2020-08-23T19:29:25+07:00 pid: 24079, has web product json: {"sku":"Promark-LA2BN"}
2020-08-23T19:29:25+07:00 pid: 24079, query: selected row count = 0, sql: SELECT product.ID FROM ralamusi_2020.`wp_posts` as product LEFT JOIN ralamusi_2020.wp_postmeta as product_sku ON product.ID = product_sku.post_ID WHERE product_sku.meta_key = '_sku' and product_sku.meta_value = 'Promark-LA2BN', modified user: 
2020-08-23T19:29:25+07:00 pid: 24030, has web product json: {"sku":"Promark-LA5AW"}
2020-08-23T19:29:25+07:00 pid: 23933, has web product json: {"sku":"Fender-Pro-Series-3M-SA-0990820025"}
2020-08-23T19:29:25+07:00 pid: 23933, query: selected row count = 0, sql: SELECT product.ID FROM ralamusi_2020.`wp_posts` as product LEFT JOIN ralamusi_2020.wp_postmeta as product_sku ON product.ID = product_sku.post_ID WHERE product_sku.meta_key = '_sku' and product_sku.meta_value = 'Fender-Pro-Series-3M-SA-0990820025', modified user: 
2020-08-23T19:29:25+07:00 pid: 24030, query: selected row count = 0, sql: SELECT product.ID FROM ralamusi_2020.`wp_posts` as product LEFT JOIN ralamusi_2020.wp_postmeta as product_sku ON product.ID = product_sku.post_ID WHERE product_sku.meta_key = '_sku' and product_sku.meta_value = 'Promark-LA5AW', modified user: 
2020-08-23T19:29:25+07:00 pid: 24046, has web product json: {"sku":"Promark-LA5AW"}
2020-08-23T19:29:25+07:00 pid: 24046, query: selected row count = 0, sql: SELECT product.ID FROM ralamusi_2020.`wp_posts` as product LEFT JOIN ralamusi_2020.wp_postmeta as product_sku ON product.ID = product_sku.post_ID WHERE product_sku.meta_key = '_sku' and product_sku.meta_value = 'Promark-LA5AW', modified user: 
2020-08-23T19:29:31+07:00 pid: 24024, has web product json: {"sku":"Daddario-DP0002-Black"}
2020-08-23T19:29:31+07:00 pid: 24024, query: selected row count = 0, sql: SELECT product.ID FROM ralamusi_2020.`wp_posts` as product LEFT JOIN ralamusi_2020.wp_postmeta as product_sku ON product.ID = product_sku.post_ID WHERE product_sku.meta_key = '_sku' and product_sku.meta_value = 'Daddario-DP0002-Black', modified user: 
2020-08-23T19:29:31+07:00 pid: 24098, has web product json: {"sku":"Daddario-DP0002W-White"}
2020-08-23T19:29:31+07:00 pid: 24098, query: selected row count = 0, sql: SELECT product.ID FROM ralamusi_2020.`wp_posts` as product LEFT JOIN ralamusi_2020.wp_postmeta as product_sku ON product.ID = product_sku.post_ID WHERE product_sku.meta_key = '_sku' and product_sku.meta_value = 'Daddario-DP0002W-White', modified user: 
2020-08-23T19:29:31+07:00 pid: 23669, has web product json: {"sku":"Ernie-Ball-Power-Peg-Pro-P04117"}
2020-08-23T19:29:31+07:00 pid: 23669, query: selected row count = 0, sql: SELECT product.ID FROM ralamusi_2020.`wp_posts` as product LEFT JOIN ralamusi_2020.wp_postmeta as product_sku ON product.ID = product_sku.post_ID WHERE product_sku.meta_key = '_sku' and product_sku.meta_value = 'Ernie-Ball-Power-Peg-Pro-P04117', modified user: 
2020-08-23T19:29:32+07:00 pid: 23957, has web product json: {"sku":"Ernie-Ball-Polypro-P04044-Rainbow"}
2020-08-23T19:29:32+07:00 pid: 23957, query: selected row count = 0, sql: SELECT product.ID FROM ralamusi_2020.`wp_posts` as product LEFT JOIN ralamusi_2020.wp_postmeta as product_sku ON product.ID = product_sku.post_ID WHERE product_sku.meta_key = '_sku' and product_sku.meta_value = 'Ernie-Ball-Polypro-P04044-Rainbow', modified user: 
2020-08-23T19:29:32+07:00 pid: 23971, has web product json: {"sku":"Amppro-APC15R-BR"}
2020-08-23T19:29:32+07:00 pid: 23971, query: selected row count = 0, sql: SELECT product.ID FROM ralamusi_2020.`wp_posts` as product LEFT JOIN ralamusi_2020.wp_postmeta as product_sku ON product.ID = product_sku.post_ID WHERE product_sku.meta_key = '_sku' and product_sku.meta_value = 'Amppro-APC15R-BR', modified user: 
2020-08-23T19:29:32+07:00 pid: 23902, has web product json: {"sku":"Promark-Rebound-5A-ActiveGrip"}
2020-08-23T19:29:32+07:00 pid: 23902, query: selected row count = 0, sql: SELECT product.ID FROM ralamusi_2020.`wp_posts` as product LEFT JOIN ralamusi_2020.wp_postmeta as product_sku ON product.ID = product_sku.post_ID WHERE product_sku.meta_key = '_sku' and product_sku.meta_value = 'Promark-Rebound-5A-ActiveGrip', modified user: 
2020-08-23T19:29:32+07:00 pid: 23920, has web product json: {"sku":"Ernie-Peg-Winder-PO4119"}
2020-08-23T19:29:32+07:00 pid: 23920, query: selected row count = 0, sql: SELECT product.ID FROM ralamusi_2020.`wp_posts` as product LEFT JOIN ralamusi_2020.wp_postmeta as product_sku ON product.ID = product_sku.post_ID WHERE product_sku.meta_key = '_sku' and product_sku.meta_value = 'Ernie-Peg-Winder-PO4119', modified user: 
2020-08-23T19:29:32+07:00 pid: 23895, has web product json: {"sku":"Ernie-Ball-Polypro-P04047-WR"}
2020-08-23T19:29:32+07:00 pid: 23895, query: selected row count = 0, sql: SELECT product.ID FROM ralamusi_2020.`wp_posts` as product LEFT JOIN ralamusi_2020.wp_postmeta as product_sku ON product.ID = product_sku.post_ID WHERE product_sku.meta_key = '_sku' and product_sku.meta_value = 'Ernie-Ball-Polypro-P04047-WR', modified user: 
2020-08-23T19:29:33+07:00 pid: 23436, has web product json: {"sku":"Ernie-Ball-Polypro-P04037-BK"}
2020-08-23T19:29:33+07:00 pid: 23436, query: selected row count = 0, sql: SELECT product.ID FROM ralamusi_2020.`wp_posts` as product LEFT JOIN ralamusi_2020.wp_postmeta as product_sku ON product.ID = product_sku.post_ID WHERE product_sku.meta_key = '_sku' and product_sku.meta_value = 'Ernie-Ball-Polypro-P04037-BK', modified user: 
2020-08-23T19:29:33+07:00 pid: 24044, has web product json: {"sku":"Epiphone-Pro-1-Classic"}
2020-08-23T19:29:33+07:00 pid: 24044, query: selected row count = 0, sql: SELECT product.ID FROM ralamusi_2020.`wp_posts` as product LEFT JOIN ralamusi_2020.wp_postmeta as product_sku ON product.ID = product_sku.post_ID WHERE product_sku.meta_key = '_sku' and product_sku.meta_value = 'Epiphone-Pro-1-Classic', modified user: 
2020-08-23T19:29:40+07:00 pid: 23668, has web product json: {"sku":"Promark-LA7AN"}
2020-08-23T19:29:40+07:00 pid: 23668, query: selected row count = 0, sql: SELECT product.ID FROM ralamusi_2020.`wp_posts` as product LEFT JOIN ralamusi_2020.wp_postmeta as product_sku ON product.ID = product_sku.post_ID WHERE product_sku.meta_key = '_sku' and product_sku.meta_value = 'Promark-LA7AN', modified user: 
2020-08-23T19:29:40+07:00 pid: 22992, has web product json: {"sku":"Promark-LA2BN"}
2020-08-23T19:29:40+07:00 pid: 22992, query: selected row count = 0, sql: SELECT product.ID FROM ralamusi_2020.`wp_posts` as product LEFT JOIN ralamusi_2020.wp_postmeta as product_sku ON product.ID = product_sku.post_ID WHERE product_sku.meta_key = '_sku' and product_sku.meta_value = 'Promark-LA2BN', modified user: 
2020-08-23T19:29:40+07:00 pid: 23939, has web product json: {"sku":"Fender-Pro-Series-3M-SA-0990820025"}
2020-08-23T19:29:40+07:00 pid: 23939, query: selected row count = 0, sql: SELECT product.ID FROM ralamusi_2020.`wp_posts` as product LEFT JOIN ralamusi_2020.wp_postmeta as product_sku ON product.ID = product_sku.post_ID WHERE product_sku.meta_key = '_sku' and product_sku.meta_value = 'Fender-Pro-Series-3M-SA-0990820025', modified user: 
2020-08-23T19:29:40+07:00 pid: 24158, has web product json: {"sku":"Promark-LA5AW"}
2020-08-23T19:29:40+07:00 pid: 24158, query: selected row count = 0, sql: SELECT product.ID FROM ralamusi_2020.`wp_posts` as product LEFT JOIN ralamusi_2020.wp_postmeta as product_sku ON product.ID = product_sku.post_ID WHERE product_sku.meta_key = '_sku' and product_sku.meta_value = 'Promark-LA5AW', modified user: 
2020-08-23T19:29:40+07:00 pid: 23920, has web product json: {"sku":"Promark-FireGrain-Classic-5A"}
2020-08-23T19:29:40+07:00 pid: 23920, query: selected row count = 0, sql: SELECT product.ID FROM ralamusi_2020.`wp_posts` as product LEFT JOIN ralamusi_2020.wp_postmeta as product_sku ON product.ID = product_sku.post_ID WHERE product_sku.meta_key = '_sku' and product_sku.meta_value = 'Promark-FireGrain-Classic-5A', modified user: 
2020-08-23T19:29:41+07:00 pid: 23945, has web product json: {"sku":"Beyerdynamic-DT-770-Pro-250Ohm"}
2020-08-23T19:29:41+07:00 pid: 23945, query: selected row count = 0, sql: SELECT product.ID FROM ralamusi_2020.`wp_posts` as product LEFT JOIN ralamusi_2020.wp_postmeta as product_sku ON product.ID = product_sku.post_ID WHERE product_sku.meta_key = '_sku' and product_sku.meta_value = 'Beyerdynamic-DT-770-Pro-250Ohm', modified user: 
2020-08-23T19:29:41+07:00 pid: 23876, has web product json: {"sku":"Amppro-AP15RD"}
2020-08-23T19:29:41+07:00 pid: 23876, query: selected row count = 0, sql: SELECT product.ID FROM ralamusi_2020.`wp_posts` as product LEFT JOIN ralamusi_2020.wp_postmeta as product_sku ON product.ID = product_sku.post_ID WHERE product_sku.meta_key = '_sku' and product_sku.meta_value = 'Amppro-AP15RD', modified user: 
2020-08-23T19:29:41+07:00 pid: 24079, has web product json: {"sku":"Promark-SRBLA"}
2020-08-23T19:29:41+07:00 pid: 24079, query: selected row count = 0, sql: SELECT product.ID FROM ralamusi_2020.`wp_posts` as product LEFT JOIN ralamusi_2020.wp_postmeta as product_sku ON product.ID = product_sku.post_ID WHERE product_sku.meta_key = '_sku' and product_sku.meta_value = 'Promark-SRBLA', modified user: 
2020-08-23T19:29:41+07:00 pid: 23472, has web product json: {"sku":"Promark-ActiveGrip-TXMP420XW"}
2020-08-23T19:29:41+07:00 pid: 23472, query success, sql: SELECT product.ID FROM ralamusi_2020.`wp_posts` as product LEFT JOIN ralamusi_2020.wp_postmeta as product_sku ON product.ID = product_sku.post_ID WHERE product_sku.meta_key = '_sku' and product_sku.meta_value = 'Promark-ActiveGrip-TXMP420XW', modified user: 
2020-08-23T19:29:41+07:00 pid: 23651, has web product json: {"sku":"Ernie-Ball-Polypro-P04046-SV"}
2020-08-23T19:29:41+07:00 pid: 23651, query: selected row count = 0, sql: SELECT product.ID FROM ralamusi_2020.`wp_posts` as product LEFT JOIN ralamusi_2020.wp_postmeta as product_sku ON product.ID = product_sku.post_ID WHERE product_sku.meta_key = '_sku' and product_sku.meta_value = 'Ernie-Ball-Polypro-P04046-SV', modified user: 
2020-08-23T21:26:52+07:00 pid: 24143, has web product json: {"sku":"Paramount-J112CEN"}
2020-08-23T21:26:52+07:00 pid: 24143, query: selected row count = 0, sql: SELECT product.ID FROM ralamusi_2020.`wp_posts` as product LEFT JOIN ralamusi_2020.wp_postmeta as product_sku ON product.ID = product_sku.post_ID WHERE product_sku.meta_key = '_sku' and product_sku.meta_value = 'Paramount-J112CEN', modified user: 
2020-08-23T21:26:52+07:00 pid: 23511, has web product json: {"sku":"Fantasia-F100N-FBA01"}
2020-08-23T21:26:52+07:00 pid: 23511, query: selected row count = 0, sql: SELECT product.ID FROM ralamusi_2020.`wp_posts` as product LEFT JOIN ralamusi_2020.wp_postmeta as product_sku ON product.ID = product_sku.post_ID WHERE product_sku.meta_key = '_sku' and product_sku.meta_value = 'Fantasia-F100N-FBA01', modified user: 
2020-08-23T21:26:53+07:00 pid: 23182, has web product json: {"sku":"Daddario-DP0002-Black"}
2020-08-23T21:26:53+07:00 pid: 24141, has web product json: {"sku":"Joyo-MA-10B"}
2020-08-23T21:26:53+07:00 pid: 24141, query: selected row count = 0, sql: SELECT product.ID FROM ralamusi_2020.`wp_posts` as product LEFT JOIN ralamusi_2020.wp_postmeta as product_sku ON product.ID = product_sku.post_ID WHERE product_sku.meta_key = '_sku' and product_sku.meta_value = 'Joyo-MA-10B', modified user: 
2020-08-23T21:26:53+07:00 pid: 23182, query: selected row count = 0, sql: SELECT product.ID FROM ralamusi_2020.`wp_posts` as product LEFT JOIN ralamusi_2020.wp_postmeta as product_sku ON product.ID = product_sku.post_ID WHERE product_sku.meta_key = '_sku' and product_sku.meta_value = 'Daddario-DP0002-Black', modified user: 
2020-08-23T21:26:53+07:00 pid: 23587, has web product json: {"sku":"Paramount-J112CEN"}
2020-08-23T21:26:53+07:00 pid: 23792, has web product json: {"sku":"Fender-Electric-Bass-Gig-Bag-FB610"}
2020-08-23T21:26:53+07:00 pid: 23587, query: selected row count = 0, sql: SELECT product.ID FROM ralamusi_2020.`wp_posts` as product LEFT JOIN ralamusi_2020.wp_postmeta as product_sku ON product.ID = product_sku.post_ID WHERE product_sku.meta_key = '_sku' and product_sku.meta_value = 'Paramount-J112CEN', modified user: 
2020-08-23T21:26:53+07:00 pid: 23792, query: selected row count = 0, sql: SELECT product.ID FROM ralamusi_2020.`wp_posts` as product LEFT JOIN ralamusi_2020.wp_postmeta as product_sku ON product.ID = product_sku.post_ID WHERE product_sku.meta_key = '_sku' and product_sku.meta_value = 'Fender-Electric-Bass-Gig-Bag-FB610', modified user: 
2020-08-23T21:26:53+07:00 pid: 24037, has web product json: {"sku":"Fender-Rumble-15"}
2020-08-23T21:26:53+07:00 pid: 23494, has web product json: {"sku":"Suzuki-MX32-Alto-GR"}
2020-08-23T21:26:53+07:00 pid: 24037, query: selected row count = 0, sql: SELECT product.ID FROM ralamusi_2020.`wp_posts` as product LEFT JOIN ralamusi_2020.wp_postmeta as product_sku ON product.ID = product_sku.post_ID WHERE product_sku.meta_key = '_sku' and product_sku.meta_value = 'Fender-Rumble-15', modified user: 
2020-08-23T21:26:53+07:00 pid: 23494, query: selected row count = 0, sql: SELECT product.ID FROM ralamusi_2020.`wp_posts` as product LEFT JOIN ralamusi_2020.wp_postmeta as product_sku ON product.ID = product_sku.post_ID WHERE product_sku.meta_key = '_sku' and product_sku.meta_value = 'Suzuki-MX32-Alto-GR', modified user: 
2020-08-23T21:26:53+07:00 pid: 23495, has web product json: {"sku":"Martin-MA535T"}
2020-08-23T21:26:53+07:00 pid: 24085, has web product json: {"sku":"Daddario-DP0002-Black"}
2020-08-23T21:26:53+07:00 pid: 24085, query: selected row count = 0, sql: SELECT product.ID FROM ralamusi_2020.`wp_posts` as product LEFT JOIN ralamusi_2020.wp_postmeta as product_sku ON product.ID = product_sku.post_ID WHERE product_sku.meta_key = '_sku' and product_sku.meta_value = 'Daddario-DP0002-Black', modified user: 
2020-08-23T21:26:53+07:00 pid: 23495, query success, sql: SELECT product.ID FROM ralamusi_2020.`wp_posts` as product LEFT JOIN ralamusi_2020.wp_postmeta as product_sku ON product.ID = product_sku.post_ID WHERE product_sku.meta_key = '_sku' and product_sku.meta_value = 'Martin-MA535T', modified user: 
2020-08-23T21:26:54+07:00 pid: 23910, has web product json: {"sku":"Fender-Electric-Bass-Gig-Bag-FB610"}
2020-08-23T21:26:54+07:00 pid: 23910, query: selected row count = 0, sql: SELECT product.ID FROM ralamusi_2020.`wp_posts` as product LEFT JOIN ralamusi_2020.wp_postmeta as product_sku ON product.ID = product_sku.post_ID WHERE product_sku.meta_key = '_sku' and product_sku.meta_value = 'Fender-Electric-Bass-Gig-Bag-FB610', modified user: 
2020-08-23T21:26:54+07:00 pid: 24126, has web product json: {"sku":"Blackstar-FLY-3-Stereo-Pack-Black"}
2020-08-23T21:26:54+07:00 pid: 24126, query: selected row count = 0, sql: SELECT product.ID FROM ralamusi_2020.`wp_posts` as product LEFT JOIN ralamusi_2020.wp_postmeta as product_sku ON product.ID = product_sku.post_ID WHERE product_sku.meta_key = '_sku' and product_sku.meta_value = 'Blackstar-FLY-3-Stereo-Pack-Black', modified user: 
2020-08-23T21:26:54+07:00 pid: 24208, has web product json: {"sku":"Blackstar-FLY-3-Bass-Stereo-Pack"}
2020-08-23T21:26:54+07:00 pid: 24114, has web product json: {"sku":"Yamaha-EN-PSR-F51"}
2020-08-23T21:26:54+07:00 pid: 24114, query: selected row count = 0, sql: SELECT product.ID FROM ralamusi_2020.`wp_posts` as product LEFT JOIN ralamusi_2020.wp_postmeta as product_sku ON product.ID = product_sku.post_ID WHERE product_sku.meta_key = '_sku' and product_sku.meta_value = 'Yamaha-EN-PSR-F51', modified user: 
2020-08-23T21:26:54+07:00 pid: 24208, query: selected row count = 0, sql: SELECT product.ID FROM ralamusi_2020.`wp_posts` as product LEFT JOIN ralamusi_2020.wp_postmeta as product_sku ON product.ID = product_sku.post_ID WHERE product_sku.meta_key = '_sku' and product_sku.meta_value = 'Blackstar-FLY-3-Bass-Stereo-Pack', modified user: 
2020-08-23T21:26:54+07:00 pid: 19577, has web product json: {"sku":"Suzuki-MX32-Alto-GR"}
2020-08-23T21:26:54+07:00 pid: 19577, query: selected row count = 0, sql: SELECT product.ID FROM ralamusi_2020.`wp_posts` as product LEFT JOIN ralamusi_2020.wp_postmeta as product_sku ON product.ID = product_sku.post_ID WHERE product_sku.meta_key = '_sku' and product_sku.meta_value = 'Suzuki-MX32-Alto-GR', modified user: 
2020-08-23T21:26:54+07:00 pid: 23587, has web product json: {"sku":"Fender-Running-Logo-Strap"}
2020-08-23T21:26:54+07:00 pid: 23587, query: selected row count = 0, sql: SELECT product.ID FROM ralamusi_2020.`wp_posts` as product LEFT JOIN ralamusi_2020.wp_postmeta as product_sku ON product.ID = product_sku.post_ID WHERE product_sku.meta_key = '_sku' and product_sku.meta_value = 'Fender-Running-Logo-Strap', modified user: 
2020-08-23T21:26:54+07:00 pid: 22613, has web product json: {"sku":"Kazuki-EHM-KO17C"}
2020-08-23T21:26:54+07:00 pid: 24037, has web product json: {"sku":"Carlsbro-SIP105"}
2020-08-23T21:26:54+07:00 pid: 22613, query: selected row count = 0, sql: SELECT product.ID FROM ralamusi_2020.`wp_posts` as product LEFT JOIN ralamusi_2020.wp_postmeta as product_sku ON product.ID = product_sku.post_ID WHERE product_sku.meta_key = '_sku' and product_sku.meta_value = 'Kazuki-EHM-KO17C', modified user: 
2020-08-23T21:26:54+07:00 pid: 24037, query success, sql: SELECT product.ID FROM ralamusi_2020.`wp_posts` as product LEFT JOIN ralamusi_2020.wp_postmeta as product_sku ON product.ID = product_sku.post_ID WHERE product_sku.meta_key = '_sku' and product_sku.meta_value = 'Carlsbro-SIP105', modified user: 
2020-08-23T21:26:54+07:00 pid: 23749, has web product json: {"sku":"Kazuki-KZ41CBK-S1"}
2020-08-23T21:26:54+07:00 pid: 23850, has web product json: {"sku":"Mantic-GT-1GC-R"}
2020-08-23T21:26:54+07:00 pid: 23749, query: selected row count = 0, sql: SELECT product.ID FROM ralamusi_2020.`wp_posts` as product LEFT JOIN ralamusi_2020.wp_postmeta as product_sku ON product.ID = product_sku.post_ID WHERE product_sku.meta_key = '_sku' and product_sku.meta_value = 'Kazuki-KZ41CBK-S1', modified user: 
2020-08-23T21:26:54+07:00 pid: 23850, query: selected row count = 0, sql: SELECT product.ID FROM ralamusi_2020.`wp_posts` as product LEFT JOIN ralamusi_2020.wp_postmeta as product_sku ON product.ID = product_sku.post_ID WHERE product_sku.meta_key = '_sku' and product_sku.meta_value = 'Mantic-GT-1GC-R', modified user: 
2020-08-23T21:26:55+07:00 pid: 22932, has web product json: {"sku":"Fantasia-F100N-FBA01"}
2020-08-23T21:26:55+07:00 pid: 22932, query: selected row count = 0, sql: SELECT product.ID FROM ralamusi_2020.`wp_posts` as product LEFT JOIN ralamusi_2020.wp_postmeta as product_sku ON product.ID = product_sku.post_ID WHERE product_sku.meta_key = '_sku' and product_sku.meta_value = 'Fantasia-F100N-FBA01', modified user: 
2020-08-23T21:26:55+07:00 pid: 24209, has web product json: {"sku":"Joyo-MA-10B"}
2020-08-23T21:26:55+07:00 pid: 24209, query success, sql: SELECT product.ID FROM ralamusi_2020.`wp_posts` as product LEFT JOIN ralamusi_2020.wp_postmeta as product_sku ON product.ID = product_sku.post_ID WHERE product_sku.meta_key = '_sku' and product_sku.meta_value = 'Joyo-MA-10B', modified user: 
2020-08-23T21:26:55+07:00 pid: 23987, has web product json: {"sku":"Paramount-J112CEN"}
2020-08-23T21:26:55+07:00 pid: 23987, query: selected row count = 0, sql: SELECT product.ID FROM ralamusi_2020.`wp_posts` as product LEFT JOIN ralamusi_2020.wp_postmeta as product_sku ON product.ID = product_sku.post_ID WHERE product_sku.meta_key = '_sku' and product_sku.meta_value = 'Paramount-J112CEN', modified user: 
2020-08-23T21:26:56+07:00 pid: 23826, has web product json: {"sku":"Fender-Rumble-15"}
2020-08-23T21:26:56+07:00 pid: 23826, query: selected row count = 0, sql: SELECT product.ID FROM ralamusi_2020.`wp_posts` as product LEFT JOIN ralamusi_2020.wp_postmeta as product_sku ON product.ID = product_sku.post_ID WHERE product_sku.meta_key = '_sku' and product_sku.meta_value = 'Fender-Rumble-15', modified user: 
2020-08-23T21:26:56+07:00 pid: 24206, has web product json: {"sku":"Daddario-DP0002-Black"}
2020-08-23T21:26:56+07:00 pid: 24206, query: selected row count = 0, sql: SELECT product.ID FROM ralamusi_2020.`wp_posts` as product LEFT JOIN ralamusi_2020.wp_postmeta as product_sku ON product.ID = product_sku.post_ID WHERE product_sku.meta_key = '_sku' and product_sku.meta_value = 'Daddario-DP0002-Black', modified user: 
2020-08-23T21:26:57+07:00 pid: 24144, has web product json: {"sku":"Fender-Electric-Bass-Gig-Bag-FB610"}
2020-08-23T21:26:57+07:00 pid: 24144, query: selected row count = 0, sql: SELECT product.ID FROM ralamusi_2020.`wp_posts` as product LEFT JOIN ralamusi_2020.wp_postmeta as product_sku ON product.ID = product_sku.post_ID WHERE product_sku.meta_key = '_sku' and product_sku.meta_value = 'Fender-Electric-Bass-Gig-Bag-FB610', modified user: 
2020-08-23T21:26:57+07:00 pid: 24205, has web product json: {"sku":"Yamaha-EN-PSR-F51"}
2020-08-23T21:26:57+07:00 pid: 24205, query: selected row count = 0, sql: SELECT product.ID FROM ralamusi_2020.`wp_posts` as product LEFT JOIN ralamusi_2020.wp_postmeta as product_sku ON product.ID = product_sku.post_ID WHERE product_sku.meta_key = '_sku' and product_sku.meta_value = 'Yamaha-EN-PSR-F51', modified user: 
2020-08-23T21:26:57+07:00 pid: 23587, has web product json: {"sku":"Suzuki-MX32-Alto-GR"}
2020-08-23T21:26:57+07:00 pid: 23587, query: selected row count = 0, sql: SELECT product.ID FROM ralamusi_2020.`wp_posts` as product LEFT JOIN ralamusi_2020.wp_postmeta as product_sku ON product.ID = product_sku.post_ID WHERE product_sku.meta_key = '_sku' and product_sku.meta_value = 'Suzuki-MX32-Alto-GR', modified user: 
2020-08-23T21:26:57+07:00 pid: 23826, has web product json: {"sku":"Carlsbro-SIP105"}
2020-08-23T21:26:57+07:00 pid: 23826, query success, sql: SELECT product.ID FROM ralamusi_2020.`wp_posts` as product LEFT JOIN ralamusi_2020.wp_postmeta as product_sku ON product.ID = product_sku.post_ID WHERE product_sku.meta_key = '_sku' and product_sku.meta_value = 'Carlsbro-SIP105', modified user: 
2020-08-23T21:26:58+07:00 pid: 23850, has web product json: {"sku":"Kazuki-KZ41CBK-S1"}
2020-08-23T21:26:58+07:00 pid: 23850, query: selected row count = 0, sql: SELECT product.ID FROM ralamusi_2020.`wp_posts` as product LEFT JOIN ralamusi_2020.wp_postmeta as product_sku ON product.ID = product_sku.post_ID WHERE product_sku.meta_key = '_sku' and product_sku.meta_value = 'Kazuki-KZ41CBK-S1', modified user: 
2020-08-23T21:26:59+07:00 pid: 24061, has web product json: {"sku":"hohner-silver-star-kc"}
2020-08-23T21:26:59+07:00 pid: 24061, query: selected row count = 0, sql: SELECT product.ID FROM ralamusi_2020.`wp_posts` as product LEFT JOIN ralamusi_2020.wp_postmeta as product_sku ON product.ID = product_sku.post_ID WHERE product_sku.meta_key = '_sku' and product_sku.meta_value = 'hohner-silver-star-kc', modified user: 
2020-08-23T21:26:59+07:00 pid: 24140, has web product json: {"sku":"hohner-silver-star-c"}
2020-08-23T21:26:59+07:00 pid: 24140, query: selected row count = 0, sql: SELECT product.ID FROM ralamusi_2020.`wp_posts` as product LEFT JOIN ralamusi_2020.wp_postmeta as product_sku ON product.ID = product_sku.post_ID WHERE product_sku.meta_key = '_sku' and product_sku.meta_value = 'hohner-silver-star-c', modified user: 
2020-08-23T21:27:00+07:00 pid: 24025, has web product json: {"sku":"hohner-silver-star-g"}
2020-08-23T21:27:00+07:00 pid: 24025, query: selected row count = 0, sql: SELECT product.ID FROM ralamusi_2020.`wp_posts` as product LEFT JOIN ralamusi_2020.wp_postmeta as product_sku ON product.ID = product_sku.post_ID WHERE product_sku.meta_key = '_sku' and product_sku.meta_value = 'hohner-silver-star-g', modified user: 
2020-08-23T21:27:00+07:00 pid: 23207, has web product json: {"sku":"hohner-silver-star-a"}
2020-08-23T21:27:00+07:00 pid: 23207, query: selected row count = 0, sql: SELECT product.ID FROM ralamusi_2020.`wp_posts` as product LEFT JOIN ralamusi_2020.wp_postmeta as product_sku ON product.ID = product_sku.post_ID WHERE product_sku.meta_key = '_sku' and product_sku.meta_value = 'hohner-silver-star-a', modified user: 
2020-08-23T21:27:00+07:00 pid: 23736, has web product json: {"sku":"hohner-silver-star-bb"}
2020-08-23T21:27:00+07:00 pid: 23736, query: selected row count = 0, sql: SELECT product.ID FROM ralamusi_2020.`wp_posts` as product LEFT JOIN ralamusi_2020.wp_postmeta as product_sku ON product.ID = product_sku.post_ID WHERE product_sku.meta_key = '_sku' and product_sku.meta_value = 'hohner-silver-star-bb', modified user: 
2020-08-23T21:27:00+07:00 pid: 22932, has web product json: {"sku":"hohner-silver-star-c-wsg80"}
2020-08-23T21:27:00+07:00 pid: 22932, query: selected row count = 0, sql: SELECT product.ID FROM ralamusi_2020.`wp_posts` as product LEFT JOIN ralamusi_2020.wp_postmeta as product_sku ON product.ID = product_sku.post_ID WHERE product_sku.meta_key = '_sku' and product_sku.meta_value = 'hohner-silver-star-c-wsg80', modified user: 
2020-08-23T21:27:00+07:00 pid: 24203, has web product json: {"sku":"hohner-silver-star-d"}
2020-08-23T21:27:00+07:00 pid: 24203, query: selected row count = 0, sql: SELECT product.ID FROM ralamusi_2020.`wp_posts` as product LEFT JOIN ralamusi_2020.wp_postmeta as product_sku ON product.ID = product_sku.post_ID WHERE product_sku.meta_key = '_sku' and product_sku.meta_value = 'hohner-silver-star-d', modified user: 
2020-08-23T21:27:01+07:00 pid: 22473, has web product json: {"sku":"hohner-silver-star-e"}
2020-08-23T21:27:01+07:00 pid: 22473, query: selected row count = 0, sql: SELECT product.ID FROM ralamusi_2020.`wp_posts` as product LEFT JOIN ralamusi_2020.wp_postmeta as product_sku ON product.ID = product_sku.post_ID WHERE product_sku.meta_key = '_sku' and product_sku.meta_value = 'hohner-silver-star-e', modified user: 
2020-08-23T21:27:01+07:00 pid: 23808, has web product json: {"sku":"hohner-silver-star-f"}
2020-08-23T21:27:01+07:00 pid: 23808, query: selected row count = 0, sql: SELECT product.ID FROM ralamusi_2020.`wp_posts` as product LEFT JOIN ralamusi_2020.wp_postmeta as product_sku ON product.ID = product_sku.post_ID WHERE product_sku.meta_key = '_sku' and product_sku.meta_value = 'hohner-silver-star-f', modified user: 
2020-08-23T21:27:01+07:00 pid: 23975, has web product json: {"sku":"DATDR-1SIB45"}
2020-08-23T21:27:01+07:00 pid: 23975, query: selected row count = 0, sql: SELECT product.ID FROM ralamusi_2020.`wp_posts` as product LEFT JOIN ralamusi_2020.wp_postmeta as product_sku ON product.ID = product_sku.post_ID WHERE product_sku.meta_key = '_sku' and product_sku.meta_value = 'DATDR-1SIB45', modified user: 
2020-08-23T21:27:07+07:00 pid: 24204, has web product json: {"sku":"DR-Strings-SIB5-45-DATDR-1SIB545"}
2020-08-23T21:27:07+07:00 pid: 24204, query: selected row count = 0, sql: SELECT product.ID FROM ralamusi_2020.`wp_posts` as product LEFT JOIN ralamusi_2020.wp_postmeta as product_sku ON product.ID = product_sku.post_ID WHERE product_sku.meta_key = '_sku' and product_sku.meta_value = 'DR-Strings-SIB5-45-DATDR-1SIB545', modified user: 
2020-08-23T21:27:08+07:00 pid: 24206, has web product json: {"sku":"Blackstar-FLY-3-Bass"}
2020-08-23T21:27:08+07:00 pid: 24206, query success, sql: SELECT product.ID FROM ralamusi_2020.`wp_posts` as product LEFT JOIN ralamusi_2020.wp_postmeta as product_sku ON product.ID = product_sku.post_ID WHERE product_sku.meta_key = '_sku' and product_sku.meta_value = 'Blackstar-FLY-3-Bass', modified user: 
2020-08-23T21:27:08+07:00 pid: 24212, has web product json: {"sku":"Blackstar-FLY-3-Stereo-Pack-Black"}
2020-08-23T21:27:08+07:00 pid: 24212, query: selected row count = 0, sql: SELECT product.ID FROM ralamusi_2020.`wp_posts` as product LEFT JOIN ralamusi_2020.wp_postmeta as product_sku ON product.ID = product_sku.post_ID WHERE product_sku.meta_key = '_sku' and product_sku.meta_value = 'Blackstar-FLY-3-Stereo-Pack-Black', modified user: 
2020-08-23T21:27:08+07:00 pid: 24085, has web product json: {"sku":"Blackstar-FLY-3-Stereo-Pack-Vintage"}
2020-08-23T21:27:08+07:00 pid: 23838, has web product json: {"sku":"Tombo-Lee-Oskar-Quick-Start-Kit"}
2020-08-23T21:27:08+07:00 pid: 24085, query: selected row count = 0, sql: SELECT product.ID FROM ralamusi_2020.`wp_posts` as product LEFT JOIN ralamusi_2020.wp_postmeta as product_sku ON product.ID = product_sku.post_ID WHERE product_sku.meta_key = '_sku' and product_sku.meta_value = 'Blackstar-FLY-3-Stereo-Pack-Vintage', modified user: 
2020-08-23T21:27:08+07:00 pid: 23838, query: selected row count = 0, sql: SELECT product.ID FROM ralamusi_2020.`wp_posts` as product LEFT JOIN ralamusi_2020.wp_postmeta as product_sku ON product.ID = product_sku.post_ID WHERE product_sku.meta_key = '_sku' and product_sku.meta_value = 'Tombo-Lee-Oskar-Quick-Start-Kit', modified user: 
2020-08-23T21:27:08+07:00 pid: 19012, has web product json: {"sku":"Blackstar-FLY-3-Bass-Stereo-Pack"}
2020-08-23T21:27:08+07:00 pid: 19012, query: selected row count = 0, sql: SELECT product.ID FROM ralamusi_2020.`wp_posts` as product LEFT JOIN ralamusi_2020.wp_postmeta as product_sku ON product.ID = product_sku.post_ID WHERE product_sku.meta_key = '_sku' and product_sku.meta_value = 'Blackstar-FLY-3-Bass-Stereo-Pack', modified user: 
2020-08-23T21:27:08+07:00 pid: 24214, has web product json: {"sku":"Lirevo-Fullstar-160"}
2020-08-23T21:27:08+07:00 pid: 24214, query: selected row count = 0, sql: SELECT product.ID FROM ralamusi_2020.`wp_posts` as product LEFT JOIN ralamusi_2020.wp_postmeta as product_sku ON product.ID = product_sku.post_ID WHERE product_sku.meta_key = '_sku' and product_sku.meta_value = 'Lirevo-Fullstar-160', modified user: 
2020-08-23T21:27:09+07:00 pid: 23709, has web product json: {"sku":"Blackstar-ID-Core-Stereo-40"}
2020-08-23T21:27:09+07:00 pid: 22913, has web product json: {"sku":"Blackstar-PSU-1"}
2020-08-23T21:27:09+07:00 pid: 23709, query: selected row count = 0, sql: SELECT product.ID FROM ralamusi_2020.`wp_posts` as product LEFT JOIN ralamusi_2020.wp_postmeta as product_sku ON product.ID = product_sku.post_ID WHERE product_sku.meta_key = '_sku' and product_sku.meta_value = 'Blackstar-ID-Core-Stereo-40', modified user: 
2020-08-23T21:27:09+07:00 pid: 22913, query: selected row count = 0, sql: SELECT product.ID FROM ralamusi_2020.`wp_posts` as product LEFT JOIN ralamusi_2020.wp_postmeta as product_sku ON product.ID = product_sku.post_ID WHERE product_sku.meta_key = '_sku' and product_sku.meta_value = 'Blackstar-PSU-1', modified user: 
2020-08-23T21:27:09+07:00 pid: 24207, has web product json: {"sku":"Blackstar-Fly-3-Bluetooth"}
2020-08-23T21:27:09+07:00 pid: 24204, has web product json: {"sku":"Blackstar-ID-Core-Stereo-100"}
2020-08-23T21:27:09+07:00 pid: 24207, query: selected row count = 0, sql: SELECT product.ID FROM ralamusi_2020.`wp_posts` as product LEFT JOIN ralamusi_2020.wp_postmeta as product_sku ON product.ID = product_sku.post_ID WHERE product_sku.meta_key = '_sku' and product_sku.meta_value = 'Blackstar-Fly-3-Bluetooth', modified user: 
2020-08-23T21:27:09+07:00 pid: 24204, query success, sql: SELECT product.ID FROM ralamusi_2020.`wp_posts` as product LEFT JOIN ralamusi_2020.wp_postmeta as product_sku ON product.ID = product_sku.post_ID WHERE product_sku.meta_key = '_sku' and product_sku.meta_value = 'Blackstar-ID-Core-Stereo-100', modified user: 
2020-08-23T21:27:09+07:00 pid: 23345, has web product json: {"sku":"Hohner-Ocean-Star"}
2020-08-23T21:27:09+07:00 pid: 24212, has web product json: {"sku":"Blackstar-ID-Core-Stereo-150"}
2020-08-23T21:27:09+07:00 pid: 24212, query success, sql: SELECT product.ID FROM ralamusi_2020.`wp_posts` as product LEFT JOIN ralamusi_2020.wp_postmeta as product_sku ON product.ID = product_sku.post_ID WHERE product_sku.meta_key = '_sku' and product_sku.meta_value = 'Blackstar-ID-Core-Stereo-150', modified user: 
2020-08-23T21:27:09+07:00 pid: 23345, query: selected row count = 0, sql: SELECT product.ID FROM ralamusi_2020.`wp_posts` as product LEFT JOIN ralamusi_2020.wp_postmeta as product_sku ON product.ID = product_sku.post_ID WHERE product_sku.meta_key = '_sku' and product_sku.meta_value = 'Hohner-Ocean-Star', modified user: 
2020-08-23T21:27:09+07:00 pid: 22473, has web product json: {"sku":"Blackstar-LT-Echo-10"}
2020-08-23T21:27:09+07:00 pid: 23774, has web product json: {"sku":"Player-Silver-Polish"}
2020-08-23T21:27:09+07:00 pid: 23774, query: selected row count = 0, sql: SELECT product.ID FROM ralamusi_2020.`wp_posts` as product LEFT JOIN ralamusi_2020.wp_postmeta as product_sku ON product.ID = product_sku.post_ID WHERE product_sku.meta_key = '_sku' and product_sku.meta_value = 'Player-Silver-Polish', modified user: 
2020-08-23T21:27:09+07:00 pid: 22473, query: selected row count = 0, sql: SELECT product.ID FROM ralamusi_2020.`wp_posts` as product LEFT JOIN ralamusi_2020.wp_postmeta as product_sku ON product.ID = product_sku.post_ID WHERE product_sku.meta_key = '_sku' and product_sku.meta_value = 'Blackstar-LT-Echo-10', modified user: 
2020-08-23T21:27:09+07:00 pid: 24204, has web product json: {"sku":"Blackstar-amPlug2-Fly-Bass"}
2020-08-23T21:27:09+07:00 pid: 24207, has web product json: {"sku":"Lirevo-Fullstar-15"}
2020-08-23T21:27:09+07:00 pid: 24207, query: selected row count = 0, sql: SELECT product.ID FROM ralamusi_2020.`wp_posts` as product LEFT JOIN ralamusi_2020.wp_postmeta as product_sku ON product.ID = product_sku.post_ID WHERE product_sku.meta_key = '_sku' and product_sku.meta_value = 'Lirevo-Fullstar-15', modified user: 
2020-08-23T21:27:09+07:00 pid: 24204, query success, sql: SELECT product.ID FROM ralamusi_2020.`wp_posts` as product LEFT JOIN ralamusi_2020.wp_postmeta as product_sku ON product.ID = product_sku.post_ID WHERE product_sku.meta_key = '_sku' and product_sku.meta_value = 'Blackstar-amPlug2-Fly-Bass', modified user: 
2020-08-23T21:27:10+07:00 pid: 23345, has web product json: {"sku":"Blakcstar-Super-Fly-Bluetooth-PSU-2"}
2020-08-23T21:27:10+07:00 pid: 23345, query: selected row count = 0, sql: SELECT product.ID FROM ralamusi_2020.`wp_posts` as product LEFT JOIN ralamusi_2020.wp_postmeta as product_sku ON product.ID = product_sku.post_ID WHERE product_sku.meta_key = '_sku' and product_sku.meta_value = 'Blakcstar-Super-Fly-Bluetooth-PSU-2', modified user: 
2020-08-23T21:27:10+07:00 pid: 23495, has web product json: {"sku":"Blackstar-amPlug2-FLY-Guitar"}
2020-08-23T21:27:10+07:00 pid: 23495, query success, sql: SELECT product.ID FROM ralamusi_2020.`wp_posts` as product LEFT JOIN ralamusi_2020.wp_postmeta as product_sku ON product.ID = product_sku.post_ID WHERE product_sku.meta_key = '_sku' and product_sku.meta_value = 'Blackstar-amPlug2-FLY-Guitar', modified user: 
2020-08-23T21:27:10+07:00 pid: 23736, has web product json: {"sku":"Blackstar-ID-Core-Stereo-10"}
2020-08-23T21:27:10+07:00 pid: 23736, query: selected row count = 0, sql: SELECT product.ID FROM ralamusi_2020.`wp_posts` as product LEFT JOIN ralamusi_2020.wp_postmeta as product_sku ON product.ID = product_sku.post_ID WHERE product_sku.meta_key = '_sku' and product_sku.meta_value = 'Blackstar-ID-Core-Stereo-10', modified user: 
