2020-08-04T11:28:17+07:00 pid: 18287, has web product json: {"sku":"Martin-MA535T"}
2020-08-04T11:28:17+07:00 pid: 18287, query success, sql: SELECT product.ID FROM ralamusi_2020.`wp_posts` as product LEFT JOIN ralamusi_2020.wp_postmeta as product_sku ON product.ID = product_sku.post_ID WHERE product_sku.meta_key = '_sku' and product_sku.meta_value = 'Martin-MA535T', modified user: 
2020-08-04T11:28:17+07:00 pid: 18930, has web product json: {"sku":"Ernie-Ball-Ernesto-Palla-P02403"}
2020-08-04T11:28:17+07:00 pid: 18930, query: selected row count = 0, sql: SELECT product.ID FROM ralamusi_2020.`wp_posts` as product LEFT JOIN ralamusi_2020.wp_postmeta as product_sku ON product.ID = product_sku.post_ID WHERE product_sku.meta_key = '_sku' and product_sku.meta_value = 'Ernie-Ball-Ernesto-Palla-P02403', modified user: 
2020-08-04T11:28:17+07:00 pid: 18750, has web product json: {"sku":"Carlsbro-DD032B"}
2020-08-04T11:28:17+07:00 pid: 18750, query: selected row count = 0, sql: SELECT product.ID FROM ralamusi_2020.`wp_posts` as product LEFT JOIN ralamusi_2020.wp_postmeta as product_sku ON product.ID = product_sku.post_ID WHERE product_sku.meta_key = '_sku' and product_sku.meta_value = 'Carlsbro-DD032B', modified user: 
2020-08-04T11:28:18+07:00 pid: 18287, has web product json: {"sku":"Sqoe-SELP100BL"}
2020-08-04T11:28:18+07:00 pid: 18287, query: selected row count = 0, sql: SELECT product.ID FROM ralamusi_2020.`wp_posts` as product LEFT JOIN ralamusi_2020.wp_postmeta as product_sku ON product.ID = product_sku.post_ID WHERE product_sku.meta_key = '_sku' and product_sku.meta_value = 'Sqoe-SELP100BL', modified user: 
2020-08-04T11:28:18+07:00 pid: 18750, has web product json: {"sku":"Amppro-AP15RD"}
2020-08-04T11:28:18+07:00 pid: 18750, query: selected row count = 0, sql: SELECT product.ID FROM ralamusi_2020.`wp_posts` as product LEFT JOIN ralamusi_2020.wp_postmeta as product_sku ON product.ID = product_sku.post_ID WHERE product_sku.meta_key = '_sku' and product_sku.meta_value = 'Amppro-AP15RD', modified user: 
2020-08-04T11:28:18+07:00 pid: 16841, has web product json: {"sku":"Fender-Strap-Black-Poly-Lightning"}
2020-08-04T11:28:18+07:00 pid: 16841, query: selected row count = 0, sql: SELECT product.ID FROM ralamusi_2020.`wp_posts` as product LEFT JOIN ralamusi_2020.wp_postmeta as product_sku ON product.ID = product_sku.post_ID WHERE product_sku.meta_key = '_sku' and product_sku.meta_value = 'Fender-Strap-Black-Poly-Lightning', modified user: 
2020-08-04T11:28:18+07:00 pid: 18914, has web product json: {"sku":"Midiplus-AKM320"}
2020-08-04T11:28:18+07:00 pid: 18914, query: selected row count = 0, sql: SELECT product.ID FROM ralamusi_2020.`wp_posts` as product LEFT JOIN ralamusi_2020.wp_postmeta as product_sku ON product.ID = product_sku.post_ID WHERE product_sku.meta_key = '_sku' and product_sku.meta_value = 'Midiplus-AKM320', modified user: 
2020-08-04T11:28:19+07:00 pid: 18750, has web product json: {"sku":"Kazuki-KA-20"}
2020-08-04T11:28:19+07:00 pid: 18750, query: selected row count = 0, sql: SELECT product.ID FROM ralamusi_2020.`wp_posts` as product LEFT JOIN ralamusi_2020.wp_postmeta as product_sku ON product.ID = product_sku.post_ID WHERE product_sku.meta_key = '_sku' and product_sku.meta_value = 'Kazuki-KA-20', modified user: 
2020-08-04T11:28:19+07:00 pid: 16841, has web product json: {"sku":"Daddario-EXP15"}
2020-08-04T11:28:19+07:00 pid: 16841, query: selected row count = 0, sql: SELECT product.ID FROM ralamusi_2020.`wp_posts` as product LEFT JOIN ralamusi_2020.wp_postmeta as product_sku ON product.ID = product_sku.post_ID WHERE product_sku.meta_key = '_sku' and product_sku.meta_value = 'Daddario-EXP15', modified user: 
2020-08-04T11:28:19+07:00 pid: 10884, has web product json: {"sku":"Paramount-AS13"}
2020-08-04T11:28:19+07:00 pid: 10884, query: selected row count = 0, sql: SELECT product.ID FROM ralamusi_2020.`wp_posts` as product LEFT JOIN ralamusi_2020.wp_postmeta as product_sku ON product.ID = product_sku.post_ID WHERE product_sku.meta_key = '_sku' and product_sku.meta_value = 'Paramount-AS13', modified user: 
2020-08-04T11:28:21+07:00 pid: 18490, has web product json: {"sku":"Calao-CL5089"}
2020-08-04T11:28:21+07:00 pid: 16841, has web product json: {"sku":"Martin-MA535T"}
2020-08-04T11:28:21+07:00 pid: 16841, query success, sql: SELECT product.ID FROM ralamusi_2020.`wp_posts` as product LEFT JOIN ralamusi_2020.wp_postmeta as product_sku ON product.ID = product_sku.post_ID WHERE product_sku.meta_key = '_sku' and product_sku.meta_value = 'Martin-MA535T', modified user: 
2020-08-04T11:28:21+07:00 pid: 18490, query: selected row count = 0, sql: SELECT product.ID FROM ralamusi_2020.`wp_posts` as product LEFT JOIN ralamusi_2020.wp_postmeta as product_sku ON product.ID = product_sku.post_ID WHERE product_sku.meta_key = '_sku' and product_sku.meta_value = 'Calao-CL5089', modified user: 
2020-08-04T11:28:21+07:00 pid: 18725, has web product json: {"sku":"Ernie-Ball-Ernesto-Palla-P02403"}
2020-08-04T11:28:21+07:00 pid: 18725, query: selected row count = 0, sql: SELECT product.ID FROM ralamusi_2020.`wp_posts` as product LEFT JOIN ralamusi_2020.wp_postmeta as product_sku ON product.ID = product_sku.post_ID WHERE product_sku.meta_key = '_sku' and product_sku.meta_value = 'Ernie-Ball-Ernesto-Palla-P02403', modified user: 
2020-08-04T11:28:21+07:00 pid: 18750, has web product json: {"sku":"Carlsbro-DD032B"}
2020-08-04T11:28:21+07:00 pid: 18750, query: selected row count = 0, sql: SELECT product.ID FROM ralamusi_2020.`wp_posts` as product LEFT JOIN ralamusi_2020.wp_postmeta as product_sku ON product.ID = product_sku.post_ID WHERE product_sku.meta_key = '_sku' and product_sku.meta_value = 'Carlsbro-DD032B', modified user: 
2020-08-04T11:28:21+07:00 pid: 18751, has web product json: {"sku":"Sqoe-SELP100BL"}
2020-08-04T11:28:21+07:00 pid: 18751, query: selected row count = 0, sql: SELECT product.ID FROM ralamusi_2020.`wp_posts` as product LEFT JOIN ralamusi_2020.wp_postmeta as product_sku ON product.ID = product_sku.post_ID WHERE product_sku.meta_key = '_sku' and product_sku.meta_value = 'Sqoe-SELP100BL', modified user: 
2020-08-04T11:28:21+07:00 pid: 18751, has web product json: {"sku":"Amppro-AP15RD"}
2020-08-04T11:28:21+07:00 pid: 18751, query: selected row count = 0, sql: SELECT product.ID FROM ralamusi_2020.`wp_posts` as product LEFT JOIN ralamusi_2020.wp_postmeta as product_sku ON product.ID = product_sku.post_ID WHERE product_sku.meta_key = '_sku' and product_sku.meta_value = 'Amppro-AP15RD', modified user: 
2020-08-04T11:28:22+07:00 pid: 10884, has web product json: {"sku":"Fender-Strap-Black-Poly-Lightning"}
2020-08-04T11:28:22+07:00 pid: 10884, query: selected row count = 0, sql: SELECT product.ID FROM ralamusi_2020.`wp_posts` as product LEFT JOIN ralamusi_2020.wp_postmeta as product_sku ON product.ID = product_sku.post_ID WHERE product_sku.meta_key = '_sku' and product_sku.meta_value = 'Fender-Strap-Black-Poly-Lightning', modified user: 
2020-08-04T11:28:22+07:00 pid: 18101, has web product json: {"sku":"Midiplus-AKM320"}
2020-08-04T11:28:22+07:00 pid: 18101, query: selected row count = 0, sql: SELECT product.ID FROM ralamusi_2020.`wp_posts` as product LEFT JOIN ralamusi_2020.wp_postmeta as product_sku ON product.ID = product_sku.post_ID WHERE product_sku.meta_key = '_sku' and product_sku.meta_value = 'Midiplus-AKM320', modified user: 
2020-08-04T11:28:22+07:00 pid: 18725, has web product json: {"sku":"Kazuki-KA-20"}
2020-08-04T11:28:22+07:00 pid: 18725, query: selected row count = 0, sql: SELECT product.ID FROM ralamusi_2020.`wp_posts` as product LEFT JOIN ralamusi_2020.wp_postmeta as product_sku ON product.ID = product_sku.post_ID WHERE product_sku.meta_key = '_sku' and product_sku.meta_value = 'Kazuki-KA-20', modified user: 
2020-08-04T11:28:22+07:00 pid: 18672, has web product json: {"sku":"Daddario-EXP15"}
2020-08-04T11:28:22+07:00 pid: 18672, query: selected row count = 0, sql: SELECT product.ID FROM ralamusi_2020.`wp_posts` as product LEFT JOIN ralamusi_2020.wp_postmeta as product_sku ON product.ID = product_sku.post_ID WHERE product_sku.meta_key = '_sku' and product_sku.meta_value = 'Daddario-EXP15', modified user: 
2020-08-04T11:28:22+07:00 pid: 18751, has web product json: {"sku":"Paramount-AS13"}
2020-08-04T11:28:22+07:00 pid: 18751, query: selected row count = 0, sql: SELECT product.ID FROM ralamusi_2020.`wp_posts` as product LEFT JOIN ralamusi_2020.wp_postmeta as product_sku ON product.ID = product_sku.post_ID WHERE product_sku.meta_key = '_sku' and product_sku.meta_value = 'Paramount-AS13', modified user: 
2020-08-04T14:09:24+07:00 pid: 27685, has web product json: {"sku":"Fender-Zuma-Concert-Ukulele-Natural-S1"}
2020-08-04T14:09:24+07:00 pid: 27685, query: selected row count = 0, sql: SELECT product.ID FROM ralamusi_2020.`wp_posts` as product LEFT JOIN ralamusi_2020.wp_postmeta as product_sku ON product.ID = product_sku.post_ID WHERE product_sku.meta_key = '_sku' and product_sku.meta_value = 'Fender-Zuma-Concert-Ukulele-Natural-S1', modified user: 
2020-08-04T07:09:26+00:00 pid: 22466, file: SAIMWordPressProductInsert.php, user: 
2020-08-04T07:09:26+00:00 
pid: 22466, post json: {"lazadaProduct":{"PrimaryCategory":"7576","name":"Fender® Zuma Concert Ukulele อูคูเลเล่ ไซส์ Concert ไม้ซาเปล หย่องกระดูก หัวทรงกีตาร์เทเล + แถมกระเป๋าอูคู & เครื่องตั้งสาย","name_en":"Fender® Zuma Concert Ukulele + Free Uku Bag & Tuner","short_description":"<UL>\r
\t<LI>อูคูเลเล่ ขนาดคอนเสิร์ต 24 นิ้ว 16 เฟร็ต ดีไซน์ถอดเอาหัวกีตาร์ไฟฟ้า Fender ทรง Tele เพื่อความเป็นเอกลักษณ์ไม่เหมือนใคร<\/LI>\r
\t<LI>ด้านหน้า: ไม้ซาเปล (Sapele)<\/LI>\r
\t<LI>ด้านข้างและด้านหลัง: ไม้ซาเปล (Sapele)<\/LI>\r
\t<LI>คอ: ไม้นาโต้ (Nato)<\/LI>\r
\t<LI>ขนาดเฟร็ต: 1.5 มม.<\/LI>\r
\t<LI>ฟิงเกอร์บอร์ด: ไม้วอนัท (Walnut)<\/LI>\r
\t<LI>บริดจ์: ไม้วอนัท แบบร้อยสายได้ (Walnut, Pull-through)<\/LI>\r
\t<LI>นัท &amp; แซดเดิ้ล: กระดูก (Bone)<\/LI>\r
\t<LI>ลูกบิด: หัวลูกบิดนิกเกิลเงิน<\/LI>\r
\t<LI>แถมฟรีกระเป๋าอูคูเลเล่ + เครื่องตั้งสายอูคูเลเล่ พร้อมถ่าน มูลค่า 500 บ.<\/LI>\r
<\/UL>","short_description_en":"<UL>\r
\t<LI>Concert-sized ukulele<\/LI>\r
\t<LI>Sapele construction<\/LI>\r
\t<LI>Bound top, back and fingerboard; abalone rosette<\/LI>\r
\t<LI>Pull-through bridge<\/LI>\r
\t<LI>4-in-line Tele headstock with vintage-style tuning machines<\/LI>\r
<\/UL>","video":"https:\/\/youtu.be\/MeE7jJiyf7o","brand":"Fender","SellerSku":"Fender-Zuma-Concert-Ukulele-Natural-S1","quantity":"1","price":"5990.00","special_price":"4790.00","package_weight":"2","package_length":"60","package_width":"15","package_height":"10","MainImage":"https:\/\/th-live.slatic.net\/p\/74c5cb755ba73d3a0ff2c2cf5f891531.jpg","Image2":"https:\/\/th-live.slatic.net\/p\/50ef1b78543af072df09420ff62eee6f.jpg","Image3":"https:\/\/th-live.slatic.net\/p\/ac0dd51f35c492102bc513840d5787a0.jpg","Image4":"https:\/\/th-live.slatic.net\/p\/0c8d1fc0bff4ba55ac059de815a07836.jpg","Image5":"https:\/\/th-live.slatic.net\/p\/0090fc9d52b4c1c2f21ae3e0eaa985a2.jpg","Image6":"https:\/\/th-live.slatic.net\/p\/9cc1ebd627df4b0f43c64c25e1484c46.jpg","Image7":"https:\/\/th-live.slatic.net\/p\/fa1c9aa4cb5ea675c50e3b84c3a85588.jpg","Image8":"https:\/\/th-live.slatic.net\/p\/8fc88da2ae4ffcbdc71f3e8a82ff7680.jpg","Status":"active"},"product":[{"ProductID":"5492","Name":"Fender® Zuma Concert Ukulele อูคูเลเล่ ไซส์ Concert ไม้ซาเปล หย่องกระดูก หัวทรงกีตาร์เทเล + แถมกระเป๋าอูคู & เครื่องตั้งสาย","Description":"","ShortDescriptionEn":"","PrimaryCategory":"7576","Brand":"Fender","Sku":"Fender-Zuma-Concert-Ukulele-Natural-S1","Quantity":"1","SpecialPrice":"4790","Price":"5990","Cost":"0","Remark":"","Video":"","MainImage":"https:\/\/th-live.slatic.net\/p\/74c5cb755ba73d3a0ff2c2cf5f891531.jpg","Image2":"https:\/\/th-live.slatic.net\/p\/50ef1b78543af072df09420ff62eee6f.jpg","Image3":"https:\/\/th-live.slatic.net\/p\/ac0dd51f35c492102bc513840d5787a0.jpg","Image4":"https:\/\/th-live.slatic.net\/p\/0c8d1fc0bff4ba55ac059de815a07836.jpg","Image5":"https:\/\/th-live.slatic.net\/p\/0090fc9d52b4c1c2f21ae3e0eaa985a2.jpg","Image6":"https:\/\/th-live.slatic.net\/p\/9cc1ebd627df4b0f43c64c25e1484c46.jpg","Image7":"https:\/\/th-live.slatic.net\/p\/fa1c9aa4cb5ea675c50e3b84c3a85588.jpg","Image8":"https:\/\/th-live.slatic.net\/p\/8fc88da2ae4ffcbdc71f3e8a82ff7680.jpg","PackageWeight":"0","PackageWidth":"0","PackageHeight":"0","PackageLength":"0","Status":"Active","ModifiedUser":"bot","ModifiedDate":"2020-08-04 14:09:15"}]}
2020-08-04T07:09:26+00:00 pid: 22466, set auto commit to off
2020-08-04T07:09:26+00:00 
pid: 22466, wordpress post:{"post_author":253,"post_content":"<UL>\r
\t<LI>\u0e2d\u0e39\u0e04\u0e39\u0e40\u0e25\u0e40\u0e25\u0e48 \u0e02\u0e19\u0e32\u0e14\u0e04\u0e2d\u0e19\u0e40\u0e2a\u0e34\u0e23\u0e4c\u0e15 24 \u0e19\u0e34\u0e49\u0e27 16 \u0e40\u0e1f\u0e23\u0e47\u0e15 \u0e14\u0e35\u0e44\u0e0b\u0e19\u0e4c\u0e16\u0e2d\u0e14\u0e40\u0e2d\u0e32\u0e2b\u0e31\u0e27\u0e01\u0e35\u0e15\u0e32\u0e23\u0e4c\u0e44\u0e1f\u0e1f\u0e49\u0e32 Fender \u0e17\u0e23\u0e07 Tele \u0e40\u0e1e\u0e37\u0e48\u0e2d\u0e04\u0e27\u0e32\u0e21\u0e40\u0e1b\u0e47\u0e19\u0e40\u0e2d\u0e01\u0e25\u0e31\u0e01\u0e29\u0e13\u0e4c\u0e44\u0e21\u0e48\u0e40\u0e2b\u0e21\u0e37\u0e2d\u0e19\u0e43\u0e04\u0e23<\/LI>\r
\t<LI>\u0e14\u0e49\u0e32\u0e19\u0e2b\u0e19\u0e49\u0e32: \u0e44\u0e21\u0e49\u0e0b\u0e32\u0e40\u0e1b\u0e25 (Sapele)<\/LI>\r
\t<LI>\u0e14\u0e49\u0e32\u0e19\u0e02\u0e49\u0e32\u0e07\u0e41\u0e25\u0e30\u0e14\u0e49\u0e32\u0e19\u0e2b\u0e25\u0e31\u0e07: \u0e44\u0e21\u0e49\u0e0b\u0e32\u0e40\u0e1b\u0e25 (Sapele)<\/LI>\r
\t<LI>\u0e04\u0e2d: \u0e44\u0e21\u0e49\u0e19\u0e32\u0e42\u0e15\u0e49 (Nato)<\/LI>\r
\t<LI>\u0e02\u0e19\u0e32\u0e14\u0e40\u0e1f\u0e23\u0e47\u0e15: 1.5 \u0e21\u0e21.<\/LI>\r
\t<LI>\u0e1f\u0e34\u0e07\u0e40\u0e01\u0e2d\u0e23\u0e4c\u0e1a\u0e2d\u0e23\u0e4c\u0e14: \u0e44\u0e21\u0e49\u0e27\u0e2d\u0e19\u0e31\u0e17 (Walnut)<\/LI>\r
\t<LI>\u0e1a\u0e23\u0e34\u0e14\u0e08\u0e4c: \u0e44\u0e21\u0e49\u0e27\u0e2d\u0e19\u0e31\u0e17 \u0e41\u0e1a\u0e1a\u0e23\u0e49\u0e2d\u0e22\u0e2a\u0e32\u0e22\u0e44\u0e14\u0e49 (Walnut, Pull-through)<\/LI>\r
\t<LI>\u0e19\u0e31\u0e17 &amp; \u0e41\u0e0b\u0e14\u0e40\u0e14\u0e34\u0e49\u0e25: \u0e01\u0e23\u0e30\u0e14\u0e39\u0e01 (Bone)<\/LI>\r
\t<LI>\u0e25\u0e39\u0e01\u0e1a\u0e34\u0e14: \u0e2b\u0e31\u0e27\u0e25\u0e39\u0e01\u0e1a\u0e34\u0e14\u0e19\u0e34\u0e01\u0e40\u0e01\u0e34\u0e25\u0e40\u0e07\u0e34\u0e19<\/LI>\r
\t<LI>\u0e41\u0e16\u0e21\u0e1f\u0e23\u0e35\u0e01\u0e23\u0e30\u0e40\u0e1b\u0e4b\u0e32\u0e2d\u0e39\u0e04\u0e39\u0e40\u0e25\u0e40\u0e25\u0e48 + \u0e40\u0e04\u0e23\u0e37\u0e48\u0e2d\u0e07\u0e15\u0e31\u0e49\u0e07\u0e2a\u0e32\u0e22\u0e2d\u0e39\u0e04\u0e39\u0e40\u0e25\u0e40\u0e25\u0e48 \u0e1e\u0e23\u0e49\u0e2d\u0e21\u0e16\u0e48\u0e32\u0e19 \u0e21\u0e39\u0e25\u0e04\u0e48\u0e32 500 \u0e1a.<\/LI>\r
<\/UL>","post_status":"publish","post_title":"Fender\u00ae Zuma Concert Ukulele \u0e2d\u0e39\u0e04\u0e39\u0e40\u0e25\u0e40\u0e25\u0e48 \u0e44\u0e0b\u0e2a\u0e4c Concert \u0e44\u0e21\u0e49\u0e0b\u0e32\u0e40\u0e1b\u0e25 \u0e2b\u0e22\u0e48\u0e2d\u0e07\u0e01\u0e23\u0e30\u0e14\u0e39\u0e01 \u0e2b\u0e31\u0e27\u0e17\u0e23\u0e07\u0e01\u0e35\u0e15\u0e32\u0e23\u0e4c\u0e40\u0e17\u0e40\u0e25 + \u0e41\u0e16\u0e21\u0e01\u0e23\u0e30\u0e40\u0e1b\u0e4b\u0e32\u0e2d\u0e39\u0e04\u0e39 & \u0e40\u0e04\u0e23\u0e37\u0e48\u0e2d\u0e07\u0e15\u0e31\u0e49\u0e07\u0e2a\u0e32\u0e22","post_parent":"","post_type":"product","post_name":"Fender-Zuma-Concert-Ukulele-Natural-S1"}
2020-08-04T07:10:27+00:00 pid: 22466, query commit, file: SAIMWordPressProductInsert.php
2020-08-04T14:12:50+07:00 pid: 31672, has web product json: {"sku":"Echoslap-VC201-MEX"}
2020-08-04T14:12:50+07:00 pid: 31672, query: selected row count = 0, sql: SELECT product.ID FROM ralamusi_2020.`wp_posts` as product LEFT JOIN ralamusi_2020.wp_postmeta as product_sku ON product.ID = product_sku.post_ID WHERE product_sku.meta_key = '_sku' and product_sku.meta_value = 'Echoslap-VC201-MEX', modified user: 
2020-08-04T07:12:51+00:00 pid: 32604, file: SAIMWordPressProductInsert.php, user: 
2020-08-04T07:12:51+00:00 
pid: 32604, post json: {"lazadaProduct":{"PrimaryCategory":"7556","name":"Echoslap VC201 Cajon คาฮอง แบบสายสแนร์ สไตล์ลังไม้เก่า ไม้สยามโอ๊ค + แถมฟรีกระเป๋าคาฮอง","name_en":"Echoslap VC201 Vintage Crate SiamOak Cajon + Free Cajon Bag","short_description":"<UL>\r
\t<LI>ดีไซน์ทำเป็นไม้ลังเก่าๆ ด้านหน้าเป็นไม้โอ๊ค<\/LI>\r
\t<LI>มีสแนร์ติดตั้ง ตรวจสอบคุณภาพเสียงทุกตัว<\/LI>\r
\t<LI>ขนาด: 29 x 30 x 48 ซม.<\/LI>\r
\t<LI>แถมฟรีกระเป๋าใส่ถือและสะพาย มูลค่า 400 บ. ของแท้จากผู้ผลิต<\/LI>\r
<\/UL>","short_description_en":"","video":"","brand":"Echoslap","SellerSku":"Echoslap-VC201-MEX","quantity":"1","price":"3200.00","special_price":"2190.00","package_weight":"1.8","package_length":"29","package_width":"30","package_height":"48","MainImage":"https:\/\/th-live.slatic.net\/p\/2b350e0b93b627fed86acc79f11276a0.jpg","Image2":"https:\/\/th-live.slatic.net\/p\/d2dd6f9ef7dce850a660445c01d5590f.jpg","Image3":"https:\/\/th-live.slatic.net\/p\/4a8058cca262b11478687c51a7cb6369.jpg","Image4":"https:\/\/th-live.slatic.net\/p\/8827ef90930f7babdeacd90d9e31ae33.jpg","Image5":"https:\/\/th-live.slatic.net\/p\/4d79a4eae467adb71506796edebae027.jpg","Image6":"https:\/\/th-live.slatic.net\/p\/60f49066551252411a638cee09e1e5a9.jpg","Image7":"","Image8":"","Status":"active"},"product":[{"ProductID":"5493","Name":"Echoslap VC201 Cajon คาฮอง แบบสายสแนร์ สไตล์ลังไม้เก่า ไม้สยามโอ๊ค + แถมฟรีกระเป๋าคาฮอง","Description":"","ShortDescriptionEn":"","PrimaryCategory":"7556","Brand":"Echoslap","Sku":"Echoslap-VC201-MEX","Quantity":"1","SpecialPrice":"2190","Price":"3200","Cost":"0","Remark":"","Video":"","MainImage":"https:\/\/th-live.slatic.net\/p\/2b350e0b93b627fed86acc79f11276a0.jpg","Image2":"https:\/\/th-live.slatic.net\/p\/d2dd6f9ef7dce850a660445c01d5590f.jpg","Image3":"https:\/\/th-live.slatic.net\/p\/4a8058cca262b11478687c51a7cb6369.jpg","Image4":"https:\/\/th-live.slatic.net\/p\/8827ef90930f7babdeacd90d9e31ae33.jpg","Image5":"https:\/\/th-live.slatic.net\/p\/4d79a4eae467adb71506796edebae027.jpg","Image6":"https:\/\/th-live.slatic.net\/p\/60f49066551252411a638cee09e1e5a9.jpg","Image7":"","Image8":"","PackageWeight":"0","PackageWidth":"0","PackageHeight":"0","PackageLength":"0","Status":"Active","ModifiedUser":"bot","ModifiedDate":"2020-08-04 14:12:44"}]}
2020-08-04T07:12:51+00:00 pid: 32604, set auto commit to off
2020-08-04T07:12:51+00:00 
pid: 32604, wordpress post:{"post_author":253,"post_content":"<UL>\r
\t<LI>\u0e14\u0e35\u0e44\u0e0b\u0e19\u0e4c\u0e17\u0e33\u0e40\u0e1b\u0e47\u0e19\u0e44\u0e21\u0e49\u0e25\u0e31\u0e07\u0e40\u0e01\u0e48\u0e32\u0e46 \u0e14\u0e49\u0e32\u0e19\u0e2b\u0e19\u0e49\u0e32\u0e40\u0e1b\u0e47\u0e19\u0e44\u0e21\u0e49\u0e42\u0e2d\u0e4a\u0e04<\/LI>\r
\t<LI>\u0e21\u0e35\u0e2a\u0e41\u0e19\u0e23\u0e4c\u0e15\u0e34\u0e14\u0e15\u0e31\u0e49\u0e07 \u0e15\u0e23\u0e27\u0e08\u0e2a\u0e2d\u0e1a\u0e04\u0e38\u0e13\u0e20\u0e32\u0e1e\u0e40\u0e2a\u0e35\u0e22\u0e07\u0e17\u0e38\u0e01\u0e15\u0e31\u0e27<\/LI>\r
\t<LI>\u0e02\u0e19\u0e32\u0e14: 29 x 30 x 48 \u0e0b\u0e21.<\/LI>\r
\t<LI>\u0e41\u0e16\u0e21\u0e1f\u0e23\u0e35\u0e01\u0e23\u0e30\u0e40\u0e1b\u0e4b\u0e32\u0e43\u0e2a\u0e48\u0e16\u0e37\u0e2d\u0e41\u0e25\u0e30\u0e2a\u0e30\u0e1e\u0e32\u0e22 \u0e21\u0e39\u0e25\u0e04\u0e48\u0e32 400 \u0e1a. \u0e02\u0e2d\u0e07\u0e41\u0e17\u0e49\u0e08\u0e32\u0e01\u0e1c\u0e39\u0e49\u0e1c\u0e25\u0e34\u0e15<\/LI>\r
<\/UL>","post_status":"publish","post_title":"Echoslap VC201 Cajon \u0e04\u0e32\u0e2e\u0e2d\u0e07 \u0e41\u0e1a\u0e1a\u0e2a\u0e32\u0e22\u0e2a\u0e41\u0e19\u0e23\u0e4c \u0e2a\u0e44\u0e15\u0e25\u0e4c\u0e25\u0e31\u0e07\u0e44\u0e21\u0e49\u0e40\u0e01\u0e48\u0e32 \u0e44\u0e21\u0e49\u0e2a\u0e22\u0e32\u0e21\u0e42\u0e2d\u0e4a\u0e04 + \u0e41\u0e16\u0e21\u0e1f\u0e23\u0e35\u0e01\u0e23\u0e30\u0e40\u0e1b\u0e4b\u0e32\u0e04\u0e32\u0e2e\u0e2d\u0e07","post_parent":"","post_type":"product","post_name":"Echoslap-VC201-MEX"}
2020-08-04T07:13:13+00:00 pid: 32604, query commit, file: SAIMWordPressProductInsert.php
2020-08-04T14:25:01+07:00 pid: 8468, has web product json: {"sku":"Echoslap-GFX-SHIP"}
2020-08-04T14:25:01+07:00 pid: 8468, query: selected row count = 0, sql: SELECT product.ID FROM ralamusi_2020.`wp_posts` as product LEFT JOIN ralamusi_2020.wp_postmeta as product_sku ON product.ID = product_sku.post_ID WHERE product_sku.meta_key = '_sku' and product_sku.meta_value = 'Echoslap-GFX-SHIP', modified user: 
2020-08-04T07:25:03+00:00 pid: 9052, file: SAIMWordPressProductInsert.php, user: 
2020-08-04T07:25:03+00:00 
pid: 9052, post json: {"lazadaProduct":{"PrimaryCategory":"7556","name":"Echoslap GFX Cajon คาฮอง แบบสายสแนร์ ลายกราฟฟิค  + แถมฟรีกระเป๋าคาฮอง","name_en":"Echoslap VC201 Vintage Crate SiamOak Cajon + Free Cajon Bag","short_description":"<UL>\r
\t<LI>คาฮองไม้เนื้อแข็ง ดีไซน์ลายกราฟฟิคสวยงาม ด้านบนมีแผ่นโฟมรองนั่ง<\/LI>\r
\t<LI>มีสแนร์ติดตั้ง ตรวจสอบคุณภาพเสียงทุกตัว<\/LI>\r
\t<LI>ขนาด: 29 x 30 x 48 ซม.<\/LI>\r
\t<LI>น้ำหนัก : 5.7 กก.<\/LI>\r
\t<LI>แถมฟรีกระเป๋าใส่ถือและสะพาย มูลค่า 400 บ. ของแท้จากผู้ผลิต<\/LI>\r
<\/UL>","short_description_en":"","video":"","brand":"Echoslap","SellerSku":"Echoslap-GFX-SHIP","quantity":"1","price":"2990.00","special_price":"2390.00","package_weight":"1.8","package_length":"29","package_width":"30","package_height":"48","MainImage":"https:\/\/th-live.slatic.net\/p\/1a132aeba82721e1055919dfd5a54661.jpg","Image2":"https:\/\/th-live.slatic.net\/p\/896f21fa6262718c650ef7da733815e6.jpg","Image3":"https:\/\/th-live.slatic.net\/p\/4d79a4eae467adb71506796edebae027.jpg","Image4":"https:\/\/th-live.slatic.net\/p\/8827ef90930f7babdeacd90d9e31ae33.jpg","Image5":"https:\/\/th-live.slatic.net\/p\/60f49066551252411a638cee09e1e5a9.jpg","Image6":"","Image7":"","Image8":"","Status":"active"},"product":[{"ProductID":"5495","Name":"Echoslap GFX Cajon คาฮอง แบบสายสแนร์ ลายกราฟฟิค  + แถมฟรีกระเป๋าคาฮอง","Description":"","ShortDescriptionEn":"","PrimaryCategory":"7556","Brand":"Echoslap","Sku":"Echoslap-GFX-SHIP","Quantity":"1","SpecialPrice":"2390","Price":"2990","Cost":"0","Remark":"","Video":"","MainImage":"https:\/\/th-live.slatic.net\/p\/1a132aeba82721e1055919dfd5a54661.jpg","Image2":"https:\/\/th-live.slatic.net\/p\/896f21fa6262718c650ef7da733815e6.jpg","Image3":"https:\/\/th-live.slatic.net\/p\/4d79a4eae467adb71506796edebae027.jpg","Image4":"https:\/\/th-live.slatic.net\/p\/8827ef90930f7babdeacd90d9e31ae33.jpg","Image5":"https:\/\/th-live.slatic.net\/p\/60f49066551252411a638cee09e1e5a9.jpg","Image6":"","Image7":"","Image8":"","PackageWeight":"0","PackageWidth":"0","PackageHeight":"0","PackageLength":"0","Status":"Active","ModifiedUser":"bot","ModifiedDate":"2020-08-04 14:24:41"}]}
2020-08-04T07:25:03+00:00 pid: 9052, set auto commit to off
2020-08-04T07:25:03+00:00 
pid: 9052, wordpress post:{"post_author":253,"post_content":"<UL>\r
\t<LI>\u0e04\u0e32\u0e2e\u0e2d\u0e07\u0e44\u0e21\u0e49\u0e40\u0e19\u0e37\u0e49\u0e2d\u0e41\u0e02\u0e47\u0e07 \u0e14\u0e35\u0e44\u0e0b\u0e19\u0e4c\u0e25\u0e32\u0e22\u0e01\u0e23\u0e32\u0e1f\u0e1f\u0e34\u0e04\u0e2a\u0e27\u0e22\u0e07\u0e32\u0e21 \u0e14\u0e49\u0e32\u0e19\u0e1a\u0e19\u0e21\u0e35\u0e41\u0e1c\u0e48\u0e19\u0e42\u0e1f\u0e21\u0e23\u0e2d\u0e07\u0e19\u0e31\u0e48\u0e07<\/LI>\r
\t<LI>\u0e21\u0e35\u0e2a\u0e41\u0e19\u0e23\u0e4c\u0e15\u0e34\u0e14\u0e15\u0e31\u0e49\u0e07 \u0e15\u0e23\u0e27\u0e08\u0e2a\u0e2d\u0e1a\u0e04\u0e38\u0e13\u0e20\u0e32\u0e1e\u0e40\u0e2a\u0e35\u0e22\u0e07\u0e17\u0e38\u0e01\u0e15\u0e31\u0e27<\/LI>\r
\t<LI>\u0e02\u0e19\u0e32\u0e14: 29 x 30 x 48 \u0e0b\u0e21.<\/LI>\r
\t<LI>\u0e19\u0e49\u0e33\u0e2b\u0e19\u0e31\u0e01 : 5.7 \u0e01\u0e01.<\/LI>\r
\t<LI>\u0e41\u0e16\u0e21\u0e1f\u0e23\u0e35\u0e01\u0e23\u0e30\u0e40\u0e1b\u0e4b\u0e32\u0e43\u0e2a\u0e48\u0e16\u0e37\u0e2d\u0e41\u0e25\u0e30\u0e2a\u0e30\u0e1e\u0e32\u0e22 \u0e21\u0e39\u0e25\u0e04\u0e48\u0e32 400 \u0e1a. \u0e02\u0e2d\u0e07\u0e41\u0e17\u0e49\u0e08\u0e32\u0e01\u0e1c\u0e39\u0e49\u0e1c\u0e25\u0e34\u0e15<\/LI>\r
<\/UL>","post_status":"publish","post_title":"Echoslap GFX Cajon \u0e04\u0e32\u0e2e\u0e2d\u0e07 \u0e41\u0e1a\u0e1a\u0e2a\u0e32\u0e22\u0e2a\u0e41\u0e19\u0e23\u0e4c \u0e25\u0e32\u0e22\u0e01\u0e23\u0e32\u0e1f\u0e1f\u0e34\u0e04  + \u0e41\u0e16\u0e21\u0e1f\u0e23\u0e35\u0e01\u0e23\u0e30\u0e40\u0e1b\u0e4b\u0e32\u0e04\u0e32\u0e2e\u0e2d\u0e07","post_parent":"","post_type":"product","post_name":"Echoslap-GFX-SHIP"}
2020-08-04T07:25:28+00:00 pid: 9052, query commit, file: SAIMWordPressProductInsert.php
2020-08-04T14:49:03+07:00 pid: 24846, has web product json: {"sku":"Echoslap-GFX-LOVE"}
2020-08-04T14:49:03+07:00 pid: 24846, query: selected row count = 0, sql: SELECT product.ID FROM ralamusi_2020.`wp_posts` as product LEFT JOIN ralamusi_2020.wp_postmeta as product_sku ON product.ID = product_sku.post_ID WHERE product_sku.meta_key = '_sku' and product_sku.meta_value = 'Echoslap-GFX-LOVE', modified user: 
2020-08-04T07:49:05+00:00 pid: 25349, file: SAIMWordPressProductInsert.php, user: 
2020-08-04T07:49:05+00:00 
pid: 25349, post json: {"lazadaProduct":{"PrimaryCategory":"7556","name":"Echoslap GFX Cajon คาฮอง แบบสายสแนร์ ลายกราฟฟิค  + แถมฟรีกระเป๋าคาฮอง","name_en":"Echoslap VC201 Vintage Crate SiamOak Cajon + Free Cajon Bag","short_description":"<UL>\r
\t<LI>คาฮองไม้เนื้อแข็ง ดีไซน์ลายกราฟฟิคสวยงาม ด้านบนมีแผ่นโฟมรองนั่ง<\/LI>\r
\t<LI>มีสแนร์ติดตั้ง ตรวจสอบคุณภาพเสียงทุกตัว<\/LI>\r
\t<LI>ขนาด: 29 x 30 x 48 ซม.<\/LI>\r
\t<LI>น้ำหนัก : 5.7 กก.<\/LI>\r
\t<LI>แถมฟรีกระเป๋าใส่ถือและสะพาย มูลค่า 400 บ. ของแท้จากผู้ผลิต<\/LI>\r
<\/UL>","short_description_en":"","video":"","brand":"Echoslap","SellerSku":"Echoslap-GFX-LOVE","quantity":"1","price":"2990.00","special_price":"2390.00","package_weight":"1.8","package_length":"29","package_width":"30","package_height":"48","MainImage":"https:\/\/th-live.slatic.net\/p\/035c5e2a47d4c2a38b481dcd04b64167.jpg","Image2":"https:\/\/th-live.slatic.net\/p\/9b73e3ecd014aae6b4b0e4c949e8db0c.jpg","Image3":"https:\/\/th-live.slatic.net\/p\/8827ef90930f7babdeacd90d9e31ae33.jpg","Image4":"https:\/\/th-live.slatic.net\/p\/4d79a4eae467adb71506796edebae027.jpg","Image5":"https:\/\/th-live.slatic.net\/p\/60f49066551252411a638cee09e1e5a9.jpg","Image6":"","Image7":"","Image8":"","Status":"active"},"product":[{"ProductID":"5496","Name":"Echoslap GFX Cajon คาฮอง แบบสายสแนร์ ลายกราฟฟิค  + แถมฟรีกระเป๋าคาฮอง","Description":"","ShortDescriptionEn":"","PrimaryCategory":"7556","Brand":"Echoslap","Sku":"Echoslap-GFX-LOVE","Quantity":"1","SpecialPrice":"2390","Price":"2990","Cost":"0","Remark":"","Video":"","MainImage":"https:\/\/th-live.slatic.net\/p\/035c5e2a47d4c2a38b481dcd04b64167.jpg","Image2":"https:\/\/th-live.slatic.net\/p\/9b73e3ecd014aae6b4b0e4c949e8db0c.jpg","Image3":"https:\/\/th-live.slatic.net\/p\/8827ef90930f7babdeacd90d9e31ae33.jpg","Image4":"https:\/\/th-live.slatic.net\/p\/4d79a4eae467adb71506796edebae027.jpg","Image5":"https:\/\/th-live.slatic.net\/p\/60f49066551252411a638cee09e1e5a9.jpg","Image6":"","Image7":"","Image8":"","PackageWeight":"0","PackageWidth":"0","PackageHeight":"0","PackageLength":"0","Status":"Active","ModifiedUser":"bot","ModifiedDate":"2020-08-04 14:48:48"}]}
2020-08-04T07:49:05+00:00 pid: 25349, set auto commit to off
2020-08-04T07:49:05+00:00 
pid: 25349, wordpress post:{"post_author":253,"post_content":"<UL>\r
\t<LI>\u0e04\u0e32\u0e2e\u0e2d\u0e07\u0e44\u0e21\u0e49\u0e40\u0e19\u0e37\u0e49\u0e2d\u0e41\u0e02\u0e47\u0e07 \u0e14\u0e35\u0e44\u0e0b\u0e19\u0e4c\u0e25\u0e32\u0e22\u0e01\u0e23\u0e32\u0e1f\u0e1f\u0e34\u0e04\u0e2a\u0e27\u0e22\u0e07\u0e32\u0e21 \u0e14\u0e49\u0e32\u0e19\u0e1a\u0e19\u0e21\u0e35\u0e41\u0e1c\u0e48\u0e19\u0e42\u0e1f\u0e21\u0e23\u0e2d\u0e07\u0e19\u0e31\u0e48\u0e07<\/LI>\r
\t<LI>\u0e21\u0e35\u0e2a\u0e41\u0e19\u0e23\u0e4c\u0e15\u0e34\u0e14\u0e15\u0e31\u0e49\u0e07 \u0e15\u0e23\u0e27\u0e08\u0e2a\u0e2d\u0e1a\u0e04\u0e38\u0e13\u0e20\u0e32\u0e1e\u0e40\u0e2a\u0e35\u0e22\u0e07\u0e17\u0e38\u0e01\u0e15\u0e31\u0e27<\/LI>\r
\t<LI>\u0e02\u0e19\u0e32\u0e14: 29 x 30 x 48 \u0e0b\u0e21.<\/LI>\r
\t<LI>\u0e19\u0e49\u0e33\u0e2b\u0e19\u0e31\u0e01 : 5.7 \u0e01\u0e01.<\/LI>\r
\t<LI>\u0e41\u0e16\u0e21\u0e1f\u0e23\u0e35\u0e01\u0e23\u0e30\u0e40\u0e1b\u0e4b\u0e32\u0e43\u0e2a\u0e48\u0e16\u0e37\u0e2d\u0e41\u0e25\u0e30\u0e2a\u0e30\u0e1e\u0e32\u0e22 \u0e21\u0e39\u0e25\u0e04\u0e48\u0e32 400 \u0e1a. \u0e02\u0e2d\u0e07\u0e41\u0e17\u0e49\u0e08\u0e32\u0e01\u0e1c\u0e39\u0e49\u0e1c\u0e25\u0e34\u0e15<\/LI>\r
<\/UL>","post_status":"publish","post_title":"Echoslap GFX Cajon \u0e04\u0e32\u0e2e\u0e2d\u0e07 \u0e41\u0e1a\u0e1a\u0e2a\u0e32\u0e22\u0e2a\u0e41\u0e19\u0e23\u0e4c \u0e25\u0e32\u0e22\u0e01\u0e23\u0e32\u0e1f\u0e1f\u0e34\u0e04  + \u0e41\u0e16\u0e21\u0e1f\u0e23\u0e35\u0e01\u0e23\u0e30\u0e40\u0e1b\u0e4b\u0e32\u0e04\u0e32\u0e2e\u0e2d\u0e07","post_parent":"","post_type":"product","post_name":"Echoslap-GFX-LOVE"}
2020-08-04T07:49:30+00:00 pid: 25349, query commit, file: SAIMWordPressProductInsert.php
2020-08-04T14:55:35+07:00 pid: 31428, has web product json: {"sku":"Echoslap-GFX-LET"}
2020-08-04T14:55:35+07:00 pid: 31428, query: selected row count = 0, sql: SELECT product.ID FROM ralamusi_2020.`wp_posts` as product LEFT JOIN ralamusi_2020.wp_postmeta as product_sku ON product.ID = product_sku.post_ID WHERE product_sku.meta_key = '_sku' and product_sku.meta_value = 'Echoslap-GFX-LET', modified user: 
2020-08-04T07:55:52+00:00 pid: 31893, file: SAIMWordPressProductInsert.php, user: 
2020-08-04T07:55:52+00:00 
pid: 31893, post json: {"lazadaProduct":{"PrimaryCategory":"7556","name":"Echoslap GFX Cajon คาฮอง แบบสายสแนร์ ลายกราฟฟิค  + แถมฟรีกระเป๋าคาฮอง","name_en":"Echoslap VC201 Vintage Crate SiamOak Cajon + Free Cajon Bag","short_description":"<UL>\r
\t<LI>คาฮองไม้เนื้อแข็ง ดีไซน์ลายกราฟฟิคสวยงาม ด้านบนมีแผ่นโฟมรองนั่ง<\/LI>\r
\t<LI>มีสแนร์ติดตั้ง ตรวจสอบคุณภาพเสียงทุกตัว<\/LI>\r
\t<LI>ขนาด: 29 x 30 x 48 ซม.<\/LI>\r
\t<LI>น้ำหนัก : 5.7 กก.<\/LI>\r
\t<LI>แถมฟรีกระเป๋าใส่ถือและสะพาย มูลค่า 400 บ. ของแท้จากผู้ผลิต<\/LI>\r
<\/UL>","short_description_en":"","video":"","brand":"Echoslap","SellerSku":"Echoslap-GFX-LET","quantity":"1","price":"2990.00","special_price":"2390.00","package_weight":"1.8","package_length":"29","package_width":"30","package_height":"48","MainImage":"https:\/\/th-live.slatic.net\/p\/a3d0ac5033ab8ab586f88b913806ec77.jpg","Image2":"https:\/\/th-live.slatic.net\/p\/74193c356a706fb9b25206b0df725012.jpg","Image3":"https:\/\/th-live.slatic.net\/p\/4d79a4eae467adb71506796edebae027.jpg","Image4":"https:\/\/th-live.slatic.net\/p\/8827ef90930f7babdeacd90d9e31ae33.jpg","Image5":"https:\/\/th-live.slatic.net\/p\/60f49066551252411a638cee09e1e5a9.jpg","Image6":"","Image7":"","Image8":"","Status":"active"},"product":[{"ProductID":"5497","Name":"Echoslap GFX Cajon คาฮอง แบบสายสแนร์ ลายกราฟฟิค  + แถมฟรีกระเป๋าคาฮอง","Description":"","ShortDescriptionEn":"","PrimaryCategory":"7556","Brand":"Echoslap","Sku":"Echoslap-GFX-LET","Quantity":"1","SpecialPrice":"2390","Price":"2990","Cost":"0","Remark":"","Video":"","MainImage":"https:\/\/th-live.slatic.net\/p\/a3d0ac5033ab8ab586f88b913806ec77.jpg","Image2":"https:\/\/th-live.slatic.net\/p\/74193c356a706fb9b25206b0df725012.jpg","Image3":"https:\/\/th-live.slatic.net\/p\/4d79a4eae467adb71506796edebae027.jpg","Image4":"https:\/\/th-live.slatic.net\/p\/8827ef90930f7babdeacd90d9e31ae33.jpg","Image5":"https:\/\/th-live.slatic.net\/p\/60f49066551252411a638cee09e1e5a9.jpg","Image6":"","Image7":"","Image8":"","PackageWeight":"0","PackageWidth":"0","PackageHeight":"0","PackageLength":"0","Status":"Active","ModifiedUser":"bot","ModifiedDate":"2020-08-04 14:55:12"}]}
2020-08-04T07:55:52+00:00 pid: 31893, set auto commit to off
2020-08-04T07:55:52+00:00 
pid: 31893, wordpress post:{"post_author":253,"post_content":"<UL>\r
\t<LI>\u0e04\u0e32\u0e2e\u0e2d\u0e07\u0e44\u0e21\u0e49\u0e40\u0e19\u0e37\u0e49\u0e2d\u0e41\u0e02\u0e47\u0e07 \u0e14\u0e35\u0e44\u0e0b\u0e19\u0e4c\u0e25\u0e32\u0e22\u0e01\u0e23\u0e32\u0e1f\u0e1f\u0e34\u0e04\u0e2a\u0e27\u0e22\u0e07\u0e32\u0e21 \u0e14\u0e49\u0e32\u0e19\u0e1a\u0e19\u0e21\u0e35\u0e41\u0e1c\u0e48\u0e19\u0e42\u0e1f\u0e21\u0e23\u0e2d\u0e07\u0e19\u0e31\u0e48\u0e07<\/LI>\r
\t<LI>\u0e21\u0e35\u0e2a\u0e41\u0e19\u0e23\u0e4c\u0e15\u0e34\u0e14\u0e15\u0e31\u0e49\u0e07 \u0e15\u0e23\u0e27\u0e08\u0e2a\u0e2d\u0e1a\u0e04\u0e38\u0e13\u0e20\u0e32\u0e1e\u0e40\u0e2a\u0e35\u0e22\u0e07\u0e17\u0e38\u0e01\u0e15\u0e31\u0e27<\/LI>\r
\t<LI>\u0e02\u0e19\u0e32\u0e14: 29 x 30 x 48 \u0e0b\u0e21.<\/LI>\r
\t<LI>\u0e19\u0e49\u0e33\u0e2b\u0e19\u0e31\u0e01 : 5.7 \u0e01\u0e01.<\/LI>\r
\t<LI>\u0e41\u0e16\u0e21\u0e1f\u0e23\u0e35\u0e01\u0e23\u0e30\u0e40\u0e1b\u0e4b\u0e32\u0e43\u0e2a\u0e48\u0e16\u0e37\u0e2d\u0e41\u0e25\u0e30\u0e2a\u0e30\u0e1e\u0e32\u0e22 \u0e21\u0e39\u0e25\u0e04\u0e48\u0e32 400 \u0e1a. \u0e02\u0e2d\u0e07\u0e41\u0e17\u0e49\u0e08\u0e32\u0e01\u0e1c\u0e39\u0e49\u0e1c\u0e25\u0e34\u0e15<\/LI>\r
<\/UL>","post_status":"publish","post_title":"Echoslap GFX Cajon \u0e04\u0e32\u0e2e\u0e2d\u0e07 \u0e41\u0e1a\u0e1a\u0e2a\u0e32\u0e22\u0e2a\u0e41\u0e19\u0e23\u0e4c \u0e25\u0e32\u0e22\u0e01\u0e23\u0e32\u0e1f\u0e1f\u0e34\u0e04  + \u0e41\u0e16\u0e21\u0e1f\u0e23\u0e35\u0e01\u0e23\u0e30\u0e40\u0e1b\u0e4b\u0e32\u0e04\u0e32\u0e2e\u0e2d\u0e07","post_parent":"","post_type":"product","post_name":"Echoslap-GFX-LET"}
2020-08-04T07:56:10+00:00 pid: 31893, query commit, file: SAIMWordPressProductInsert.php
2020-08-04T15:13:14+07:00 pid: 12583, has web product json: {"sku":"Echoslap-GFX-CD"}
2020-08-04T15:13:14+07:00 pid: 12583, query: selected row count = 0, sql: SELECT product.ID FROM ralamusi_2020.`wp_posts` as product LEFT JOIN ralamusi_2020.wp_postmeta as product_sku ON product.ID = product_sku.post_ID WHERE product_sku.meta_key = '_sku' and product_sku.meta_value = 'Echoslap-GFX-CD', modified user: 
2020-08-04T08:13:16+00:00 pid: 11772, file: SAIMWordPressProductInsert.php, user: 
2020-08-04T08:13:16+00:00 pid: 11772, post json: {"lazadaProduct":{"PrimaryCategory":"7556","name":"Echoslap GFX Cajon คาฮอง แบบสายสแนร์ ลายกราฟฟิค  + แถมฟรีกระเป๋าคาฮอง","name_en":"Echoslap VC201 Vintage Crate SiamOak Cajon + Free Cajon Bag","short_description":"<UL>\r\t<LI>คาฮองไม้เนื้อแข็ง ดีไซน์ลายกราฟฟิคสวยงาม ด้านบนมีแผ่นโฟมรองนั่ง<\/LI>\r\t<LI>มีสแนร์ติดตั้ง ตรวจสอบคุณภาพเสียงทุกตัว<\/LI>\r\t<LI>ขนาด: 29 x 30 x 48 ซม.<\/LI>\r\t<LI>น้ำหนัก : 5.7 กก.<\/LI>\r\t<LI>แถมฟรีกระเป๋าใส่ถือและสะพาย มูลค่า 400 บ. ของแท้จากผู้ผลิต<\/LI>\r<\/UL>","short_description_en":"","video":"","brand":"Echoslap","SellerSku":"Echoslap-GFX-CD","quantity":"1","price":"2990.00","special_price":"2390.00","package_weight":"1.8","package_length":"29","package_width":"30","package_height":"48","MainImage":"https:\/\/th-live.slatic.net\/p\/d9e716d26473ce2cf813e2ead41534e3.jpg","Image2":"https:\/\/th-live.slatic.net\/p\/e7e9d420d2b970be286c35a84100e4b4.jpg","Image3":"https:\/\/th-live.slatic.net\/p\/4d79a4eae467adb71506796edebae027.jpg","Image4":"https:\/\/th-live.slatic.net\/p\/8827ef90930f7babdeacd90d9e31ae33.jpg","Image5":"https:\/\/th-live.slatic.net\/p\/60f49066551252411a638cee09e1e5a9.jpg","Image6":"","Image7":"","Image8":"","Status":"active"},"product":[{"ProductID":"5499","Name":"Echoslap GFX Cajon คาฮอง แบบสายสแนร์ ลายกราฟฟิค  + แถมฟรีกระเป๋าคาฮอง","Description":"","ShortDescriptionEn":"","PrimaryCategory":"7556","Brand":"Echoslap","Sku":"Echoslap-GFX-CD","Quantity":"1","SpecialPrice":"2390","Price":"2990","Cost":"0","Remark":"","Video":"","MainImage":"https:\/\/th-live.slatic.net\/p\/d9e716d26473ce2cf813e2ead41534e3.jpg","Image2":"https:\/\/th-live.slatic.net\/p\/e7e9d420d2b970be286c35a84100e4b4.jpg","Image3":"https:\/\/th-live.slatic.net\/p\/4d79a4eae467adb71506796edebae027.jpg","Image4":"https:\/\/th-live.slatic.net\/p\/8827ef90930f7babdeacd90d9e31ae33.jpg","Image5":"https:\/\/th-live.slatic.net\/p\/60f49066551252411a638cee09e1e5a9.jpg","Image6":"","Image7":"","Image8":"","PackageWeight":"0","PackageWidth":"0","PackageHeight":"0","PackageLength":"0","Status":"Active","ModifiedUser":"bot","ModifiedDate":"2020-08-04 15:13:08"}]}
2020-08-04T08:13:16+00:00 pid: 11772, set auto commit to off
2020-08-04T08:13:16+00:00 pid: 11772, wordpress post:{"post_author":253,"post_content":"<UL>\r\t<LI>\u0e04\u0e32\u0e2e\u0e2d\u0e07\u0e44\u0e21\u0e49\u0e40\u0e19\u0e37\u0e49\u0e2d\u0e41\u0e02\u0e47\u0e07 \u0e14\u0e35\u0e44\u0e0b\u0e19\u0e4c\u0e25\u0e32\u0e22\u0e01\u0e23\u0e32\u0e1f\u0e1f\u0e34\u0e04\u0e2a\u0e27\u0e22\u0e07\u0e32\u0e21 \u0e14\u0e49\u0e32\u0e19\u0e1a\u0e19\u0e21\u0e35\u0e41\u0e1c\u0e48\u0e19\u0e42\u0e1f\u0e21\u0e23\u0e2d\u0e07\u0e19\u0e31\u0e48\u0e07<\/LI>\r\t<LI>\u0e21\u0e35\u0e2a\u0e41\u0e19\u0e23\u0e4c\u0e15\u0e34\u0e14\u0e15\u0e31\u0e49\u0e07 \u0e15\u0e23\u0e27\u0e08\u0e2a\u0e2d\u0e1a\u0e04\u0e38\u0e13\u0e20\u0e32\u0e1e\u0e40\u0e2a\u0e35\u0e22\u0e07\u0e17\u0e38\u0e01\u0e15\u0e31\u0e27<\/LI>\r\t<LI>\u0e02\u0e19\u0e32\u0e14: 29 x 30 x 48 \u0e0b\u0e21.<\/LI>\r\t<LI>\u0e19\u0e49\u0e33\u0e2b\u0e19\u0e31\u0e01 : 5.7 \u0e01\u0e01.<\/LI>\r\t<LI>\u0e41\u0e16\u0e21\u0e1f\u0e23\u0e35\u0e01\u0e23\u0e30\u0e40\u0e1b\u0e4b\u0e32\u0e43\u0e2a\u0e48\u0e16\u0e37\u0e2d\u0e41\u0e25\u0e30\u0e2a\u0e30\u0e1e\u0e32\u0e22 \u0e21\u0e39\u0e25\u0e04\u0e48\u0e32 400 \u0e1a. \u0e02\u0e2d\u0e07\u0e41\u0e17\u0e49\u0e08\u0e32\u0e01\u0e1c\u0e39\u0e49\u0e1c\u0e25\u0e34\u0e15<\/LI>\r<\/UL>","post_status":"publish","post_title":"Echoslap GFX Cajon \u0e04\u0e32\u0e2e\u0e2d\u0e07 \u0e41\u0e1a\u0e1a\u0e2a\u0e32\u0e22\u0e2a\u0e41\u0e19\u0e23\u0e4c \u0e25\u0e32\u0e22\u0e01\u0e23\u0e32\u0e1f\u0e1f\u0e34\u0e04  + \u0e41\u0e16\u0e21\u0e1f\u0e23\u0e35\u0e01\u0e23\u0e30\u0e40\u0e1b\u0e4b\u0e32\u0e04\u0e32\u0e2e\u0e2d\u0e07","post_parent":"","post_type":"product","post_name":"Echoslap-GFX-CD"}
2020-08-04T08:13:38+00:00 pid: 11772, query commit, file: SAIMWordPressProductInsert.php
2020-08-04T15:16:48+07:00 pid: 14517, has web product json: {"sku":"Echoslap-GFX-CD"}
2020-08-04T15:16:48+07:00 pid: 12532, has web product json: {"sku":"Echoslap-GFX-CD"}
2020-08-04T15:16:48+07:00 pid: 12532, query success, sql: SELECT product.ID FROM ralamusi_2020.`wp_posts` as product LEFT JOIN ralamusi_2020.wp_postmeta as product_sku ON product.ID = product_sku.post_ID WHERE product_sku.meta_key = '_sku' and product_sku.meta_value = 'Echoslap-GFX-CD', modified user: 
2020-08-04T15:16:48+07:00 pid: 14517, query success, sql: SELECT product.ID FROM ralamusi_2020.`wp_posts` as product LEFT JOIN ralamusi_2020.wp_postmeta as product_sku ON product.ID = product_sku.post_ID WHERE product_sku.meta_key = '_sku' and product_sku.meta_value = 'Echoslap-GFX-CD', modified user: 
2020-08-04T15:16:49+07:00 pid: 14267, has web product json: {"sku":"Echoslap-GFX-LEO"}
2020-08-04T15:16:49+07:00 pid: 14555, has web product json: {"sku":"Echoslap-GFX-LEO"}
2020-08-04T15:16:49+07:00 pid: 14267, query: selected row count = 0, sql: SELECT product.ID FROM ralamusi_2020.`wp_posts` as product LEFT JOIN ralamusi_2020.wp_postmeta as product_sku ON product.ID = product_sku.post_ID WHERE product_sku.meta_key = '_sku' and product_sku.meta_value = 'Echoslap-GFX-LEO', modified user: 
2020-08-04T15:16:49+07:00 pid: 14555, query: selected row count = 0, sql: SELECT product.ID FROM ralamusi_2020.`wp_posts` as product LEFT JOIN ralamusi_2020.wp_postmeta as product_sku ON product.ID = product_sku.post_ID WHERE product_sku.meta_key = '_sku' and product_sku.meta_value = 'Echoslap-GFX-LEO', modified user: 
2020-08-04T15:16:49+07:00 pid: 12532, has web product json: {"sku":"Echoslap-GFX-LET"}
2020-08-04T15:16:49+07:00 pid: 14505, has web product json: {"sku":"Echoslap-GFX-LET"}
2020-08-04T15:16:49+07:00 pid: 12532, query success, sql: SELECT product.ID FROM ralamusi_2020.`wp_posts` as product LEFT JOIN ralamusi_2020.wp_postmeta as product_sku ON product.ID = product_sku.post_ID WHERE product_sku.meta_key = '_sku' and product_sku.meta_value = 'Echoslap-GFX-LET', modified user: 
2020-08-04T15:16:49+07:00 pid: 14505, query success, sql: SELECT product.ID FROM ralamusi_2020.`wp_posts` as product LEFT JOIN ralamusi_2020.wp_postmeta as product_sku ON product.ID = product_sku.post_ID WHERE product_sku.meta_key = '_sku' and product_sku.meta_value = 'Echoslap-GFX-LET', modified user: 
2020-08-04T15:16:49+07:00 pid: 14499, has web product json: {"sku":"Echoslap-GFX-LOVE"}
2020-08-04T15:16:49+07:00 pid: 14165, has web product json: {"sku":"Echoslap-GFX-LOVE"}
2020-08-04T15:16:49+07:00 pid: 14165, query success, sql: SELECT product.ID FROM ralamusi_2020.`wp_posts` as product LEFT JOIN ralamusi_2020.wp_postmeta as product_sku ON product.ID = product_sku.post_ID WHERE product_sku.meta_key = '_sku' and product_sku.meta_value = 'Echoslap-GFX-LOVE', modified user: 
2020-08-04T15:16:49+07:00 pid: 14499, query success, sql: SELECT product.ID FROM ralamusi_2020.`wp_posts` as product LEFT JOIN ralamusi_2020.wp_postmeta as product_sku ON product.ID = product_sku.post_ID WHERE product_sku.meta_key = '_sku' and product_sku.meta_value = 'Echoslap-GFX-LOVE', modified user: 
2020-08-04T15:16:49+07:00 pid: 13870, has web product json: {"sku":"Echoslap-GFX-SHIP"}
2020-08-04T15:16:49+07:00 pid: 14527, has web product json: {"sku":"Echoslap-GFX-SHIP"}
2020-08-04T15:16:49+07:00 pid: 14527, query success, sql: SELECT product.ID FROM ralamusi_2020.`wp_posts` as product LEFT JOIN ralamusi_2020.wp_postmeta as product_sku ON product.ID = product_sku.post_ID WHERE product_sku.meta_key = '_sku' and product_sku.meta_value = 'Echoslap-GFX-SHIP', modified user: 
2020-08-04T15:16:49+07:00 pid: 13870, query success, sql: SELECT product.ID FROM ralamusi_2020.`wp_posts` as product LEFT JOIN ralamusi_2020.wp_postmeta as product_sku ON product.ID = product_sku.post_ID WHERE product_sku.meta_key = '_sku' and product_sku.meta_value = 'Echoslap-GFX-SHIP', modified user: 
2020-08-04T15:16:50+07:00 pid: 14527, has web product json: {"sku":"Echoslap-VC201-UK"}
2020-08-04T15:16:50+07:00 pid: 13870, has web product json: {"sku":"Echoslap-VC201-UK"}
2020-08-04T15:16:50+07:00 pid: 13870, query: selected row count = 0, sql: SELECT product.ID FROM ralamusi_2020.`wp_posts` as product LEFT JOIN ralamusi_2020.wp_postmeta as product_sku ON product.ID = product_sku.post_ID WHERE product_sku.meta_key = '_sku' and product_sku.meta_value = 'Echoslap-VC201-UK', modified user: 
2020-08-04T15:16:50+07:00 pid: 14527, query: selected row count = 0, sql: SELECT product.ID FROM ralamusi_2020.`wp_posts` as product LEFT JOIN ralamusi_2020.wp_postmeta as product_sku ON product.ID = product_sku.post_ID WHERE product_sku.meta_key = '_sku' and product_sku.meta_value = 'Echoslap-VC201-UK', modified user: 
2020-08-04T15:16:50+07:00 pid: 13313, has web product json: {"sku":"Echoslap-VC201-MEX"}
2020-08-04T15:16:50+07:00 pid: 13870, has web product json: {"sku":"Echoslap-VC201-MEX"}
2020-08-04T15:16:50+07:00 pid: 13313, query success, sql: SELECT product.ID FROM ralamusi_2020.`wp_posts` as product LEFT JOIN ralamusi_2020.wp_postmeta as product_sku ON product.ID = product_sku.post_ID WHERE product_sku.meta_key = '_sku' and product_sku.meta_value = 'Echoslap-VC201-MEX', modified user: 
2020-08-04T15:16:50+07:00 pid: 13870, query success, sql: SELECT product.ID FROM ralamusi_2020.`wp_posts` as product LEFT JOIN ralamusi_2020.wp_postmeta as product_sku ON product.ID = product_sku.post_ID WHERE product_sku.meta_key = '_sku' and product_sku.meta_value = 'Echoslap-VC201-MEX', modified user: 
2020-08-04T15:16:50+07:00 pid: 12532, has web product json: {"sku":"Fender-Zuma-Concert-Ukulele-Natural-S1"}
2020-08-04T15:16:50+07:00 pid: 14165, has web product json: {"sku":"Fender-Zuma-Concert-Ukulele-Natural-S1"}
2020-08-04T15:16:50+07:00 pid: 12532, query success, sql: SELECT product.ID FROM ralamusi_2020.`wp_posts` as product LEFT JOIN ralamusi_2020.wp_postmeta as product_sku ON product.ID = product_sku.post_ID WHERE product_sku.meta_key = '_sku' and product_sku.meta_value = 'Fender-Zuma-Concert-Ukulele-Natural-S1', modified user: 
2020-08-04T15:16:50+07:00 pid: 14165, query success, sql: SELECT product.ID FROM ralamusi_2020.`wp_posts` as product LEFT JOIN ralamusi_2020.wp_postmeta as product_sku ON product.ID = product_sku.post_ID WHERE product_sku.meta_key = '_sku' and product_sku.meta_value = 'Fender-Zuma-Concert-Ukulele-Natural-S1', modified user: 
2020-08-04T15:16:50+07:00 pid: 14153, has web product json: {"sku":"Musedo-MC-1-GD"}
2020-08-04T15:16:50+07:00 pid: 14153, query: selected row count = 0, sql: SELECT product.ID FROM ralamusi_2020.`wp_posts` as product LEFT JOIN ralamusi_2020.wp_postmeta as product_sku ON product.ID = product_sku.post_ID WHERE product_sku.meta_key = '_sku' and product_sku.meta_value = 'Musedo-MC-1-GD', modified user: 
2020-08-04T15:16:50+07:00 pid: 14527, has web product json: {"sku":"Musedo-MC-1-GD"}
2020-08-04T15:16:50+07:00 pid: 14527, query: selected row count = 0, sql: SELECT product.ID FROM ralamusi_2020.`wp_posts` as product LEFT JOIN ralamusi_2020.wp_postmeta as product_sku ON product.ID = product_sku.post_ID WHERE product_sku.meta_key = '_sku' and product_sku.meta_value = 'Musedo-MC-1-GD', modified user: 
2020-08-04T15:16:51+07:00 pid: 13833, has web product json: {"sku":"Martin-MA535T"}
2020-08-04T15:16:51+07:00 pid: 13833, query success, sql: SELECT product.ID FROM ralamusi_2020.`wp_posts` as product LEFT JOIN ralamusi_2020.wp_postmeta as product_sku ON product.ID = product_sku.post_ID WHERE product_sku.meta_key = '_sku' and product_sku.meta_value = 'Martin-MA535T', modified user: 
2020-08-04T15:16:51+07:00 pid: 13832, has web product json: {"sku":"Martin-MA535T"}
2020-08-04T15:16:51+07:00 pid: 13832, query success, sql: SELECT product.ID FROM ralamusi_2020.`wp_posts` as product LEFT JOIN ralamusi_2020.wp_postmeta as product_sku ON product.ID = product_sku.post_ID WHERE product_sku.meta_key = '_sku' and product_sku.meta_value = 'Martin-MA535T', modified user: 
2020-08-04T15:16:51+07:00 pid: 14153, has web product json: {"sku":"Yamaha-A1M-NT"}
2020-08-04T15:16:51+07:00 pid: 14153, query: selected row count = 0, sql: SELECT product.ID FROM ralamusi_2020.`wp_posts` as product LEFT JOIN ralamusi_2020.wp_postmeta as product_sku ON product.ID = product_sku.post_ID WHERE product_sku.meta_key = '_sku' and product_sku.meta_value = 'Yamaha-A1M-NT', modified user: 
2020-08-04T15:16:51+07:00 pid: 14165, has web product json: {"sku":"Yamaha-A1M-SB"}
2020-08-04T15:16:51+07:00 pid: 14165, query: selected row count = 0, sql: SELECT product.ID FROM ralamusi_2020.`wp_posts` as product LEFT JOIN ralamusi_2020.wp_postmeta as product_sku ON product.ID = product_sku.post_ID WHERE product_sku.meta_key = '_sku' and product_sku.meta_value = 'Yamaha-A1M-SB', modified user: 
2020-08-04T15:21:53+07:00 pid: 14549, has web product json: {"sku":"Yamaha-A1M-SB"}
2020-08-04T15:21:53+07:00 pid: 18935, has web product json: {"sku":"Yamaha-A1M-SB"}
2020-08-04T15:21:53+07:00 pid: 14549, query: selected row count = 0, sql: SELECT product.ID FROM ralamusi_2020.`wp_posts` as product LEFT JOIN ralamusi_2020.wp_postmeta as product_sku ON product.ID = product_sku.post_ID WHERE product_sku.meta_key = '_sku' and product_sku.meta_value = 'Yamaha-A1M-SB', modified user: 
2020-08-04T15:21:53+07:00 pid: 18935, query: selected row count = 0, sql: SELECT product.ID FROM ralamusi_2020.`wp_posts` as product LEFT JOIN ralamusi_2020.wp_postmeta as product_sku ON product.ID = product_sku.post_ID WHERE product_sku.meta_key = '_sku' and product_sku.meta_value = 'Yamaha-A1M-SB', modified user: 
2020-08-04T15:21:53+07:00 pid: 18935, has web product json: {"sku":"Yamaha-A1M-NT"}
2020-08-04T15:21:53+07:00 pid: 18970, has web product json: {"sku":"Yamaha-A1M-NT"}
2020-08-04T15:21:53+07:00 pid: 18935, query: selected row count = 0, sql: SELECT product.ID FROM ralamusi_2020.`wp_posts` as product LEFT JOIN ralamusi_2020.wp_postmeta as product_sku ON product.ID = product_sku.post_ID WHERE product_sku.meta_key = '_sku' and product_sku.meta_value = 'Yamaha-A1M-NT', modified user: 
2020-08-04T15:21:53+07:00 pid: 18970, query: selected row count = 0, sql: SELECT product.ID FROM ralamusi_2020.`wp_posts` as product LEFT JOIN ralamusi_2020.wp_postmeta as product_sku ON product.ID = product_sku.post_ID WHERE product_sku.meta_key = '_sku' and product_sku.meta_value = 'Yamaha-A1M-NT', modified user: 
2020-08-04T15:21:54+07:00 pid: 18970, has web product json: {"sku":"Musedo-MC-1-GD"}
2020-08-04T15:21:54+07:00 pid: 18935, has web product json: {"sku":"Musedo-MC-1-GD"}
2020-08-04T15:21:54+07:00 pid: 18970, query: selected row count = 0, sql: SELECT product.ID FROM ralamusi_2020.`wp_posts` as product LEFT JOIN ralamusi_2020.wp_postmeta as product_sku ON product.ID = product_sku.post_ID WHERE product_sku.meta_key = '_sku' and product_sku.meta_value = 'Musedo-MC-1-GD', modified user: 
2020-08-04T15:21:54+07:00 pid: 18935, query: selected row count = 0, sql: SELECT product.ID FROM ralamusi_2020.`wp_posts` as product LEFT JOIN ralamusi_2020.wp_postmeta as product_sku ON product.ID = product_sku.post_ID WHERE product_sku.meta_key = '_sku' and product_sku.meta_value = 'Musedo-MC-1-GD', modified user: 
2020-08-04T15:21:54+07:00 pid: 18970, has web product json: {"sku":"Martin-MA535T"}
2020-08-04T15:21:54+07:00 pid: 16233, has web product json: {"sku":"Martin-MA535T"}
2020-08-04T15:21:54+07:00 pid: 18970, query success, sql: SELECT product.ID FROM ralamusi_2020.`wp_posts` as product LEFT JOIN ralamusi_2020.wp_postmeta as product_sku ON product.ID = product_sku.post_ID WHERE product_sku.meta_key = '_sku' and product_sku.meta_value = 'Martin-MA535T', modified user: 
2020-08-04T15:21:54+07:00 pid: 16233, query success, sql: SELECT product.ID FROM ralamusi_2020.`wp_posts` as product LEFT JOIN ralamusi_2020.wp_postmeta as product_sku ON product.ID = product_sku.post_ID WHERE product_sku.meta_key = '_sku' and product_sku.meta_value = 'Martin-MA535T', modified user: 
2020-08-04T15:21:54+07:00 pid: 14827, has web product json: {"sku":"Ernie-Ball-Ernesto-Palla-P02403"}
2020-08-04T15:21:54+07:00 pid: 18406, has web product json: {"sku":"Ernie-Ball-Ernesto-Palla-P02403"}
2020-08-04T15:21:54+07:00 pid: 18406, query: selected row count = 0, sql: SELECT product.ID FROM ralamusi_2020.`wp_posts` as product LEFT JOIN ralamusi_2020.wp_postmeta as product_sku ON product.ID = product_sku.post_ID WHERE product_sku.meta_key = '_sku' and product_sku.meta_value = 'Ernie-Ball-Ernesto-Palla-P02403', modified user: 
2020-08-04T15:21:54+07:00 pid: 14827, query: selected row count = 0, sql: SELECT product.ID FROM ralamusi_2020.`wp_posts` as product LEFT JOIN ralamusi_2020.wp_postmeta as product_sku ON product.ID = product_sku.post_ID WHERE product_sku.meta_key = '_sku' and product_sku.meta_value = 'Ernie-Ball-Ernesto-Palla-P02403', modified user: 
2020-08-04T15:21:54+07:00 pid: 13699, has web product json: {"sku":"Carlsbro-DD032B"}
2020-08-04T15:21:54+07:00 pid: 14745, has web product json: {"sku":"Carlsbro-DD032B"}
2020-08-04T15:21:54+07:00 pid: 13699, query: selected row count = 0, sql: SELECT product.ID FROM ralamusi_2020.`wp_posts` as product LEFT JOIN ralamusi_2020.wp_postmeta as product_sku ON product.ID = product_sku.post_ID WHERE product_sku.meta_key = '_sku' and product_sku.meta_value = 'Carlsbro-DD032B', modified user: 
2020-08-04T15:21:54+07:00 pid: 14745, query: selected row count = 0, sql: SELECT product.ID FROM ralamusi_2020.`wp_posts` as product LEFT JOIN ralamusi_2020.wp_postmeta as product_sku ON product.ID = product_sku.post_ID WHERE product_sku.meta_key = '_sku' and product_sku.meta_value = 'Carlsbro-DD032B', modified user: 
2020-08-04T15:21:55+07:00 pid: 18923, has web product json: {"sku":"Sqoe-SELP100BL"}
2020-08-04T15:21:55+07:00 pid: 18923, query: selected row count = 0, sql: SELECT product.ID FROM ralamusi_2020.`wp_posts` as product LEFT JOIN ralamusi_2020.wp_postmeta as product_sku ON product.ID = product_sku.post_ID WHERE product_sku.meta_key = '_sku' and product_sku.meta_value = 'Sqoe-SELP100BL', modified user: 
2020-08-04T15:21:55+07:00 pid: 14549, has web product json: {"sku":"Sqoe-SELP100BL"}
2020-08-04T15:21:55+07:00 pid: 14549, query: selected row count = 0, sql: SELECT product.ID FROM ralamusi_2020.`wp_posts` as product LEFT JOIN ralamusi_2020.wp_postmeta as product_sku ON product.ID = product_sku.post_ID WHERE product_sku.meta_key = '_sku' and product_sku.meta_value = 'Sqoe-SELP100BL', modified user: 
2020-08-04T15:21:55+07:00 pid: 16233, has web product json: {"sku":"Amppro-AP15RD"}
2020-08-04T15:21:55+07:00 pid: 18406, has web product json: {"sku":"Amppro-AP15RD"}
2020-08-04T15:21:55+07:00 pid: 16233, query: selected row count = 0, sql: SELECT product.ID FROM ralamusi_2020.`wp_posts` as product LEFT JOIN ralamusi_2020.wp_postmeta as product_sku ON product.ID = product_sku.post_ID WHERE product_sku.meta_key = '_sku' and product_sku.meta_value = 'Amppro-AP15RD', modified user: 
2020-08-04T15:21:55+07:00 pid: 18406, query: selected row count = 0, sql: SELECT product.ID FROM ralamusi_2020.`wp_posts` as product LEFT JOIN ralamusi_2020.wp_postmeta as product_sku ON product.ID = product_sku.post_ID WHERE product_sku.meta_key = '_sku' and product_sku.meta_value = 'Amppro-AP15RD', modified user: 
2020-08-04T15:21:55+07:00 pid: 18845, has web product json: {"sku":"Fender-Strap-Black-Poly-Lightning"}
2020-08-04T15:21:55+07:00 pid: 18406, has web product json: {"sku":"Fender-Strap-Black-Poly-Lightning"}
2020-08-04T15:21:55+07:00 pid: 18845, query: selected row count = 0, sql: SELECT product.ID FROM ralamusi_2020.`wp_posts` as product LEFT JOIN ralamusi_2020.wp_postmeta as product_sku ON product.ID = product_sku.post_ID WHERE product_sku.meta_key = '_sku' and product_sku.meta_value = 'Fender-Strap-Black-Poly-Lightning', modified user: 
2020-08-04T15:21:55+07:00 pid: 18406, query: selected row count = 0, sql: SELECT product.ID FROM ralamusi_2020.`wp_posts` as product LEFT JOIN ralamusi_2020.wp_postmeta as product_sku ON product.ID = product_sku.post_ID WHERE product_sku.meta_key = '_sku' and product_sku.meta_value = 'Fender-Strap-Black-Poly-Lightning', modified user: 
2020-08-04T15:21:55+07:00 pid: 19213, has web product json: {"sku":"Midiplus-AKM320"}
2020-08-04T15:21:55+07:00 pid: 18899, has web product json: {"sku":"Midiplus-AKM320"}
2020-08-04T15:21:55+07:00 pid: 19213, query: selected row count = 0, sql: SELECT product.ID FROM ralamusi_2020.`wp_posts` as product LEFT JOIN ralamusi_2020.wp_postmeta as product_sku ON product.ID = product_sku.post_ID WHERE product_sku.meta_key = '_sku' and product_sku.meta_value = 'Midiplus-AKM320', modified user: 
2020-08-04T15:21:56+07:00 pid: 18899, query: selected row count = 0, sql: SELECT product.ID FROM ralamusi_2020.`wp_posts` as product LEFT JOIN ralamusi_2020.wp_postmeta as product_sku ON product.ID = product_sku.post_ID WHERE product_sku.meta_key = '_sku' and product_sku.meta_value = 'Midiplus-AKM320', modified user: 
2020-08-04T15:22:10+07:00 pid: 19410, has web product json: {"sku":"On-Stage-KSA7500"}
2020-08-04T15:22:10+07:00 pid: 19410, query: selected row count = 0, sql: SELECT product.ID FROM ralamusi_2020.`wp_posts` as product LEFT JOIN ralamusi_2020.wp_postmeta as product_sku ON product.ID = product_sku.post_ID WHERE product_sku.meta_key = '_sku' and product_sku.meta_value = 'On-Stage-KSA7500', modified user: 
2020-08-04T15:22:10+07:00 pid: 26779, has web product json: {"sku":"On-Stage-KS7365EJ"}
2020-08-04T15:22:10+07:00 pid: 26779, query success, sql: SELECT product.ID FROM ralamusi_2020.`wp_posts` as product LEFT JOIN ralamusi_2020.wp_postmeta as product_sku ON product.ID = product_sku.post_ID WHERE product_sku.meta_key = '_sku' and product_sku.meta_value = 'On-Stage-KS7365EJ', modified user: 
2020-08-04T15:22:10+07:00 pid: 15786, has web product json: {"sku":"Yamaha-Stage-Custom-Snare-HAB"}
2020-08-04T15:22:10+07:00 pid: 15786, query: selected row count = 0, sql: SELECT product.ID FROM ralamusi_2020.`wp_posts` as product LEFT JOIN ralamusi_2020.wp_postmeta as product_sku ON product.ID = product_sku.post_ID WHERE product_sku.meta_key = '_sku' and product_sku.meta_value = 'Yamaha-Stage-Custom-Snare-HAB', modified user: 
2020-08-04T15:22:11+07:00 pid: 19252, has web product json: {"sku":"AKAI-Fire-Midi-Controller"}
2020-08-04T15:22:11+07:00 pid: 19252, query: selected row count = 0, sql: SELECT product.ID FROM ralamusi_2020.`wp_posts` as product LEFT JOIN ralamusi_2020.wp_postmeta as product_sku ON product.ID = product_sku.post_ID WHERE product_sku.meta_key = '_sku' and product_sku.meta_value = 'AKAI-Fire-Midi-Controller', modified user: 
2020-08-04T15:22:12+07:00 pid: 13699, has web product json: {"sku":"Adonis-GW-305BK"}
2020-08-04T15:22:12+07:00 pid: 13699, query: selected row count = 0, sql: SELECT product.ID FROM ralamusi_2020.`wp_posts` as product LEFT JOIN ralamusi_2020.wp_postmeta as product_sku ON product.ID = product_sku.post_ID WHERE product_sku.meta_key = '_sku' and product_sku.meta_value = 'Adonis-GW-305BK', modified user: 
2020-08-04T15:22:12+07:00 pid: 16421, has web product json: {"sku":"Adonis-GW-305C-BK"}
2020-08-04T15:22:12+07:00 pid: 16421, query: selected row count = 0, sql: SELECT product.ID FROM ralamusi_2020.`wp_posts` as product LEFT JOIN ralamusi_2020.wp_postmeta as product_sku ON product.ID = product_sku.post_ID WHERE product_sku.meta_key = '_sku' and product_sku.meta_value = 'Adonis-GW-305C-BK', modified user: 
2020-08-04T15:22:13+07:00 pid: 19395, has web product json: {"sku":"Adonis-GW-305N"}
2020-08-04T15:22:13+07:00 pid: 19395, query: selected row count = 0, sql: SELECT product.ID FROM ralamusi_2020.`wp_posts` as product LEFT JOIN ralamusi_2020.wp_postmeta as product_sku ON product.ID = product_sku.post_ID WHERE product_sku.meta_key = '_sku' and product_sku.meta_value = 'Adonis-GW-305N', modified user: 
2020-08-04T15:22:13+07:00 pid: 19310, has web product json: {"sku":"Adonis-HS-360BK"}
2020-08-04T15:22:13+07:00 pid: 19310, query: selected row count = 0, sql: SELECT product.ID FROM ralamusi_2020.`wp_posts` as product LEFT JOIN ralamusi_2020.wp_postmeta as product_sku ON product.ID = product_sku.post_ID WHERE product_sku.meta_key = '_sku' and product_sku.meta_value = 'Adonis-HS-360BK', modified user: 
2020-08-04T15:22:14+07:00 pid: 18588, has web product json: {"sku":"Adonis-HS520-TBLS"}
2020-08-04T15:22:14+07:00 pid: 18588, query: selected row count = 0, sql: SELECT product.ID FROM ralamusi_2020.`wp_posts` as product LEFT JOIN ralamusi_2020.wp_postmeta as product_sku ON product.ID = product_sku.post_ID WHERE product_sku.meta_key = '_sku' and product_sku.meta_value = 'Adonis-HS520-TBLS', modified user: 
2020-08-04T15:22:14+07:00 pid: 18406, has web product json: {"sku":"Alctron-CU28"}
2020-08-04T15:22:14+07:00 pid: 18406, query: selected row count = 0, sql: SELECT product.ID FROM ralamusi_2020.`wp_posts` as product LEFT JOIN ralamusi_2020.wp_postmeta as product_sku ON product.ID = product_sku.post_ID WHERE product_sku.meta_key = '_sku' and product_sku.meta_value = 'Alctron-CU28', modified user: 
2020-08-04T15:22:18+07:00 pid: 16396, has web product json: {"sku":"On-Stage-KSA7500"}
2020-08-04T15:22:18+07:00 pid: 16396, query: selected row count = 0, sql: SELECT product.ID FROM ralamusi_2020.`wp_posts` as product LEFT JOIN ralamusi_2020.wp_postmeta as product_sku ON product.ID = product_sku.post_ID WHERE product_sku.meta_key = '_sku' and product_sku.meta_value = 'On-Stage-KSA7500', modified user: 
2020-08-04T08:22:24+00:00 pid: 18574, file: SAIMWordPressProductInsert.php, user: 
2020-08-04T08:22:24+00:00 pid: 18574, post json: {"lazadaProduct":{"PrimaryCategory":7525,"name":"On Stage® KSA7500 ขาตั้งคีย์บอร์ด แบบเสริมชั้น 2 \/ ชั้น 3 ใช้งานคู่กับขาตั้งตัว X (Universal 2nd Tier for X-Style Keyboard Stands)","name_en":"On Stage® KSA7500 Universal 2nd Tier for X-Style Keyboard Stands","short_description":"<UL>\r\t<LI>ขาเสริมขาตั้งคีย์บอร์ดแบบกาง X สำหรับต่อวางเป็นชั้น 2 , ชั้น 3 ได้<\/LI>\r\t<LI>สามารถใช้กับขาตั้งคีย์บอร์ดกางตัว X ทั้งแบบขาเดียวและขาคู่ได้ เข้าได้กับขาตั้งทุกยี่ห้อ<\/LI>\r\t<LI>ที่หัวฐานรองคีย์บอร์ดมีหัวก๊อกป้องกันคีย์บอร์ดหล่นจากขารอง<\/LI>\r<\/UL>","short_description_en":null,"video":"https:\/\/youtu.be\/uNIX2nuV9eU","brand":"On Stage Stand","SellerSku":"On-Stage-KSA7500","quantity":1,"price":1240,"special_price":990,"package_weight":"0.2","package_length":"30.00","package_width":"30.00","package_height":"80.00","MainImage":"https:\/\/th-live.slatic.net\/p\/ee54ba3a59289f0713fc3e58eb64e320.jpg","Image2":"https:\/\/th-live.slatic.net\/p\/e1655fb08c39d3cd6b45c5a3b791cd8e.jpg","Image3":"https:\/\/th-live.slatic.net\/p\/df32344599991b1066662235f7ba0468.jpg","Image4":"https:\/\/th-live.slatic.net\/p\/70abb8846fd563249a4d3f2cbf755005.jpg","Image5":"https:\/\/th-live.slatic.net\/p\/cfc4b47b45cf0210238130553f6941c4.jpg","Image6":"https:\/\/th-live.slatic.net\/p\/d36a20a015e85a2fb42cd027260d423a.jpg","Image7":"https:\/\/th-live.slatic.net\/p\/b3ea84b071d6a8ad55f9841f0f6318f8.jpg","Image8":""},"product":[{"ProductID":"5450","Name":"On Stage® KSA7500 ขาตั้งคีย์บอร์ด แบบเสริมชั้น 2 \/ ชั้น 3 ใช้งานคู่กับขาตั้งตัว X (Universal 2nd Tier for X-Style Keyboard Stands)","Description":"","ShortDescriptionEn":"","PrimaryCategory":"7525","Brand":"On Stage Stand","Sku":"On-Stage-KSA7500","Quantity":"1","SpecialPrice":"990","Price":"1240","Cost":"0","Remark":"","Video":"","MainImage":"https:\/\/th-live.slatic.net\/p\/ee54ba3a59289f0713fc3e58eb64e320.jpg","Image2":"https:\/\/th-live.slatic.net\/p\/e1655fb08c39d3cd6b45c5a3b791cd8e.jpg","Image3":"https:\/\/th-live.slatic.net\/p\/df32344599991b1066662235f7ba0468.jpg","Image4":"https:\/\/th-live.slatic.net\/p\/70abb8846fd563249a4d3f2cbf755005.jpg","Image5":"https:\/\/th-live.slatic.net\/p\/cfc4b47b45cf0210238130553f6941c4.jpg","Image6":"https:\/\/th-live.slatic.net\/p\/d36a20a015e85a2fb42cd027260d423a.jpg","Image7":"https:\/\/th-live.slatic.net\/p\/b3ea84b071d6a8ad55f9841f0f6318f8.jpg","Image8":"","PackageWeight":"0","PackageWidth":"0","PackageHeight":"0","PackageLength":"0","Status":"Active","ModifiedUser":"bot","ModifiedDate":"2020-08-03 14:33:33"}]}
2020-08-04T08:22:24+00:00 pid: 18574, set auto commit to off
2020-08-04T08:22:24+00:00 pid: 18574, wordpress post:{"post_author":253,"post_content":"<UL>\r\t<LI>\u0e02\u0e32\u0e40\u0e2a\u0e23\u0e34\u0e21\u0e02\u0e32\u0e15\u0e31\u0e49\u0e07\u0e04\u0e35\u0e22\u0e4c\u0e1a\u0e2d\u0e23\u0e4c\u0e14\u0e41\u0e1a\u0e1a\u0e01\u0e32\u0e07 X \u0e2a\u0e33\u0e2b\u0e23\u0e31\u0e1a\u0e15\u0e48\u0e2d\u0e27\u0e32\u0e07\u0e40\u0e1b\u0e47\u0e19\u0e0a\u0e31\u0e49\u0e19 2 , \u0e0a\u0e31\u0e49\u0e19 3 \u0e44\u0e14\u0e49<\/LI>\r\t<LI>\u0e2a\u0e32\u0e21\u0e32\u0e23\u0e16\u0e43\u0e0a\u0e49\u0e01\u0e31\u0e1a\u0e02\u0e32\u0e15\u0e31\u0e49\u0e07\u0e04\u0e35\u0e22\u0e4c\u0e1a\u0e2d\u0e23\u0e4c\u0e14\u0e01\u0e32\u0e07\u0e15\u0e31\u0e27 X \u0e17\u0e31\u0e49\u0e07\u0e41\u0e1a\u0e1a\u0e02\u0e32\u0e40\u0e14\u0e35\u0e22\u0e27\u0e41\u0e25\u0e30\u0e02\u0e32\u0e04\u0e39\u0e48\u0e44\u0e14\u0e49 \u0e40\u0e02\u0e49\u0e32\u0e44\u0e14\u0e49\u0e01\u0e31\u0e1a\u0e02\u0e32\u0e15\u0e31\u0e49\u0e07\u0e17\u0e38\u0e01\u0e22\u0e35\u0e48\u0e2b\u0e49\u0e2d<\/LI>\r\t<LI>\u0e17\u0e35\u0e48\u0e2b\u0e31\u0e27\u0e10\u0e32\u0e19\u0e23\u0e2d\u0e07\u0e04\u0e35\u0e22\u0e4c\u0e1a\u0e2d\u0e23\u0e4c\u0e14\u0e21\u0e35\u0e2b\u0e31\u0e27\u0e01\u0e4a\u0e2d\u0e01\u0e1b\u0e49\u0e2d\u0e07\u0e01\u0e31\u0e19\u0e04\u0e35\u0e22\u0e4c\u0e1a\u0e2d\u0e23\u0e4c\u0e14\u0e2b\u0e25\u0e48\u0e19\u0e08\u0e32\u0e01\u0e02\u0e32\u0e23\u0e2d\u0e07<\/LI>\r<\/UL>","post_status":"publish","post_title":"On Stage\u00ae KSA7500 \u0e02\u0e32\u0e15\u0e31\u0e49\u0e07\u0e04\u0e35\u0e22\u0e4c\u0e1a\u0e2d\u0e23\u0e4c\u0e14 \u0e41\u0e1a\u0e1a\u0e40\u0e2a\u0e23\u0e34\u0e21\u0e0a\u0e31\u0e49\u0e19 2 \/ \u0e0a\u0e31\u0e49\u0e19 3 \u0e43\u0e0a\u0e49\u0e07\u0e32\u0e19\u0e04\u0e39\u0e48\u0e01\u0e31\u0e1a\u0e02\u0e32\u0e15\u0e31\u0e49\u0e07\u0e15\u0e31\u0e27 X (Universal 2nd Tier for X-Style Keyboard Stands)","post_parent":"","post_type":"product","post_name":"On-Stage-KSA7500"}
2020-08-04T08:22:51+00:00 pid: 18574, query commit, file: SAIMWordPressProductInsert.php
2020-08-04T15:26:38+07:00 pid: 21763, has web product json: {"sku":"Epiphone-SG-Standard-Alpine-White"}
2020-08-04T15:26:38+07:00 pid: 21763, query: selected row count = 0, sql: SELECT product.ID FROM ralamusi_2020.`wp_posts` as product LEFT JOIN ralamusi_2020.wp_postmeta as product_sku ON product.ID = product_sku.post_ID WHERE product_sku.meta_key = '_sku' and product_sku.meta_value = 'Epiphone-SG-Standard-Alpine-White', modified user: 
2020-08-04T15:26:38+07:00 pid: 21679, has web product json: {"sku":"Epiphone-SG-Standard-Cherry"}
2020-08-04T15:26:38+07:00 pid: 21679, query: selected row count = 0, sql: SELECT product.ID FROM ralamusi_2020.`wp_posts` as product LEFT JOIN ralamusi_2020.wp_postmeta as product_sku ON product.ID = product_sku.post_ID WHERE product_sku.meta_key = '_sku' and product_sku.meta_value = 'Epiphone-SG-Standard-Cherry', modified user: 
2020-08-04T15:26:38+07:00 pid: 21684, has web product json: {"sku":"Epiphone-SG-Standard-Ebony"}
2020-08-04T15:26:38+07:00 pid: 21684, query: selected row count = 0, sql: SELECT product.ID FROM ralamusi_2020.`wp_posts` as product LEFT JOIN ralamusi_2020.wp_postmeta as product_sku ON product.ID = product_sku.post_ID WHERE product_sku.meta_key = '_sku' and product_sku.meta_value = 'Epiphone-SG-Standard-Ebony', modified user: 
2020-08-04T15:26:38+07:00 pid: 19839, has web product json: {"sku":"8-Box-Standard-Black-Mini"}
2020-08-04T15:26:38+07:00 pid: 19839, query success, sql: SELECT product.ID FROM ralamusi_2020.`wp_posts` as product LEFT JOIN ralamusi_2020.wp_postmeta as product_sku ON product.ID = product_sku.post_ID WHERE product_sku.meta_key = '_sku' and product_sku.meta_value = '8-Box-Standard-Black-Mini', modified user: 
2020-08-04T15:26:39+07:00 pid: 21000, has web product json: {"sku":"8-Box-Standard-Cafla-Mini"}
2020-08-04T15:26:39+07:00 pid: 21000, query success, sql: SELECT product.ID FROM ralamusi_2020.`wp_posts` as product LEFT JOIN ralamusi_2020.wp_postmeta as product_sku ON product.ID = product_sku.post_ID WHERE product_sku.meta_key = '_sku' and product_sku.meta_value = '8-Box-Standard-Cafla-Mini', modified user: 
2020-08-04T15:26:39+07:00 pid: 21801, has web product json: {"sku":"Carlsbro-SG102"}
2020-08-04T15:26:39+07:00 pid: 21801, query: selected row count = 0, sql: SELECT product.ID FROM ralamusi_2020.`wp_posts` as product LEFT JOIN ralamusi_2020.wp_postmeta as product_sku ON product.ID = product_sku.post_ID WHERE product_sku.meta_key = '_sku' and product_sku.meta_value = 'Carlsbro-SG102', modified user: 
2020-08-04T15:26:39+07:00 pid: 21776, has web product json: {"sku":"Carlsbro-SG103"}
2020-08-04T15:26:39+07:00 pid: 21776, query: selected row count = 0, sql: SELECT product.ID FROM ralamusi_2020.`wp_posts` as product LEFT JOIN ralamusi_2020.wp_postmeta as product_sku ON product.ID = product_sku.post_ID WHERE product_sku.meta_key = '_sku' and product_sku.meta_value = 'Carlsbro-SG103', modified user: 
2020-08-04T15:26:39+07:00 pid: 21770, has web product json: {"sku":"Carlsbro-SG708"}
2020-08-04T15:26:39+07:00 pid: 21770, query: selected row count = 0, sql: SELECT product.ID FROM ralamusi_2020.`wp_posts` as product LEFT JOIN ralamusi_2020.wp_postmeta as product_sku ON product.ID = product_sku.post_ID WHERE product_sku.meta_key = '_sku' and product_sku.meta_value = 'Carlsbro-SG708', modified user: 
2020-08-04T15:26:39+07:00 pid: 21000, has web product json: {"sku":"Daddario-American-Stage-15FT-PW-AMSG-15"}
2020-08-04T15:26:39+07:00 pid: 21000, query: selected row count = 0, sql: SELECT product.ID FROM ralamusi_2020.`wp_posts` as product LEFT JOIN ralamusi_2020.wp_postmeta as product_sku ON product.ID = product_sku.post_ID WHERE product_sku.meta_key = '_sku' and product_sku.meta_value = 'Daddario-American-Stage-15FT-PW-AMSG-15', modified user: 
2020-08-04T15:26:40+07:00 pid: 21654, has web product json: {"sku":"Daddario-American-Stage-3M-PW-AMSG-10"}
2020-08-04T15:26:40+07:00 pid: 21654, query: selected row count = 0, sql: SELECT product.ID FROM ralamusi_2020.`wp_posts` as product LEFT JOIN ralamusi_2020.wp_postmeta as product_sku ON product.ID = product_sku.post_ID WHERE product_sku.meta_key = '_sku' and product_sku.meta_value = 'Daddario-American-Stage-3M-PW-AMSG-10', modified user: 
2020-08-04T15:27:08+07:00 pid: 20134, has web product json: {"sku":"Fender-Champion-40"}
2020-08-04T15:27:08+07:00 pid: 20134, query: selected row count = 0, sql: SELECT product.ID FROM ralamusi_2020.`wp_posts` as product LEFT JOIN ralamusi_2020.wp_postmeta as product_sku ON product.ID = product_sku.post_ID WHERE product_sku.meta_key = '_sku' and product_sku.meta_value = 'Fender-Champion-40', modified user: 
2020-08-04T15:27:09+07:00 pid: 21765, has web product json: {"sku":"Squier-Contemporary-Strat-HH-BK-S1-0320222565"}
2020-08-04T15:27:09+07:00 pid: 21765, query: selected row count = 0, sql: SELECT product.ID FROM ralamusi_2020.`wp_posts` as product LEFT JOIN ralamusi_2020.wp_postmeta as product_sku ON product.ID = product_sku.post_ID WHERE product_sku.meta_key = '_sku' and product_sku.meta_value = 'Squier-Contemporary-Strat-HH-BK-S1-0320222565', modified user: 
2020-08-04T15:27:10+07:00 pid: 20474, has web product json: {"sku":"Squier-Contemporary-Strat-HH-RD-S1-0320222525"}
2020-08-04T15:27:10+07:00 pid: 20474, query: selected row count = 0, sql: SELECT product.ID FROM ralamusi_2020.`wp_posts` as product LEFT JOIN ralamusi_2020.wp_postmeta as product_sku ON product.ID = product_sku.post_ID WHERE product_sku.meta_key = '_sku' and product_sku.meta_value = 'Squier-Contemporary-Strat-HH-RD-S1-0320222525', modified user: 
2020-08-04T15:27:10+07:00 pid: 20851, has web product json: {"sku":"Squier-Contemporary-Strat-HH-WH-S1-0320222523"}
2020-08-04T15:27:10+07:00 pid: 20851, query: selected row count = 0, sql: SELECT product.ID FROM ralamusi_2020.`wp_posts` as product LEFT JOIN ralamusi_2020.wp_postmeta as product_sku ON product.ID = product_sku.post_ID WHERE product_sku.meta_key = '_sku' and product_sku.meta_value = 'Squier-Contemporary-Strat-HH-WH-S1-0320222523', modified user: 
2020-08-04T15:27:11+07:00 pid: 21678, has web product json: {"sku":"Squier-Contemporary-Strat-HSS-BK-S1-0320322565"}
2020-08-04T15:27:11+07:00 pid: 21678, query: selected row count = 0, sql: SELECT product.ID FROM ralamusi_2020.`wp_posts` as product LEFT JOIN ralamusi_2020.wp_postmeta as product_sku ON product.ID = product_sku.post_ID WHERE product_sku.meta_key = '_sku' and product_sku.meta_value = 'Squier-Contemporary-Strat-HSS-BK-S1-0320322565', modified user: 
2020-08-04T15:27:12+07:00 pid: 21958, has web product json: {"sku":"Squier-Contemporary-Strat-HSS-BL-S1-0320322573"}
2020-08-04T15:27:12+07:00 pid: 21958, query: selected row count = 0, sql: SELECT product.ID FROM ralamusi_2020.`wp_posts` as product LEFT JOIN ralamusi_2020.wp_postmeta as product_sku ON product.ID = product_sku.post_ID WHERE product_sku.meta_key = '_sku' and product_sku.meta_value = 'Squier-Contemporary-Strat-HSS-BL-S1-0320322573', modified user: 
2020-08-04T15:27:13+07:00 pid: 21682, has web product json: {"sku":"Squier-Contemporary-Strat-HSS-WH-S1-0320322523"}
2020-08-04T15:27:13+07:00 pid: 21682, query: selected row count = 0, sql: SELECT product.ID FROM ralamusi_2020.`wp_posts` as product LEFT JOIN ralamusi_2020.wp_postmeta as product_sku ON product.ID = product_sku.post_ID WHERE product_sku.meta_key = '_sku' and product_sku.meta_value = 'Squier-Contemporary-Strat-HSS-WH-S1-0320322523', modified user: 
2020-08-04T15:27:13+07:00 pid: 25340, has web product json: {"sku":"Squier-Contemporary-Tele-HH-BK-S2-0321222565"}
2020-08-04T15:27:13+07:00 pid: 25340, query: selected row count = 0, sql: SELECT product.ID FROM ralamusi_2020.`wp_posts` as product LEFT JOIN ralamusi_2020.wp_postmeta as product_sku ON product.ID = product_sku.post_ID WHERE product_sku.meta_key = '_sku' and product_sku.meta_value = 'Squier-Contemporary-Tele-HH-BK-S2-0321222565', modified user: 
2020-08-04T15:27:15+07:00 pid: 21929, has web product json: {"sku":"Squier-Contemporary-Tele-HH-WH-S1-0321222523"}
2020-08-04T15:27:15+07:00 pid: 21929, query: selected row count = 0, sql: SELECT product.ID FROM ralamusi_2020.`wp_posts` as product LEFT JOIN ralamusi_2020.wp_postmeta as product_sku ON product.ID = product_sku.post_ID WHERE product_sku.meta_key = '_sku' and product_sku.meta_value = 'Squier-Contemporary-Tele-HH-WH-S1-0321222523', modified user: 
2020-08-04T15:27:15+07:00 pid: 21929, has web product json: {"sku":"Alctron-MS140"}
2020-08-04T15:27:15+07:00 pid: 21929, query: selected row count = 0, sql: SELECT product.ID FROM ralamusi_2020.`wp_posts` as product LEFT JOIN ralamusi_2020.wp_postmeta as product_sku ON product.ID = product_sku.post_ID WHERE product_sku.meta_key = '_sku' and product_sku.meta_value = 'Alctron-MS140', modified user: 
2020-08-04T15:48:33+07:00 pid: 3495, has web product json: {"sku":"Yamaha-FG800-Sandburst"}
2020-08-04T15:48:33+07:00 pid: 3495, query: selected row count = 0, sql: SELECT product.ID FROM ralamusi_2020.`wp_posts` as product LEFT JOIN ralamusi_2020.wp_postmeta as product_sku ON product.ID = product_sku.post_ID WHERE product_sku.meta_key = '_sku' and product_sku.meta_value = 'Yamaha-FG800-Sandburst', modified user: 
2020-08-04T15:48:34+07:00 pid: 4473, has web product json: {"sku":"Yamaha-FG800BLK-Black"}
2020-08-04T15:48:34+07:00 pid: 4473, query: selected row count = 0, sql: SELECT product.ID FROM ralamusi_2020.`wp_posts` as product LEFT JOIN ralamusi_2020.wp_postmeta as product_sku ON product.ID = product_sku.post_ID WHERE product_sku.meta_key = '_sku' and product_sku.meta_value = 'Yamaha-FG800BLK-Black', modified user: 
2020-08-04T15:48:34+07:00 pid: 4473, has web product json: {"sku":"Yamaha-FG800M-Matt-Natural"}
2020-08-04T15:48:34+07:00 pid: 4473, query: selected row count = 0, sql: SELECT product.ID FROM ralamusi_2020.`wp_posts` as product LEFT JOIN ralamusi_2020.wp_postmeta as product_sku ON product.ID = product_sku.post_ID WHERE product_sku.meta_key = '_sku' and product_sku.meta_value = 'Yamaha-FG800M-Matt-Natural', modified user: 
2020-08-04T15:48:34+07:00 pid: 4387, has web product json: {"sku":"Yamaha-FG800NT-Natural"}
2020-08-04T15:48:34+07:00 pid: 4387, query: selected row count = 0, sql: SELECT product.ID FROM ralamusi_2020.`wp_posts` as product LEFT JOIN ralamusi_2020.wp_postmeta as product_sku ON product.ID = product_sku.post_ID WHERE product_sku.meta_key = '_sku' and product_sku.meta_value = 'Yamaha-FG800NT-Natural', modified user: 
2020-08-04T15:48:35+07:00 pid: 4387, has web product json: {"sku":"Yamaha-FG800TBS-Sunburst"}
2020-08-04T15:48:35+07:00 pid: 4387, query: selected row count = 0, sql: SELECT product.ID FROM ralamusi_2020.`wp_posts` as product LEFT JOIN ralamusi_2020.wp_postmeta as product_sku ON product.ID = product_sku.post_ID WHERE product_sku.meta_key = '_sku' and product_sku.meta_value = 'Yamaha-FG800TBS-Sunburst', modified user: 
2020-08-04T15:48:35+07:00 pid: 4583, has web product json: {"sku":"Yamaha-YB01"}
2020-08-04T15:48:35+07:00 pid: 4583, query: selected row count = 0, sql: SELECT product.ID FROM ralamusi_2020.`wp_posts` as product LEFT JOIN ralamusi_2020.wp_postmeta as product_sku ON product.ID = product_sku.post_ID WHERE product_sku.meta_key = '_sku' and product_sku.meta_value = 'Yamaha-YB01', modified user: 
2020-08-04T15:48:35+07:00 pid: 4177, has web product json: {"sku":"Yamaha-YMB01"}
2020-08-04T15:48:35+07:00 pid: 4177, query: selected row count = 0, sql: SELECT product.ID FROM ralamusi_2020.`wp_posts` as product LEFT JOIN ralamusi_2020.wp_postmeta as product_sku ON product.ID = product_sku.post_ID WHERE product_sku.meta_key = '_sku' and product_sku.meta_value = 'Yamaha-YMB01', modified user: 
2020-08-04T15:48:52+07:00 pid: 4418, has web product json: {"sku":"Yamaha-FG800NT-Natural"}
2020-08-04T15:48:52+07:00 pid: 4418, query: selected row count = 0, sql: SELECT product.ID FROM ralamusi_2020.`wp_posts` as product LEFT JOIN ralamusi_2020.wp_postmeta as product_sku ON product.ID = product_sku.post_ID WHERE product_sku.meta_key = '_sku' and product_sku.meta_value = 'Yamaha-FG800NT-Natural', modified user: 
2020-08-04T15:48:52+07:00 pid: 4621, has web product json: {"sku":"Yamaha-FG800NT-Natural"}
2020-08-04T15:48:52+07:00 pid: 4621, query: selected row count = 0, sql: SELECT product.ID FROM ralamusi_2020.`wp_posts` as product LEFT JOIN ralamusi_2020.wp_postmeta as product_sku ON product.ID = product_sku.post_ID WHERE product_sku.meta_key = '_sku' and product_sku.meta_value = 'Yamaha-FG800NT-Natural', modified user: 
2020-08-04T15:48:53+07:00 pid: 3877, has web product json: {"sku":"Danchoo-DFR-1-BL"}
2020-08-04T15:48:53+07:00 pid: 4603, has web product json: {"sku":"Danchoo-DFR-1-BL"}
2020-08-04T15:48:53+07:00 pid: 3877, query: selected row count = 0, sql: SELECT product.ID FROM ralamusi_2020.`wp_posts` as product LEFT JOIN ralamusi_2020.wp_postmeta as product_sku ON product.ID = product_sku.post_ID WHERE product_sku.meta_key = '_sku' and product_sku.meta_value = 'Danchoo-DFR-1-BL', modified user: 
2020-08-04T15:48:53+07:00 pid: 4603, query: selected row count = 0, sql: SELECT product.ID FROM ralamusi_2020.`wp_posts` as product LEFT JOIN ralamusi_2020.wp_postmeta as product_sku ON product.ID = product_sku.post_ID WHERE product_sku.meta_key = '_sku' and product_sku.meta_value = 'Danchoo-DFR-1-BL', modified user: 
2020-08-04T15:48:53+07:00 pid: 4387, has web product json: {"sku":"Midiplus-Soft-Case"}
2020-08-04T15:48:53+07:00 pid: 4940, has web product json: {"sku":"Midiplus-Soft-Case"}
2020-08-04T15:48:53+07:00 pid: 4387, query: selected row count = 0, sql: SELECT product.ID FROM ralamusi_2020.`wp_posts` as product LEFT JOIN ralamusi_2020.wp_postmeta as product_sku ON product.ID = product_sku.post_ID WHERE product_sku.meta_key = '_sku' and product_sku.meta_value = 'Midiplus-Soft-Case', modified user: 
2020-08-04T15:48:53+07:00 pid: 4940, query: selected row count = 0, sql: SELECT product.ID FROM ralamusi_2020.`wp_posts` as product LEFT JOIN ralamusi_2020.wp_postmeta as product_sku ON product.ID = product_sku.post_ID WHERE product_sku.meta_key = '_sku' and product_sku.meta_value = 'Midiplus-Soft-Case', modified user: 
2020-08-04T15:48:53+07:00 pid: 4202, has web product json: {"sku":"Fender-Champion-40"}
2020-08-04T15:48:53+07:00 pid: 4202, query: selected row count = 0, sql: SELECT product.ID FROM ralamusi_2020.`wp_posts` as product LEFT JOIN ralamusi_2020.wp_postmeta as product_sku ON product.ID = product_sku.post_ID WHERE product_sku.meta_key = '_sku' and product_sku.meta_value = 'Fender-Champion-40', modified user: 
2020-08-04T15:48:53+07:00 pid: 3827, has web product json: {"sku":"Fender-Champion-40"}
2020-08-04T15:48:53+07:00 pid: 3827, query: selected row count = 0, sql: SELECT product.ID FROM ralamusi_2020.`wp_posts` as product LEFT JOIN ralamusi_2020.wp_postmeta as product_sku ON product.ID = product_sku.post_ID WHERE product_sku.meta_key = '_sku' and product_sku.meta_value = 'Fender-Champion-40', modified user: 
2020-08-04T15:48:54+07:00 pid: 3826, has web product json: {"sku":"Epiphone-SG-Standard-Cherry"}
2020-08-04T15:48:54+07:00 pid: 3826, query: selected row count = 0, sql: SELECT product.ID FROM ralamusi_2020.`wp_posts` as product LEFT JOIN ralamusi_2020.wp_postmeta as product_sku ON product.ID = product_sku.post_ID WHERE product_sku.meta_key = '_sku' and product_sku.meta_value = 'Epiphone-SG-Standard-Cherry', modified user: 
2020-08-04T15:48:54+07:00 pid: 922, has web product json: {"sku":"Epiphone-SG-Standard-Cherry"}
2020-08-04T15:48:54+07:00 pid: 922, query: selected row count = 0, sql: SELECT product.ID FROM ralamusi_2020.`wp_posts` as product LEFT JOIN ralamusi_2020.wp_postmeta as product_sku ON product.ID = product_sku.post_ID WHERE product_sku.meta_key = '_sku' and product_sku.meta_value = 'Epiphone-SG-Standard-Cherry', modified user: 
2020-08-04T15:48:55+07:00 pid: 4955, has web product json: {"sku":"Yamaha-A1M-SB"}
2020-08-04T15:48:55+07:00 pid: 3734, has web product json: {"sku":"Yamaha-A1M-SB"}
2020-08-04T15:48:55+07:00 pid: 4955, query: selected row count = 0, sql: SELECT product.ID FROM ralamusi_2020.`wp_posts` as product LEFT JOIN ralamusi_2020.wp_postmeta as product_sku ON product.ID = product_sku.post_ID WHERE product_sku.meta_key = '_sku' and product_sku.meta_value = 'Yamaha-A1M-SB', modified user: 
2020-08-04T15:48:55+07:00 pid: 3734, query: selected row count = 0, sql: SELECT product.ID FROM ralamusi_2020.`wp_posts` as product LEFT JOIN ralamusi_2020.wp_postmeta as product_sku ON product.ID = product_sku.post_ID WHERE product_sku.meta_key = '_sku' and product_sku.meta_value = 'Yamaha-A1M-SB', modified user: 
2020-08-04T15:48:56+07:00 pid: 4973, has web product json: {"sku":"Yamaha-A1M-NT"}
2020-08-04T15:48:56+07:00 pid: 4619, has web product json: {"sku":"Yamaha-A1M-NT"}
2020-08-04T15:48:56+07:00 pid: 4973, query: selected row count = 0, sql: SELECT product.ID FROM ralamusi_2020.`wp_posts` as product LEFT JOIN ralamusi_2020.wp_postmeta as product_sku ON product.ID = product_sku.post_ID WHERE product_sku.meta_key = '_sku' and product_sku.meta_value = 'Yamaha-A1M-NT', modified user: 
2020-08-04T15:48:56+07:00 pid: 4619, query: selected row count = 0, sql: SELECT product.ID FROM ralamusi_2020.`wp_posts` as product LEFT JOIN ralamusi_2020.wp_postmeta as product_sku ON product.ID = product_sku.post_ID WHERE product_sku.meta_key = '_sku' and product_sku.meta_value = 'Yamaha-A1M-NT', modified user: 
2020-08-04T15:48:56+07:00 pid: 4969, has web product json: {"sku":"Musedo-MC-1-GD"}
2020-08-04T15:48:56+07:00 pid: 4387, has web product json: {"sku":"Musedo-MC-1-GD"}
2020-08-04T15:48:56+07:00 pid: 4387, query: selected row count = 0, sql: SELECT product.ID FROM ralamusi_2020.`wp_posts` as product LEFT JOIN ralamusi_2020.wp_postmeta as product_sku ON product.ID = product_sku.post_ID WHERE product_sku.meta_key = '_sku' and product_sku.meta_value = 'Musedo-MC-1-GD', modified user: 
2020-08-04T15:48:56+07:00 pid: 4969, query: selected row count = 0, sql: SELECT product.ID FROM ralamusi_2020.`wp_posts` as product LEFT JOIN ralamusi_2020.wp_postmeta as product_sku ON product.ID = product_sku.post_ID WHERE product_sku.meta_key = '_sku' and product_sku.meta_value = 'Musedo-MC-1-GD', modified user: 
2020-08-04T15:48:56+07:00 pid: 4969, has web product json: {"sku":"Martin-MA535T"}
2020-08-04T15:48:56+07:00 pid: 4473, has web product json: {"sku":"Martin-MA535T"}
2020-08-04T15:48:56+07:00 pid: 4473, query success, sql: SELECT product.ID FROM ralamusi_2020.`wp_posts` as product LEFT JOIN ralamusi_2020.wp_postmeta as product_sku ON product.ID = product_sku.post_ID WHERE product_sku.meta_key = '_sku' and product_sku.meta_value = 'Martin-MA535T', modified user: 
2020-08-04T15:48:56+07:00 pid: 4969, query success, sql: SELECT product.ID FROM ralamusi_2020.`wp_posts` as product LEFT JOIN ralamusi_2020.wp_postmeta as product_sku ON product.ID = product_sku.post_ID WHERE product_sku.meta_key = '_sku' and product_sku.meta_value = 'Martin-MA535T', modified user: 
2020-08-04T15:48:57+07:00 pid: 4619, has web product json: {"sku":"Ernie-Ball-Ernesto-Palla-P02403"}
2020-08-04T15:48:57+07:00 pid: 4971, has web product json: {"sku":"Ernie-Ball-Ernesto-Palla-P02403"}
2020-08-04T15:48:57+07:00 pid: 4619, query: selected row count = 0, sql: SELECT product.ID FROM ralamusi_2020.`wp_posts` as product LEFT JOIN ralamusi_2020.wp_postmeta as product_sku ON product.ID = product_sku.post_ID WHERE product_sku.meta_key = '_sku' and product_sku.meta_value = 'Ernie-Ball-Ernesto-Palla-P02403', modified user: 
2020-08-04T15:48:57+07:00 pid: 4971, query: selected row count = 0, sql: SELECT product.ID FROM ralamusi_2020.`wp_posts` as product LEFT JOIN ralamusi_2020.wp_postmeta as product_sku ON product.ID = product_sku.post_ID WHERE product_sku.meta_key = '_sku' and product_sku.meta_value = 'Ernie-Ball-Ernesto-Palla-P02403', modified user: 
2020-08-04T15:49:17+07:00 pid: 5143, has web product json: {"sku":"Yamaha-FG840"}
2020-08-04T15:49:17+07:00 pid: 5143, query: selected row count = 0, sql: SELECT product.ID FROM ralamusi_2020.`wp_posts` as product LEFT JOIN ralamusi_2020.wp_postmeta as product_sku ON product.ID = product_sku.post_ID WHERE product_sku.meta_key = '_sku' and product_sku.meta_value = 'Yamaha-FG840', modified user: 
2020-08-04T15:49:19+07:00 pid: 4618, has web product json: {"sku":"Yamaha-YMB01"}
2020-08-04T15:49:19+07:00 pid: 4618, query: selected row count = 0, sql: SELECT product.ID FROM ralamusi_2020.`wp_posts` as product LEFT JOIN ralamusi_2020.wp_postmeta as product_sku ON product.ID = product_sku.post_ID WHERE product_sku.meta_key = '_sku' and product_sku.meta_value = 'Yamaha-YMB01', modified user: 
2020-08-04T15:49:22+07:00 pid: 1706, has web product json: {"sku":"Yamaha-FG840"}
2020-08-04T15:49:22+07:00 pid: 1706, query: selected row count = 0, sql: SELECT product.ID FROM ralamusi_2020.`wp_posts` as product LEFT JOIN ralamusi_2020.wp_postmeta as product_sku ON product.ID = product_sku.post_ID WHERE product_sku.meta_key = '_sku' and product_sku.meta_value = 'Yamaha-FG840', modified user: 
2020-08-04T15:49:22+07:00 pid: 922, has web product json: {"sku":"Yamaha-YMB01"}
2020-08-04T15:49:22+07:00 pid: 922, query: selected row count = 0, sql: SELECT product.ID FROM ralamusi_2020.`wp_posts` as product LEFT JOIN ralamusi_2020.wp_postmeta as product_sku ON product.ID = product_sku.post_ID WHERE product_sku.meta_key = '_sku' and product_sku.meta_value = 'Yamaha-YMB01', modified user: 
2020-08-04T15:49:31+07:00 pid: 4473, has web product json: {"sku":"Yamaha-F600"}
2020-08-04T15:49:31+07:00 pid: 4473, query: selected row count = 0, sql: SELECT product.ID FROM ralamusi_2020.`wp_posts` as product LEFT JOIN ralamusi_2020.wp_postmeta as product_sku ON product.ID = product_sku.post_ID WHERE product_sku.meta_key = '_sku' and product_sku.meta_value = 'Yamaha-F600', modified user: 
2020-08-04T15:50:01+07:00 pid: 4954, has web product json: {"sku":"Yamaha-CX40"}
2020-08-04T15:50:01+07:00 pid: 4954, query: selected row count = 0, sql: SELECT product.ID FROM ralamusi_2020.`wp_posts` as product LEFT JOIN ralamusi_2020.wp_postmeta as product_sku ON product.ID = product_sku.post_ID WHERE product_sku.meta_key = '_sku' and product_sku.meta_value = 'Yamaha-CX40', modified user: 
2020-08-04T15:50:09+07:00 pid: 319, has web product json: {"sku":"Yamaha-CG102"}
2020-08-04T15:50:09+07:00 pid: 319, query: selected row count = 0, sql: SELECT product.ID FROM ralamusi_2020.`wp_posts` as product LEFT JOIN ralamusi_2020.wp_postmeta as product_sku ON product.ID = product_sku.post_ID WHERE product_sku.meta_key = '_sku' and product_sku.meta_value = 'Yamaha-CG102', modified user: 
2020-08-04T15:50:33+07:00 pid: 7842, has web product json: {"sku":"Carlsbro-BC804-3M"}
2020-08-04T15:50:33+07:00 pid: 7842, query: selected row count = 0, sql: SELECT product.ID FROM ralamusi_2020.`wp_posts` as product LEFT JOIN ralamusi_2020.wp_postmeta as product_sku ON product.ID = product_sku.post_ID WHERE product_sku.meta_key = '_sku' and product_sku.meta_value = 'Carlsbro-BC804-3M', modified user: 
2020-08-04T15:50:34+07:00 pid: 7842, has web product json: {"sku":"Carlsbro-BC804-6M"}
2020-08-04T15:50:34+07:00 pid: 7842, query: selected row count = 0, sql: SELECT product.ID FROM ralamusi_2020.`wp_posts` as product LEFT JOIN ralamusi_2020.wp_postmeta as product_sku ON product.ID = product_sku.post_ID WHERE product_sku.meta_key = '_sku' and product_sku.meta_value = 'Carlsbro-BC804-6M', modified user: 
2020-08-04T15:50:34+07:00 pid: 2275, has web product json: {"sku":"Yamaha-C80"}
2020-08-04T15:50:34+07:00 pid: 2275, query: selected row count = 0, sql: SELECT product.ID FROM ralamusi_2020.`wp_posts` as product LEFT JOIN ralamusi_2020.wp_postmeta as product_sku ON product.ID = product_sku.post_ID WHERE product_sku.meta_key = '_sku' and product_sku.meta_value = 'Yamaha-C80', modified user: 
2020-08-04T16:40:06+07:00 pid: 9008, has web product json: {"sku":"Paramount-CD60CEM"}
2020-08-04T16:40:06+07:00 pid: 9008, query: selected row count = 0, sql: SELECT product.ID FROM ralamusi_2020.`wp_posts` as product LEFT JOIN ralamusi_2020.wp_postmeta as product_sku ON product.ID = product_sku.post_ID WHERE product_sku.meta_key = '_sku' and product_sku.meta_value = 'Paramount-CD60CEM', modified user: 
2020-08-04T16:46:12+07:00 pid: 14008, has web product json: {"sku":"Paramount-CD60CEM"}
2020-08-04T16:46:12+07:00 pid: 14008, query: selected row count = 0, sql: SELECT product.ID FROM ralamusi_2020.`wp_posts` as product LEFT JOIN ralamusi_2020.wp_postmeta as product_sku ON product.ID = product_sku.post_ID WHERE product_sku.meta_key = '_sku' and product_sku.meta_value = 'Paramount-CD60CEM', modified user: 
2020-08-04T23:14:34+07:00 pid: 9449, has web product json: {"sku":"Boss-WL-50"}
2020-08-04T23:14:34+07:00 pid: 9449, query: selected row count = 0, sql: SELECT product.ID FROM ralamusi_2020.`wp_posts` as product LEFT JOIN ralamusi_2020.wp_postmeta as product_sku ON product.ID = product_sku.post_ID WHERE product_sku.meta_key = '_sku' and product_sku.meta_value = 'Boss-WL-50', modified user: 
2020-08-04T16:14:35+00:00 pid: 9308, file: SAIMWordPressProductInsert.php, user: 
2020-08-04T16:14:35+00:00 pid: 9308, post json: {"lazadaProduct":{"PrimaryCategory":7579,"name":"BOSS® WL-50 Wireless Guitar System ไวเลสกีตาร์ 2.4GHz ใช้งานได้ไกล 20 ม. พร้อมตัวรับสัญญาณต่อกับบอร์ดเอฟเฟค + เเถมฟรีสายชาร์จ USB &ถ่าน AA ** ประกันศูนย์ 1 ปี **","name_en":"BOSS WL-50 2.4GHz Professional Wireless Guitar System with Receiver Station + Free USB Charging Cable & AA Batteries ** 1 Year Warranty **","short_description":"<UL>\r\t<LI>BOSS WL-50 ระบบไวเลสกีตาร์ สำหรับกีตาร์ไฟฟ้าและกีตาร์เบส&nbsp;ใช้งานได้ไกลถึง 20&nbsp;เมตรระหว่างตัวรับส่งสัญญาณ เพื่อใช้แทนสายเชื่อมระหว่างกีตาร์กับตัวบอร์ดเอฟเฟค&nbsp;เล่นแล้วได้ยินแบบเรียลไทม์ ไม่มีหน่วงสัญญาณ เพิ่มอิสระในการเล่นดนตรีให้สนุกไปกับทุกท่าทาง โดยไม่ต้องกังวลเรื่องสะดุดสาย<\/LI>\r\t<LI>ตัวรับสัญญาณสามารถต่อกับตัวส่งสัญญาณ (WL-T) ได้ โดยสามารถใช้ไฟได้จาก 2 แหล่ง (ถ่าน AA หรือ อแดปเตอร์ Boss PSA230S)&nbsp;<\/LI>\r\t<LI>วงจรให้เสียงแบบสายสัญญาณ ที่ให้เนื้อเสียงเหมือนกับการใช้สายสัญญาณคุณภาพสูง<\/LI>\r\t<LI>ใช้งานง่าย เพียงเสียบตัวส่งสัญญาณเข้ากับแอมป์ และเสียบตัวรับสัญญาณเข้ากับกีตาร์ อุปกรณ์จะเชื่อมต่อภายในเวลา 10 วินาที<\/LI>\r\t<LI>มีแบตเตอรี่ในตัว ใช้งานได้ยาวนานต่อเนื่อง 12 ชั่วโมง<\/LI>\r\t<LI>ชารจ์ไฟผ่านสาย USB (อแดปเตอร์ 5 V, 500 mA หรือมากกว่า)<\/LI>\r\t<LI>ตัวส่งสัญญาณใช้เวลาชาร์จเต็ม 12 ชม., ตัวรับสัญญาณใช้เวลาชาร์จเต็ม 10 ชม.<\/LI>\r\t<LI>การเชื่อมต่อที่ตัวส่งสัญญาณ: หัวแจ็คแบบ TRS โฟนแจ็ค, ช่องเสียบสาย USB (Micro-B)<\/LI>\r\t<LI>การเชื่อมต่อที่ตัวรับสัญญาณ: หัวแจ็คแบบ TRS โฟนแจ็ค (1\/4 นิ้ว)<\/LI>\r\t<LI>แถมฟรีพร้อมสายชาร์จ USB &amp; ถ่าน มูลค่า 200 บ.<\/LI>\r\t<LI>ประกันศูนย์ 1 ปี จาก Boss ประเทศไทย<\/LI>\r<\/UL>","short_description_en":null,"video":"https:\/\/youtu.be\/ozCta8Pi6MY","brand":"Boss","SellerSku":"Boss-WL-50","quantity":1,"price":9500,"special_price":7600,"package_weight":"0.5","package_length":"20.00","package_width":"20.00","package_height":"10.00","MainImage":"https:\/\/th-live.slatic.net\/p\/c67674bd13645da5f0eaaee34b911743.jpg","Image2":"https:\/\/th-live.slatic.net\/p\/46c152e6a761a58bd50c2007ce2dfb8b.jpg","Image3":"https:\/\/th-live.slatic.net\/p\/bf64366488ff28ac615afb0cf3129bfa.jpg","Image4":"https:\/\/th-live.slatic.net\/p\/8cf10d4363772858241fa294a94a0205.jpg","Image5":"https:\/\/th-live.slatic.net\/p\/1c27aa09b06d4910ef638d48a65af45f.jpg","Image6":"https:\/\/th-live.slatic.net\/p\/7d420c8c2f5394a3265da18f70f25041.jpg","Image7":"https:\/\/th-live.slatic.net\/p\/28e94b91808c9028f71155c78f0eaf0d.jpg","Image8":"https:\/\/th-live.slatic.net\/p\/63522036da8dfbfdf7879ccb8c44ab01.jpg"},"product":[{"ProductID":"5500","Name":"BOSS® WL-50 Wireless Guitar System ไวเลสกีตาร์ 2.4GHz ใช้งานได้ไกล 20 ม. พร้อมตัวรับสัญญาณต่อกับบอร์ดเอฟเฟค + เเถมฟรีสายชาร์จ USB &ถ่าน AA ** ประกันศูนย์ 1 ปี **","Description":"","ShortDescriptionEn":"","PrimaryCategory":"7579","Brand":"Boss","Sku":"Boss-WL-50","Quantity":"1","SpecialPrice":"7600","Price":"9500","Cost":"0","Remark":"","Video":"","MainImage":"https:\/\/th-live.slatic.net\/p\/c67674bd13645da5f0eaaee34b911743.jpg","Image2":"https:\/\/th-live.slatic.net\/p\/46c152e6a761a58bd50c2007ce2dfb8b.jpg","Image3":"https:\/\/th-live.slatic.net\/p\/bf64366488ff28ac615afb0cf3129bfa.jpg","Image4":"https:\/\/th-live.slatic.net\/p\/8cf10d4363772858241fa294a94a0205.jpg","Image5":"https:\/\/th-live.slatic.net\/p\/1c27aa09b06d4910ef638d48a65af45f.jpg","Image6":"https:\/\/th-live.slatic.net\/p\/7d420c8c2f5394a3265da18f70f25041.jpg","Image7":"https:\/\/th-live.slatic.net\/p\/28e94b91808c9028f71155c78f0eaf0d.jpg","Image8":"https:\/\/th-live.slatic.net\/p\/63522036da8dfbfdf7879ccb8c44ab01.jpg","PackageWeight":"0","PackageWidth":"0","PackageHeight":"0","PackageLength":"0","Status":"Active","ModifiedUser":"bot","ModifiedDate":"2020-08-04 23:14:20"}]}
2020-08-04T16:14:35+00:00 pid: 9308, set auto commit to off
2020-08-04T16:14:35+00:00 pid: 9308, wordpress post:{"post_author":253,"post_content":"<UL>\r\t<LI>BOSS WL-50 \u0e23\u0e30\u0e1a\u0e1a\u0e44\u0e27\u0e40\u0e25\u0e2a\u0e01\u0e35\u0e15\u0e32\u0e23\u0e4c \u0e2a\u0e33\u0e2b\u0e23\u0e31\u0e1a\u0e01\u0e35\u0e15\u0e32\u0e23\u0e4c\u0e44\u0e1f\u0e1f\u0e49\u0e32\u0e41\u0e25\u0e30\u0e01\u0e35\u0e15\u0e32\u0e23\u0e4c\u0e40\u0e1a\u0e2a&nbsp;\u0e43\u0e0a\u0e49\u0e07\u0e32\u0e19\u0e44\u0e14\u0e49\u0e44\u0e01\u0e25\u0e16\u0e36\u0e07 20&nbsp;\u0e40\u0e21\u0e15\u0e23\u0e23\u0e30\u0e2b\u0e27\u0e48\u0e32\u0e07\u0e15\u0e31\u0e27\u0e23\u0e31\u0e1a\u0e2a\u0e48\u0e07\u0e2a\u0e31\u0e0d\u0e0d\u0e32\u0e13 \u0e40\u0e1e\u0e37\u0e48\u0e2d\u0e43\u0e0a\u0e49\u0e41\u0e17\u0e19\u0e2a\u0e32\u0e22\u0e40\u0e0a\u0e37\u0e48\u0e2d\u0e21\u0e23\u0e30\u0e2b\u0e27\u0e48\u0e32\u0e07\u0e01\u0e35\u0e15\u0e32\u0e23\u0e4c\u0e01\u0e31\u0e1a\u0e15\u0e31\u0e27\u0e1a\u0e2d\u0e23\u0e4c\u0e14\u0e40\u0e2d\u0e1f\u0e40\u0e1f\u0e04&nbsp;\u0e40\u0e25\u0e48\u0e19\u0e41\u0e25\u0e49\u0e27\u0e44\u0e14\u0e49\u0e22\u0e34\u0e19\u0e41\u0e1a\u0e1a\u0e40\u0e23\u0e35\u0e22\u0e25\u0e44\u0e17\u0e21\u0e4c \u0e44\u0e21\u0e48\u0e21\u0e35\u0e2b\u0e19\u0e48\u0e27\u0e07\u0e2a\u0e31\u0e0d\u0e0d\u0e32\u0e13 \u0e40\u0e1e\u0e34\u0e48\u0e21\u0e2d\u0e34\u0e2a\u0e23\u0e30\u0e43\u0e19\u0e01\u0e32\u0e23\u0e40\u0e25\u0e48\u0e19\u0e14\u0e19\u0e15\u0e23\u0e35\u0e43\u0e2b\u0e49\u0e2a\u0e19\u0e38\u0e01\u0e44\u0e1b\u0e01\u0e31\u0e1a\u0e17\u0e38\u0e01\u0e17\u0e48\u0e32\u0e17\u0e32\u0e07 \u0e42\u0e14\u0e22\u0e44\u0e21\u0e48\u0e15\u0e49\u0e2d\u0e07\u0e01\u0e31\u0e07\u0e27\u0e25\u0e40\u0e23\u0e37\u0e48\u0e2d\u0e07\u0e2a\u0e30\u0e14\u0e38\u0e14\u0e2a\u0e32\u0e22<\/LI>\r\t<LI>\u0e15\u0e31\u0e27\u0e23\u0e31\u0e1a\u0e2a\u0e31\u0e0d\u0e0d\u0e32\u0e13\u0e2a\u0e32\u0e21\u0e32\u0e23\u0e16\u0e15\u0e48\u0e2d\u0e01\u0e31\u0e1a\u0e15\u0e31\u0e27\u0e2a\u0e48\u0e07\u0e2a\u0e31\u0e0d\u0e0d\u0e32\u0e13 (WL-T) \u0e44\u0e14\u0e49 \u0e42\u0e14\u0e22\u0e2a\u0e32\u0e21\u0e32\u0e23\u0e16\u0e43\u0e0a\u0e49\u0e44\u0e1f\u0e44\u0e14\u0e49\u0e08\u0e32\u0e01 2 \u0e41\u0e2b\u0e25\u0e48\u0e07 (\u0e16\u0e48\u0e32\u0e19 AA \u0e2b\u0e23\u0e37\u0e2d \u0e2d\u0e41\u0e14\u0e1b\u0e40\u0e15\u0e2d\u0e23\u0e4c Boss PSA230S)&nbsp;<\/LI>\r\t<LI>\u0e27\u0e07\u0e08\u0e23\u0e43\u0e2b\u0e49\u0e40\u0e2a\u0e35\u0e22\u0e07\u0e41\u0e1a\u0e1a\u0e2a\u0e32\u0e22\u0e2a\u0e31\u0e0d\u0e0d\u0e32\u0e13 \u0e17\u0e35\u0e48\u0e43\u0e2b\u0e49\u0e40\u0e19\u0e37\u0e49\u0e2d\u0e40\u0e2a\u0e35\u0e22\u0e07\u0e40\u0e2b\u0e21\u0e37\u0e2d\u0e19\u0e01\u0e31\u0e1a\u0e01\u0e32\u0e23\u0e43\u0e0a\u0e49\u0e2a\u0e32\u0e22\u0e2a\u0e31\u0e0d\u0e0d\u0e32\u0e13\u0e04\u0e38\u0e13\u0e20\u0e32\u0e1e\u0e2a\u0e39\u0e07<\/LI>\r\t<LI>\u0e43\u0e0a\u0e49\u0e07\u0e32\u0e19\u0e07\u0e48\u0e32\u0e22 \u0e40\u0e1e\u0e35\u0e22\u0e07\u0e40\u0e2a\u0e35\u0e22\u0e1a\u0e15\u0e31\u0e27\u0e2a\u0e48\u0e07\u0e2a\u0e31\u0e0d\u0e0d\u0e32\u0e13\u0e40\u0e02\u0e49\u0e32\u0e01\u0e31\u0e1a\u0e41\u0e2d\u0e21\u0e1b\u0e4c \u0e41\u0e25\u0e30\u0e40\u0e2a\u0e35\u0e22\u0e1a\u0e15\u0e31\u0e27\u0e23\u0e31\u0e1a\u0e2a\u0e31\u0e0d\u0e0d\u0e32\u0e13\u0e40\u0e02\u0e49\u0e32\u0e01\u0e31\u0e1a\u0e01\u0e35\u0e15\u0e32\u0e23\u0e4c \u0e2d\u0e38\u0e1b\u0e01\u0e23\u0e13\u0e4c\u0e08\u0e30\u0e40\u0e0a\u0e37\u0e48\u0e2d\u0e21\u0e15\u0e48\u0e2d\u0e20\u0e32\u0e22\u0e43\u0e19\u0e40\u0e27\u0e25\u0e32 10 \u0e27\u0e34\u0e19\u0e32\u0e17\u0e35<\/LI>\r\t<LI>\u0e21\u0e35\u0e41\u0e1a\u0e15\u0e40\u0e15\u0e2d\u0e23\u0e35\u0e48\u0e43\u0e19\u0e15\u0e31\u0e27 \u0e43\u0e0a\u0e49\u0e07\u0e32\u0e19\u0e44\u0e14\u0e49\u0e22\u0e32\u0e27\u0e19\u0e32\u0e19\u0e15\u0e48\u0e2d\u0e40\u0e19\u0e37\u0e48\u0e2d\u0e07 12 \u0e0a\u0e31\u0e48\u0e27\u0e42\u0e21\u0e07<\/LI>\r\t<LI>\u0e0a\u0e32\u0e23\u0e08\u0e4c\u0e44\u0e1f\u0e1c\u0e48\u0e32\u0e19\u0e2a\u0e32\u0e22 USB (\u0e2d\u0e41\u0e14\u0e1b\u0e40\u0e15\u0e2d\u0e23\u0e4c 5 V, 500 mA \u0e2b\u0e23\u0e37\u0e2d\u0e21\u0e32\u0e01\u0e01\u0e27\u0e48\u0e32)<\/LI>\r\t<LI>\u0e15\u0e31\u0e27\u0e2a\u0e48\u0e07\u0e2a\u0e31\u0e0d\u0e0d\u0e32\u0e13\u0e43\u0e0a\u0e49\u0e40\u0e27\u0e25\u0e32\u0e0a\u0e32\u0e23\u0e4c\u0e08\u0e40\u0e15\u0e47\u0e21 12 \u0e0a\u0e21., \u0e15\u0e31\u0e27\u0e23\u0e31\u0e1a\u0e2a\u0e31\u0e0d\u0e0d\u0e32\u0e13\u0e43\u0e0a\u0e49\u0e40\u0e27\u0e25\u0e32\u0e0a\u0e32\u0e23\u0e4c\u0e08\u0e40\u0e15\u0e47\u0e21 10 \u0e0a\u0e21.<\/LI>\r\t<LI>\u0e01\u0e32\u0e23\u0e40\u0e0a\u0e37\u0e48\u0e2d\u0e21\u0e15\u0e48\u0e2d\u0e17\u0e35\u0e48\u0e15\u0e31\u0e27\u0e2a\u0e48\u0e07\u0e2a\u0e31\u0e0d\u0e0d\u0e32\u0e13: \u0e2b\u0e31\u0e27\u0e41\u0e08\u0e47\u0e04\u0e41\u0e1a\u0e1a TRS \u0e42\u0e1f\u0e19\u0e41\u0e08\u0e47\u0e04, \u0e0a\u0e48\u0e2d\u0e07\u0e40\u0e2a\u0e35\u0e22\u0e1a\u0e2a\u0e32\u0e22 USB (Micro-B)<\/LI>\r\t<LI>\u0e01\u0e32\u0e23\u0e40\u0e0a\u0e37\u0e48\u0e2d\u0e21\u0e15\u0e48\u0e2d\u0e17\u0e35\u0e48\u0e15\u0e31\u0e27\u0e23\u0e31\u0e1a\u0e2a\u0e31\u0e0d\u0e0d\u0e32\u0e13: \u0e2b\u0e31\u0e27\u0e41\u0e08\u0e47\u0e04\u0e41\u0e1a\u0e1a TRS \u0e42\u0e1f\u0e19\u0e41\u0e08\u0e47\u0e04 (1\/4 \u0e19\u0e34\u0e49\u0e27)<\/LI>\r\t<LI>\u0e41\u0e16\u0e21\u0e1f\u0e23\u0e35\u0e1e\u0e23\u0e49\u0e2d\u0e21\u0e2a\u0e32\u0e22\u0e0a\u0e32\u0e23\u0e4c\u0e08 USB &amp; \u0e16\u0e48\u0e32\u0e19 \u0e21\u0e39\u0e25\u0e04\u0e48\u0e32 200 \u0e1a.<\/LI>\r\t<LI>\u0e1b\u0e23\u0e30\u0e01\u0e31\u0e19\u0e28\u0e39\u0e19\u0e22\u0e4c 1 \u0e1b\u0e35 \u0e08\u0e32\u0e01 Boss \u0e1b\u0e23\u0e30\u0e40\u0e17\u0e28\u0e44\u0e17\u0e22<\/LI>\r<\/UL>","post_status":"publish","post_title":"BOSS\u00ae WL-50 Wireless Guitar System \u0e44\u0e27\u0e40\u0e25\u0e2a\u0e01\u0e35\u0e15\u0e32\u0e23\u0e4c 2.4GHz \u0e43\u0e0a\u0e49\u0e07\u0e32\u0e19\u0e44\u0e14\u0e49\u0e44\u0e01\u0e25 20 \u0e21. \u0e1e\u0e23\u0e49\u0e2d\u0e21\u0e15\u0e31\u0e27\u0e23\u0e31\u0e1a\u0e2a\u0e31\u0e0d\u0e0d\u0e32\u0e13\u0e15\u0e48\u0e2d\u0e01\u0e31\u0e1a\u0e1a\u0e2d\u0e23\u0e4c\u0e14\u0e40\u0e2d\u0e1f\u0e40\u0e1f\u0e04 + \u0e40\u0e40\u0e16\u0e21\u0e1f\u0e23\u0e35\u0e2a\u0e32\u0e22\u0e0a\u0e32\u0e23\u0e4c\u0e08 USB &\u0e16\u0e48\u0e32\u0e19 AA ** \u0e1b\u0e23\u0e30\u0e01\u0e31\u0e19\u0e28\u0e39\u0e19\u0e22\u0e4c 1 \u0e1b\u0e35 **","post_parent":"","post_type":"product","post_name":"Boss-WL-50"}
2020-08-04T16:15:00+00:00 pid: 9308, query commit, file: SAIMWordPressProductInsert.php
